Initialize engine version: 2019.4.24f1 (5da6f0345e82)
[Subsystems] Discovering subsystems at path X:/.local/share/partydeck/gamesyms/TheSurvivalists/The Survivalists_Data/UnitySubsystems
GfxDevice: creating device client; threaded=1
Direct3D:
    Version:  Direct3D 11.0 [level 11.1]
    Renderer: AMD Custom GPU 0405 (RADV VANGOGH) (ID=0x163f)
    Vendor:   (null)
    VRAM:     3072 MB
    Driver:   31.0.21902.5
Failed to save a temporary cursor file to 'C:\users\steamuser\AppData\Local\Temp\' because this directory does not exist. 
(Filename:  Line: 244)

D3D11 device created for Microsoft Media Foundation video decoding.
<RI> Initializing input.
<RI> Input initialized.
<RI> Initialized touch support.
UnloadTime: 0.770400 ms
GarbageCollector disposing of ComputeBuffer. Please use ComputeBuffer.Release() or .Dispose() to manually release the buffer.
UnityEngine.DebugLogHandler:LogFormat(LogType, Object, String, Object[])
UnityEngine.Logger:Log(LogType, Object)
UnityEngine.ComputeBuffer:Dispose(Boolean)
UnityEngine.ComputeBuffer:Finalize()
 
(Filename: C:\buildslave\unity\build\Runtime/Export/Debug/Debug.bindings.h Line: 39)

GarbageCollector disposing of ComputeBuffer. Please use ComputeBuffer.Release() or .Dispose() to manually release the buffer.
UnityEngine.DebugLogHandler:LogFormat(LogType, Object, String, Object[])
UnityEngine.Logger:Log(LogType, Object)
UnityEngine.ComputeBuffer:Dispose(Boolean)
UnityEngine.ComputeBuffer:Finalize()
 
(Filename: C:\buildslave\unity\build\Runtime/Export/Debug/Debug.bindings.h Line: 39)

GarbageCollector disposing of ComputeBuffer. Please use ComputeBuffer.Release() or .Dispose() to manually release the buffer.
UnityEngine.DebugLogHandler:LogFormat(LogType, Object, String, Object[])
UnityEngine.Logger:Log(LogType, Object)
UnityEngine.ComputeBuffer:Dispose(Boolean)
UnityEngine.ComputeBuffer:Finalize()
 
(Filename: C:\buildslave\unity\build\Runtime/Export/Debug/Debug.bindings.h Line: 39)

GarbageCollector disposing of ComputeBuffer. Please use ComputeBuffer.Release() or .Dispose() to manually release the buffer.
UnityEngine.DebugLogHandler:LogFormat(LogType, Object, String, Object[])
UnityEngine.Logger:Log(LogType, Object)
UnityEngine.ComputeBuffer:Dispose(Boolean)
UnityEngine.ComputeBuffer:Finalize()
 
(Filename: C:\buildslave\unity\build\Runtime/Export/Debug/Debug.bindings.h Line: 39)

Shader 'Legacy Shaders/Diffuse': fallback shader 'Legacy Shaders/VertexLit' not found
SpriteAtlasManager.atlasRequested wasn't listened to while BossFanaticBodyAnimData requested. 
(Filename:  Line: 251)

SpriteAtlasManager.atlasRequested wasn't listened to while BossFanaticBodyAnimData requested. 
(Filename:  Line: 251)

SpriteAtlasManager.atlasRequested wasn't listened to while BossFanaticBodyAnimData requested. 
(Filename:  Line: 251)

SpriteAtlasManager.atlasRequested wasn't listened to while BossFanaticBodyAnimData requested. 
(Filename:  Line: 251)

SpriteAtlasManager.atlasRequested wasn't listened to while Baby_Deer requested. 
(Filename:  Line: 251)

SpriteAtlasManager.atlasRequested wasn't listened to while Baby_Boar requested. 
(Filename:  Line: 251)

SpriteAtlasManager.atlasRequested wasn't listened to while Baby_Boar requested. 
(Filename:  Line: 251)

SpriteAtlasManager.atlasRequested wasn't listened to while Baby_Boar requested. 
(Filename:  Line: 251)

SpriteAtlasManager.atlasRequested wasn't listened to while AxeFanaticBodyAnimData requested. 
(Filename:  Line: 251)

SpriteAtlasManager.atlasRequested wasn't listened to while AxeFanaticBodyAnimData requested. 
(Filename:  Line: 251)

SpriteAtlasManager.atlasRequested wasn't listened to while AxeFanaticBodyAnimData requested. 
(Filename:  Line: 251)

SpriteAtlasManager.atlasRequested wasn't listened to while AxeFanaticBodyAnimData requested. 
(Filename:  Line: 251)

SpriteAtlasManager.atlasRequested wasn't listened to while AxeFanaticBodyAnimData requested. 
(Filename:  Line: 251)

SpriteAtlasManager.atlasRequested wasn't listened to while AxeFanaticBodyAnimData requested. 
(Filename:  Line: 251)

SpriteAtlasManager.atlasRequested wasn't listened to while AxeFanaticBodyAnimData requested. 
(Filename:  Line: 251)

SpriteAtlasManager.atlasRequested wasn't listened to while AxeFanaticBodyAnimData requested. 
(Filename:  Line: 251)

SpriteAtlasManager.atlasRequested wasn't listened to while AxeFanaticBodyAnimData requested. 
(Filename:  Line: 251)

SpriteAtlasManager.atlasRequested wasn't listened to while AxeFanaticBodyAnimData requested. 
(Filename:  Line: 251)

SpriteAtlasManager.atlasRequested wasn't listened to while AxeFanaticBodyAnimData requested. 
(Filename:  Line: 251)

SpriteAtlasManager.atlasRequested wasn't listened to while AxeFanaticBodyAnimData requested. 
(Filename:  Line: 251)

SpriteAtlasManager.atlasRequested wasn't listened to while AxeFanaticBodyAnimData requested. 
(Filename:  Line: 251)

SpriteAtlasManager.atlasRequested wasn't listened to while AxeFanaticBodyAnimData requested. 
(Filename:  Line: 251)

SpriteAtlasManager.atlasRequested wasn't listened to while AxeFanaticBodyAnimData requested. 
(Filename:  Line: 251)

The referenced script (Unknown) on this Behaviour is missing! 
(Filename:  Line: 199)

The referenced script on this Behaviour (Game Object '<null>') is missing! 
(Filename:  Line: 334)

The referenced script (Unknown) on this Behaviour is missing! 
(Filename:  Line: 199)

The referenced script on this Behaviour (Game Object '<null>') is missing! 
(Filename:  Line: 334)

The referenced script (Unknown) on this Behaviour is missing! 
(Filename:  Line: 199)

The referenced script on this Behaviour (Game Object '<null>') is missing! 
(Filename:  Line: 334)

The referenced script (Unknown) on this Behaviour is missing! 
(Filename:  Line: 199)

The referenced script on this Behaviour (Game Object '<null>') is missing! 
(Filename:  Line: 334)

The referenced script (Unknown) on this Behaviour is missing! 
(Filename:  Line: 199)

The referenced script on this Behaviour (Game Object '<null>') is missing! 
(Filename:  Line: 334)

The referenced script (Unknown) on this Behaviour is missing! 
(Filename:  Line: 199)

The referenced script on this Behaviour (Game Object '<null>') is missing! 
(Filename:  Line: 334)

The referenced script (Unknown) on this Behaviour is missing! 
(Filename:  Line: 199)

The referenced script on this Behaviour (Game Object '<null>') is missing! 
(Filename:  Line: 334)

The referenced script (Unknown) on this Behaviour is missing! 
(Filename:  Line: 199)

The referenced script on this Behaviour (Game Object '<null>') is missing! 
(Filename:  Line: 334)

Rewired: Searching for compatible XInput library...
UnityEngine.DebugLogHandler:LogFormat(LogType, Object, String, Object[])
UnityEngine.Logger:Log(String, Object)
Rewired.Logger:LogNow(Object, Boolean)
Rewired.Logger:Log(Object, Boolean)
Rewired.Logger:Log(Object)
XnyduvkjhhHugnTTEznkSbKGPUw:.ctor(Boolean, UpdateLoopSetting, Func`2, Func`1)
UXeHpNOyhJnofLjuYriGTUmHavX:uKEQekXUZxpjtXQkrlZkPjXNxzg(ConfigVars, Boolean)
UXeHpNOyhJnofLjuYriGTUmHavX:.ctor(ConfigVars, Func`2, Func`1)
Rewired.InputManagers.Initializer:Initialize(ConfigVars)
jvnTizFfuAWTUaGHNGnMaDSOCJec:GSGlKfdGhQrRnwYnYsDvGMRuAmNC(String, List`1, ConfigVars)
Rewired.InputManager_Base:InitializePlatform(ConfigVars)
System.Func`2:Invoke(T)
Rewired.ReInput:bXimeEtAgBQScXSoYNMnNUJIMuV(Func`2)
Rewired.ReInput:GSGlKfdGhQrRnwYnYsDvGMRuAmNC(InputManager_Base, Func`2, ConfigVars, ControllerDataFiles, UserData)
Rewired.InputManager_Base:Initialize()
Rewired.InputManager_Base:Awake()
UnityEngine.Object:Internal_CloneSingle(Object)
UnityEngine.Object:Instantiate(T)
Services:Awake()
UnityEngine.Object:Internal_CloneSingle(Object)
UnityEngine.Object:Instantiate(T)
UnityEngine.ResourceManagement.ResourceProviders.InstantiationParameters:Instantiate(TObject)
UnityEngine.ResourceManagement.ResourceProviders.InstanceProvider:ProvideInstance(ResourceManager, AsyncOperationHandle`1, InstantiationParameters)
UnityEngine.ResourceManagement.InstanceOperation:Execute()
UnityEngine.ResourceManagement.AsyncOperations.AsyncOperationBase`1:InvokeExecute()
UnityEngine.ResourceManagement.AsyncOperations.AsyncOperationBase`1:<.ctor>b__34_0(AsyncOperationHandle)
System.Action`1:Invoke(T)
UnityEngine.ResourceManagement.AsyncOperations.<>c__DisplayClass55_0:<add_CompletedTypeless>b__0(AsyncOperationHandle`1)
System.Action`1:Invoke(T)
DelegateList`1:Invoke(T)
UnityEngine.ResourceManagement.AsyncOperations.AsyncOperationBase`1:InvokeCompletionEvent()
UnityEngine.ResourceManagement.AsyncOperations.AsyncOperationBase`1:Complete(TObject, Boolean, String, Boolean)
UnityEngine.ResourceManagement.AsyncOperations.ProviderOperation`1:ProviderCompleted(T, Boolean, Exception)
UnityEngine.ResourceManagement.ResourceProviders.ProvideHandle:Complete(T, Boolean, Exception)
UnityEngine.ResourceManagement.ResourceProviders.InternalOp:ActionComplete(AsyncOperation)
System.Action`1:Invoke(T)
UnityEngine.AsyncOperation:InvokeCompletionEvent()
 
(Filename: C:\buildslave\unity\build\Runtime/Export/Debug/Debug.bindings.h Line: 39)

Rewired: Found Xinput1_4.dll.
UnityEngine.DebugLogHandler:LogFormat(LogType, Object, String, Object[])
UnityEngine.Logger:Log(String, Object)
Rewired.Logger:LogNow(Object, Boolean)
Rewired.Logger:Log(Object, Boolean)
Rewired.Logger:Log(Object)
XnyduvkjhhHugnTTEznkSbKGPUw:.ctor(Boolean, UpdateLoopSetting, Func`2, Func`1)
UXeHpNOyhJnofLjuYriGTUmHavX:uKEQekXUZxpjtXQkrlZkPjXNxzg(ConfigVars, Boolean)
UXeHpNOyhJnofLjuYriGTUmHavX:.ctor(ConfigVars, Func`2, Func`1)
Rewired.InputManagers.Initializer:Initialize(ConfigVars)
jvnTizFfuAWTUaGHNGnMaDSOCJec:GSGlKfdGhQrRnwYnYsDvGMRuAmNC(String, List`1, ConfigVars)
Rewired.InputManager_Base:InitializePlatform(ConfigVars)
System.Func`2:Invoke(T)
Rewired.ReInput:bXimeEtAgBQScXSoYNMnNUJIMuV(Func`2)
Rewired.ReInput:GSGlKfdGhQrRnwYnYsDvGMRuAmNC(InputManager_Base, Func`2, ConfigVars, ControllerDataFiles, UserData)
Rewired.InputManager_Base:Initialize()
Rewired.InputManager_Base:Awake()
UnityEngine.Object:Internal_CloneSingle(Object)
UnityEngine.Object:Instantiate(T)
Services:Awake()
UnityEngine.Object:Internal_CloneSingle(Object)
UnityEngine.Object:Instantiate(T)
UnityEngine.ResourceManagement.ResourceProviders.InstantiationParameters:Instantiate(TObject)
UnityEngine.ResourceManagement.ResourceProviders.InstanceProvider:ProvideInstance(ResourceManager, AsyncOperationHandle`1, InstantiationParameters)
UnityEngine.ResourceManagement.InstanceOperation:Execute()
UnityEngine.ResourceManagement.AsyncOperations.AsyncOperationBase`1:InvokeExecute()
UnityEngine.ResourceManagement.AsyncOperations.AsyncOperationBase`1:<.ctor>b__34_0(AsyncOperationHandle)
System.Action`1:Invoke(T)
UnityEngine.ResourceManagement.AsyncOperations.<>c__DisplayClass55_0:<add_CompletedTypeless>b__0(AsyncOperationHandle`1)
System.Action`1:Invoke(T)
DelegateList`1:Invoke(T)
UnityEngine.ResourceManagement.AsyncOperations.AsyncOperationBase`1:InvokeCompletionEvent()
UnityEngine.ResourceManagement.AsyncOperations.AsyncOperationBase`1:Complete(TObject, Boolean, String, Boolean)
UnityEngine.ResourceManagement.AsyncOperations.ProviderOperation`1:ProviderCompleted(T, Boolean, Exception)
UnityEngine.ResourceManagement.ResourceProviders.ProvideHandle:Complete(T, Boolean, Exception)
UnityEngine.ResourceManagement.ResourceProviders.InternalOp:ActionComplete(AsyncOperation)
System.Action`1:Invoke(T)
UnityEngine.AsyncOperation:InvokeCompletionEvent()
 
(Filename: C:\buildslave\unity\build\Runtime/Export/Debug/Debug.bindings.h Line: 39)

[FMOD] Cannot open network port for Live Update (in-use), restarting with Live Update disabled.
UnityEngine.DebugLogHandler:LogFormat(LogType, Object, String, Object[])
UnityEngine.Logger:Log(LogType, Object)
UnityEngine.Debug:LogWarning(Object)
FMODUnity.RuntimeManager:Initialize()
FMODUnity.RuntimeManager:get_Instance()
FMODUnity.RuntimeManager:PathToGUID(String)
FMODUnity.RuntimeManager:GetEventDescription(String)
FMODAudioProvider:GetEventDescription(AudioEvent)
FMODAudioProvider:CreateEvent(AudioEvent)
PersistentAudioService:Initialise()
Services:Awake()
UnityEngine.Object:Internal_CloneSingle(Object)
UnityEngine.Object:Instantiate(T)
UnityEngine.ResourceManagement.ResourceProviders.InstantiationParameters:Instantiate(TObject)
UnityEngine.ResourceManagement.ResourceProviders.InstanceProvider:ProvideInstance(ResourceManager, AsyncOperationHandle`1, InstantiationParameters)
UnityEngine.ResourceManagement.InstanceOperation:Execute()
UnityEngine.ResourceManagement.AsyncOperations.AsyncOperationBase`1:InvokeExecute()
UnityEngine.ResourceManagement.AsyncOperations.AsyncOperationBase`1:<.ctor>b__34_0(AsyncOperationHandle)
System.Action`1:Invoke(T)
UnityEngine.ResourceManagement.AsyncOperations.<>c__DisplayClass55_0:<add_CompletedTypeless>b__0(AsyncOperationHandle`1)
System.Action`1:Invoke(T)
DelegateList`1:Invoke(T)
UnityEngine.ResourceManagement.AsyncOperations.AsyncOperationBase`1:InvokeCompletionEvent()
UnityEngine.ResourceManagement.AsyncOperations.AsyncOperationBase`1:Complete(TObject, Boolean, String, Boolean)
UnityEngine.ResourceManagement.AsyncOperations.ProviderOperation`1:ProviderCompleted(T, Boolean, Exception)
UnityEngine.ResourceManagement.ResourceProviders.ProvideHandle:Complete(T, Boolean, Exception)
UnityEngine.ResourceManagement.ResourceProviders.InternalOp:ActionComplete(AsyncOperation)
System.Action`1:Invoke(T)
UnityEngine.AsyncOperation:InvokeCompletionEvent()
 
(Filename: C:\buildslave\unity\build\Runtime/Export/Debug/Debug.bindings.h Line: 39)

Callback registered Steamworks.GameLobbyJoinRequested_t
UnityEngine.DebugLogHandler:LogFormat(LogType, Object, String, Object[])
UnityEngine.Logger:Log(LogType, Object)
UnityEngine.Debug:Log(Object)
Steamworks.CallbackHub`1:RegisterCallback(DispatchDelegate)
Team17.Online.SteamOnlinePlatformManager:Start()
 
(Filename: C:\buildslave\unity\build\Runtime/Export/Debug/Debug.bindings.h Line: 39)

Callback registered Steamworks.LobbyMatchList_t
UnityEngine.DebugLogHandler:LogFormat(LogType, Object, String, Object[])
UnityEngine.Logger:Log(LogType, Object)
UnityEngine.Debug:Log(Object)
Steamworks.CallbackHub`1:RegisterCallback(DispatchDelegate)
Team17.Online.SteamOnlineMultiplayerSessionEnumerateCoordinator:Initialize(OnlineMultiplayerSessionPropertyCoordinator)
Team17.Online.SteamOnlinePlatformManager:Start()
 
(Filename: C:\buildslave\unity\build\Runtime/Export/Debug/Debug.bindings.h Line: 39)

Callback registered Steamworks.P2PSessionConnectFail_t
UnityEngine.DebugLogHandler:LogFormat(LogType, Object, String, Object[])
UnityEngine.Logger:Log(LogType, Object)
UnityEngine.Debug:Log(Object)
Steamworks.CallbackHub`1:RegisterCallback(DispatchDelegate)
Team17.Online.SteamOnlineMultiplayerSessionCoordinator:Initialize(OnlineMultiplayerSessionPropertyCoordinator, OnlineMultiplayerTransportStats)
Team17.Online.SteamOnlinePlatformManager:Start()
 
(Filename: C:\buildslave\unity\build\Runtime/Export/Debug/Debug.bindings.h Line: 39)

Callback registered Steamworks.P2PSessionRequest_t
UnityEngine.DebugLogHandler:LogFormat(LogType, Object, String, Object[])
UnityEngine.Logger:Log(LogType, Object)
UnityEngine.Debug:Log(Object)
Steamworks.CallbackHub`1:RegisterCallback(DispatchDelegate)
Team17.Online.SteamOnlineMultiplayerSessionCoordinator:Initialize(OnlineMultiplayerSessionPropertyCoordinator, OnlineMultiplayerTransportStats)
Team17.Online.SteamOnlinePlatformManager:Start()
 
(Filename: C:\buildslave\unity\build\Runtime/Export/Debug/Debug.bindings.h Line: 39)

Callback registered Steamworks.LobbyCreated_t
UnityEngine.DebugLogHandler:LogFormat(LogType, Object, String, Object[])
UnityEngine.Logger:Log(LogType, Object)
UnityEngine.Debug:Log(Object)
Steamworks.CallbackHub`1:RegisterCallback(DispatchDelegate)
Team17.Online.SteamOnlineMultiplayerSessionCoordinator:Initialize(OnlineMultiplayerSessionPropertyCoordinator, OnlineMultiplayerTransportStats)
Team17.Online.SteamOnlinePlatformManager:Start()
 
(Filename: C:\buildslave\unity\build\Runtime/Export/Debug/Debug.bindings.h Line: 39)

Callback registered Steamworks.LobbyEnter_t
UnityEngine.DebugLogHandler:LogFormat(LogType, Object, String, Object[])
UnityEngine.Logger:Log(LogType, Object)
UnityEngine.Debug:Log(Object)
Steamworks.CallbackHub`1:RegisterCallback(DispatchDelegate)
Team17.Online.SteamOnlineMultiplayerSessionCoordinator:Initialize(OnlineMultiplayerSessionPropertyCoordinator, OnlineMultiplayerTransportStats)
Team17.Online.SteamOnlinePlatformManager:Start()
 
(Filename: C:\buildslave\unity\build\Runtime/Export/Debug/Debug.bindings.h Line: 39)

Callback registered Steamworks.LobbyChatUpdate_t
UnityEngine.DebugLogHandler:LogFormat(LogType, Object, String, Object[])
UnityEngine.Logger:Log(LogType, Object)
UnityEngine.Debug:Log(Object)
Steamworks.CallbackHub`1:RegisterCallback(DispatchDelegate)
Team17.Online.SteamOnlineMultiplayerSessionCoordinator:Initialize(OnlineMultiplayerSessionPropertyCoordinator, OnlineMultiplayerTransportStats)
Team17.Online.SteamOnlinePlatformManager:Start()
 
(Filename: C:\buildslave\unity\build\Runtime/Export/Debug/Debug.bindings.h Line: 39)

Callback registered Steamworks.PersonaStateChange_t
UnityEngine.DebugLogHandler:LogFormat(LogType, Object, String, Object[])
UnityEngine.Logger:Log(LogType, Object)
UnityEngine.Debug:Log(Object)
Steamworks.CallbackHub`1:RegisterCallback(DispatchDelegate)
Team17.Online.SteamOnlinePlatformManager:Start()
 
(Filename: C:\buildslave\unity\build\Runtime/Export/Debug/Debug.bindings.h Line: 39)

Callback registered Steamworks.AvatarImageLoaded_t
UnityEngine.DebugLogHandler:LogFormat(LogType, Object, String, Object[])
UnityEngine.Logger:Log(LogType, Object)
UnityEngine.Debug:Log(Object)
Steamworks.CallbackHub`1:RegisterCallback(DispatchDelegate)
Team17.Online.SteamOnlinePlatformManager:Start()
 
(Filename: C:\buildslave\unity\build\Runtime/Export/Debug/Debug.bindings.h Line: 39)

Callback registered Steamworks.DlcInstalled_t
UnityEngine.DebugLogHandler:LogFormat(LogType, Object, String, Object[])
UnityEngine.Logger:Log(LogType, Object)
UnityEngine.Debug:Log(Object)
Steamworks.CallbackHub`1:RegisterCallback(DispatchDelegate)
DLC.DLCPlatform_Steam:InitialisePlatform()
DLCService:Start()
 
(Filename: C:\buildslave\unity\build\Runtime/Export/Debug/Debug.bindings.h Line: 39)

[FMOD] Please add an 'FMOD Studio Listener' component to your a camera in the scene for correct 3D positioning of sounds
UnityEngine.DebugLogHandler:LogFormat(LogType, Object, String, Object[])
UnityEngine.Logger:Log(LogType, Object)
UnityEngine.Debug:LogWarning(Object)
FMODUnity.RuntimeManager:Update()
 
(Filename: C:\buildslave\unity\build\Runtime/Export/Debug/Debug.bindings.h Line: 39)

SpriteAtlasManager.atlasRequested wasn't listened to while AxeFanaticBodyAnimData requested. 
(Filename:  Line: 251)

SpriteAtlasManager.atlasRequested wasn't listened to while AxeFanaticBodyAnimData requested. 
(Filename:  Line: 251)

SpriteAtlasManager.atlasRequested wasn't listened to while AxeFanaticBodyAnimData requested. 
(Filename:  Line: 251)

SpriteAtlasManager.atlasRequested wasn't listened to while AxeFanaticBodyAnimData requested. 
(Filename:  Line: 251)

SpriteAtlasManager.atlasRequested wasn't listened to while AxeFanaticBodyAnimData requested. 
(Filename:  Line: 251)

SpriteAtlasManager.atlasRequested wasn't listened to while AxeFanaticBodyAnimData requested. 
(Filename:  Line: 251)

SpriteAtlasManager.atlasRequested wasn't listened to while AxeFanaticBodyAnimData requested. 
(Filename:  Line: 251)

SpriteAtlasManager.atlasRequested wasn't listened to while AxeFanaticBodyAnimData requested. 
(Filename:  Line: 251)

SpriteAtlasManager.atlasRequested wasn't listened to while AxeFanaticBodyAnimData requested. 
(Filename:  Line: 251)

SpriteAtlasManager.atlasRequested wasn't listened to while AxeFanaticBodyAnimData requested. 
(Filename:  Line: 251)

SpriteAtlasManager.atlasRequested wasn't listened to while AxeFanaticBodyAnimData requested. 
(Filename:  Line: 251)

SpriteAtlasManager.atlasRequested wasn't listened to while AxeFanaticBodyAnimData requested. 
(Filename:  Line: 251)

Unloading 5 Unused Serialized files (Serialized files now loaded: 83)

Unloading 114 unused Assets to reduce memory usage. Loaded Objects now: 160876.
Total: 659.927600 ms (FindLiveObjects: 18.388000 ms CreateObjectMapping: 13.744700 ms MarkObjects: 626.420500 ms  DeleteObjects: 1.373300 ms)

Unloading 0 Unused Serialized files (Serialized files now loaded: 70)

Unloading 4605 unused Assets to reduce memory usage. Loaded Objects now: 149352.
Total: 583.907700 ms (FindLiveObjects: 15.628600 ms CreateObjectMapping: 15.387100 ms MarkObjects: 546.669700 ms  DeleteObjects: 6.221300 ms)

SpriteAtlasManager.atlasRequested wasn't listened to while AxeFanaticBodyAnimData requested. 
(Filename:  Line: 251)

SpriteAtlasManager.atlasRequested wasn't listened to while AxeFanaticBodyAnimData requested. 
(Filename:  Line: 251)

SpriteAtlasManager.atlasRequested wasn't listened to while AxeFanaticBodyAnimData requested. 
(Filename:  Line: 251)

SpriteAtlasManager.atlasRequested wasn't listened to while AxeFanaticBodyAnimData requested. 
(Filename:  Line: 251)

ZXZX: CreateGenerationCosmeticState.OnStart - Initialised(False) Initialising(False)
UnityEngine.DebugLogHandler:LogFormat(LogType, Object, String, Object[])
UnityEngine.Logger:Log(LogType, Object)
UnityEngine.Debug:Log(Object)
CreateGenerationCosmeticsState:OnStart(Single, Type)
GameContext:Update()
TheEntireGameState:UpdateState(Single)
FrameworkContext:Update()
 
(Filename: C:\buildslave\unity\build\Runtime/Export/Debug/Debug.bindings.h Line: 39)

ZXZX: CreateGenerationCosmeticState.OnStart - Initialised(False) Initialising(True)
UnityEngine.DebugLogHandler:LogFormat(LogType, Object, String, Object[])
UnityEngine.Logger:Log(LogType, Object)
UnityEngine.Debug:Log(Object)
CreateGenerationCosmeticsState:OnStart(Single, Type)
GameContext:Update()
TheEntireGameState:UpdateState(Single)
FrameworkContext:Update()
 
(Filename: C:\buildslave\unity\build\Runtime/Export/Debug/Debug.bindings.h Line: 39)

ZXZX: CreateGenerationCosmeticState.OnStart - Initialised(False) Initialising(True)
UnityEngine.DebugLogHandler:LogFormat(LogType, Object, String, Object[])
UnityEngine.Logger:Log(LogType, Object)
UnityEngine.Debug:Log(Object)
CreateGenerationCosmeticsState:OnStart(Single, Type)
GameContext:Update()
TheEntireGameState:UpdateState(Single)
FrameworkContext:Update()
 
(Filename: C:\buildslave\unity\build\Runtime/Export/Debug/Debug.bindings.h Line: 39)

ZXZX: CreateGenerationCosmeticState.OnStart - Initialised(False) Initialising(True)
UnityEngine.DebugLogHandler:LogFormat(LogType, Object, String, Object[])
UnityEngine.Logger:Log(LogType, Object)
UnityEngine.Debug:Log(Object)
CreateGenerationCosmeticsState:OnStart(Single, Type)
GameContext:Update()
TheEntireGameState:UpdateState(Single)
FrameworkContext:Update()
 
(Filename: C:\buildslave\unity\build\Runtime/Export/Debug/Debug.bindings.h Line: 39)

ZXZX: CreateGenerationCosmeticState.OnStart - Initialised(False) Initialising(True)
UnityEngine.DebugLogHandler:LogFormat(LogType, Object, String, Object[])
UnityEngine.Logger:Log(LogType, Object)
UnityEngine.Debug:Log(Object)
CreateGenerationCosmeticsState:OnStart(Single, Type)
GameContext:Update()
TheEntireGameState:UpdateState(Single)
FrameworkContext:Update()
 
(Filename: C:\buildslave\unity\build\Runtime/Export/Debug/Debug.bindings.h Line: 39)

ZXZX: CreateGenerationCosmeticState.OnStart - Initialised(False) Initialising(True)
UnityEngine.DebugLogHandler:LogFormat(LogType, Object, String, Object[])
UnityEngine.Logger:Log(LogType, Object)
UnityEngine.Debug:Log(Object)
CreateGenerationCosmeticsState:OnStart(Single, Type)
GameContext:Update()
TheEntireGameState:UpdateState(Single)
FrameworkContext:Update()
 
(Filename: C:\buildslave\unity\build\Runtime/Export/Debug/Debug.bindings.h Line: 39)

ZXZX: CreateGenerationCosmeticState.OnStart - Initialised(False) Initialising(True)
UnityEngine.DebugLogHandler:LogFormat(LogType, Object, String, Object[])
UnityEngine.Logger:Log(LogType, Object)
UnityEngine.Debug:Log(Object)
CreateGenerationCosmeticsState:OnStart(Single, Type)
GameContext:Update()
TheEntireGameState:UpdateState(Single)
FrameworkContext:Update()
 
(Filename: C:\buildslave\unity\build\Runtime/Export/Debug/Debug.bindings.h Line: 39)

ZXZX: CreateGenerationCosmeticState.OnStart - Initialised(False) Initialising(True)
UnityEngine.DebugLogHandler:LogFormat(LogType, Object, String, Object[])
UnityEngine.Logger:Log(LogType, Object)
UnityEngine.Debug:Log(Object)
CreateGenerationCosmeticsState:OnStart(Single, Type)
GameContext:Update()
TheEntireGameState:UpdateState(Single)
FrameworkContext:Update()
 
(Filename: C:\buildslave\unity\build\Runtime/Export/Debug/Debug.bindings.h Line: 39)

ZXZX: CreateGenerationCosmeticState.OnStart - Initialised(False) Initialising(True)
UnityEngine.DebugLogHandler:LogFormat(LogType, Object, String, Object[])
UnityEngine.Logger:Log(LogType, Object)
UnityEngine.Debug:Log(Object)
CreateGenerationCosmeticsState:OnStart(Single, Type)
GameContext:Update()
TheEntireGameState:UpdateState(Single)
FrameworkContext:Update()
 
(Filename: C:\buildslave\unity\build\Runtime/Export/Debug/Debug.bindings.h Line: 39)

ZXZX: CreateGenerationCosmeticState.OnStart - Initialised(False) Initialising(True)
UnityEngine.DebugLogHandler:LogFormat(LogType, Object, String, Object[])
UnityEngine.Logger:Log(LogType, Object)
UnityEngine.Debug:Log(Object)
CreateGenerationCosmeticsState:OnStart(Single, Type)
GameContext:Update()
TheEntireGameState:UpdateState(Single)
FrameworkContext:Update()
 
(Filename: C:\buildslave\unity\build\Runtime/Export/Debug/Debug.bindings.h Line: 39)

ZXZX: CreateGenerationCosmeticState.OnStart - Initialised(False) Initialising(True)
UnityEngine.DebugLogHandler:LogFormat(LogType, Object, String, Object[])
UnityEngine.Logger:Log(LogType, Object)
UnityEngine.Debug:Log(Object)
CreateGenerationCosmeticsState:OnStart(Single, Type)
GameContext:Update()
TheEntireGameState:UpdateState(Single)
FrameworkContext:Update()
 
(Filename: C:\buildslave\unity\build\Runtime/Export/Debug/Debug.bindings.h Line: 39)

ZXZX: CreateGenerationCosmeticState.OnStart - Initialised(False) Initialising(True)
UnityEngine.DebugLogHandler:LogFormat(LogType, Object, String, Object[])
UnityEngine.Logger:Log(LogType, Object)
UnityEngine.Debug:Log(Object)
CreateGenerationCosmeticsState:OnStart(Single, Type)
GameContext:Update()
TheEntireGameState:UpdateState(Single)
FrameworkContext:Update()
 
(Filename: C:\buildslave\unity\build\Runtime/Export/Debug/Debug.bindings.h Line: 39)

ZXZX: CreateGenerationCosmeticState.OnStart - Initialised(False) Initialising(True)
UnityEngine.DebugLogHandler:LogFormat(LogType, Object, String, Object[])
UnityEngine.Logger:Log(LogType, Object)
UnityEngine.Debug:Log(Object)
CreateGenerationCosmeticsState:OnStart(Single, Type)
GameContext:Update()
TheEntireGameState:UpdateState(Single)
FrameworkContext:Update()
 
(Filename: C:\buildslave\unity\build\Runtime/Export/Debug/Debug.bindings.h Line: 39)

ZXZX: CreateGenerationCosmeticState.OnStart - Initialised(True) Initialising(False)
UnityEngine.DebugLogHandler:LogFormat(LogType, Object, String, Object[])
UnityEngine.Logger:Log(LogType, Object)
UnityEngine.Debug:Log(Object)
CreateGenerationCosmeticsState:OnStart(Single, Type)
GameContext:Update()
TheEntireGameState:UpdateState(Single)
FrameworkContext:Update()
 
(Filename: C:\buildslave\unity\build\Runtime/Export/Debug/Debug.bindings.h Line: 39)

Internal: JobTempAlloc has allocations that are more than 4 frames old - this is not allowed and likely a leak 
(Filename:  Line: 554)

Internal: deleting an allocation that is older than its permitted lifetime of 4 frames (age = 6) 
(Filename:  Line: 310)

Internal: deleting an allocation that is older than its permitted lifetime of 4 frames (age = 7) 
(Filename:  Line: 310)

Internal: deleting an allocation that is older than its permitted lifetime of 4 frames (age = 7) 
(Filename:  Line: 310)

Internal: deleting an allocation that is older than its permitted lifetime of 4 frames (age = 7) 
(Filename:  Line: 310)

Internal: deleting an allocation that is older than its permitted lifetime of 4 frames (age = 7) 
(Filename:  Line: 310)

Internal: deleting an allocation that is older than its permitted lifetime of 4 frames (age = 7) 
(Filename:  Line: 310)

Internal: deleting an allocation that is older than its permitted lifetime of 4 frames (age = 7) 
(Filename:  Line: 310)

Internal: deleting an allocation that is older than its permitted lifetime of 4 frames (age = 7) 
(Filename:  Line: 310)

Internal: deleting an allocation that is older than its permitted lifetime of 4 frames (age = 7) 
(Filename:  Line: 310)

Internal: deleting an allocation that is older than its permitted lifetime of 4 frames (age = 7) 
(Filename:  Line: 310)

Internal: JobTempAlloc has allocations that are more than 4 frames old - this is not allowed and likely a leak 
(Filename:  Line: 554)

Internal: deleting an allocation that is older than its permitted lifetime of 4 frames (age = 9) 
(Filename:  Line: 310)

Internal: deleting an allocation that is older than its permitted lifetime of 4 frames (age = 11) 
(Filename:  Line: 310)

Internal: deleting an allocation that is older than its permitted lifetime of 4 frames (age = 11) 
(Filename:  Line: 310)

Internal: deleting an allocation that is older than its permitted lifetime of 4 frames (age = 11) 
(Filename:  Line: 310)

Internal: JobTempAlloc has allocations that are more than 4 frames old - this is not allowed and likely a leak 
(Filename:  Line: 554)

Internal: deleting an allocation that is older than its permitted lifetime of 4 frames (age = 5) 
(Filename:  Line: 310)

Unloading 0 Unused Serialized files (Serialized files now loaded: 78)

Unloading 0 unused Assets to reduce memory usage. Loaded Objects now: 153639.
Total: 604.595500 ms (FindLiveObjects: 14.881700 ms CreateObjectMapping: 14.761000 ms MarkObjects: 574.751100 ms  DeleteObjects: 0.200400 ms)

SpriteAtlasManager.atlasRequested wasn't listened to while AxeFanaticBodyAnimData requested. 
(Filename:  Line: 251)

SpriteAtlasManager.atlasRequested wasn't listened to while AxeFanaticBodyAnimData requested. 
(Filename:  Line: 251)

SpriteAtlasManager.atlasRequested wasn't listened to while AxeFanaticBodyAnimData requested. 
(Filename:  Line: 251)

SpriteAtlasManager.atlasRequested wasn't listened to while AxeFanaticBodyAnimData requested. 
(Filename:  Line: 251)

SpriteAtlasManager.atlasRequested wasn't listened to while AxeFanaticBodyAnimData requested. 
(Filename:  Line: 251)

SpriteAtlasManager.atlasRequested wasn't listened to while AxeFanaticBodyAnimData requested. 
(Filename:  Line: 251)

Unloading 1 Unused Serialized files (Serialized files now loaded: 80)
UnloadTime: 1.947100 ms
Setting up 4 worker threads for Enlighten.
  Thread -> id: 314 -> priority: 1 
  Thread -> id: 31c -> priority: 1 
  Thread -> id: 318 -> priority: 1 
  Thread -> id: 320 -> priority: 1 

Unloading 6447 unused Assets to reduce memory usage. Loaded Objects now: 153775.
Total: 680.319600 ms (FindLiveObjects: 18.381800 ms CreateObjectMapping: 15.398300 ms MarkObjects: 633.525300 ms  DeleteObjects: 13.013400 ms)

Unloading 1 Unused Serialized files (Serialized files now loaded: 80)
UnloadTime: 3.210300 ms

Unloading 1 unused Assets to reduce memory usage. Loaded Objects now: 153785.
Total: 635.695300 ms (FindLiveObjects: 15.535500 ms CreateObjectMapping: 14.641300 ms MarkObjects: 605.309900 ms  DeleteObjects: 0.207600 ms)

ZXZX: CreateGenerationCosmeticState.OnStart - Initialised(False) Initialising(False)
UnityEngine.DebugLogHandler:LogFormat(LogType, Object, String, Object[])
UnityEngine.Logger:Log(LogType, Object)
UnityEngine.Debug:Log(Object)
CreateGenerationCosmeticsState:OnStart(Single, Type)
GameContext:Update()
TheEntireGameState:UpdateState(Single)
FrameworkContext:Update()
 
(Filename: C:\buildslave\unity\build\Runtime/Export/Debug/Debug.bindings.h Line: 39)

ZXZX: CreateGenerationCosmeticState.OnStart - Initialised(False) Initialising(True)
UnityEngine.DebugLogHandler:LogFormat(LogType, Object, String, Object[])
UnityEngine.Logger:Log(LogType, Object)
UnityEngine.Debug:Log(Object)
CreateGenerationCosmeticsState:OnStart(Single, Type)
GameContext:Update()
TheEntireGameState:UpdateState(Single)
FrameworkContext:Update()
 
(Filename: C:\buildslave\unity\build\Runtime/Export/Debug/Debug.bindings.h Line: 39)

ZXZX: CreateGenerationCosmeticState.OnStart - Initialised(False) Initialising(True)
UnityEngine.DebugLogHandler:LogFormat(LogType, Object, String, Object[])
UnityEngine.Logger:Log(LogType, Object)
UnityEngine.Debug:Log(Object)
CreateGenerationCosmeticsState:OnStart(Single, Type)
GameContext:Update()
TheEntireGameState:UpdateState(Single)
FrameworkContext:Update()
 
(Filename: C:\buildslave\unity\build\Runtime/Export/Debug/Debug.bindings.h Line: 39)

ZXZX: CreateGenerationCosmeticState.OnStart - Initialised(False) Initialising(True)
UnityEngine.DebugLogHandler:LogFormat(LogType, Object, String, Object[])
UnityEngine.Logger:Log(LogType, Object)
UnityEngine.Debug:Log(Object)
CreateGenerationCosmeticsState:OnStart(Single, Type)
GameContext:Update()
TheEntireGameState:UpdateState(Single)
FrameworkContext:Update()
 
(Filename: C:\buildslave\unity\build\Runtime/Export/Debug/Debug.bindings.h Line: 39)

ZXZX: CreateGenerationCosmeticState.OnStart - Initialised(False) Initialising(True)
UnityEngine.DebugLogHandler:LogFormat(LogType, Object, String, Object[])
UnityEngine.Logger:Log(LogType, Object)
UnityEngine.Debug:Log(Object)
CreateGenerationCosmeticsState:OnStart(Single, Type)
GameContext:Update()
TheEntireGameState:UpdateState(Single)
FrameworkContext:Update()
 
(Filename: C:\buildslave\unity\build\Runtime/Export/Debug/Debug.bindings.h Line: 39)

ZXZX: CreateGenerationCosmeticState.OnStart - Initialised(False) Initialising(True)
UnityEngine.DebugLogHandler:LogFormat(LogType, Object, String, Object[])
UnityEngine.Logger:Log(LogType, Object)
UnityEngine.Debug:Log(Object)
CreateGenerationCosmeticsState:OnStart(Single, Type)
GameContext:Update()
TheEntireGameState:UpdateState(Single)
FrameworkContext:Update()
 
(Filename: C:\buildslave\unity\build\Runtime/Export/Debug/Debug.bindings.h Line: 39)

ZXZX: CreateGenerationCosmeticState.OnStart - Initialised(False) Initialising(True)
UnityEngine.DebugLogHandler:LogFormat(LogType, Object, String, Object[])
UnityEngine.Logger:Log(LogType, Object)
UnityEngine.Debug:Log(Object)
CreateGenerationCosmeticsState:OnStart(Single, Type)
GameContext:Update()
TheEntireGameState:UpdateState(Single)
FrameworkContext:Update()
 
(Filename: C:\buildslave\unity\build\Runtime/Export/Debug/Debug.bindings.h Line: 39)

ZXZX: CreateGenerationCosmeticState.OnStart - Initialised(False) Initialising(True)
UnityEngine.DebugLogHandler:LogFormat(LogType, Object, String, Object[])
UnityEngine.Logger:Log(LogType, Object)
UnityEngine.Debug:Log(Object)
CreateGenerationCosmeticsState:OnStart(Single, Type)
GameContext:Update()
TheEntireGameState:UpdateState(Single)
FrameworkContext:Update()
 
(Filename: C:\buildslave\unity\build\Runtime/Export/Debug/Debug.bindings.h Line: 39)

ZXZX: CreateGenerationCosmeticState.OnStart - Initialised(False) Initialising(True)
UnityEngine.DebugLogHandler:LogFormat(LogType, Object, String, Object[])
UnityEngine.Logger:Log(LogType, Object)
UnityEngine.Debug:Log(Object)
CreateGenerationCosmeticsState:OnStart(Single, Type)
GameContext:Update()
TheEntireGameState:UpdateState(Single)
FrameworkContext:Update()
 
(Filename: C:\buildslave\unity\build\Runtime/Export/Debug/Debug.bindings.h Line: 39)

ZXZX: CreateGenerationCosmeticState.OnStart - Initialised(False) Initialising(True)
UnityEngine.DebugLogHandler:LogFormat(LogType, Object, String, Object[])
UnityEngine.Logger:Log(LogType, Object)
UnityEngine.Debug:Log(Object)
CreateGenerationCosmeticsState:OnStart(Single, Type)
GameContext:Update()
TheEntireGameState:UpdateState(Single)
FrameworkContext:Update()
 
(Filename: C:\buildslave\unity\build\Runtime/Export/Debug/Debug.bindings.h Line: 39)

ZXZX: CreateGenerationCosmeticState.OnStart - Initialised(False) Initialising(True)
UnityEngine.DebugLogHandler:LogFormat(LogType, Object, String, Object[])
UnityEngine.Logger:Log(LogType, Object)
UnityEngine.Debug:Log(Object)
CreateGenerationCosmeticsState:OnStart(Single, Type)
GameContext:Update()
TheEntireGameState:UpdateState(Single)
FrameworkContext:Update()
 
(Filename: C:\buildslave\unity\build\Runtime/Export/Debug/Debug.bindings.h Line: 39)

ZXZX: CreateGenerationCosmeticState.OnStart - Initialised(False) Initialising(True)
UnityEngine.DebugLogHandler:LogFormat(LogType, Object, String, Object[])
UnityEngine.Logger:Log(LogType, Object)
UnityEngine.Debug:Log(Object)
CreateGenerationCosmeticsState:OnStart(Single, Type)
GameContext:Update()
TheEntireGameState:UpdateState(Single)
FrameworkContext:Update()
 
(Filename: C:\buildslave\unity\build\Runtime/Export/Debug/Debug.bindings.h Line: 39)

ZXZX: CreateGenerationCosmeticState.OnStart - Initialised(False) Initialising(True)
UnityEngine.DebugLogHandler:LogFormat(LogType, Object, String, Object[])
UnityEngine.Logger:Log(LogType, Object)
UnityEngine.Debug:Log(Object)
CreateGenerationCosmeticsState:OnStart(Single, Type)
GameContext:Update()
TheEntireGameState:UpdateState(Single)
FrameworkContext:Update()
 
(Filename: C:\buildslave\unity\build\Runtime/Export/Debug/Debug.bindings.h Line: 39)

ZXZX: CreateGenerationCosmeticState.OnStart - Initialised(False) Initialising(True)
UnityEngine.DebugLogHandler:LogFormat(LogType, Object, String, Object[])
UnityEngine.Logger:Log(LogType, Object)
UnityEngine.Debug:Log(Object)
CreateGenerationCosmeticsState:OnStart(Single, Type)
GameContext:Update()
TheEntireGameState:UpdateState(Single)
FrameworkContext:Update()
 
(Filename: C:\buildslave\unity\build\Runtime/Export/Debug/Debug.bindings.h Line: 39)

ZXZX: CreateGenerationCosmeticState.OnStart - Initialised(False) Initialising(True)
UnityEngine.DebugLogHandler:LogFormat(LogType, Object, String, Object[])
UnityEngine.Logger:Log(LogType, Object)
UnityEngine.Debug:Log(Object)
CreateGenerationCosmeticsState:OnStart(Single, Type)
GameContext:Update()
TheEntireGameState:UpdateState(Single)
FrameworkContext:Update()
 
(Filename: C:\buildslave\unity\build\Runtime/Export/Debug/Debug.bindings.h Line: 39)

ZXZX: CreateGenerationCosmeticState.OnStart - Initialised(True) Initialising(False)
UnityEngine.DebugLogHandler:LogFormat(LogType, Object, String, Object[])
UnityEngine.Logger:Log(LogType, Object)
UnityEngine.Debug:Log(Object)
CreateGenerationCosmeticsState:OnStart(Single, Type)
GameContext:Update()
TheEntireGameState:UpdateState(Single)
FrameworkContext:Update()
 
(Filename: C:\buildslave\unity\build\Runtime/Export/Debug/Debug.bindings.h Line: 39)

Internal: JobTempAlloc has allocations that are more than 4 frames old - this is not allowed and likely a leak 
(Filename:  Line: 554)

Internal: deleting an allocation that is older than its permitted lifetime of 4 frames (age = 5) 
(Filename:  Line: 310)

Internal: deleting an allocation that is older than its permitted lifetime of 4 frames (age = 5) 
(Filename:  Line: 310)

Internal: deleting an allocation that is older than its permitted lifetime of 4 frames (age = 5) 
(Filename:  Line: 310)

Internal: deleting an allocation that is older than its permitted lifetime of 4 frames (age = 12) 
(Filename:  Line: 310)

Internal: deleting an allocation that is older than its permitted lifetime of 4 frames (age = 12) 
(Filename:  Line: 310)

Internal: JobTempAlloc has allocations that are more than 4 frames old - this is not allowed and likely a leak 
(Filename:  Line: 554)

Internal: deleting an allocation that is older than its permitted lifetime of 4 frames (age = 5) 
(Filename:  Line: 310)

Internal: deleting an allocation that is older than its permitted lifetime of 4 frames (age = 5) 
(Filename:  Line: 310)

Unloading 0 Unused Serialized files (Serialized files now loaded: 78)

Unloading 0 unused Assets to reduce memory usage. Loaded Objects now: 153786.
Total: 658.115400 ms (FindLiveObjects: 17.232500 ms CreateObjectMapping: 15.375700 ms MarkObjects: 625.046400 ms  DeleteObjects: 0.459400 ms)

SpriteAtlasManager.atlasRequested wasn't listened to while AxeFanaticBodyAnimData requested. 
(Filename:  Line: 251)

SpriteAtlasManager.atlasRequested wasn't listened to while AxeFanaticBodyAnimData requested. 
(Filename:  Line: 251)

SpriteAtlasManager.atlasRequested wasn't listened to while AxeFanaticBodyAnimData requested. 
(Filename:  Line: 251)

SpriteAtlasManager.atlasRequested wasn't listened to while AxeFanaticBodyAnimData requested. 
(Filename:  Line: 251)

SpriteAtlasManager.atlasRequested wasn't listened to while AxeFanaticBodyAnimData requested. 
(Filename:  Line: 251)

SpriteAtlasManager.atlasRequested wasn't listened to while AxeFanaticBodyAnimData requested. 
(Filename:  Line: 251)

SpriteAtlasManager.atlasRequested wasn't listened to while AxeFanaticBodyAnimData requested. 
(Filename:  Line: 251)

SpriteAtlasManager.atlasRequested wasn't listened to while AxeFanaticBodyAnimData requested. 
(Filename:  Line: 251)

SpriteAtlasManager.atlasRequested wasn't listened to while AxeFanaticBodyAnimData requested. 
(Filename:  Line: 251)

SpriteAtlasManager.atlasRequested wasn't listened to while AxeFanaticBodyAnimData requested. 
(Filename:  Line: 251)

SpriteAtlasManager.atlasRequested wasn't listened to while AxeFanaticBodyAnimData requested. 
(Filename:  Line: 251)

SpriteAtlasManager.atlasRequested wasn't listened to while AxeFanaticBodyAnimData requested. 
(Filename:  Line: 251)

SpriteAtlasManager.atlasRequested wasn't listened to while AxeFanaticBodyAnimData requested. 
(Filename:  Line: 251)

SpriteAtlasManager.atlasRequested wasn't listened to while AxeFanaticBodyAnimData requested. 
(Filename:  Line: 251)

SpriteAtlasManager.atlasRequested wasn't listened to while AxeFanaticBodyAnimData requested. 
(Filename:  Line: 251)

SpriteAtlasManager.atlasRequested wasn't listened to while AxeFanaticBodyAnimData requested. 
(Filename:  Line: 251)

SpriteAtlasManager.atlasRequested wasn't listened to while AxeFanaticBodyAnimData requested. 
(Filename:  Line: 251)

SpriteAtlasManager.atlasRequested wasn't listened to while AxeFanaticBodyAnimData requested. 
(Filename:  Line: 251)

SpriteAtlasManager.atlasRequested wasn't listened to while AxeFanaticBodyAnimData requested. 
(Filename:  Line: 251)

SpriteAtlasManager.atlasRequested wasn't listened to while AxeFanaticBodyAnimData requested. 
(Filename:  Line: 251)

SpriteAtlasManager.atlasRequested wasn't listened to while AxeFanaticBodyAnimData requested. 
(Filename:  Line: 251)

SpriteAtlasManager.atlasRequested wasn't listened to while AxeFanaticBodyAnimData requested. 
(Filename:  Line: 251)

SpriteAtlasManager.atlasRequested wasn't listened to while AxeFanaticBodyAnimData requested. 
(Filename:  Line: 251)

SpriteAtlasManager.atlasRequested wasn't listened to while AxeFanaticBodyAnimData requested. 
(Filename:  Line: 251)

SpriteAtlasManager.atlasRequested wasn't listened to while AxeFanaticBodyAnimData requested. 
(Filename:  Line: 251)

Material Worldmap doesn't have _Stencil property
UnityEngine.DebugLogHandler:LogFormat(LogType, Object, String, Object[])
UnityEngine.Logger:Log(LogType, Object, Object)
UnityEngine.Debug:LogWarning(Object, Object)
UnityEngine.UI.StencilMaterial:Add(Material, Int32, StencilOp, CompareFunction, ColorWriteMask, Int32, Int32)
UnityEngine.UI.MaskableGraphic:GetModifiedMaterial(Material)
UnityEngine.UI.Graphic:get_materialForRendering()
UnityEngine.UI.Graphic:UpdateMaterial()
UnityEngine.UI.Graphic:Rebuild(CanvasUpdate)
UnityEngine.UI.CanvasUpdateRegistry:PerformUpdate()
UnityEngine.SkinChangedDelegate:Invoke()
UnityEngine.Canvas:SendWillRenderCanvases()
 
(Filename: C:\buildslave\unity\build\Runtime/Export/Debug/Debug.bindings.h Line: 39)

Material WorldMapFog doesn't have _Stencil property
UnityEngine.DebugLogHandler:LogFormat(LogType, Object, String, Object[])
UnityEngine.Logger:Log(LogType, Object, Object)
UnityEngine.Debug:LogWarning(Object, Object)
UnityEngine.UI.StencilMaterial:Add(Material, Int32, StencilOp, CompareFunction, ColorWriteMask, Int32, Int32)
UnityEngine.UI.MaskableGraphic:GetModifiedMaterial(Material)
UnityEngine.UI.Graphic:get_materialForRendering()
UnityEngine.UI.Graphic:UpdateMaterial()
UnityEngine.UI.Graphic:Rebuild(CanvasUpdate)
UnityEngine.UI.CanvasUpdateRegistry:PerformUpdate()
UnityEngine.SkinChangedDelegate:Invoke()
UnityEngine.Canvas:SendWillRenderCanvases()
 
(Filename: C:\buildslave\unity\build\Runtime/Export/Debug/Debug.bindings.h Line: 39)

SpriteAtlasManager.atlasRequested wasn't listened to while AxeFanaticBodyAnimData requested. 
(Filename:  Line: 251)

SpriteAtlasManager.atlasRequested wasn't listened to while AxeFanaticBodyAnimData requested. 
(Filename:  Line: 251)

SpriteAtlasManager.atlasRequested wasn't listened to while AxeFanaticBodyAnimData requested. 
(Filename:  Line: 251)

SpriteAtlasManager.atlasRequested wasn't listened to while AxeFanaticBodyAnimData requested. 
(Filename:  Line: 251)

SpriteAtlasManager.atlasRequested wasn't listened to while AxeFanaticBodyAnimData requested. 
(Filename:  Line: 251)

SpriteAtlasManager.atlasRequested wasn't listened to while AxeFanaticBodyAnimData requested. 
(Filename:  Line: 251)

SpriteAtlasManager.atlasRequested wasn't listened to while AxeFanaticBodyAnimData requested. 
(Filename:  Line: 251)

SpriteAtlasManager.atlasRequested wasn't listened to while AxeFanaticBodyAnimData requested. 
(Filename:  Line: 251)

SpriteAtlasManager.atlasRequested wasn't listened to while AxeFanaticBodyAnimData requested. 
(Filename:  Line: 251)

SpriteAtlasManager.atlasRequested wasn't listened to while AxeFanaticBodyAnimData requested. 
(Filename:  Line: 251)

SpriteAtlasManager.atlasRequested wasn't listened to while AxeFanaticBodyAnimData requested. 
(Filename:  Line: 251)

SpriteAtlasManager.atlasRequested wasn't listened to while AxeFanaticBodyAnimData requested. 
(Filename:  Line: 251)

SpriteAtlasManager.atlasRequested wasn't listened to while AxeFanaticBodyAnimData requested. 
(Filename:  Line: 251)

SpriteAtlasManager.atlasRequested wasn't listened to while AxeFanaticBodyAnimData requested. 
(Filename:  Line: 251)

SpriteAtlasManager.atlasRequested wasn't listened to while AxeFanaticBodyAnimData requested. 
(Filename:  Line: 251)

SpriteAtlasManager.atlasRequested wasn't listened to while AxeFanaticBodyAnimData requested. 
(Filename:  Line: 251)

SpriteAtlasManager.atlasRequested wasn't listened to while AxeFanaticBodyAnimData requested. 
(Filename:  Line: 251)

SpriteAtlasManager.atlasRequested wasn't listened to while AxeFanaticBodyAnimData requested. 
(Filename:  Line: 251)

Material Worldmap doesn't have _Stencil property
UnityEngine.DebugLogHandler:LogFormat(LogType, Object, String, Object[])
UnityEngine.Logger:Log(LogType, Object, Object)
UnityEngine.Debug:LogWarning(Object, Object)
UnityEngine.UI.StencilMaterial:Add(Material, Int32, StencilOp, CompareFunction, ColorWriteMask, Int32, Int32)
UnityEngine.UI.MaskableGraphic:GetModifiedMaterial(Material)
UnityEngine.UI.Graphic:get_materialForRendering()
UnityEngine.UI.Graphic:UpdateMaterial()
UnityEngine.UI.Graphic:Rebuild(CanvasUpdate)
UnityEngine.UI.CanvasUpdateRegistry:PerformUpdate()
UnityEngine.SkinChangedDelegate:Invoke()
UnityEngine.Canvas:SendWillRenderCanvases()
 
(Filename: C:\buildslave\unity\build\Runtime/Export/Debug/Debug.bindings.h Line: 39)

Material WorldMapFog doesn't have _Stencil property
UnityEngine.DebugLogHandler:LogFormat(LogType, Object, String, Object[])
UnityEngine.Logger:Log(LogType, Object, Object)
UnityEngine.Debug:LogWarning(Object, Object)
UnityEngine.UI.StencilMaterial:Add(Material, Int32, StencilOp, CompareFunction, ColorWriteMask, Int32, Int32)
UnityEngine.UI.MaskableGraphic:GetModifiedMaterial(Material)
UnityEngine.UI.Graphic:get_materialForRendering()
UnityEngine.UI.Graphic:UpdateMaterial()
UnityEngine.UI.Graphic:Rebuild(CanvasUpdate)
UnityEngine.UI.CanvasUpdateRegistry:PerformUpdate()
UnityEngine.SkinChangedDelegate:Invoke()
UnityEngine.Canvas:SendWillRenderCanvases()
 
(Filename: C:\buildslave\unity\build\Runtime/Export/Debug/Debug.bindings.h Line: 39)

SpriteAtlasManager.atlasRequested wasn't listened to while AxeFanaticBodyAnimData requested. 
(Filename:  Line: 251)

Material Worldmap doesn't have _Stencil property
UnityEngine.DebugLogHandler:LogFormat(LogType, Object, String, Object[])
UnityEngine.Logger:Log(LogType, Object, Object)
UnityEngine.Debug:LogWarning(Object, Object)
UnityEngine.UI.StencilMaterial:Add(Material, Int32, StencilOp, CompareFunction, ColorWriteMask, Int32, Int32)
UnityEngine.UI.MaskableGraphic:GetModifiedMaterial(Material)
UnityEngine.UI.Graphic:get_materialForRendering()
UnityEngine.UI.Graphic:UpdateMaterial()
UnityEngine.UI.Graphic:Rebuild(CanvasUpdate)
UnityEngine.UI.CanvasUpdateRegistry:PerformUpdate()
UnityEngine.SkinChangedDelegate:Invoke()
UnityEngine.Canvas:SendWillRenderCanvases()
 
(Filename: C:\buildslave\unity\build\Runtime/Export/Debug/Debug.bindings.h Line: 39)

Material WorldMapFog doesn't have _Stencil property
UnityEngine.DebugLogHandler:LogFormat(LogType, Object, String, Object[])
UnityEngine.Logger:Log(LogType, Object, Object)
UnityEngine.Debug:LogWarning(Object, Object)
UnityEngine.UI.StencilMaterial:Add(Material, Int32, StencilOp, CompareFunction, ColorWriteMask, Int32, Int32)
UnityEngine.UI.MaskableGraphic:GetModifiedMaterial(Material)
UnityEngine.UI.Graphic:get_materialForRendering()
UnityEngine.UI.Graphic:UpdateMaterial()
UnityEngine.UI.Graphic:Rebuild(CanvasUpdate)
UnityEngine.UI.CanvasUpdateRegistry:PerformUpdate()
UnityEngine.SkinChangedDelegate:Invoke()
UnityEngine.Canvas:SendWillRenderCanvases()
 
(Filename: C:\buildslave\unity\build\Runtime/Export/Debug/Debug.bindings.h Line: 39)

SpriteAtlasManager.atlasRequested wasn't listened to while AxeFanaticBodyAnimData requested. 
(Filename:  Line: 251)

SpriteAtlasManager.atlasRequested wasn't listened to while AxeFanaticBodyAnimData requested. 
(Filename:  Line: 251)

SpriteAtlasManager.atlasRequested wasn't listened to while AxeFanaticBodyAnimData requested. 
(Filename:  Line: 251)

SpriteAtlasManager.atlasRequested wasn't listened to while AxeFanaticBodyAnimData requested. 
(Filename:  Line: 251)

Material Worldmap doesn't have _Stencil property
UnityEngine.DebugLogHandler:LogFormat(LogType, Object, String, Object[])
UnityEngine.Logger:Log(LogType, Object, Object)
UnityEngine.Debug:LogWarning(Object, Object)
UnityEngine.UI.StencilMaterial:Add(Material, Int32, StencilOp, CompareFunction, ColorWriteMask, Int32, Int32)
UnityEngine.UI.MaskableGraphic:GetModifiedMaterial(Material)
UnityEngine.UI.Graphic:get_materialForRendering()
UnityEngine.UI.Graphic:UpdateMaterial()
UnityEngine.UI.Graphic:Rebuild(CanvasUpdate)
UnityEngine.UI.CanvasUpdateRegistry:PerformUpdate()
UnityEngine.SkinChangedDelegate:Invoke()
UnityEngine.Canvas:SendWillRenderCanvases()
 
(Filename: C:\buildslave\unity\build\Runtime/Export/Debug/Debug.bindings.h Line: 39)

Material WorldMapFog doesn't have _Stencil property
UnityEngine.DebugLogHandler:LogFormat(LogType, Object, String, Object[])
UnityEngine.Logger:Log(LogType, Object, Object)
UnityEngine.Debug:LogWarning(Object, Object)
UnityEngine.UI.StencilMaterial:Add(Material, Int32, StencilOp, CompareFunction, ColorWriteMask, Int32, Int32)
UnityEngine.UI.MaskableGraphic:GetModifiedMaterial(Material)
UnityEngine.UI.Graphic:get_materialForRendering()
UnityEngine.UI.Graphic:UpdateMaterial()
UnityEngine.UI.Graphic:Rebuild(CanvasUpdate)
UnityEngine.UI.CanvasUpdateRegistry:PerformUpdate()
UnityEngine.SkinChangedDelegate:Invoke()
UnityEngine.Canvas:SendWillRenderCanvases()
 
(Filename: C:\buildslave\unity\build\Runtime/Export/Debug/Debug.bindings.h Line: 39)

SpriteAtlasManager.atlasRequested wasn't listened to while AxeFanaticBodyAnimData requested. 
(Filename:  Line: 251)

SpriteAtlasManager.atlasRequested wasn't listened to while AxeFanaticBodyAnimData requested. 
(Filename:  Line: 251)

SpriteAtlasManager.atlasRequested wasn't listened to while AxeFanaticBodyAnimData requested. 
(Filename:  Line: 251)

SpriteAtlasManager.atlasRequested wasn't listened to while AxeFanaticBodyAnimData requested. 
(Filename:  Line: 251)

Material Worldmap doesn't have _Stencil property
UnityEngine.DebugLogHandler:LogFormat(LogType, Object, String, Object[])
UnityEngine.Logger:Log(LogType, Object, Object)
UnityEngine.Debug:LogWarning(Object, Object)
UnityEngine.UI.StencilMaterial:Add(Material, Int32, StencilOp, CompareFunction, ColorWriteMask, Int32, Int32)
UnityEngine.UI.MaskableGraphic:GetModifiedMaterial(Material)
UnityEngine.UI.Graphic:get_materialForRendering()
UnityEngine.UI.Graphic:UpdateMaterial()
UnityEngine.UI.Graphic:Rebuild(CanvasUpdate)
UnityEngine.UI.CanvasUpdateRegistry:PerformUpdate()
UnityEngine.SkinChangedDelegate:Invoke()
UnityEngine.Canvas:SendWillRenderCanvases()
 
(Filename: C:\buildslave\unity\build\Runtime/Export/Debug/Debug.bindings.h Line: 39)

Material WorldMapFog doesn't have _Stencil property
UnityEngine.DebugLogHandler:LogFormat(LogType, Object, String, Object[])
UnityEngine.Logger:Log(LogType, Object, Object)
UnityEngine.Debug:LogWarning(Object, Object)
UnityEngine.UI.StencilMaterial:Add(Material, Int32, StencilOp, CompareFunction, ColorWriteMask, Int32, Int32)
UnityEngine.UI.MaskableGraphic:GetModifiedMaterial(Material)
UnityEngine.UI.Graphic:get_materialForRendering()
UnityEngine.UI.Graphic:UpdateMaterial()
UnityEngine.UI.Graphic:Rebuild(CanvasUpdate)
UnityEngine.UI.CanvasUpdateRegistry:PerformUpdate()
UnityEngine.SkinChangedDelegate:Invoke()
UnityEngine.Canvas:SendWillRenderCanvases()
 
(Filename: C:\buildslave\unity\build\Runtime/Export/Debug/Debug.bindings.h Line: 39)

SpriteAtlasManager.atlasRequested wasn't listened to while AxeFanaticBodyAnimData requested. 
(Filename:  Line: 251)

SpriteAtlasManager.atlasRequested wasn't listened to while AxeFanaticBodyAnimData requested. 
(Filename:  Line: 251)

SpriteAtlasManager.atlasRequested wasn't listened to while AxeFanaticBodyAnimData requested. 
(Filename:  Line: 251)

SpriteAtlasManager.atlasRequested wasn't listened to while AxeFanaticBodyAnimData requested. 
(Filename:  Line: 251)

SpriteAtlasManager.atlasRequested wasn't listened to while AxeFanaticBodyAnimData requested. 
(Filename:  Line: 251)

SpriteAtlasManager.atlasRequested wasn't listened to while AxeFanaticBodyAnimData requested. 
(Filename:  Line: 251)

SpriteAtlasManager.atlasRequested wasn't listened to while AxeFanaticBodyAnimData requested. 
(Filename:  Line: 251)

SpriteAtlasManager.atlasRequested wasn't listened to while AxeFanaticBodyAnimData requested. 
(Filename:  Line: 251)

SpriteAtlasManager.atlasRequested wasn't listened to while AxeFanaticBodyAnimData requested. 
(Filename:  Line: 251)

SpriteAtlasManager.atlasRequested wasn't listened to while AxeFanaticBodyAnimData requested. 
(Filename:  Line: 251)

SpriteAtlasManager.atlasRequested wasn't listened to while AxeFanaticBodyAnimData requested. 
(Filename:  Line: 251)

SpriteAtlasManager.atlasRequested wasn't listened to while AxeFanaticBodyAnimData requested. 
(Filename:  Line: 251)

SpriteAtlasManager.atlasRequested wasn't listened to while AxeFanaticBodyAnimData requested. 
(Filename:  Line: 251)

SpriteAtlasManager.atlasRequested wasn't listened to while AxeFanaticBodyAnimData requested. 
(Filename:  Line: 251)

SpriteAtlasManager.atlasRequested wasn't listened to while AxeFanaticBodyAnimData requested. 
(Filename:  Line: 251)

SpriteAtlasManager.atlasRequested wasn't listened to while AxeFanaticBodyAnimData requested. 
(Filename:  Line: 251)

SpriteAtlasManager.atlasRequested wasn't listened to while AxeFanaticBodyAnimData requested. 
(Filename:  Line: 251)

SpriteAtlasManager.atlasRequested wasn't listened to while AxeFanaticBodyAnimData requested. 
(Filename:  Line: 251)

SpriteAtlasManager.atlasRequested wasn't listened to while AxeFanaticBodyAnimData requested. 
(Filename:  Line: 251)

SpriteAtlasManager.atlasRequested wasn't listened to while AxeFanaticBodyAnimData requested. 
(Filename:  Line: 251)

SpriteAtlasManager.atlasRequested wasn't listened to while AxeFanaticBodyAnimData requested. 
(Filename:  Line: 251)

SpriteAtlasManager.atlasRequested wasn't listened to while AxeFanaticBodyAnimData requested. 
(Filename:  Line: 251)

Material Worldmap doesn't have _Stencil property
UnityEngine.DebugLogHandler:LogFormat(LogType, Object, String, Object[])
UnityEngine.Logger:Log(LogType, Object, Object)
UnityEngine.Debug:LogWarning(Object, Object)
UnityEngine.UI.StencilMaterial:Add(Material, Int32, StencilOp, CompareFunction, ColorWriteMask, Int32, Int32)
UnityEngine.UI.MaskableGraphic:GetModifiedMaterial(Material)
UnityEngine.UI.Graphic:get_materialForRendering()
UnityEngine.UI.Graphic:UpdateMaterial()
UnityEngine.UI.Graphic:Rebuild(CanvasUpdate)
UnityEngine.UI.CanvasUpdateRegistry:PerformUpdate()
UnityEngine.SkinChangedDelegate:Invoke()
UnityEngine.Canvas:SendWillRenderCanvases()
 
(Filename: C:\buildslave\unity\build\Runtime/Export/Debug/Debug.bindings.h Line: 39)

Material WorldMapFog doesn't have _Stencil property
UnityEngine.DebugLogHandler:LogFormat(LogType, Object, String, Object[])
UnityEngine.Logger:Log(LogType, Object, Object)
UnityEngine.Debug:LogWarning(Object, Object)
UnityEngine.UI.StencilMaterial:Add(Material, Int32, StencilOp, CompareFunction, ColorWriteMask, Int32, Int32)
UnityEngine.UI.MaskableGraphic:GetModifiedMaterial(Material)
UnityEngine.UI.Graphic:get_materialForRendering()
UnityEngine.UI.Graphic:UpdateMaterial()
UnityEngine.UI.Graphic:Rebuild(CanvasUpdate)
UnityEngine.UI.CanvasUpdateRegistry:PerformUpdate()
UnityEngine.SkinChangedDelegate:Invoke()
UnityEngine.Canvas:SendWillRenderCanvases()
 
(Filename: C:\buildslave\unity\build\Runtime/Export/Debug/Debug.bindings.h Line: 39)

SpriteAtlasManager.atlasRequested wasn't listened to while AxeFanaticBodyAnimData requested. 
(Filename:  Line: 251)

SpriteAtlasManager.atlasRequested wasn't listened to while AxeFanaticBodyAnimData requested. 
(Filename:  Line: 251)

SpriteAtlasManager.atlasRequested wasn't listened to while AxeFanaticBodyAnimData requested. 
(Filename:  Line: 251)

SpriteAtlasManager.atlasRequested wasn't listened to while AxeFanaticBodyAnimData requested. 
(Filename:  Line: 251)

SpriteAtlasManager.atlasRequested wasn't listened to while AxeFanaticBodyAnimData requested. 
(Filename:  Line: 251)

SpriteAtlasManager.atlasRequested wasn't listened to while AxeFanaticBodyAnimData requested. 
(Filename:  Line: 251)

SpriteAtlasManager.atlasRequested wasn't listened to while AxeFanaticBodyAnimData requested. 
(Filename:  Line: 251)

SpriteAtlasManager.atlasRequested wasn't listened to while AxeFanaticBodyAnimData requested. 
(Filename:  Line: 251)

SpriteAtlasManager.atlasRequested wasn't listened to while AxeFanaticBodyAnimData requested. 
(Filename:  Line: 251)

SpriteAtlasManager.atlasRequested wasn't listened to while AxeFanaticBodyAnimData requested. 
(Filename:  Line: 251)

SpriteAtlasManager.atlasRequested wasn't listened to while AxeFanaticBodyAnimData requested. 
(Filename:  Line: 251)

SpriteAtlasManager.atlasRequested wasn't listened to while AxeFanaticBodyAnimData requested. 
(Filename:  Line: 251)

SpriteAtlasManager.atlasRequested wasn't listened to while AxeFanaticBodyAnimData requested. 
(Filename:  Line: 251)

SpriteAtlasManager.atlasRequested wasn't listened to while AxeFanaticBodyAnimData requested. 
(Filename:  Line: 251)

SpriteAtlasManager.atlasRequested wasn't listened to while AxeFanaticBodyAnimData requested. 
(Filename:  Line: 251)

SpriteAtlasManager.atlasRequested wasn't listened to while AxeFanaticBodyAnimData requested. 
(Filename:  Line: 251)

SpriteAtlasManager.atlasRequested wasn't listened to while AxeFanaticBodyAnimData requested. 
(Filename:  Line: 251)

SpriteAtlasManager.atlasRequested wasn't listened to while AxeFanaticBodyAnimData requested. 
(Filename:  Line: 251)

SpriteAtlasManager.atlasRequested wasn't listened to while AxeFanaticBodyAnimData requested. 
(Filename:  Line: 251)

SpriteAtlasManager.atlasRequested wasn't listened to while AxeFanaticBodyAnimData requested. 
(Filename:  Line: 251)

SpriteAtlasManager.atlasRequested wasn't listened to while AxeFanaticBodyAnimData requested. 
(Filename:  Line: 251)

Material Worldmap doesn't have _Stencil property
UnityEngine.DebugLogHandler:LogFormat(LogType, Object, String, Object[])
UnityEngine.Logger:Log(LogType, Object, Object)
UnityEngine.Debug:LogWarning(Object, Object)
UnityEngine.UI.StencilMaterial:Add(Material, Int32, StencilOp, CompareFunction, ColorWriteMask, Int32, Int32)
UnityEngine.UI.MaskableGraphic:GetModifiedMaterial(Material)
UnityEngine.UI.Graphic:get_materialForRendering()
UnityEngine.UI.Graphic:UpdateMaterial()
UnityEngine.UI.Graphic:Rebuild(CanvasUpdate)
UnityEngine.UI.CanvasUpdateRegistry:PerformUpdate()
UnityEngine.SkinChangedDelegate:Invoke()
UnityEngine.Canvas:SendWillRenderCanvases()
 
(Filename: C:\buildslave\unity\build\Runtime/Export/Debug/Debug.bindings.h Line: 39)

Material WorldMapFog doesn't have _Stencil property
UnityEngine.DebugLogHandler:LogFormat(LogType, Object, String, Object[])
UnityEngine.Logger:Log(LogType, Object, Object)
UnityEngine.Debug:LogWarning(Object, Object)
UnityEngine.UI.StencilMaterial:Add(Material, Int32, StencilOp, CompareFunction, ColorWriteMask, Int32, Int32)
UnityEngine.UI.MaskableGraphic:GetModifiedMaterial(Material)
UnityEngine.UI.Graphic:get_materialForRendering()
UnityEngine.UI.Graphic:UpdateMaterial()
UnityEngine.UI.Graphic:Rebuild(CanvasUpdate)
UnityEngine.UI.CanvasUpdateRegistry:PerformUpdate()
UnityEngine.SkinChangedDelegate:Invoke()
UnityEngine.Canvas:SendWillRenderCanvases()
 
(Filename: C:\buildslave\unity\build\Runtime/Export/Debug/Debug.bindings.h Line: 39)

SpriteAtlasManager.atlasRequested wasn't listened to while AxeFanaticBodyAnimData requested. 
(Filename:  Line: 251)

SpriteAtlasManager.atlasRequested wasn't listened to while AxeFanaticBodyAnimData requested. 
(Filename:  Line: 251)

SpriteAtlasManager.atlasRequested wasn't listened to while AxeFanaticBodyAnimData requested. 
(Filename:  Line: 251)

SpriteAtlasManager.atlasRequested wasn't listened to while AxeFanaticBodyAnimData requested. 
(Filename:  Line: 251)

SpriteAtlasManager.atlasRequested wasn't listened to while AxeFanaticBodyAnimData requested. 
(Filename:  Line: 251)

SpriteAtlasManager.atlasRequested wasn't listened to while AxeFanaticBodyAnimData requested. 
(Filename:  Line: 251)

SpriteAtlasManager.atlasRequested wasn't listened to while AxeFanaticBodyAnimData requested. 
(Filename:  Line: 251)

SpriteAtlasManager.atlasRequested wasn't listened to while AxeFanaticBodyAnimData requested. 
(Filename:  Line: 251)

SpriteAtlasManager.atlasRequested wasn't listened to while AxeFanaticBodyAnimData requested. 
(Filename:  Line: 251)

SpriteAtlasManager.atlasRequested wasn't listened to while AxeFanaticBodyAnimData requested. 
(Filename:  Line: 251)

SpriteAtlasManager.atlasRequested wasn't listened to while AxeFanaticBodyAnimData requested. 
(Filename:  Line: 251)

SpriteAtlasManager.atlasRequested wasn't listened to while AxeFanaticBodyAnimData requested. 
(Filename:  Line: 251)

SpriteAtlasManager.atlasRequested wasn't listened to while AxeFanaticBodyAnimData requested. 
(Filename:  Line: 251)

SpriteAtlasManager.atlasRequested wasn't listened to while AxeFanaticBodyAnimData requested. 
(Filename:  Line: 251)

SpriteAtlasManager.atlasRequested wasn't listened to while AxeFanaticBodyAnimData requested. 
(Filename:  Line: 251)

SpriteAtlasManager.atlasRequested wasn't listened to while AxeFanaticBodyAnimData requested. 
(Filename:  Line: 251)

SpriteAtlasManager.atlasRequested wasn't listened to while AxeFanaticBodyAnimData requested. 
(Filename:  Line: 251)

SpriteAtlasManager.atlasRequested wasn't listened to while AxeFanaticBodyAnimData requested. 
(Filename:  Line: 251)

SpriteAtlasManager.atlasRequested wasn't listened to while AxeFanaticBodyAnimData requested. 
(Filename:  Line: 251)

Material Worldmap doesn't have _Stencil property
UnityEngine.DebugLogHandler:LogFormat(LogType, Object, String, Object[])
UnityEngine.Logger:Log(LogType, Object, Object)
UnityEngine.Debug:LogWarning(Object, Object)
UnityEngine.UI.StencilMaterial:Add(Material, Int32, StencilOp, CompareFunction, ColorWriteMask, Int32, Int32)
UnityEngine.UI.MaskableGraphic:GetModifiedMaterial(Material)
UnityEngine.UI.Graphic:get_materialForRendering()
UnityEngine.UI.Graphic:UpdateMaterial()
UnityEngine.UI.Graphic:Rebuild(CanvasUpdate)
UnityEngine.UI.CanvasUpdateRegistry:PerformUpdate()
UnityEngine.SkinChangedDelegate:Invoke()
UnityEngine.Canvas:SendWillRenderCanvases()
 
(Filename: C:\buildslave\unity\build\Runtime/Export/Debug/Debug.bindings.h Line: 39)

Material WorldMapFog doesn't have _Stencil property
UnityEngine.DebugLogHandler:LogFormat(LogType, Object, String, Object[])
UnityEngine.Logger:Log(LogType, Object, Object)
UnityEngine.Debug:LogWarning(Object, Object)
UnityEngine.UI.StencilMaterial:Add(Material, Int32, StencilOp, CompareFunction, ColorWriteMask, Int32, Int32)
UnityEngine.UI.MaskableGraphic:GetModifiedMaterial(Material)
UnityEngine.UI.Graphic:get_materialForRendering()
UnityEngine.UI.Graphic:UpdateMaterial()
UnityEngine.UI.Graphic:Rebuild(CanvasUpdate)
UnityEngine.UI.CanvasUpdateRegistry:PerformUpdate()
UnityEngine.SkinChangedDelegate:Invoke()
UnityEngine.Canvas:SendWillRenderCanvases()
 
(Filename: C:\buildslave\unity\build\Runtime/Export/Debug/Debug.bindings.h Line: 39)

SpriteAtlasManager.atlasRequested wasn't listened to while AxeFanaticBodyAnimData requested. 
(Filename:  Line: 251)

SpriteAtlasManager.atlasRequested wasn't listened to while AxeFanaticBodyAnimData requested. 
(Filename:  Line: 251)

SpriteAtlasManager.atlasRequested wasn't listened to while AxeFanaticBodyAnimData requested. 
(Filename:  Line: 251)

SpriteAtlasManager.atlasRequested wasn't listened to while AxeFanaticBodyAnimData requested. 
(Filename:  Line: 251)

SpriteAtlasManager.atlasRequested wasn't listened to while AxeFanaticBodyAnimData requested. 
(Filename:  Line: 251)

SpriteAtlasManager.atlasRequested wasn't listened to while AxeFanaticBodyAnimData requested. 
(Filename:  Line: 251)

SpriteAtlasManager.atlasRequested wasn't listened to while AxeFanaticBodyAnimData requested. 
(Filename:  Line: 251)

SpriteAtlasManager.atlasRequested wasn't listened to while AxeFanaticBodyAnimData requested. 
(Filename:  Line: 251)

Material Worldmap doesn't have _Stencil property
UnityEngine.DebugLogHandler:LogFormat(LogType, Object, String, Object[])
UnityEngine.Logger:Log(LogType, Object, Object)
UnityEngine.Debug:LogWarning(Object, Object)
UnityEngine.UI.StencilMaterial:Add(Material, Int32, StencilOp, CompareFunction, ColorWriteMask, Int32, Int32)
UnityEngine.UI.MaskableGraphic:GetModifiedMaterial(Material)
UnityEngine.UI.Graphic:get_materialForRendering()
UnityEngine.UI.Graphic:UpdateMaterial()
UnityEngine.UI.Graphic:Rebuild(CanvasUpdate)
UnityEngine.UI.CanvasUpdateRegistry:PerformUpdate()
UnityEngine.SkinChangedDelegate:Invoke()
UnityEngine.Canvas:SendWillRenderCanvases()
 
(Filename: C:\buildslave\unity\build\Runtime/Export/Debug/Debug.bindings.h Line: 39)

Material WorldMapFog doesn't have _Stencil property
UnityEngine.DebugLogHandler:LogFormat(LogType, Object, String, Object[])
UnityEngine.Logger:Log(LogType, Object, Object)
UnityEngine.Debug:LogWarning(Object, Object)
UnityEngine.UI.StencilMaterial:Add(Material, Int32, StencilOp, CompareFunction, ColorWriteMask, Int32, Int32)
UnityEngine.UI.MaskableGraphic:GetModifiedMaterial(Material)
UnityEngine.UI.Graphic:get_materialForRendering()
UnityEngine.UI.Graphic:UpdateMaterial()
UnityEngine.UI.Graphic:Rebuild(CanvasUpdate)
UnityEngine.UI.CanvasUpdateRegistry:PerformUpdate()
UnityEngine.SkinChangedDelegate:Invoke()
UnityEngine.Canvas:SendWillRenderCanvases()
 
(Filename: C:\buildslave\unity\build\Runtime/Export/Debug/Debug.bindings.h Line: 39)

SpriteAtlasManager.atlasRequested wasn't listened to while AxeFanaticBodyAnimData requested. 
(Filename:  Line: 251)

SpriteAtlasManager.atlasRequested wasn't listened to while AxeFanaticBodyAnimData requested. 
(Filename:  Line: 251)

SpriteAtlasManager.atlasRequested wasn't listened to while AxeFanaticBodyAnimData requested. 
(Filename:  Line: 251)

SpriteAtlasManager.atlasRequested wasn't listened to while AxeFanaticBodyAnimData requested. 
(Filename:  Line: 251)

SpriteAtlasManager.atlasRequested wasn't listened to while AxeFanaticBodyAnimData requested. 
(Filename:  Line: 251)

SpriteAtlasManager.atlasRequested wasn't listened to while AxeFanaticBodyAnimData requested. 
(Filename:  Line: 251)

SpriteAtlasManager.atlasRequested wasn't listened to while AxeFanaticBodyAnimData requested. 
(Filename:  Line: 251)

SpriteAtlasManager.atlasRequested wasn't listened to while AxeFanaticBodyAnimData requested. 
(Filename:  Line: 251)

SpriteAtlasManager.atlasRequested wasn't listened to while AxeFanaticBodyAnimData requested. 
(Filename:  Line: 251)

SpriteAtlasManager.atlasRequested wasn't listened to while AxeFanaticBodyAnimData requested. 
(Filename:  Line: 251)

SpriteAtlasManager.atlasRequested wasn't listened to while AxeFanaticBodyAnimData requested. 
(Filename:  Line: 251)

SpriteAtlasManager.atlasRequested wasn't listened to while AxeFanaticBodyAnimData requested. 
(Filename:  Line: 251)

SpriteAtlasManager.atlasRequested wasn't listened to while AxeFanaticBodyAnimData requested. 
(Filename:  Line: 251)

SpriteAtlasManager.atlasRequested wasn't listened to while AxeFanaticBodyAnimData requested. 
(Filename:  Line: 251)

SpriteAtlasManager.atlasRequested wasn't listened to while AxeFanaticBodyAnimData requested. 
(Filename:  Line: 251)

SpriteAtlasManager.atlasRequested wasn't listened to while AxeFanaticBodyAnimData requested. 
(Filename:  Line: 251)

SpriteAtlasManager.atlasRequested wasn't listened to while AxeFanaticBodyAnimData requested. 
(Filename:  Line: 251)

SpriteAtlasManager.atlasRequested wasn't listened to while AxeFanaticBodyAnimData requested. 
(Filename:  Line: 251)

SpriteAtlasManager.atlasRequested wasn't listened to while AxeFanaticBodyAnimData requested. 
(Filename:  Line: 251)

SpriteAtlasManager.atlasRequested wasn't listened to while AxeFanaticBodyAnimData requested. 
(Filename:  Line: 251)

SpriteAtlasManager.atlasRequested wasn't listened to while AxeFanaticBodyAnimData requested. 
(Filename:  Line: 251)

SpriteAtlasManager.atlasRequested wasn't listened to while AxeFanaticBodyAnimData requested. 
(Filename:  Line: 251)

SpriteAtlasManager.atlasRequested wasn't listened to while AxeFanaticBodyAnimData requested. 
(Filename:  Line: 251)

Material Worldmap doesn't have _Stencil property
UnityEngine.DebugLogHandler:LogFormat(LogType, Object, String, Object[])
UnityEngine.Logger:Log(LogType, Object, Object)
UnityEngine.Debug:LogWarning(Object, Object)
UnityEngine.UI.StencilMaterial:Add(Material, Int32, StencilOp, CompareFunction, ColorWriteMask, Int32, Int32)
UnityEngine.UI.MaskableGraphic:GetModifiedMaterial(Material)
UnityEngine.UI.Graphic:get_materialForRendering()
UnityEngine.UI.Graphic:UpdateMaterial()
UnityEngine.UI.Graphic:Rebuild(CanvasUpdate)
UnityEngine.UI.CanvasUpdateRegistry:PerformUpdate()
UnityEngine.SkinChangedDelegate:Invoke()
UnityEngine.Canvas:SendWillRenderCanvases()
 
(Filename: C:\buildslave\unity\build\Runtime/Export/Debug/Debug.bindings.h Line: 39)

Material WorldMapFog doesn't have _Stencil property
UnityEngine.DebugLogHandler:LogFormat(LogType, Object, String, Object[])
UnityEngine.Logger:Log(LogType, Object, Object)
UnityEngine.Debug:LogWarning(Object, Object)
UnityEngine.UI.StencilMaterial:Add(Material, Int32, StencilOp, CompareFunction, ColorWriteMask, Int32, Int32)
UnityEngine.UI.MaskableGraphic:GetModifiedMaterial(Material)
UnityEngine.UI.Graphic:get_materialForRendering()
UnityEngine.UI.Graphic:UpdateMaterial()
UnityEngine.UI.Graphic:Rebuild(CanvasUpdate)
UnityEngine.UI.CanvasUpdateRegistry:PerformUpdate()
UnityEngine.SkinChangedDelegate:Invoke()
UnityEngine.Canvas:SendWillRenderCanvases()
 
(Filename: C:\buildslave\unity\build\Runtime/Export/Debug/Debug.bindings.h Line: 39)

SpriteAtlasManager.atlasRequested wasn't listened to while AxeFanaticBodyAnimData requested. 
(Filename:  Line: 251)

SpriteAtlasManager.atlasRequested wasn't listened to while AxeFanaticBodyAnimData requested. 
(Filename:  Line: 251)

SpriteAtlasManager.atlasRequested wasn't listened to while AxeFanaticBodyAnimData requested. 
(Filename:  Line: 251)

SpriteAtlasManager.atlasRequested wasn't listened to while AxeFanaticBodyAnimData requested. 
(Filename:  Line: 251)

SpriteAtlasManager.atlasRequested wasn't listened to while AxeFanaticBodyAnimData requested. 
(Filename:  Line: 251)

SpriteAtlasManager.atlasRequested wasn't listened to while AxeFanaticBodyAnimData requested. 
(Filename:  Line: 251)

SpriteAtlasManager.atlasRequested wasn't listened to while AxeFanaticBodyAnimData requested. 
(Filename:  Line: 251)

SpriteAtlasManager.atlasRequested wasn't listened to while AxeFanaticBodyAnimData requested. 
(Filename:  Line: 251)

SpriteAtlasManager.atlasRequested wasn't listened to while AxeFanaticBodyAnimData requested. 
(Filename:  Line: 251)

Material Worldmap doesn't have _Stencil property
UnityEngine.DebugLogHandler:LogFormat(LogType, Object, String, Object[])
UnityEngine.Logger:Log(LogType, Object, Object)
UnityEngine.Debug:LogWarning(Object, Object)
UnityEngine.UI.StencilMaterial:Add(Material, Int32, StencilOp, CompareFunction, ColorWriteMask, Int32, Int32)
UnityEngine.UI.MaskableGraphic:GetModifiedMaterial(Material)
UnityEngine.UI.Graphic:get_materialForRendering()
UnityEngine.UI.Graphic:UpdateMaterial()
UnityEngine.UI.Graphic:Rebuild(CanvasUpdate)
UnityEngine.UI.CanvasUpdateRegistry:PerformUpdate()
UnityEngine.SkinChangedDelegate:Invoke()
UnityEngine.Canvas:SendWillRenderCanvases()
 
(Filename: C:\buildslave\unity\build\Runtime/Export/Debug/Debug.bindings.h Line: 39)

Material WorldMapFog doesn't have _Stencil property
UnityEngine.DebugLogHandler:LogFormat(LogType, Object, String, Object[])
UnityEngine.Logger:Log(LogType, Object, Object)
UnityEngine.Debug:LogWarning(Object, Object)
UnityEngine.UI.StencilMaterial:Add(Material, Int32, StencilOp, CompareFunction, ColorWriteMask, Int32, Int32)
UnityEngine.UI.MaskableGraphic:GetModifiedMaterial(Material)
UnityEngine.UI.Graphic:get_materialForRendering()
UnityEngine.UI.Graphic:UpdateMaterial()
UnityEngine.UI.Graphic:Rebuild(CanvasUpdate)
UnityEngine.UI.CanvasUpdateRegistry:PerformUpdate()
UnityEngine.SkinChangedDelegate:Invoke()
UnityEngine.Canvas:SendWillRenderCanvases()
 
(Filename: C:\buildslave\unity\build\Runtime/Export/Debug/Debug.bindings.h Line: 39)

SpriteAtlasManager.atlasRequested wasn't listened to while AxeFanaticBodyAnimData requested. 
(Filename:  Line: 251)

SpriteAtlasManager.atlasRequested wasn't listened to while AxeFanaticBodyAnimData requested. 
(Filename:  Line: 251)

SpriteAtlasManager.atlasRequested wasn't listened to while AxeFanaticBodyAnimData requested. 
(Filename:  Line: 251)

SpriteAtlasManager.atlasRequested wasn't listened to while AxeFanaticBodyAnimData requested. 
(Filename:  Line: 251)

SpriteAtlasManager.atlasRequested wasn't listened to while AxeFanaticBodyAnimData requested. 
(Filename:  Line: 251)

SpriteAtlasManager.atlasRequested wasn't listened to while AxeFanaticBodyAnimData requested. 
(Filename:  Line: 251)

Material Worldmap doesn't have _Stencil property
UnityEngine.DebugLogHandler:LogFormat(LogType, Object, String, Object[])
UnityEngine.Logger:Log(LogType, Object, Object)
UnityEngine.Debug:LogWarning(Object, Object)
UnityEngine.UI.StencilMaterial:Add(Material, Int32, StencilOp, CompareFunction, ColorWriteMask, Int32, Int32)
UnityEngine.UI.MaskableGraphic:GetModifiedMaterial(Material)
UnityEngine.UI.Graphic:get_materialForRendering()
UnityEngine.UI.Graphic:UpdateMaterial()
UnityEngine.UI.Graphic:Rebuild(CanvasUpdate)
UnityEngine.UI.CanvasUpdateRegistry:PerformUpdate()
UnityEngine.SkinChangedDelegate:Invoke()
UnityEngine.Canvas:SendWillRenderCanvases()
 
(Filename: C:\buildslave\unity\build\Runtime/Export/Debug/Debug.bindings.h Line: 39)

Material WorldMapFog doesn't have _Stencil property
UnityEngine.DebugLogHandler:LogFormat(LogType, Object, String, Object[])
UnityEngine.Logger:Log(LogType, Object, Object)
UnityEngine.Debug:LogWarning(Object, Object)
UnityEngine.UI.StencilMaterial:Add(Material, Int32, StencilOp, CompareFunction, ColorWriteMask, Int32, Int32)
UnityEngine.UI.MaskableGraphic:GetModifiedMaterial(Material)
UnityEngine.UI.Graphic:get_materialForRendering()
UnityEngine.UI.Graphic:UpdateMaterial()
UnityEngine.UI.Graphic:Rebuild(CanvasUpdate)
UnityEngine.UI.CanvasUpdateRegistry:PerformUpdate()
UnityEngine.SkinChangedDelegate:Invoke()
UnityEngine.Canvas:SendWillRenderCanvases()
 
(Filename: C:\buildslave\unity\build\Runtime/Export/Debug/Debug.bindings.h Line: 39)

Material Worldmap doesn't have _Stencil property
UnityEngine.DebugLogHandler:LogFormat(LogType, Object, String, Object[])
UnityEngine.Logger:Log(LogType, Object, Object)
UnityEngine.Debug:LogWarning(Object, Object)
UnityEngine.UI.StencilMaterial:Add(Material, Int32, StencilOp, CompareFunction, ColorWriteMask, Int32, Int32)
UnityEngine.UI.MaskableGraphic:GetModifiedMaterial(Material)
UnityEngine.UI.Graphic:get_materialForRendering()
UnityEngine.UI.Graphic:UpdateMaterial()
UnityEngine.UI.Graphic:Rebuild(CanvasUpdate)
UnityEngine.UI.CanvasUpdateRegistry:PerformUpdate()
UnityEngine.SkinChangedDelegate:Invoke()
UnityEngine.Canvas:SendWillRenderCanvases()
 
(Filename: C:\buildslave\unity\build\Runtime/Export/Debug/Debug.bindings.h Line: 39)

Material WorldMapFog doesn't have _Stencil property
UnityEngine.DebugLogHandler:LogFormat(LogType, Object, String, Object[])
UnityEngine.Logger:Log(LogType, Object, Object)
UnityEngine.Debug:LogWarning(Object, Object)
UnityEngine.UI.StencilMaterial:Add(Material, Int32, StencilOp, CompareFunction, ColorWriteMask, Int32, Int32)
UnityEngine.UI.MaskableGraphic:GetModifiedMaterial(Material)
UnityEngine.UI.Graphic:get_materialForRendering()
UnityEngine.UI.Graphic:UpdateMaterial()
UnityEngine.UI.Graphic:Rebuild(CanvasUpdate)
UnityEngine.UI.CanvasUpdateRegistry:PerformUpdate()
UnityEngine.SkinChangedDelegate:Invoke()
UnityEngine.Canvas:SendWillRenderCanvases()
 
(Filename: C:\buildslave\unity\build\Runtime/Export/Debug/Debug.bindings.h Line: 39)

Material Worldmap doesn't have _Stencil property
UnityEngine.DebugLogHandler:LogFormat(LogType, Object, String, Object[])
UnityEngine.Logger:Log(LogType, Object, Object)
UnityEngine.Debug:LogWarning(Object, Object)
UnityEngine.UI.StencilMaterial:Add(Material, Int32, StencilOp, CompareFunction, ColorWriteMask, Int32, Int32)
UnityEngine.UI.MaskableGraphic:GetModifiedMaterial(Material)
UnityEngine.UI.Graphic:get_materialForRendering()
UnityEngine.UI.Graphic:UpdateMaterial()
UnityEngine.UI.Graphic:Rebuild(CanvasUpdate)
UnityEngine.UI.CanvasUpdateRegistry:PerformUpdate()
UnityEngine.SkinChangedDelegate:Invoke()
UnityEngine.Canvas:SendWillRenderCanvases()
 
(Filename: C:\buildslave\unity\build\Runtime/Export/Debug/Debug.bindings.h Line: 39)

Material WorldMapFog doesn't have _Stencil property
UnityEngine.DebugLogHandler:LogFormat(LogType, Object, String, Object[])
UnityEngine.Logger:Log(LogType, Object, Object)
UnityEngine.Debug:LogWarning(Object, Object)
UnityEngine.UI.StencilMaterial:Add(Material, Int32, StencilOp, CompareFunction, ColorWriteMask, Int32, Int32)
UnityEngine.UI.MaskableGraphic:GetModifiedMaterial(Material)
UnityEngine.UI.Graphic:get_materialForRendering()
UnityEngine.UI.Graphic:UpdateMaterial()
UnityEngine.UI.Graphic:Rebuild(CanvasUpdate)
UnityEngine.UI.CanvasUpdateRegistry:PerformUpdate()
UnityEngine.SkinChangedDelegate:Invoke()
UnityEngine.Canvas:SendWillRenderCanvases()
 
(Filename: C:\buildslave\unity\build\Runtime/Export/Debug/Debug.bindings.h Line: 39)

SpriteAtlasManager.atlasRequested wasn't listened to while AxeFanaticBodyAnimData requested. 
(Filename:  Line: 251)

SpriteAtlasManager.atlasRequested wasn't listened to while AxeFanaticBodyAnimData requested. 
(Filename:  Line: 251)

Material Worldmap doesn't have _Stencil property
UnityEngine.DebugLogHandler:LogFormat(LogType, Object, String, Object[])
UnityEngine.Logger:Log(LogType, Object, Object)
UnityEngine.Debug:LogWarning(Object, Object)
UnityEngine.UI.StencilMaterial:Add(Material, Int32, StencilOp, CompareFunction, ColorWriteMask, Int32, Int32)
UnityEngine.UI.MaskableGraphic:GetModifiedMaterial(Material)
UnityEngine.UI.Graphic:get_materialForRendering()
UnityEngine.UI.Graphic:UpdateMaterial()
UnityEngine.UI.Graphic:Rebuild(CanvasUpdate)
UnityEngine.UI.CanvasUpdateRegistry:PerformUpdate()
UnityEngine.SkinChangedDelegate:Invoke()
UnityEngine.Canvas:SendWillRenderCanvases()
 
(Filename: C:\buildslave\unity\build\Runtime/Export/Debug/Debug.bindings.h Line: 39)

Material WorldMapFog doesn't have _Stencil property
UnityEngine.DebugLogHandler:LogFormat(LogType, Object, String, Object[])
UnityEngine.Logger:Log(LogType, Object, Object)
UnityEngine.Debug:LogWarning(Object, Object)
UnityEngine.UI.StencilMaterial:Add(Material, Int32, StencilOp, CompareFunction, ColorWriteMask, Int32, Int32)
UnityEngine.UI.MaskableGraphic:GetModifiedMaterial(Material)
UnityEngine.UI.Graphic:get_materialForRendering()
UnityEngine.UI.Graphic:UpdateMaterial()
UnityEngine.UI.Graphic:Rebuild(CanvasUpdate)
UnityEngine.UI.CanvasUpdateRegistry:PerformUpdate()
UnityEngine.SkinChangedDelegate:Invoke()
UnityEngine.Canvas:SendWillRenderCanvases()
 
(Filename: C:\buildslave\unity\build\Runtime/Export/Debug/Debug.bindings.h Line: 39)

SpriteAtlasManager.atlasRequested wasn't listened to while AxeFanaticBodyAnimData requested. 
(Filename:  Line: 251)

SpriteAtlasManager.atlasRequested wasn't listened to while AxeFanaticBodyAnimData requested. 
(Filename:  Line: 251)

SpriteAtlasManager.atlasRequested wasn't listened to while AxeFanaticBodyAnimData requested. 
(Filename:  Line: 251)

SpriteAtlasManager.atlasRequested wasn't listened to while AxeFanaticBodyAnimData requested. 
(Filename:  Line: 251)

SpriteAtlasManager.atlasRequested wasn't listened to while AxeFanaticBodyAnimData requested. 
(Filename:  Line: 251)

SpriteAtlasManager.atlasRequested wasn't listened to while AxeFanaticBodyAnimData requested. 
(Filename:  Line: 251)

SpriteAtlasManager.atlasRequested wasn't listened to while AxeFanaticBodyAnimData requested. 
(Filename:  Line: 251)

SpriteAtlasManager.atlasRequested wasn't listened to while AxeFanaticBodyAnimData requested. 
(Filename:  Line: 251)

SpriteAtlasManager.atlasRequested wasn't listened to while AxeFanaticBodyAnimData requested. 
(Filename:  Line: 251)

SpriteAtlasManager.atlasRequested wasn't listened to while AxeFanaticBodyAnimData requested. 
(Filename:  Line: 251)

SpriteAtlasManager.atlasRequested wasn't listened to while AxeFanaticBodyAnimData requested. 
(Filename:  Line: 251)

Material Worldmap doesn't have _Stencil property
UnityEngine.DebugLogHandler:LogFormat(LogType, Object, String, Object[])
UnityEngine.Logger:Log(LogType, Object, Object)
UnityEngine.Debug:LogWarning(Object, Object)
UnityEngine.UI.StencilMaterial:Add(Material, Int32, StencilOp, CompareFunction, ColorWriteMask, Int32, Int32)
UnityEngine.UI.MaskableGraphic:GetModifiedMaterial(Material)
UnityEngine.UI.Graphic:get_materialForRendering()
UnityEngine.UI.Graphic:UpdateMaterial()
UnityEngine.UI.Graphic:Rebuild(CanvasUpdate)
UnityEngine.UI.CanvasUpdateRegistry:PerformUpdate()
UnityEngine.SkinChangedDelegate:Invoke()
UnityEngine.Canvas:SendWillRenderCanvases()
 
(Filename: C:\buildslave\unity\build\Runtime/Export/Debug/Debug.bindings.h Line: 39)

Material WorldMapFog doesn't have _Stencil property
UnityEngine.DebugLogHandler:LogFormat(LogType, Object, String, Object[])
UnityEngine.Logger:Log(LogType, Object, Object)
UnityEngine.Debug:LogWarning(Object, Object)
UnityEngine.UI.StencilMaterial:Add(Material, Int32, StencilOp, CompareFunction, ColorWriteMask, Int32, Int32)
UnityEngine.UI.MaskableGraphic:GetModifiedMaterial(Material)
UnityEngine.UI.Graphic:get_materialForRendering()
UnityEngine.UI.Graphic:UpdateMaterial()
UnityEngine.UI.Graphic:Rebuild(CanvasUpdate)
UnityEngine.UI.CanvasUpdateRegistry:PerformUpdate()
UnityEngine.SkinChangedDelegate:Invoke()
UnityEngine.Canvas:SendWillRenderCanvases()
 
(Filename: C:\buildslave\unity\build\Runtime/Export/Debug/Debug.bindings.h Line: 39)

SpriteAtlasManager.atlasRequested wasn't listened to while AxeFanaticBodyAnimData requested. 
(Filename:  Line: 251)

SpriteAtlasManager.atlasRequested wasn't listened to while AxeFanaticBodyAnimData requested. 
(Filename:  Line: 251)

Material Worldmap doesn't have _Stencil property
UnityEngine.DebugLogHandler:LogFormat(LogType, Object, String, Object[])
UnityEngine.Logger:Log(LogType, Object, Object)
UnityEngine.Debug:LogWarning(Object, Object)
UnityEngine.UI.StencilMaterial:Add(Material, Int32, StencilOp, CompareFunction, ColorWriteMask, Int32, Int32)
UnityEngine.UI.MaskableGraphic:GetModifiedMaterial(Material)
UnityEngine.UI.Graphic:get_materialForRendering()
UnityEngine.UI.Graphic:UpdateMaterial()
UnityEngine.UI.Graphic:Rebuild(CanvasUpdate)
UnityEngine.UI.CanvasUpdateRegistry:PerformUpdate()
UnityEngine.SkinChangedDelegate:Invoke()
UnityEngine.Canvas:SendWillRenderCanvases()
 
(Filename: C:\buildslave\unity\build\Runtime/Export/Debug/Debug.bindings.h Line: 39)

Material WorldMapFog doesn't have _Stencil property
UnityEngine.DebugLogHandler:LogFormat(LogType, Object, String, Object[])
UnityEngine.Logger:Log(LogType, Object, Object)
UnityEngine.Debug:LogWarning(Object, Object)
UnityEngine.UI.StencilMaterial:Add(Material, Int32, StencilOp, CompareFunction, ColorWriteMask, Int32, Int32)
UnityEngine.UI.MaskableGraphic:GetModifiedMaterial(Material)
UnityEngine.UI.Graphic:get_materialForRendering()
UnityEngine.UI.Graphic:UpdateMaterial()
UnityEngine.UI.Graphic:Rebuild(CanvasUpdate)
UnityEngine.UI.CanvasUpdateRegistry:PerformUpdate()
UnityEngine.SkinChangedDelegate:Invoke()
UnityEngine.Canvas:SendWillRenderCanvases()
 
(Filename: C:\buildslave\unity\build\Runtime/Export/Debug/Debug.bindings.h Line: 39)

SpriteAtlasManager.atlasRequested wasn't listened to while AxeFanaticBodyAnimData requested. 
(Filename:  Line: 251)

SpriteAtlasManager.atlasRequested wasn't listened to while AxeFanaticBodyAnimData requested. 
(Filename:  Line: 251)

SpriteAtlasManager.atlasRequested wasn't listened to while AxeFanaticBodyAnimData requested. 
(Filename:  Line: 251)

SpriteAtlasManager.atlasRequested wasn't listened to while AxeFanaticBodyAnimData requested. 
(Filename:  Line: 251)

SpriteAtlasManager.atlasRequested wasn't listened to while AxeFanaticBodyAnimData requested. 
(Filename:  Line: 251)

Unloading 1 Unused Serialized files (Serialized files now loaded: 80)
UnloadTime: 2.291800 ms

Unloading 29179 unused Assets to reduce memory usage. Loaded Objects now: 159165.
Total: 744.565600 ms (FindLiveObjects: 16.496700 ms CreateObjectMapping: 20.037200 ms MarkObjects: 593.149600 ms  DeleteObjects: 114.881000 ms)

Unloading 1 Unused Serialized files (Serialized files now loaded: 80)
UnloadTime: 2.698200 ms

Unloading 1 unused Assets to reduce memory usage. Loaded Objects now: 159175.
Total: 690.324300 ms (FindLiveObjects: 17.379800 ms CreateObjectMapping: 14.133500 ms MarkObjects: 658.527300 ms  DeleteObjects: 0.282600 ms)

ZXZX: CreateGenerationCosmeticState.OnStart - Initialised(False) Initialising(False)
UnityEngine.DebugLogHandler:LogFormat(LogType, Object, String, Object[])
UnityEngine.Logger:Log(LogType, Object)
UnityEngine.Debug:Log(Object)
CreateGenerationCosmeticsState:OnStart(Single, Type)
GameContext:Update()
TheEntireGameState:UpdateState(Single)
FrameworkContext:Update()
 
(Filename: C:\buildslave\unity\build\Runtime/Export/Debug/Debug.bindings.h Line: 39)

ZXZX: CreateGenerationCosmeticState.OnStart - Initialised(False) Initialising(True)
UnityEngine.DebugLogHandler:LogFormat(LogType, Object, String, Object[])
UnityEngine.Logger:Log(LogType, Object)
UnityEngine.Debug:Log(Object)
CreateGenerationCosmeticsState:OnStart(Single, Type)
GameContext:Update()
TheEntireGameState:UpdateState(Single)
FrameworkContext:Update()
 
(Filename: C:\buildslave\unity\build\Runtime/Export/Debug/Debug.bindings.h Line: 39)

ZXZX: CreateGenerationCosmeticState.OnStart - Initialised(False) Initialising(True)
UnityEngine.DebugLogHandler:LogFormat(LogType, Object, String, Object[])
UnityEngine.Logger:Log(LogType, Object)
UnityEngine.Debug:Log(Object)
CreateGenerationCosmeticsState:OnStart(Single, Type)
GameContext:Update()
TheEntireGameState:UpdateState(Single)
FrameworkContext:Update()
 
(Filename: C:\buildslave\unity\build\Runtime/Export/Debug/Debug.bindings.h Line: 39)

ZXZX: CreateGenerationCosmeticState.OnStart - Initialised(False) Initialising(True)
UnityEngine.DebugLogHandler:LogFormat(LogType, Object, String, Object[])
UnityEngine.Logger:Log(LogType, Object)
UnityEngine.Debug:Log(Object)
CreateGenerationCosmeticsState:OnStart(Single, Type)
GameContext:Update()
TheEntireGameState:UpdateState(Single)
FrameworkContext:Update()
 
(Filename: C:\buildslave\unity\build\Runtime/Export/Debug/Debug.bindings.h Line: 39)

ZXZX: CreateGenerationCosmeticState.OnStart - Initialised(False) Initialising(True)
UnityEngine.DebugLogHandler:LogFormat(LogType, Object, String, Object[])
UnityEngine.Logger:Log(LogType, Object)
UnityEngine.Debug:Log(Object)
CreateGenerationCosmeticsState:OnStart(Single, Type)
GameContext:Update()
TheEntireGameState:UpdateState(Single)
FrameworkContext:Update()
 
(Filename: C:\buildslave\unity\build\Runtime/Export/Debug/Debug.bindings.h Line: 39)

ZXZX: CreateGenerationCosmeticState.OnStart - Initialised(False) Initialising(True)
UnityEngine.DebugLogHandler:LogFormat(LogType, Object, String, Object[])
UnityEngine.Logger:Log(LogType, Object)
UnityEngine.Debug:Log(Object)
CreateGenerationCosmeticsState:OnStart(Single, Type)
GameContext:Update()
TheEntireGameState:UpdateState(Single)
FrameworkContext:Update()
 
(Filename: C:\buildslave\unity\build\Runtime/Export/Debug/Debug.bindings.h Line: 39)

ZXZX: CreateGenerationCosmeticState.OnStart - Initialised(False) Initialising(True)
UnityEngine.DebugLogHandler:LogFormat(LogType, Object, String, Object[])
UnityEngine.Logger:Log(LogType, Object)
UnityEngine.Debug:Log(Object)
CreateGenerationCosmeticsState:OnStart(Single, Type)
GameContext:Update()
TheEntireGameState:UpdateState(Single)
FrameworkContext:Update()
 
(Filename: C:\buildslave\unity\build\Runtime/Export/Debug/Debug.bindings.h Line: 39)

ZXZX: CreateGenerationCosmeticState.OnStart - Initialised(False) Initialising(True)
UnityEngine.DebugLogHandler:LogFormat(LogType, Object, String, Object[])
UnityEngine.Logger:Log(LogType, Object)
UnityEngine.Debug:Log(Object)
CreateGenerationCosmeticsState:OnStart(Single, Type)
GameContext:Update()
TheEntireGameState:UpdateState(Single)
FrameworkContext:Update()
 
(Filename: C:\buildslave\unity\build\Runtime/Export/Debug/Debug.bindings.h Line: 39)

ZXZX: CreateGenerationCosmeticState.OnStart - Initialised(False) Initialising(True)
UnityEngine.DebugLogHandler:LogFormat(LogType, Object, String, Object[])
UnityEngine.Logger:Log(LogType, Object)
UnityEngine.Debug:Log(Object)
CreateGenerationCosmeticsState:OnStart(Single, Type)
GameContext:Update()
TheEntireGameState:UpdateState(Single)
FrameworkContext:Update()
 
(Filename: C:\buildslave\unity\build\Runtime/Export/Debug/Debug.bindings.h Line: 39)

ZXZX: CreateGenerationCosmeticState.OnStart - Initialised(False) Initialising(True)
UnityEngine.DebugLogHandler:LogFormat(LogType, Object, String, Object[])
UnityEngine.Logger:Log(LogType, Object)
UnityEngine.Debug:Log(Object)
CreateGenerationCosmeticsState:OnStart(Single, Type)
GameContext:Update()
TheEntireGameState:UpdateState(Single)
FrameworkContext:Update()
 
(Filename: C:\buildslave\unity\build\Runtime/Export/Debug/Debug.bindings.h Line: 39)

ZXZX: CreateGenerationCosmeticState.OnStart - Initialised(False) Initialising(True)
UnityEngine.DebugLogHandler:LogFormat(LogType, Object, String, Object[])
UnityEngine.Logger:Log(LogType, Object)
UnityEngine.Debug:Log(Object)
CreateGenerationCosmeticsState:OnStart(Single, Type)
GameContext:Update()
TheEntireGameState:UpdateState(Single)
FrameworkContext:Update()
 
(Filename: C:\buildslave\unity\build\Runtime/Export/Debug/Debug.bindings.h Line: 39)

ZXZX: CreateGenerationCosmeticState.OnStart - Initialised(True) Initialising(False)
UnityEngine.DebugLogHandler:LogFormat(LogType, Object, String, Object[])
UnityEngine.Logger:Log(LogType, Object)
UnityEngine.Debug:Log(Object)
CreateGenerationCosmeticsState:OnStart(Single, Type)
GameContext:Update()
TheEntireGameState:UpdateState(Single)
FrameworkContext:Update()
 
(Filename: C:\buildslave\unity\build\Runtime/Export/Debug/Debug.bindings.h Line: 39)

Internal: JobTempAlloc has allocations that are more than 4 frames old - this is not allowed and likely a leak 
(Filename:  Line: 554)

Internal: deleting an allocation that is older than its permitted lifetime of 4 frames (age = 6) 
(Filename:  Line: 310)

Internal: deleting an allocation that is older than its permitted lifetime of 4 frames (age = 6) 
(Filename:  Line: 310)

Internal: deleting an allocation that is older than its permitted lifetime of 4 frames (age = 6) 
(Filename:  Line: 310)

Internal: deleting an allocation that is older than its permitted lifetime of 4 frames (age = 6) 
(Filename:  Line: 310)

Internal: deleting an allocation that is older than its permitted lifetime of 4 frames (age = 6) 
(Filename:  Line: 310)

Internal: deleting an allocation that is older than its permitted lifetime of 4 frames (age = 6) 
(Filename:  Line: 310)

Internal: deleting an allocation that is older than its permitted lifetime of 4 frames (age = 6) 
(Filename:  Line: 310)

Internal: deleting an allocation that is older than its permitted lifetime of 4 frames (age = 8) 
(Filename:  Line: 310)

Internal: deleting an allocation that is older than its permitted lifetime of 4 frames (age = 8) 
(Filename:  Line: 310)

Internal: JobTempAlloc has allocations that are more than 4 frames old - this is not allowed and likely a leak 
(Filename:  Line: 554)

Internal: deleting an allocation that is older than its permitted lifetime of 4 frames (age = 8) 
(Filename:  Line: 310)

Internal: deleting an allocation that is older than its permitted lifetime of 4 frames (age = 8) 
(Filename:  Line: 310)

Internal: deleting an allocation that is older than its permitted lifetime of 4 frames (age = 8) 
(Filename:  Line: 310)

Internal: deleting an allocation that is older than its permitted lifetime of 4 frames (age = 9) 
(Filename:  Line: 310)

Unloading 0 Unused Serialized files (Serialized files now loaded: 78)

Unloading 1 unused Assets to reduce memory usage. Loaded Objects now: 159177.
Total: 531.657700 ms (FindLiveObjects: 11.431300 ms CreateObjectMapping: 10.843200 ms MarkObjects: 509.193200 ms  DeleteObjects: 0.189000 ms)

SpriteAtlasManager.atlasRequested wasn't listened to while AxeFanaticBodyAnimData requested. 
(Filename:  Line: 251)

SpriteAtlasManager.atlasRequested wasn't listened to while AxeFanaticBodyAnimData requested. 
(Filename:  Line: 251)

SpriteAtlasManager.atlasRequested wasn't listened to while AxeFanaticBodyAnimData requested. 
(Filename:  Line: 251)

SpriteAtlasManager.atlasRequested wasn't listened to while AxeFanaticBodyAnimData requested. 
(Filename:  Line: 251)

Callback unregistered Steamworks.DlcInstalled_t
UnityEngine.DebugLogHandler:LogFormat(LogType, Object, String, Object[])
UnityEngine.Logger:Log(LogType, Object)
UnityEngine.Debug:Log(Object)
Steamworks.CallbackHub`1:UnregisterCallback(DispatchDelegate)
DLC.DLCPlatform_Steam:CleanUpPlatform()
DLC.DLCPlatformCommon:CleanUp()
DLCService:OnDestroy()
 
(Filename: C:\buildslave\unity\build\Runtime/Export/Debug/Debug.bindings.h Line: 39)

NullReferenceException: Object reference not set to an instance of an object.
  at CosmeticPlayerHUD.OnDestroyEntity (Entity+DestructType destructType, Entity& entity) [0x00000] in <00000000000000000000000000000000>:0 
  at EntityManager.DestroyAllEntities () [0x00000] in <00000000000000000000000000000000>:0 
  at EntityManager.OnDestroy () [0x00000] in <00000000000000000000000000000000>:0 
  at GameWorld.OnDestroy () [0x00000] in <00000000000000000000000000000000>:0 
  at BootServices.OnDestroy () [0x00000] in <00000000000000000000000000000000>:0 
 
(Filename: currently not available on il2cpp Line: -1)

