Mono path[0] = 'X:/.local/share/partydeck/gamesyms/dinkumblckink/Dinkum_Data/Managed'
Mono config path = 'X:/.local/share/partydeck/gamesyms/dinkumblckink/MonoBleedingEdge/etc'
Initialize engine version: 2020.3.48f1 (b805b124c6b7)
[Subsystems] Discovering subsystems at path X:/.local/share/partydeck/gamesyms/dinkumblckink/Dinkum_Data/UnitySubsystems
GfxDevice: creating device client; threaded=1
Direct3D:
    Version:  Direct3D 11.0 [level 11.1]
    Renderer: AMD Custom GPU 0405 (RADV VANGOGH) (ID=0x163f)
    Vendor:   
    VRAM:     6144 MB
    Driver:   31.0.21902.5
Begin MonoManager ReloadAssembly
- Completed reload, in  0.237 seconds
D3D11 device created for Microsoft Media Foundation video decoding.
<RI> Initializing input.
New input system (experimental) initialized
Using XInput
<RI> Input initialized.
<RI> Initialized touch support.
Couldn't create a Convex Mesh from source mesh "SnowBall_Half" within the maximum polygons limit (256). The partial hull will be used. Consider simplifying your mesh.
Couldn't create a Convex Mesh from source mesh "SnowBall_OtherHalf" within the maximum polygons limit (256). The partial hull will be used. Consider simplifying your mesh.
UnloadTime: 3.576400 ms
NullReferenceException: Object reference not set to an instance of an object
  at WindowAnimator+<AnimateOpen>d__18.MoveNext () [0x0040b] in <3108b7117e084879890fa70dedd0b61b>:0 
  at UnityEngine.SetupCoroutine.InvokeMoveNext (System.Collections.IEnumerator enumerator, System.IntPtr returnValueAddress) [0x00026] in <4fae2288737c4dfda349689bbefabfcc>:0 
UnityEngine.MonoBehaviour:StartCoroutineManaged2(IEnumerator)
UnityEngine.MonoBehaviour:StartCoroutine(IEnumerator)
WindowAnimator:OnEnable()

STEAM - Joining LobbyID 109775242926259588
STEAM - Leaving Previous lobby
STEAM - Leaving lobby 0
STEAM - Disconnected
STEAM - OnLobbyEntered
Starting client [SteamSockets], target address 76561198073488212.
Connection established.
NullReferenceException: Object reference not set to an instance of an object
  at CameraController+<playAmbientSounds>d__125.MoveNext () [0x00338] in <3108b7117e084879890fa70dedd0b61b>:0 
  at UnityEngine.SetupCoroutine.InvokeMoveNext (System.Collections.IEnumerator enumerator, System.IntPtr returnValueAddress) [0x00026] in <4fae2288737c4dfda349689bbefabfcc>:0 

Only custom filters can be played. Please add a custom filter or an audioclip to the audiosource (VoiceChatSource).
Only custom filters can be played. Please add a custom filter or an audioclip to the audiosource (VoiceChatSource).
NullReferenceException: Object reference not set to an instance of an object
  at StopLightStack.Awake () [0x00000] in <3108b7117e084879890fa70dedd0b61b>:0 
UnityEngine.Object:Internal_InstantiateSingle_Injected(Object, Vector3&, Quaternion&)
UnityEngine.Object:Internal_InstantiateSingle(Object, Vector3, Quaternion)
UnityEngine.Object:Instantiate(Object, Vector3, Quaternion)
UnityEngine.Object:Instantiate(GameObject, Vector3, Quaternion)
WorldManager:getTileObject(Int32, Int32, Int32)
Tile:checkOnTileObject()
Tile:tileRefresh()
Tile:refreshTile(Int32, Int32)
Chunk:refreshChunk(Boolean)
WorldManager:refreshAllChunksInUse(Int32, Int32, Boolean)
ChunkUpdateDelay:checkAllAndRefreshTileIfNeeded()
ChunkUpdateDelay:serverSetUp(Boolean, Boolean, Boolean, Boolean)
NetworkMapSharer:UserCode_TargetRefreshChunkAfterSent(NetworkConnection, Int32, Int32, Boolean, Boolean, Boolean, Boolean)
NetworkMapSharer:InvokeUserCode_TargetRefreshChunkAfterSent(NetworkBehaviour, NetworkReader, NetworkConnectionToClient)
Mirror.RemoteCalls.RemoteCallHelper:InvokeHandlerDelegate(Int32, MirrorInvokeType, NetworkReader, NetworkBehaviour, NetworkConnectionToClient)
Mirror.NetworkIdentity:HandleRemoteCall(Int32, Int32, MirrorInvokeType, NetworkReader, NetworkConnectionToClient)
Mirror.NetworkClient:OnRPCMessage(RpcMessage)
Mirror.<>c__DisplayClass51_0`1:<RegisterHandler>g__HandlerWrapped|0(NetworkConnection, RpcMessage)
Mirror.<>c__DisplayClass6_0`2:<WrapHandler>b__0(NetworkConnection, NetworkReader, Int32)
Mirror.NetworkClient:UnpackAndInvoke(NetworkReader, Int32)
Mirror.NetworkClient:OnTransportData(ArraySegment`1, Int32)
Mirror.FizzySteam.<>c__DisplayClass25_0:<CreateClient>b__2(Byte[], Int32)
Mirror.FizzySteam.NextClient:ReceiveData()
Mirror.FizzySteam.FizzySteamworks:ClientEarlyUpdate()
Mirror.NetworkClient:NetworkEarlyUpdate()
Mirror.NetworkLoop:NetworkEarlyUpdate()

NullReferenceException: Object reference not set to an instance of an object
  at StopLightStack.Awake () [0x00000] in <3108b7117e084879890fa70dedd0b61b>:0 
UnityEngine.Object:Internal_InstantiateSingle_Injected(Object, Vector3&, Quaternion&)
UnityEngine.Object:Internal_InstantiateSingle(Object, Vector3, Quaternion)
UnityEngine.Object:Instantiate(Object, Vector3, Quaternion)
UnityEngine.Object:Instantiate(GameObject, Vector3, Quaternion)
WorldManager:getTileObject(Int32, Int32, Int32)
Tile:checkOnTileObject()
Tile:tileRefresh()
Tile:refreshTile(Int32, Int32)
Chunk:refreshChunk(Boolean)
WorldManager:refreshAllChunksInUse(Int32, Int32, Boolean)
ChunkUpdateDelay:checkAllAndRefreshTileIfNeeded()
ChunkUpdateDelay:serverSetUp(Boolean, Boolean, Boolean, Boolean)
NetworkMapSharer:UserCode_TargetRefreshChunkAfterSent(NetworkConnection, Int32, Int32, Boolean, Boolean, Boolean, Boolean)
NetworkMapSharer:InvokeUserCode_TargetRefreshChunkAfterSent(NetworkBehaviour, NetworkReader, NetworkConnectionToClient)
Mirror.RemoteCalls.RemoteCallHelper:InvokeHandlerDelegate(Int32, MirrorInvokeType, NetworkReader, NetworkBehaviour, NetworkConnectionToClient)
Mirror.NetworkIdentity:HandleRemoteCall(Int32, Int32, MirrorInvokeType, NetworkReader, NetworkConnectionToClient)
Mirror.NetworkClient:OnRPCMessage(RpcMessage)
Mirror.<>c__DisplayClass51_0`1:<RegisterHandler>g__HandlerWrapped|0(NetworkConnection, RpcMessage)
Mirror.<>c__DisplayClass6_0`2:<WrapHandler>b__0(NetworkConnection, NetworkReader, Int32)
Mirror.NetworkClient:UnpackAndInvoke(NetworkReader, Int32)
Mirror.NetworkClient:OnTransportData(ArraySegment`1, Int32)
Mirror.FizzySteam.<>c__DisplayClass25_0:<CreateClient>b__2(Byte[], Int32)
Mirror.FizzySteam.NextClient:ReceiveData()
Mirror.FizzySteam.FizzySteamworks:ClientEarlyUpdate()
Mirror.NetworkClient:NetworkEarlyUpdate()
Mirror.NetworkLoop:NetworkEarlyUpdate()

NullReferenceException
  at (wrapper managed-to-native) UnityEngine.Component.get_transform(UnityEngine.Component)
  at ConversationManager+<SelectPlayerOptionByKeys>d__58.MoveNext () [0x001a2] in <3108b7117e084879890fa70dedd0b61b>:0 
  at UnityEngine.SetupCoroutine.InvokeMoveNext (System.Collections.IEnumerator enumerator, System.IntPtr returnValueAddress) [0x00026] in <4fae2288737c4dfda349689bbefabfcc>:0 

Setting desired fog to 10 because rain or fog is on
Rain on = True
Fog on = False
Setting desired fog to 10 because rain or fog is on
Rain on = True
Fog on = False
RenderTexture's (512 x 512) anti-aliasing changed from 3 to 2 due hardware limitations.
RenderTexture's (512 x 512) anti-aliasing changed from 3 to 2 due hardware limitations.
NullReferenceException
  at (wrapper managed-to-native) UnityEngine.Component.get_transform(UnityEngine.Component)
  at NPCChatBubble.tryAndTalk (System.String text, System.Single waitTime, System.Boolean overrideOldBubble) [0x00000] in <3108b7117e084879890fa70dedd0b61b>:0 
  at NpcBubbleTalk+<startRandomConvo>d__18.MoveNext () [0x00185] in <3108b7117e084879890fa70dedd0b61b>:0 
  at UnityEngine.SetupCoroutine.InvokeMoveNext (System.Collections.IEnumerator enumerator, System.IntPtr returnValueAddress) [0x00026] in <4fae2288737c4dfda349689bbefabfcc>:0 

NullReferenceException
  at (wrapper managed-to-native) UnityEngine.Component.get_transform(UnityEngine.Component)
  at NPCChatBubble.tryAndTalk (System.String text, System.Single waitTime, System.Boolean overrideOldBubble) [0x00000] in <3108b7117e084879890fa70dedd0b61b>:0 
  at NpcBubbleTalk+<startRandomConvo>d__18.MoveNext () [0x00185] in <3108b7117e084879890fa70dedd0b61b>:0 
  at UnityEngine.SetupCoroutine.InvokeMoveNext (System.Collections.IEnumerator enumerator, System.IntPtr returnValueAddress) [0x00026] in <4fae2288737c4dfda349689bbefabfcc>:0 

RenderTexture's (512 x 512) anti-aliasing changed from 3 to 2 due hardware limitations.
RenderTexture's (512 x 512) anti-aliasing changed from 3 to 2 due hardware limitations.
True
False
True
False
True
False
True
False
True
False
NullReferenceException
  at (wrapper managed-to-native) UnityEngine.Component.get_transform(UnityEngine.Component)
  at ConversationManager+<SelectPlayerOptionByKeys>d__58.MoveNext () [0x00408] in <3108b7117e084879890fa70dedd0b61b>:0 
  at UnityEngine.SetupCoroutine.InvokeMoveNext (System.Collections.IEnumerator enumerator, System.IntPtr returnValueAddress) [0x00026] in <4fae2288737c4dfda349689bbefabfcc>:0 

NullReferenceException: Object reference not set to an instance of an object
  at TileObject.damage (System.Boolean damageWithSound, System.Boolean damageParticleOn) [0x0001f] in <3108b7117e084879890fa70dedd0b61b>:0 
  at WobbleWhenTouched.OnTriggerEnter (UnityEngine.Collider other) [0x0006b] in <3108b7117e084879890fa70dedd0b61b>:0 

NullReferenceException: Object reference not set to an instance of an object
  at TileObject.damage (System.Boolean damageWithSound, System.Boolean damageParticleOn) [0x0001f] in <3108b7117e084879890fa70dedd0b61b>:0 
  at WobbleWhenTouched.OnTriggerEnter (UnityEngine.Collider other) [0x0006b] in <3108b7117e084879890fa70dedd0b61b>:0 

False
False
False
False
RenderTexture's (512 x 512) anti-aliasing changed from 3 to 2 due hardware limitations.
RenderTexture's (512 x 512) anti-aliasing changed from 3 to 2 due hardware limitations.
NullReferenceException
  at (wrapper managed-to-native) UnityEngine.Component.get_transform(UnityEngine.Component)
  at ConversationManager+<SelectPlayerOptionByKeys>d__58.MoveNext () [0x00408] in <3108b7117e084879890fa70dedd0b61b>:0 
  at UnityEngine.SetupCoroutine.InvokeMoveNext (System.Collections.IEnumerator enumerator, System.IntPtr returnValueAddress) [0x00026] in <4fae2288737c4dfda349689bbefabfcc>:0 

NullReferenceException
  at (wrapper managed-to-native) UnityEngine.Component.get_transform(UnityEngine.Component)
  at ConversationManager+<SelectPlayerOptionByKeys>d__58.MoveNext () [0x00408] in <3108b7117e084879890fa70dedd0b61b>:0 
  at UnityEngine.SetupCoroutine.InvokeMoveNext (System.Collections.IEnumerator enumerator, System.IntPtr returnValueAddress) [0x00026] in <4fae2288737c4dfda349689bbefabfcc>:0 

True
True
False
False
False
False
False
False
False
False
False
False
False
False
False
False
False
False
False
False
False
False
False
False
False
False
False
False
False
False
False
False
False
False
False
False
False
False
False
False
False
False
False
False
False
False
False
False
False
False
False
False
False
False
False
False
False
False
False
False
False
False
False
False
NullReferenceException
  at (wrapper managed-to-native) UnityEngine.Component.get_transform(UnityEngine.Component)
  at NPCChatBubble.tryAndTalk (System.String text, System.Single waitTime, System.Boolean overrideOldBubble) [0x00000] in <3108b7117e084879890fa70dedd0b61b>:0 
  at NpcBubbleTalk+<startRandomConvo>d__18.MoveNext () [0x00185] in <3108b7117e084879890fa70dedd0b61b>:0 
  at UnityEngine.SetupCoroutine.InvokeMoveNext (System.Collections.IEnumerator enumerator, System.IntPtr returnValueAddress) [0x00026] in <4fae2288737c4dfda349689bbefabfcc>:0 

NullReferenceException
  at (wrapper managed-to-native) UnityEngine.Component.get_transform(UnityEngine.Component)
  at ConversationManager+<SelectPlayerOptionByKeys>d__58.MoveNext () [0x00617] in <3108b7117e084879890fa70dedd0b61b>:0 
  at UnityEngine.SetupCoroutine.InvokeMoveNext (System.Collections.IEnumerator enumerator, System.IntPtr returnValueAddress) [0x00026] in <4fae2288737c4dfda349689bbefabfcc>:0 

OnDeserialize failed Exception=System.NullReferenceException (see below) object=NPC_Prefab(Clone) component=NPCAI sceneId=0 length=24. Possible Reasons:
  * Do NPCAI's OnSerialize and OnDeserialize calls write the same amount of data(24 bytes)? 
  * Was there an exception in NPCAI's OnSerialize/OnDeserialize code?
  * Are the server and client the exact same project?
  * Maybe this OnDeserialize call was meant for another GameObject? The sceneIds can easily get out of sync if the Hierarchy was modified only in the client OR the server. Try rebuilding both.

Exception System.NullReferenceException: Object reference not set to an instance of an object
  at NPCAI.onFollowChange (System.UInt32 oldFollow, System.UInt32 newFollowId) [0x00096] in <3108b7117e084879890fa70dedd0b61b>:0 
  at NPCAI.DeserializeSyncVars (Mirror.NetworkReader reader, System.Boolean initialState) [0x00153] in <3108b7117e084879890fa70dedd0b61b>:0 
  at Mirror.NetworkBehaviour.OnDeserialize (Mirror.NetworkReader reader, System.Boolean initialState) [0x00013] in <9f58c012ba2d48efbef0768d43ad4bc1>:0 
  at Mirror.NetworkIdentity.OnDeserializeSafely (Mirror.NetworkBehaviour comp, Mirror.NetworkReader reader, System.Boolean initialState) [0x00017] in <9f58c012ba2d48efbef0768d43ad4bc1>:0 
NullReferenceException
  at (wrapper managed-to-native) UnityEngine.Component.get_transform(UnityEngine.Component)
  at ConversationManager+<SelectPlayerOptionByKeys>d__58.MoveNext () [0x00408] in <3108b7117e084879890fa70dedd0b61b>:0 
  at UnityEngine.SetupCoroutine.InvokeMoveNext (System.Collections.IEnumerator enumerator, System.IntPtr returnValueAddress) [0x00026] in <4fae2288737c4dfda349689bbefabfcc>:0 

OnDeserialize failed Exception=System.NullReferenceException (see below) object=NPC_Prefab(Clone) component=NPCAI sceneId=0 length=24. Possible Reasons:
  * Do NPCAI's OnSerialize and OnDeserialize calls write the same amount of data(24 bytes)? 
  * Was there an exception in NPCAI's OnSerialize/OnDeserialize code?
  * Are the server and client the exact same project?
  * Maybe this OnDeserialize call was meant for another GameObject? The sceneIds can easily get out of sync if the Hierarchy was modified only in the client OR the server. Try rebuilding both.

Exception System.NullReferenceException: Object reference not set to an instance of an object
  at NPCAI.onFollowChange (System.UInt32 oldFollow, System.UInt32 newFollowId) [0x000ee] in <3108b7117e084879890fa70dedd0b61b>:0 
  at NPCAI.DeserializeSyncVars (Mirror.NetworkReader reader, System.Boolean initialState) [0x00153] in <3108b7117e084879890fa70dedd0b61b>:0 
  at Mirror.NetworkBehaviour.OnDeserialize (Mirror.NetworkReader reader, System.Boolean initialState) [0x00013] in <9f58c012ba2d48efbef0768d43ad4bc1>:0 
  at Mirror.NetworkIdentity.OnDeserializeSafely (Mirror.NetworkBehaviour comp, Mirror.NetworkReader reader, System.Boolean initialState) [0x00017] in <9f58c012ba2d48efbef0768d43ad4bc1>:0 
NullReferenceException: Object reference not set to an instance of an object
  at TileObject.damage (System.Boolean damageWithSound, System.Boolean damageParticleOn) [0x0001f] in <3108b7117e084879890fa70dedd0b61b>:0 
  at WobbleWhenTouched.OnTriggerEnter (UnityEngine.Collider other) [0x0006b] in <3108b7117e084879890fa70dedd0b61b>:0 

RenderTexture's (512 x 512) anti-aliasing changed from 3 to 2 due hardware limitations.
RenderTexture's (512 x 512) anti-aliasing changed from 3 to 2 due hardware limitations.
NullReferenceException
  at (wrapper managed-to-native) UnityEngine.Component.get_transform(UnityEngine.Component)
  at ConversationManager+<SelectPlayerOptionByKeys>d__58.MoveNext () [0x00408] in <3108b7117e084879890fa70dedd0b61b>:0 
  at UnityEngine.SetupCoroutine.InvokeMoveNext (System.Collections.IEnumerator enumerator, System.IntPtr returnValueAddress) [0x00026] in <4fae2288737c4dfda349689bbefabfcc>:0 

RenderTexture's (512 x 512) anti-aliasing changed from 3 to 2 due hardware limitations.
RenderTexture's (512 x 512) anti-aliasing changed from 3 to 2 due hardware limitations.
NullReferenceException: Object reference not set to an instance of an object
  at TileObject.damage (System.Boolean damageWithSound, System.Boolean damageParticleOn) [0x0001f] in <3108b7117e084879890fa70dedd0b61b>:0 
  at WobbleWhenTouched.OnTriggerEnter (UnityEngine.Collider other) [0x0006b] in <3108b7117e084879890fa70dedd0b61b>:0 

RenderTexture's (512 x 512) anti-aliasing changed from 3 to 2 due hardware limitations.
RenderTexture's (512 x 512) anti-aliasing changed from 3 to 2 due hardware limitations.
False
False
False
False
False
False
False
False
False
False
False
False
False
False
False
False
False
False
True
True
True
True
True
True
NullReferenceException
  at (wrapper managed-to-native) UnityEngine.Component.get_transform(UnityEngine.Component)
  at ConversationManager+<SelectPlayerOptionByKeys>d__58.MoveNext () [0x00617] in <3108b7117e084879890fa70dedd0b61b>:0 
  at UnityEngine.SetupCoroutine.InvokeMoveNext (System.Collections.IEnumerator enumerator, System.IntPtr returnValueAddress) [0x00026] in <4fae2288737c4dfda349689bbefabfcc>:0 

NullReferenceException: Object reference not set to an instance of an object
  at TileObject.damage (System.Boolean damageWithSound, System.Boolean damageParticleOn) [0x0001f] in <3108b7117e084879890fa70dedd0b61b>:0 
  at WobbleWhenTouched.OnTriggerEnter (UnityEngine.Collider other) [0x0006b] in <3108b7117e084879890fa70dedd0b61b>:0 

NullReferenceException: Object reference not set to an instance of an object
  at TileObject.damage (System.Boolean damageWithSound, System.Boolean damageParticleOn) [0x0001f] in <3108b7117e084879890fa70dedd0b61b>:0 
  at WobbleWhenTouched.OnTriggerEnter (UnityEngine.Collider other) [0x0006b] in <3108b7117e084879890fa70dedd0b61b>:0 

NullReferenceException: Object reference not set to an instance of an object
  at TileObject.damage (System.Boolean damageWithSound, System.Boolean damageParticleOn) [0x0001f] in <3108b7117e084879890fa70dedd0b61b>:0 
  at WobbleWhenTouched.OnTriggerEnter (UnityEngine.Collider other) [0x0006b] in <3108b7117e084879890fa70dedd0b61b>:0 

NullReferenceException: Object reference not set to an instance of an object
  at TileObject.damage (System.Boolean damageWithSound, System.Boolean damageParticleOn) [0x0001f] in <3108b7117e084879890fa70dedd0b61b>:0 
  at WobbleWhenTouched.OnTriggerEnter (UnityEngine.Collider other) [0x0006b] in <3108b7117e084879890fa70dedd0b61b>:0 

False
False
False
False
False
False
False
False
False
False
Can not play a disabled audio source
RenderTexture's (512 x 512) anti-aliasing changed from 3 to 2 due hardware limitations.
RenderTexture's (512 x 512) anti-aliasing changed from 3 to 2 due hardware limitations.
Can not play a disabled audio source
False
False
OnDeserialize failed Exception=System.NullReferenceException (see below) object=NPC_Prefab(Clone) component=NPCAI sceneId=0 length=9. Possible Reasons:
  * Do NPCAI's OnSerialize and OnDeserialize calls write the same amount of data(9 bytes)? 
  * Was there an exception in NPCAI's OnSerialize/OnDeserialize code?
  * Are the server and client the exact same project?
  * Maybe this OnDeserialize call was meant for another GameObject? The sceneIds can easily get out of sync if the Hierarchy was modified only in the client OR the server. Try rebuilding both.

Exception System.NullReferenceException: Object reference not set to an instance of an object
  at NPCAI.onFollowChange (System.UInt32 oldFollow, System.UInt32 newFollowId) [0x00096] in <3108b7117e084879890fa70dedd0b61b>:0 
  at NPCAI.DeserializeSyncVars (Mirror.NetworkReader reader, System.Boolean initialState) [0x00075] in <3108b7117e084879890fa70dedd0b61b>:0 
  at Mirror.NetworkBehaviour.OnDeserialize (Mirror.NetworkReader reader, System.Boolean initialState) [0x00013] in <9f58c012ba2d48efbef0768d43ad4bc1>:0 
  at Mirror.NetworkIdentity.OnDeserializeSafely (Mirror.NetworkBehaviour comp, Mirror.NetworkReader reader, System.Boolean initialState) [0x00017] in <9f58c012ba2d48efbef0768d43ad4bc1>:0 
OnDeserialize was expected to read 9 instead of 8 bytes for object:NPC_Prefab(Clone) component=NPCAI sceneId=0. Make sure that OnSerialize and OnDeserialize write/read the same amount of data in all cases.
OnDeserialize failed Exception=System.NullReferenceException (see below) object=NPC_Prefab(Clone) component=NPCAI sceneId=0 length=20. Possible Reasons:
  * Do NPCAI's OnSerialize and OnDeserialize calls write the same amount of data(20 bytes)? 
  * Was there an exception in NPCAI's OnSerialize/OnDeserialize code?
  * Are the server and client the exact same project?
  * Maybe this OnDeserialize call was meant for another GameObject? The sceneIds can easily get out of sync if the Hierarchy was modified only in the client OR the server. Try rebuilding both.

Exception System.NullReferenceException: Object reference not set to an instance of an object
  at NPCAI.onFollowChange (System.UInt32 oldFollow, System.UInt32 newFollowId) [0x000ee] in <3108b7117e084879890fa70dedd0b61b>:0 
  at NPCAI.DeserializeSyncVars (Mirror.NetworkReader reader, System.Boolean initialState) [0x00153] in <3108b7117e084879890fa70dedd0b61b>:0 
  at Mirror.NetworkBehaviour.OnDeserialize (Mirror.NetworkReader reader, System.Boolean initialState) [0x00013] in <9f58c012ba2d48efbef0768d43ad4bc1>:0 
  at Mirror.NetworkIdentity.OnDeserializeSafely (Mirror.NetworkBehaviour comp, Mirror.NetworkReader reader, System.Boolean initialState) [0x00017] in <9f58c012ba2d48efbef0768d43ad4bc1>:0 
RenderTexture's (512 x 512) anti-aliasing changed from 3 to 2 due hardware limitations.
RenderTexture's (512 x 512) anti-aliasing changed from 3 to 2 due hardware limitations.
NullReferenceException
  at (wrapper managed-to-native) UnityEngine.Component.get_transform(UnityEngine.Component)
  at ConversationManager+<SelectPlayerOptionByKeys>d__58.MoveNext () [0x001a2] in <3108b7117e084879890fa70dedd0b61b>:0 
  at UnityEngine.SetupCoroutine.InvokeMoveNext (System.Collections.IEnumerator enumerator, System.IntPtr returnValueAddress) [0x00026] in <4fae2288737c4dfda349689bbefabfcc>:0 

Disconnecting connId=0 to prevent exploits from an Exception in MessageHandler: NullReferenceException Object reference not set to an instance of an object
  at TownBell.RingBell () [0x00000] in <3108b7117e084879890fa70dedd0b61b>:0 
  at NetworkMapSharer.UserCode_RpcRingTownBell () [0x0003a] in <3108b7117e084879890fa70dedd0b61b>:0 
  at NetworkMapSharer.InvokeUserCode_RpcRingTownBell (Mirror.NetworkBehaviour obj, Mirror.NetworkReader reader, Mirror.NetworkConnectionToClient senderConnection) [0x00016] in <3108b7117e084879890fa70dedd0b61b>:0 
  at Mirror.RemoteCalls.RemoteCallHelper.InvokeHandlerDelegate (System.Int32 cmdHash, Mirror.MirrorInvokeType invokeType, Mirror.NetworkReader reader, Mirror.NetworkBehaviour invokingType, Mirror.NetworkConnectionToClient senderConnection) [0x00019] in <9f58c012ba2d48efbef0768d43ad4bc1>:0 
  at Mirror.NetworkIdentity.HandleRemoteCall (System.Int32 componentIndex, System.Int32 functionHash, Mirror.MirrorInvokeType invokeType, Mirror.NetworkReader reader, Mirror.NetworkConnectionToClient senderConnection) [0x00069] in <9f58c012ba2d48efbef0768d43ad4bc1>:0 
  at Mirror.NetworkClient.OnRPCMessage (Mirror.RpcMessage message) [0x00020] in <9f58c012ba2d48efbef0768d43ad4bc1>:0 
  at (wrapper delegate-invoke) System.Action`1[Mirror.RpcMessage].invoke_void_T(Mirror.RpcMessage)
  at Mirror.NetworkClient+<>c__DisplayClass51_0`1[T].<RegisterHandler>g__HandlerWrapped|0 (Mirror.NetworkConnection _, T value) [0x00000] in <9f58c012ba2d48efbef0768d43ad4bc1>:0 
  at Mirror.MessagePacking+<>c__DisplayClass6_0`2[T,C].<WrapHandler>b__0 (Mirror.NetworkConnection conn, Mirror.NetworkReader reader, System.Int32 channelId) [0x0007a] in <9f58c012ba2d48efbef0768d43ad4bc1>:0 
Can not play a disabled audio source
NullReferenceException: Object reference not set to an instance of an object
  at TileObject.damage (System.Boolean damageWithSound, System.Boolean damageParticleOn) [0x0001f] in <3108b7117e084879890fa70dedd0b61b>:0 
  at WobbleWhenTouched.OnTriggerEnter (UnityEngine.Collider other) [0x0006b] in <3108b7117e084879890fa70dedd0b61b>:0 

RenderTexture's (512 x 512) anti-aliasing changed from 3 to 2 due hardware limitations.
RenderTexture's (512 x 512) anti-aliasing changed from 3 to 2 due hardware limitations.
NullReferenceException
  at (wrapper managed-to-native) UnityEngine.Component.get_transform(UnityEngine.Component)
  at ConversationManager+<SelectPlayerOptionByKeys>d__58.MoveNext () [0x00408] in <3108b7117e084879890fa70dedd0b61b>:0 
  at UnityEngine.SetupCoroutine.InvokeMoveNext (System.Collections.IEnumerator enumerator, System.IntPtr returnValueAddress) [0x00026] in <4fae2288737c4dfda349689bbefabfcc>:0 

RenderTexture's (512 x 512) anti-aliasing changed from 3 to 2 due hardware limitations.
RenderTexture's (512 x 512) anti-aliasing changed from 3 to 2 due hardware limitations.
NullReferenceException: Object reference not set to an instance of an object
  at TileObject.damage (System.Boolean damageWithSound, System.Boolean damageParticleOn) [0x0001f] in <3108b7117e084879890fa70dedd0b61b>:0 
  at WobbleWhenTouched.OnTriggerEnter (UnityEngine.Collider other) [0x0006b] in <3108b7117e084879890fa70dedd0b61b>:0 

RenderTexture's (512 x 512) anti-aliasing changed from 3 to 2 due hardware limitations.
RenderTexture's (512 x 512) anti-aliasing changed from 3 to 2 due hardware limitations.
STEAM - Leaving lobby 109775242926259588
STEAM - Disconnected
Sending Disconnect message
Transport shut down - was client.
Setting up 4 worker threads for Enlighten.
  Thread -> id: 2c28 -> priority: 1 
  Thread -> id: 2c2c -> priority: 1 
  Thread -> id: 2c30 -> priority: 1 
  Thread -> id: 2c34 -> priority: 1 
NullReferenceException
  at (wrapper managed-to-native) UnityEngine.MonoBehaviour.IsObjectMonoBehaviour(UnityEngine.Object)
  at UnityEngine.MonoBehaviour.StartCoroutine (System.Collections.IEnumerator routine) [0x00014] in <4fae2288737c4dfda349689bbefabfcc>:0 
  at LightStackManager.DoALightCheckNextFrame (UnityEngine.Vector3 checkPosition, System.Single checkDistance) [0x00009] in <3108b7117e084879890fa70dedd0b61b>:0 
  at StopLightStack.OnDisable () [0x00010] in <3108b7117e084879890fa70dedd0b61b>:0 

NullReferenceException
  at (wrapper managed-to-native) UnityEngine.MonoBehaviour.IsObjectMonoBehaviour(UnityEngine.Object)
  at UnityEngine.MonoBehaviour.StartCoroutine (System.Collections.IEnumerator routine) [0x00014] in <4fae2288737c4dfda349689bbefabfcc>:0 
  at LightStackManager.DoALightCheckNextFrame (UnityEngine.Vector3 checkPosition, System.Single checkDistance) [0x00009] in <3108b7117e084879890fa70dedd0b61b>:0 
  at StopLightStack.OnDisable () [0x00010] in <3108b7117e084879890fa70dedd0b61b>:0 

NullReferenceException
  at (wrapper managed-to-native) UnityEngine.MonoBehaviour.IsObjectMonoBehaviour(UnityEngine.Object)
  at UnityEngine.MonoBehaviour.StartCoroutine (System.Collections.IEnumerator routine) [0x00014] in <4fae2288737c4dfda349689bbefabfcc>:0 
  at LightStackManager.DoALightCheckNextFrame (UnityEngine.Vector3 checkPosition, System.Single checkDistance) [0x00009] in <3108b7117e084879890fa70dedd0b61b>:0 
  at StopLightStack.OnDisable () [0x00010] in <3108b7117e084879890fa70dedd0b61b>:0 

NullReferenceException
  at (wrapper managed-to-native) UnityEngine.MonoBehaviour.IsObjectMonoBehaviour(UnityEngine.Object)
  at UnityEngine.MonoBehaviour.StartCoroutine (System.Collections.IEnumerator routine) [0x00014] in <4fae2288737c4dfda349689bbefabfcc>:0 
  at LightStackManager.DoALightCheckNextFrame (UnityEngine.Vector3 checkPosition, System.Single checkDistance) [0x00009] in <3108b7117e084879890fa70dedd0b61b>:0 
  at StopLightStack.OnDisable () [0x00010] in <3108b7117e084879890fa70dedd0b61b>:0 
UnityEngine.GameObject:SetActive(Boolean)
ShowObjectOnTop:OnDisable()

NullReferenceException
  at (wrapper managed-to-native) UnityEngine.MonoBehaviour.IsObjectMonoBehaviour(UnityEngine.Object)
  at UnityEngine.MonoBehaviour.StartCoroutine (System.Collections.IEnumerator routine) [0x00014] in <4fae2288737c4dfda349689bbefabfcc>:0 
  at LightStackManager.DoALightCheckNextFrame (UnityEngine.Vector3 checkPosition, System.Single checkDistance) [0x00009] in <3108b7117e084879890fa70dedd0b61b>:0 
  at StopLightStack.OnDisable () [0x00010] in <3108b7117e084879890fa70dedd0b61b>:0 

NullReferenceException
  at (wrapper managed-to-native) UnityEngine.MonoBehaviour.IsObjectMonoBehaviour(UnityEngine.Object)
  at UnityEngine.MonoBehaviour.StartCoroutine (System.Collections.IEnumerator routine) [0x00014] in <4fae2288737c4dfda349689bbefabfcc>:0 
  at LightStackManager.DoALightCheckNextFrame (UnityEngine.Vector3 checkPosition, System.Single checkDistance) [0x00009] in <3108b7117e084879890fa70dedd0b61b>:0 
  at StopLightStack.OnDisable () [0x00010] in <3108b7117e084879890fa70dedd0b61b>:0 

NullReferenceException
  at (wrapper managed-to-native) UnityEngine.MonoBehaviour.IsObjectMonoBehaviour(UnityEngine.Object)
  at UnityEngine.MonoBehaviour.StartCoroutine (System.Collections.IEnumerator routine) [0x00014] in <4fae2288737c4dfda349689bbefabfcc>:0 
  at LightStackManager.DoALightCheckNextFrame (UnityEngine.Vector3 checkPosition, System.Single checkDistance) [0x00009] in <3108b7117e084879890fa70dedd0b61b>:0 
  at StopLightStack.OnDisable () [0x00010] in <3108b7117e084879890fa70dedd0b61b>:0 
UnityEngine.GameObject:SetActive(Boolean)
ShowObjectOnTop:OnDisable()

NullReferenceException
  at (wrapper managed-to-native) UnityEngine.MonoBehaviour.IsObjectMonoBehaviour(UnityEngine.Object)
  at UnityEngine.MonoBehaviour.StartCoroutine (System.Collections.IEnumerator routine) [0x00014] in <4fae2288737c4dfda349689bbefabfcc>:0 
  at LightStackManager.DoALightCheckNextFrame (UnityEngine.Vector3 checkPosition, System.Single checkDistance) [0x00009] in <3108b7117e084879890fa70dedd0b61b>:0 
  at StopLightStack.OnDisable () [0x00010] in <3108b7117e084879890fa70dedd0b61b>:0 

NullReferenceException
  at (wrapper managed-to-native) UnityEngine.MonoBehaviour.IsObjectMonoBehaviour(UnityEngine.Object)
  at UnityEngine.MonoBehaviour.StartCoroutine (System.Collections.IEnumerator routine) [0x00014] in <4fae2288737c4dfda349689bbefabfcc>:0 
  at LightStackManager.DoALightCheckNextFrame (UnityEngine.Vector3 checkPosition, System.Single checkDistance) [0x00009] in <3108b7117e084879890fa70dedd0b61b>:0 
  at StopLightStack.OnDisable () [0x00010] in <3108b7117e084879890fa70dedd0b61b>:0 

NullReferenceException
  at (wrapper managed-to-native) UnityEngine.MonoBehaviour.IsObjectMonoBehaviour(UnityEngine.Object)
  at UnityEngine.MonoBehaviour.StartCoroutine (System.Collections.IEnumerator routine) [0x00014] in <4fae2288737c4dfda349689bbefabfcc>:0 
  at LightStackManager.DoALightCheckNextFrame (UnityEngine.Vector3 checkPosition, System.Single checkDistance) [0x00009] in <3108b7117e084879890fa70dedd0b61b>:0 
  at StopLightStack.OnDisable () [0x00010] in <3108b7117e084879890fa70dedd0b61b>:0 

NullReferenceException
  at (wrapper managed-to-native) UnityEngine.MonoBehaviour.IsObjectMonoBehaviour(UnityEngine.Object)
  at UnityEngine.MonoBehaviour.StartCoroutine (System.Collections.IEnumerator routine) [0x00014] in <4fae2288737c4dfda349689bbefabfcc>:0 
  at LightStackManager.DoALightCheckNextFrame (UnityEngine.Vector3 checkPosition, System.Single checkDistance) [0x00009] in <3108b7117e084879890fa70dedd0b61b>:0 
  at StopLightStack.OnDisable () [0x00010] in <3108b7117e084879890fa70dedd0b61b>:0 

NullReferenceException
  at (wrapper managed-to-native) UnityEngine.MonoBehaviour.IsObjectMonoBehaviour(UnityEngine.Object)
  at UnityEngine.MonoBehaviour.StartCoroutine (System.Collections.IEnumerator routine) [0x00014] in <4fae2288737c4dfda349689bbefabfcc>:0 
  at LightStackManager.DoALightCheckNextFrame (UnityEngine.Vector3 checkPosition, System.Single checkDistance) [0x00009] in <3108b7117e084879890fa70dedd0b61b>:0 
  at StopLightStack.OnDisable () [0x00010] in <3108b7117e084879890fa70dedd0b61b>:0 

NullReferenceException
  at (wrapper managed-to-native) UnityEngine.MonoBehaviour.IsObjectMonoBehaviour(UnityEngine.Object)
  at UnityEngine.MonoBehaviour.StartCoroutine (System.Collections.IEnumerator routine) [0x00014] in <4fae2288737c4dfda349689bbefabfcc>:0 
  at LightStackManager.DoALightCheckNextFrame (UnityEngine.Vector3 checkPosition, System.Single checkDistance) [0x00009] in <3108b7117e084879890fa70dedd0b61b>:0 
  at StopLightStack.OnDisable () [0x00010] in <3108b7117e084879890fa70dedd0b61b>:0 

NullReferenceException
  at (wrapper managed-to-native) UnityEngine.MonoBehaviour.IsObjectMonoBehaviour(UnityEngine.Object)
  at UnityEngine.MonoBehaviour.StartCoroutine (System.Collections.IEnumerator routine) [0x00014] in <4fae2288737c4dfda349689bbefabfcc>:0 
  at LightStackManager.DoALightCheckNextFrame (UnityEngine.Vector3 checkPosition, System.Single checkDistance) [0x00009] in <3108b7117e084879890fa70dedd0b61b>:0 
  at StopLightStack.OnDisable () [0x00010] in <3108b7117e084879890fa70dedd0b61b>:0 

NullReferenceException
  at (wrapper managed-to-native) UnityEngine.MonoBehaviour.IsObjectMonoBehaviour(UnityEngine.Object)
  at UnityEngine.MonoBehaviour.StartCoroutine (System.Collections.IEnumerator routine) [0x00014] in <4fae2288737c4dfda349689bbefabfcc>:0 
  at LightStackManager.DoALightCheckNextFrame (UnityEngine.Vector3 checkPosition, System.Single checkDistance) [0x00009] in <3108b7117e084879890fa70dedd0b61b>:0 
  at StopLightStack.OnDisable () [0x00010] in <3108b7117e084879890fa70dedd0b61b>:0 

NullReferenceException
  at (wrapper managed-to-native) UnityEngine.MonoBehaviour.IsObjectMonoBehaviour(UnityEngine.Object)
  at UnityEngine.MonoBehaviour.StartCoroutine (System.Collections.IEnumerator routine) [0x00014] in <4fae2288737c4dfda349689bbefabfcc>:0 
  at LightStackManager.DoALightCheckNextFrame (UnityEngine.Vector3 checkPosition, System.Single checkDistance) [0x00009] in <3108b7117e084879890fa70dedd0b61b>:0 
  at StopLightStack.OnDisable () [0x00010] in <3108b7117e084879890fa70dedd0b61b>:0 

NullReferenceException
  at (wrapper managed-to-native) UnityEngine.MonoBehaviour.IsObjectMonoBehaviour(UnityEngine.Object)
  at UnityEngine.MonoBehaviour.StartCoroutine (System.Collections.IEnumerator routine) [0x00014] in <4fae2288737c4dfda349689bbefabfcc>:0 
  at LightStackManager.DoALightCheckNextFrame (UnityEngine.Vector3 checkPosition, System.Single checkDistance) [0x00009] in <3108b7117e084879890fa70dedd0b61b>:0 
  at StopLightStack.OnDisable () [0x00010] in <3108b7117e084879890fa70dedd0b61b>:0 

NullReferenceException
  at (wrapper managed-to-native) UnityEngine.MonoBehaviour.IsObjectMonoBehaviour(UnityEngine.Object)
  at UnityEngine.MonoBehaviour.StartCoroutine (System.Collections.IEnumerator routine) [0x00014] in <4fae2288737c4dfda349689bbefabfcc>:0 
  at LightStackManager.DoALightCheckNextFrame (UnityEngine.Vector3 checkPosition, System.Single checkDistance) [0x00009] in <3108b7117e084879890fa70dedd0b61b>:0 
  at StopLightStack.OnDisable () [0x00010] in <3108b7117e084879890fa70dedd0b61b>:0 

NullReferenceException
  at (wrapper managed-to-native) UnityEngine.MonoBehaviour.IsObjectMonoBehaviour(UnityEngine.Object)
  at UnityEngine.MonoBehaviour.StartCoroutine (System.Collections.IEnumerator routine) [0x00014] in <4fae2288737c4dfda349689bbefabfcc>:0 
  at LightStackManager.DoALightCheckNextFrame (UnityEngine.Vector3 checkPosition, System.Single checkDistance) [0x00009] in <3108b7117e084879890fa70dedd0b61b>:0 
  at StopLightStack.OnDisable () [0x00010] in <3108b7117e084879890fa70dedd0b61b>:0 

NullReferenceException
  at (wrapper managed-to-native) UnityEngine.MonoBehaviour.IsObjectMonoBehaviour(UnityEngine.Object)
  at UnityEngine.MonoBehaviour.StartCoroutine (System.Collections.IEnumerator routine) [0x00014] in <4fae2288737c4dfda349689bbefabfcc>:0 
  at LightStackManager.DoALightCheckNextFrame (UnityEngine.Vector3 checkPosition, System.Single checkDistance) [0x00009] in <3108b7117e084879890fa70dedd0b61b>:0 
  at StopLightStack.OnDisable () [0x00010] in <3108b7117e084879890fa70dedd0b61b>:0 

NullReferenceException
  at (wrapper managed-to-native) UnityEngine.MonoBehaviour.IsObjectMonoBehaviour(UnityEngine.Object)
  at UnityEngine.MonoBehaviour.StartCoroutine (System.Collections.IEnumerator routine) [0x00014] in <4fae2288737c4dfda349689bbefabfcc>:0 
  at LightStackManager.DoALightCheckNextFrame (UnityEngine.Vector3 checkPosition, System.Single checkDistance) [0x00009] in <3108b7117e084879890fa70dedd0b61b>:0 
  at StopLightStack.OnDisable () [0x00010] in <3108b7117e084879890fa70dedd0b61b>:0 

NullReferenceException
  at (wrapper managed-to-native) UnityEngine.MonoBehaviour.IsObjectMonoBehaviour(UnityEngine.Object)
  at UnityEngine.MonoBehaviour.StartCoroutine (System.Collections.IEnumerator routine) [0x00014] in <4fae2288737c4dfda349689bbefabfcc>:0 
  at LightStackManager.DoALightCheckNextFrame (UnityEngine.Vector3 checkPosition, System.Single checkDistance) [0x00009] in <3108b7117e084879890fa70dedd0b61b>:0 
  at StopLightStack.OnDisable () [0x00010] in <3108b7117e084879890fa70dedd0b61b>:0 

NullReferenceException
  at (wrapper managed-to-native) UnityEngine.MonoBehaviour.IsObjectMonoBehaviour(UnityEngine.Object)
  at UnityEngine.MonoBehaviour.StartCoroutine (System.Collections.IEnumerator routine) [0x00014] in <4fae2288737c4dfda349689bbefabfcc>:0 
  at LightStackManager.DoALightCheckNextFrame (UnityEngine.Vector3 checkPosition, System.Single checkDistance) [0x00009] in <3108b7117e084879890fa70dedd0b61b>:0 
  at StopLightStack.OnDisable () [0x00010] in <3108b7117e084879890fa70dedd0b61b>:0 

NullReferenceException
  at (wrapper managed-to-native) UnityEngine.MonoBehaviour.IsObjectMonoBehaviour(UnityEngine.Object)
  at UnityEngine.MonoBehaviour.StartCoroutine (System.Collections.IEnumerator routine) [0x00014] in <4fae2288737c4dfda349689bbefabfcc>:0 
  at LightStackManager.DoALightCheckNextFrame (UnityEngine.Vector3 checkPosition, System.Single checkDistance) [0x00009] in <3108b7117e084879890fa70dedd0b61b>:0 
  at StopLightStack.OnDisable () [0x00010] in <3108b7117e084879890fa70dedd0b61b>:0 

NullReferenceException
  at (wrapper managed-to-native) UnityEngine.MonoBehaviour.IsObjectMonoBehaviour(UnityEngine.Object)
  at UnityEngine.MonoBehaviour.StartCoroutine (System.Collections.IEnumerator routine) [0x00014] in <4fae2288737c4dfda349689bbefabfcc>:0 
  at LightStackManager.DoALightCheckNextFrame (UnityEngine.Vector3 checkPosition, System.Single checkDistance) [0x00009] in <3108b7117e084879890fa70dedd0b61b>:0 
  at StopLightStack.OnDisable () [0x00010] in <3108b7117e084879890fa70dedd0b61b>:0 

NullReferenceException
  at (wrapper managed-to-native) UnityEngine.MonoBehaviour.IsObjectMonoBehaviour(UnityEngine.Object)
  at UnityEngine.MonoBehaviour.StartCoroutine (System.Collections.IEnumerator routine) [0x00014] in <4fae2288737c4dfda349689bbefabfcc>:0 
  at LightStackManager.DoALightCheckNextFrame (UnityEngine.Vector3 checkPosition, System.Single checkDistance) [0x00009] in <3108b7117e084879890fa70dedd0b61b>:0 
  at StopLightStack.OnDisable () [0x00010] in <3108b7117e084879890fa70dedd0b61b>:0 

NullReferenceException
  at (wrapper managed-to-native) UnityEngine.MonoBehaviour.IsObjectMonoBehaviour(UnityEngine.Object)
  at UnityEngine.MonoBehaviour.StartCoroutine (System.Collections.IEnumerator routine) [0x00014] in <4fae2288737c4dfda349689bbefabfcc>:0 
  at LightStackManager.DoALightCheckNextFrame (UnityEngine.Vector3 checkPosition, System.Single checkDistance) [0x00009] in <3108b7117e084879890fa70dedd0b61b>:0 
  at StopLightStack.OnDisable () [0x00010] in <3108b7117e084879890fa70dedd0b61b>:0 

NullReferenceException
  at (wrapper managed-to-native) UnityEngine.MonoBehaviour.IsObjectMonoBehaviour(UnityEngine.Object)
  at UnityEngine.MonoBehaviour.StartCoroutine (System.Collections.IEnumerator routine) [0x00014] in <4fae2288737c4dfda349689bbefabfcc>:0 
  at LightStackManager.DoALightCheckNextFrame (UnityEngine.Vector3 checkPosition, System.Single checkDistance) [0x00009] in <3108b7117e084879890fa70dedd0b61b>:0 
  at StopLightStack.OnDisable () [0x00010] in <3108b7117e084879890fa70dedd0b61b>:0 

NullReferenceException
  at (wrapper managed-to-native) UnityEngine.MonoBehaviour.IsObjectMonoBehaviour(UnityEngine.Object)
  at UnityEngine.MonoBehaviour.StartCoroutine (System.Collections.IEnumerator routine) [0x00014] in <4fae2288737c4dfda349689bbefabfcc>:0 
  at LightStackManager.DoALightCheckNextFrame (UnityEngine.Vector3 checkPosition, System.Single checkDistance) [0x00009] in <3108b7117e084879890fa70dedd0b61b>:0 
  at StopLightStack.OnDisable () [0x00010] in <3108b7117e084879890fa70dedd0b61b>:0 

NullReferenceException
  at (wrapper managed-to-native) UnityEngine.MonoBehaviour.IsObjectMonoBehaviour(UnityEngine.Object)
  at UnityEngine.MonoBehaviour.StartCoroutine (System.Collections.IEnumerator routine) [0x00014] in <4fae2288737c4dfda349689bbefabfcc>:0 
  at LightStackManager.DoALightCheckNextFrame (UnityEngine.Vector3 checkPosition, System.Single checkDistance) [0x00009] in <3108b7117e084879890fa70dedd0b61b>:0 
  at StopLightStack.OnDisable () [0x00010] in <3108b7117e084879890fa70dedd0b61b>:0 

ArgumentException: Value does not fall within the expected range.
  at NetworkMapSharer.OnDestroy () [0x00000] in <3108b7117e084879890fa70dedd0b61b>:0 

NullReferenceException
  at (wrapper managed-to-native) UnityEngine.MonoBehaviour.IsObjectMonoBehaviour(UnityEngine.Object)
  at UnityEngine.MonoBehaviour.StartCoroutine (System.Collections.IEnumerator routine) [0x00014] in <4fae2288737c4dfda349689bbefabfcc>:0 
  at LightStackManager.DoALightCheckNextFrame (UnityEngine.Vector3 checkPosition, System.Single checkDistance) [0x00009] in <3108b7117e084879890fa70dedd0b61b>:0 
  at StopLightStack.OnDisable () [0x00010] in <3108b7117e084879890fa70dedd0b61b>:0 

NullReferenceException
  at (wrapper managed-to-native) UnityEngine.MonoBehaviour.IsObjectMonoBehaviour(UnityEngine.Object)
  at UnityEngine.MonoBehaviour.StartCoroutine (System.Collections.IEnumerator routine) [0x00014] in <4fae2288737c4dfda349689bbefabfcc>:0 
  at LightStackManager.DoALightCheckNextFrame (UnityEngine.Vector3 checkPosition, System.Single checkDistance) [0x00009] in <3108b7117e084879890fa70dedd0b61b>:0 
  at StopLightStack.OnDisable () [0x00010] in <3108b7117e084879890fa70dedd0b61b>:0 

NullReferenceException
  at (wrapper managed-to-native) UnityEngine.MonoBehaviour.IsObjectMonoBehaviour(UnityEngine.Object)
  at UnityEngine.MonoBehaviour.StartCoroutine (System.Collections.IEnumerator routine) [0x00014] in <4fae2288737c4dfda349689bbefabfcc>:0 
  at LightStackManager.DoALightCheckNextFrame (UnityEngine.Vector3 checkPosition, System.Single checkDistance) [0x00009] in <3108b7117e084879890fa70dedd0b61b>:0 
  at StopLightStack.OnDisable () [0x00010] in <3108b7117e084879890fa70dedd0b61b>:0 
UnityEngine.GameObject:SetActive(Boolean)
ShowObjectOnTop:OnDisable()

NullReferenceException: Object reference not set to an instance of an object
  at ParticleManager.emitParticleAtPosition (UnityEngine.ParticleSystem partToMove, UnityEngine.Vector3 position, System.Int32 emitAmount) [0x00000] in <3108b7117e084879890fa70dedd0b61b>:0 
  at ControlVehicle.OnDestroy () [0x0002a] in <3108b7117e084879890fa70dedd0b61b>:0 

NullReferenceException
  at (wrapper managed-to-native) UnityEngine.MonoBehaviour.IsObjectMonoBehaviour(UnityEngine.Object)
  at UnityEngine.MonoBehaviour.StartCoroutine (System.Collections.IEnumerator routine) [0x00014] in <4fae2288737c4dfda349689bbefabfcc>:0 
  at LightStackManager.DoALightCheckNextFrame (UnityEngine.Vector3 checkPosition, System.Single checkDistance) [0x00009] in <3108b7117e084879890fa70dedd0b61b>:0 
  at StopLightStack.OnDisable () [0x00010] in <3108b7117e084879890fa70dedd0b61b>:0 

NullReferenceException
  at (wrapper managed-to-native) UnityEngine.MonoBehaviour.IsObjectMonoBehaviour(UnityEngine.Object)
  at UnityEngine.MonoBehaviour.StartCoroutine (System.Collections.IEnumerator routine) [0x00014] in <4fae2288737c4dfda349689bbefabfcc>:0 
  at LightStackManager.DoALightCheckNextFrame (UnityEngine.Vector3 checkPosition, System.Single checkDistance) [0x00009] in <3108b7117e084879890fa70dedd0b61b>:0 
  at StopLightStack.OnDisable () [0x00010] in <3108b7117e084879890fa70dedd0b61b>:0 

NullReferenceException
  at (wrapper managed-to-native) UnityEngine.MonoBehaviour.IsObjectMonoBehaviour(UnityEngine.Object)
  at UnityEngine.MonoBehaviour.StartCoroutine (System.Collections.IEnumerator routine) [0x00014] in <4fae2288737c4dfda349689bbefabfcc>:0 
  at LightStackManager.DoALightCheckNextFrame (UnityEngine.Vector3 checkPosition, System.Single checkDistance) [0x00009] in <3108b7117e084879890fa70dedd0b61b>:0 
  at StopLightStack.OnDisable () [0x00010] in <3108b7117e084879890fa70dedd0b61b>:0 

NullReferenceException
  at (wrapper managed-to-native) UnityEngine.MonoBehaviour.IsObjectMonoBehaviour(UnityEngine.Object)
  at UnityEngine.MonoBehaviour.StartCoroutine (System.Collections.IEnumerator routine) [0x00014] in <4fae2288737c4dfda349689bbefabfcc>:0 
  at LightStackManager.DoALightCheckNextFrame (UnityEngine.Vector3 checkPosition, System.Single checkDistance) [0x00009] in <3108b7117e084879890fa70dedd0b61b>:0 
  at StopLightStack.OnDisable () [0x00010] in <3108b7117e084879890fa70dedd0b61b>:0 

NullReferenceException
  at (wrapper managed-to-native) UnityEngine.MonoBehaviour.IsObjectMonoBehaviour(UnityEngine.Object)
  at UnityEngine.MonoBehaviour.StartCoroutine (System.Collections.IEnumerator routine) [0x00014] in <4fae2288737c4dfda349689bbefabfcc>:0 
  at LightStackManager.DoALightCheckNextFrame (UnityEngine.Vector3 checkPosition, System.Single checkDistance) [0x00009] in <3108b7117e084879890fa70dedd0b61b>:0 
  at StopLightStack.OnDisable () [0x00010] in <3108b7117e084879890fa70dedd0b61b>:0 

NullReferenceException
  at (wrapper managed-to-native) UnityEngine.MonoBehaviour.IsObjectMonoBehaviour(UnityEngine.Object)
  at UnityEngine.MonoBehaviour.StartCoroutine (System.Collections.IEnumerator routine) [0x00014] in <4fae2288737c4dfda349689bbefabfcc>:0 
  at LightStackManager.DoALightCheckNextFrame (UnityEngine.Vector3 checkPosition, System.Single checkDistance) [0x00009] in <3108b7117e084879890fa70dedd0b61b>:0 
  at StopLightStack.OnDisable () [0x00010] in <3108b7117e084879890fa70dedd0b61b>:0 

NullReferenceException
  at (wrapper managed-to-native) UnityEngine.MonoBehaviour.IsObjectMonoBehaviour(UnityEngine.Object)
  at UnityEngine.MonoBehaviour.StartCoroutine (System.Collections.IEnumerator routine) [0x00014] in <4fae2288737c4dfda349689bbefabfcc>:0 
  at LightStackManager.DoALightCheckNextFrame (UnityEngine.Vector3 checkPosition, System.Single checkDistance) [0x00009] in <3108b7117e084879890fa70dedd0b61b>:0 
  at StopLightStack.OnDisable () [0x00010] in <3108b7117e084879890fa70dedd0b61b>:0 

NullReferenceException: Object reference not set to an instance of an object
  at ParticleManager.emitParticleAtPosition (UnityEngine.ParticleSystem partToMove, UnityEngine.Vector3 position, System.Int32 emitAmount) [0x00000] in <3108b7117e084879890fa70dedd0b61b>:0 
  at ControlVehicle.OnDestroy () [0x0002a] in <3108b7117e084879890fa70dedd0b61b>:0 

NullReferenceException
  at (wrapper managed-to-native) UnityEngine.MonoBehaviour.IsObjectMonoBehaviour(UnityEngine.Object)
  at UnityEngine.MonoBehaviour.StartCoroutine (System.Collections.IEnumerator routine) [0x00014] in <4fae2288737c4dfda349689bbefabfcc>:0 
  at LightStackManager.DoALightCheckNextFrame (UnityEngine.Vector3 checkPosition, System.Single checkDistance) [0x00009] in <3108b7117e084879890fa70dedd0b61b>:0 
  at StopLightStack.OnDisable () [0x00010] in <3108b7117e084879890fa70dedd0b61b>:0 

NullReferenceException
  at (wrapper managed-to-native) UnityEngine.MonoBehaviour.IsObjectMonoBehaviour(UnityEngine.Object)
  at UnityEngine.MonoBehaviour.StartCoroutine (System.Collections.IEnumerator routine) [0x00014] in <4fae2288737c4dfda349689bbefabfcc>:0 
  at LightStackManager.DoALightCheckNextFrame (UnityEngine.Vector3 checkPosition, System.Single checkDistance) [0x00009] in <3108b7117e084879890fa70dedd0b61b>:0 
  at StopLightStack.OnDisable () [0x00010] in <3108b7117e084879890fa70dedd0b61b>:0 

NullReferenceException
  at (wrapper managed-to-native) UnityEngine.MonoBehaviour.IsObjectMonoBehaviour(UnityEngine.Object)
  at UnityEngine.MonoBehaviour.StartCoroutine (System.Collections.IEnumerator routine) [0x00014] in <4fae2288737c4dfda349689bbefabfcc>:0 
  at LightStackManager.DoALightCheckNextFrame (UnityEngine.Vector3 checkPosition, System.Single checkDistance) [0x00009] in <3108b7117e084879890fa70dedd0b61b>:0 
  at StopLightStack.OnDisable () [0x00010] in <3108b7117e084879890fa70dedd0b61b>:0 

NullReferenceException
  at (wrapper managed-to-native) UnityEngine.MonoBehaviour.IsObjectMonoBehaviour(UnityEngine.Object)
  at UnityEngine.MonoBehaviour.StartCoroutine (System.Collections.IEnumerator routine) [0x00014] in <4fae2288737c4dfda349689bbefabfcc>:0 
  at LightStackManager.DoALightCheckNextFrame (UnityEngine.Vector3 checkPosition, System.Single checkDistance) [0x00009] in <3108b7117e084879890fa70dedd0b61b>:0 
  at StopLightStack.OnDisable () [0x00010] in <3108b7117e084879890fa70dedd0b61b>:0 

NullReferenceException
  at (wrapper managed-to-native) UnityEngine.MonoBehaviour.IsObjectMonoBehaviour(UnityEngine.Object)
  at UnityEngine.MonoBehaviour.StartCoroutine (System.Collections.IEnumerator routine) [0x00014] in <4fae2288737c4dfda349689bbefabfcc>:0 
  at LightStackManager.DoALightCheckNextFrame (UnityEngine.Vector3 checkPosition, System.Single checkDistance) [0x00009] in <3108b7117e084879890fa70dedd0b61b>:0 
  at StopLightStack.OnDisable () [0x00010] in <3108b7117e084879890fa70dedd0b61b>:0 

NullReferenceException
  at (wrapper managed-to-native) UnityEngine.MonoBehaviour.IsObjectMonoBehaviour(UnityEngine.Object)
  at UnityEngine.MonoBehaviour.StartCoroutine (System.Collections.IEnumerator routine) [0x00014] in <4fae2288737c4dfda349689bbefabfcc>:0 
  at LightStackManager.DoALightCheckNextFrame (UnityEngine.Vector3 checkPosition, System.Single checkDistance) [0x00009] in <3108b7117e084879890fa70dedd0b61b>:0 
  at StopLightStack.OnDisable () [0x00010] in <3108b7117e084879890fa70dedd0b61b>:0 

NullReferenceException: Object reference not set to an instance of an object
  at ParticleManager.emitParticleAtPosition (UnityEngine.ParticleSystem partToMove, UnityEngine.Vector3 position, System.Int32 emitAmount) [0x00000] in <3108b7117e084879890fa70dedd0b61b>:0 
  at ControlVehicle.OnDestroy () [0x0002a] in <3108b7117e084879890fa70dedd0b61b>:0 

NullReferenceException
  at (wrapper managed-to-native) UnityEngine.MonoBehaviour.IsObjectMonoBehaviour(UnityEngine.Object)
  at UnityEngine.MonoBehaviour.StartCoroutine (System.Collections.IEnumerator routine) [0x00014] in <4fae2288737c4dfda349689bbefabfcc>:0 
  at LightStackManager.DoALightCheckNextFrame (UnityEngine.Vector3 checkPosition, System.Single checkDistance) [0x00009] in <3108b7117e084879890fa70dedd0b61b>:0 
  at StopLightStack.OnDisable () [0x00010] in <3108b7117e084879890fa70dedd0b61b>:0 

NullReferenceException
  at (wrapper managed-to-native) UnityEngine.MonoBehaviour.IsObjectMonoBehaviour(UnityEngine.Object)
  at UnityEngine.MonoBehaviour.StartCoroutine (System.Collections.IEnumerator routine) [0x00014] in <4fae2288737c4dfda349689bbefabfcc>:0 
  at LightStackManager.DoALightCheckNextFrame (UnityEngine.Vector3 checkPosition, System.Single checkDistance) [0x00009] in <3108b7117e084879890fa70dedd0b61b>:0 
  at StopLightStack.OnDisable () [0x00010] in <3108b7117e084879890fa70dedd0b61b>:0 

NullReferenceException
  at (wrapper managed-to-native) UnityEngine.MonoBehaviour.IsObjectMonoBehaviour(UnityEngine.Object)
  at UnityEngine.MonoBehaviour.StartCoroutine (System.Collections.IEnumerator routine) [0x00014] in <4fae2288737c4dfda349689bbefabfcc>:0 
  at LightStackManager.DoALightCheckNextFrame (UnityEngine.Vector3 checkPosition, System.Single checkDistance) [0x00009] in <3108b7117e084879890fa70dedd0b61b>:0 
  at StopLightStack.OnDisable () [0x00010] in <3108b7117e084879890fa70dedd0b61b>:0 

NullReferenceException
  at (wrapper managed-to-native) UnityEngine.MonoBehaviour.IsObjectMonoBehaviour(UnityEngine.Object)
  at UnityEngine.MonoBehaviour.StartCoroutine (System.Collections.IEnumerator routine) [0x00014] in <4fae2288737c4dfda349689bbefabfcc>:0 
  at LightStackManager.DoALightCheckNextFrame (UnityEngine.Vector3 checkPosition, System.Single checkDistance) [0x00009] in <3108b7117e084879890fa70dedd0b61b>:0 
  at StopLightStack.OnDisable () [0x00010] in <3108b7117e084879890fa70dedd0b61b>:0 

NullReferenceException
  at (wrapper managed-to-native) UnityEngine.MonoBehaviour.IsObjectMonoBehaviour(UnityEngine.Object)
  at UnityEngine.MonoBehaviour.StartCoroutine (System.Collections.IEnumerator routine) [0x00014] in <4fae2288737c4dfda349689bbefabfcc>:0 
  at LightStackManager.DoALightCheckNextFrame (UnityEngine.Vector3 checkPosition, System.Single checkDistance) [0x00009] in <3108b7117e084879890fa70dedd0b61b>:0 
  at StopLightStack.OnDisable () [0x00010] in <3108b7117e084879890fa70dedd0b61b>:0 

NullReferenceException
  at (wrapper managed-to-native) UnityEngine.MonoBehaviour.IsObjectMonoBehaviour(UnityEngine.Object)
  at UnityEngine.MonoBehaviour.StartCoroutine (System.Collections.IEnumerator routine) [0x00014] in <4fae2288737c4dfda349689bbefabfcc>:0 
  at LightStackManager.DoALightCheckNextFrame (UnityEngine.Vector3 checkPosition, System.Single checkDistance) [0x00009] in <3108b7117e084879890fa70dedd0b61b>:0 
  at StopLightStack.OnDisable () [0x00010] in <3108b7117e084879890fa70dedd0b61b>:0 

NullReferenceException
  at (wrapper managed-to-native) UnityEngine.MonoBehaviour.IsObjectMonoBehaviour(UnityEngine.Object)
  at UnityEngine.MonoBehaviour.StartCoroutine (System.Collections.IEnumerator routine) [0x00014] in <4fae2288737c4dfda349689bbefabfcc>:0 
  at LightStackManager.DoALightCheckNextFrame (UnityEngine.Vector3 checkPosition, System.Single checkDistance) [0x00009] in <3108b7117e084879890fa70dedd0b61b>:0 
  at StopLightStack.OnDisable () [0x00010] in <3108b7117e084879890fa70dedd0b61b>:0 

NullReferenceException
  at (wrapper managed-to-native) UnityEngine.MonoBehaviour.IsObjectMonoBehaviour(UnityEngine.Object)
  at UnityEngine.MonoBehaviour.StartCoroutine (System.Collections.IEnumerator routine) [0x00014] in <4fae2288737c4dfda349689bbefabfcc>:0 
  at LightStackManager.DoALightCheckNextFrame (UnityEngine.Vector3 checkPosition, System.Single checkDistance) [0x00009] in <3108b7117e084879890fa70dedd0b61b>:0 
  at StopLightStack.OnDisable () [0x00010] in <3108b7117e084879890fa70dedd0b61b>:0 

NullReferenceException
  at (wrapper managed-to-native) UnityEngine.MonoBehaviour.IsObjectMonoBehaviour(UnityEngine.Object)
  at UnityEngine.MonoBehaviour.StartCoroutine (System.Collections.IEnumerator routine) [0x00014] in <4fae2288737c4dfda349689bbefabfcc>:0 
  at LightStackManager.DoALightCheckNextFrame (UnityEngine.Vector3 checkPosition, System.Single checkDistance) [0x00009] in <3108b7117e084879890fa70dedd0b61b>:0 
  at StopLightStack.OnDisable () [0x00010] in <3108b7117e084879890fa70dedd0b61b>:0 

NullReferenceException
  at (wrapper managed-to-native) UnityEngine.MonoBehaviour.IsObjectMonoBehaviour(UnityEngine.Object)
  at UnityEngine.MonoBehaviour.StartCoroutine (System.Collections.IEnumerator routine) [0x00014] in <4fae2288737c4dfda349689bbefabfcc>:0 
  at LightStackManager.DoALightCheckNextFrame (UnityEngine.Vector3 checkPosition, System.Single checkDistance) [0x00009] in <3108b7117e084879890fa70dedd0b61b>:0 
  at StopLightStack.OnDisable () [0x00010] in <3108b7117e084879890fa70dedd0b61b>:0 

NullReferenceException
  at (wrapper managed-to-native) UnityEngine.MonoBehaviour.IsObjectMonoBehaviour(UnityEngine.Object)
  at UnityEngine.MonoBehaviour.StartCoroutine (System.Collections.IEnumerator routine) [0x00014] in <4fae2288737c4dfda349689bbefabfcc>:0 
  at LightStackManager.DoALightCheckNextFrame (UnityEngine.Vector3 checkPosition, System.Single checkDistance) [0x00009] in <3108b7117e084879890fa70dedd0b61b>:0 
  at StopLightStack.OnDisable () [0x00010] in <3108b7117e084879890fa70dedd0b61b>:0 

NullReferenceException
  at (wrapper managed-to-native) UnityEngine.MonoBehaviour.IsObjectMonoBehaviour(UnityEngine.Object)
  at UnityEngine.MonoBehaviour.StartCoroutine (System.Collections.IEnumerator routine) [0x00014] in <4fae2288737c4dfda349689bbefabfcc>:0 
  at LightStackManager.DoALightCheckNextFrame (UnityEngine.Vector3 checkPosition, System.Single checkDistance) [0x00009] in <3108b7117e084879890fa70dedd0b61b>:0 
  at StopLightStack.OnDisable () [0x00010] in <3108b7117e084879890fa70dedd0b61b>:0 

NullReferenceException
  at (wrapper managed-to-native) UnityEngine.MonoBehaviour.IsObjectMonoBehaviour(UnityEngine.Object)
  at UnityEngine.MonoBehaviour.StartCoroutine (System.Collections.IEnumerator routine) [0x00014] in <4fae2288737c4dfda349689bbefabfcc>:0 
  at LightStackManager.DoALightCheckNextFrame (UnityEngine.Vector3 checkPosition, System.Single checkDistance) [0x00009] in <3108b7117e084879890fa70dedd0b61b>:0 
  at StopLightStack.OnDisable () [0x00010] in <3108b7117e084879890fa70dedd0b61b>:0 

NullReferenceException
  at (wrapper managed-to-native) UnityEngine.MonoBehaviour.IsObjectMonoBehaviour(UnityEngine.Object)
  at UnityEngine.MonoBehaviour.StartCoroutine (System.Collections.IEnumerator routine) [0x00014] in <4fae2288737c4dfda349689bbefabfcc>:0 
  at LightStackManager.DoALightCheckNextFrame (UnityEngine.Vector3 checkPosition, System.Single checkDistance) [0x00009] in <3108b7117e084879890fa70dedd0b61b>:0 
  at StopLightStack.OnDisable () [0x00010] in <3108b7117e084879890fa70dedd0b61b>:0 

NullReferenceException
  at (wrapper managed-to-native) UnityEngine.MonoBehaviour.IsObjectMonoBehaviour(UnityEngine.Object)
  at UnityEngine.MonoBehaviour.StartCoroutine (System.Collections.IEnumerator routine) [0x00014] in <4fae2288737c4dfda349689bbefabfcc>:0 
  at LightStackManager.DoALightCheckNextFrame (UnityEngine.Vector3 checkPosition, System.Single checkDistance) [0x00009] in <3108b7117e084879890fa70dedd0b61b>:0 
  at StopLightStack.OnDisable () [0x00010] in <3108b7117e084879890fa70dedd0b61b>:0 

