Mono path[0] = 'X:/.local/share/partydeck/gamesyms/dinkumblckink/Dinkum_Data/Managed'
Mono config path = 'X:/.local/share/partydeck/gamesyms/dinkumblckink/MonoBleedingEdge/etc'
Initialize engine version: 2020.3.48f1 (b805b124c6b7)
[Subsystems] Discovering subsystems at path X:/.local/share/partydeck/gamesyms/dinkumblckink/Dinkum_Data/UnitySubsystems
GfxDevice: creating device client; threaded=1
Direct3D:
    Version:  Direct3D 11.0 [level 11.1]
    Renderer: AMD Custom GPU 0405 (RADV VANGOGH) (ID=0x163f)
    Vendor:   
    VRAM:     6144 MB
    Driver:   31.0.21902.5
Begin MonoManager ReloadAssembly
- Completed reload, in  0.192 seconds
D3D11 device created for Microsoft Media Foundation video decoding.
<RI> Initializing input.
New input system (experimental) initialized
Using XInput
<RI> Input initialized.
<RI> Initialized touch support.
Couldn't create a Convex Mesh from source mesh "SnowBall_Half" within the maximum polygons limit (256). The partial hull will be used. Consider simplifying your mesh.
Couldn't create a Convex Mesh from source mesh "SnowBall_OtherHalf" within the maximum polygons limit (256). The partial hull will be used. Consider simplifying your mesh.
UnloadTime: 4.266100 ms
NullReferenceException: Object reference not set to an instance of an object
  at WindowAnimator+<AnimateOpen>d__18.MoveNext () [0x0040b] in <3108b7117e084879890fa70dedd0b61b>:0 
  at UnityEngine.SetupCoroutine.InvokeMoveNext (System.Collections.IEnumerator enumerator, System.IntPtr returnValueAddress) [0x00026] in <4fae2288737c4dfda349689bbefabfcc>:0 
UnityEngine.MonoBehaviour:StartCoroutineManaged2(IEnumerator)
UnityEngine.MonoBehaviour:StartCoroutine(IEnumerator)
WindowAnimator:OnEnable()

Language being set from OS to English
Failed to load permissions: Object reference not set to an instance of an object
STEAM - CreateLobbyWithSettings
STEAM - Leaving Previous lobby
STEAM - Leaving lobby 0
STEAM - Disconnected
Starting server [SteamSockets].
Server started listening
Only custom filters can be played. Please add a custom filter or an audioclip to the audiosource (VoiceChatSource).
STEAM - OnLobbyEntered
NullReferenceException: Object reference not set to an instance of an object
  at StopLightStack.Awake () [0x00000] in <3108b7117e084879890fa70dedd0b61b>:0 
UnityEngine.Object:Internal_InstantiateSingle_Injected(Object, Vector3&, Quaternion&)
UnityEngine.Object:Internal_InstantiateSingle(Object, Vector3, Quaternion)
UnityEngine.Object:Instantiate(Object, Vector3, Quaternion)
UnityEngine.Object:Instantiate(GameObject, Vector3, Quaternion)
WorldManager:getTileObject(Int32, Int32, Int32)
Tile:checkOnTileObject()
Tile:tileRefresh()
Tile:refreshTile(Int32, Int32)
Chunk:refreshNewChunk()
Chunk:refreshToNewChunk()
Chunk:setChunkAndRefresh(Int32, Int32, Boolean)
WorldManager:getFreeChunkAndSetInPos(Int32, Int32)
<checkChunks>d__17:MoveNext()
UnityEngine.SetupCoroutine:InvokeMoveNext(IEnumerator, IntPtr)

NullReferenceException: Object reference not set to an instance of an object
  at StopLightStack.Awake () [0x00000] in <3108b7117e084879890fa70dedd0b61b>:0 
UnityEngine.Object:Internal_InstantiateSingle_Injected(Object, Vector3&, Quaternion&)
UnityEngine.Object:Internal_InstantiateSingle(Object, Vector3, Quaternion)
UnityEngine.Object:Instantiate(Object, Vector3, Quaternion)
UnityEngine.Object:Instantiate(GameObject, Vector3, Quaternion)
WorldManager:getTileObject(Int32, Int32, Int32)
Tile:checkOnTileObject()
Tile:tileRefresh()
Tile:refreshTile(Int32, Int32)
Chunk:refreshNewChunk()
Chunk:refreshToNewChunk()
Chunk:setChunkAndRefresh(Int32, Int32, Boolean)
WorldManager:getFreeChunkAndSetInPos(Int32, Int32)
<checkChunks>d__17:MoveNext()
UnityEngine.SetupCoroutine:InvokeMoveNext(IEnumerator, IntPtr)

Accepting connection 76561198109449327
Client with SteamID 76561198109449327 connected. Assigning connection id 1
Only custom filters can be played. Please add a custom filter or an audioclip to the audiosource (VoiceChatSource).
NullReferenceException
  at (wrapper managed-to-native) UnityEngine.Component.get_transform(UnityEngine.Component)
  at ConversationManager+<SelectPlayerOptionByKeys>d__58.MoveNext () [0x00408] in <3108b7117e084879890fa70dedd0b61b>:0 
  at UnityEngine.SetupCoroutine.InvokeMoveNext (System.Collections.IEnumerator enumerator, System.IntPtr returnValueAddress) [0x00026] in <4fae2288737c4dfda349689bbefabfcc>:0 

NullReferenceException
  at (wrapper managed-to-native) UnityEngine.Component.get_transform(UnityEngine.Component)
  at ConversationManager+<SelectPlayerOptionByKeys>d__58.MoveNext () [0x001a2] in <3108b7117e084879890fa70dedd0b61b>:0 
  at UnityEngine.SetupCoroutine.InvokeMoveNext (System.Collections.IEnumerator enumerator, System.IntPtr returnValueAddress) [0x00026] in <4fae2288737c4dfda349689bbefabfcc>:0 

NullReferenceException
  at (wrapper managed-to-native) UnityEngine.Component.get_transform(UnityEngine.Component)
  at ConversationManager+<SelectPlayerOptionByKeys>d__58.MoveNext () [0x001a2] in <3108b7117e084879890fa70dedd0b61b>:0 
  at UnityEngine.SetupCoroutine.InvokeMoveNext (System.Collections.IEnumerator enumerator, System.IntPtr returnValueAddress) [0x00026] in <4fae2288737c4dfda349689bbefabfcc>:0 

NullReferenceException
  at (wrapper managed-to-native) UnityEngine.Component.get_transform(UnityEngine.Component)
  at ConversationManager+<SelectPlayerOptionByKeys>d__58.MoveNext () [0x001a2] in <3108b7117e084879890fa70dedd0b61b>:0 
  at UnityEngine.SetupCoroutine.InvokeMoveNext (System.Collections.IEnumerator enumerator, System.IntPtr returnValueAddress) [0x00026] in <4fae2288737c4dfda349689bbefabfcc>:0 

Send issue: k_EResultNoConnection
Connection to 1 was lost.
Client with ConnectionID 1 disconnected.
NullReferenceException
  at (wrapper managed-to-native) UnityEngine.Component.get_transform(UnityEngine.Component)
  at ConversationManager+<SelectPlayerOptionByKeys>d__58.MoveNext () [0x001a2] in <3108b7117e084879890fa70dedd0b61b>:0 
  at UnityEngine.SetupCoroutine.InvokeMoveNext (System.Collections.IEnumerator enumerator, System.IntPtr returnValueAddress) [0x00026] in <4fae2288737c4dfda349689bbefabfcc>:0 

NullReferenceException
  at (wrapper managed-to-native) UnityEngine.Component.get_transform(UnityEngine.Component)
  at ConversationManager+<SelectPlayerOptionByKeys>d__58.MoveNext () [0x001a2] in <3108b7117e084879890fa70dedd0b61b>:0 
  at UnityEngine.SetupCoroutine.InvokeMoveNext (System.Collections.IEnumerator enumerator, System.IntPtr returnValueAddress) [0x00026] in <4fae2288737c4dfda349689bbefabfcc>:0 

NullReferenceException
  at (wrapper managed-to-native) UnityEngine.Component.get_transform(UnityEngine.Component)
  at ConversationManager+<SelectPlayerOptionByKeys>d__58.MoveNext () [0x001a2] in <3108b7117e084879890fa70dedd0b61b>:0 
  at UnityEngine.SetupCoroutine.InvokeMoveNext (System.Collections.IEnumerator enumerator, System.IntPtr returnValueAddress) [0x00026] in <4fae2288737c4dfda349689bbefabfcc>:0 

STEAM - Leaving lobby 109775241253057766
STEAM - Disconnected
ClientRpc RpcGetUp called on un-spawned object: NetworkMapSharer
ClientRpc RpcGetUp called on un-spawned object: NetworkMapSharer
ClientRpc RpcGetUp called on un-spawned object: NetworkMapSharer
Transport shut down - was server.
NullReferenceException
  at (wrapper managed-to-native) UnityEngine.MonoBehaviour.IsObjectMonoBehaviour(UnityEngine.Object)
  at UnityEngine.MonoBehaviour.StartCoroutine (System.Collections.IEnumerator routine) [0x00014] in <4fae2288737c4dfda349689bbefabfcc>:0 
  at LightStackManager.DoALightCheckNextFrame (UnityEngine.Vector3 checkPosition, System.Single checkDistance) [0x00009] in <3108b7117e084879890fa70dedd0b61b>:0 
  at StopLightStack.OnDisable () [0x00010] in <3108b7117e084879890fa70dedd0b61b>:0 

NullReferenceException
  at (wrapper managed-to-native) UnityEngine.MonoBehaviour.IsObjectMonoBehaviour(UnityEngine.Object)
  at UnityEngine.MonoBehaviour.StartCoroutine (System.Collections.IEnumerator routine) [0x00014] in <4fae2288737c4dfda349689bbefabfcc>:0 
  at LightStackManager.DoALightCheckNextFrame (UnityEngine.Vector3 checkPosition, System.Single checkDistance) [0x00009] in <3108b7117e084879890fa70dedd0b61b>:0 
  at StopLightStack.OnDisable () [0x00010] in <3108b7117e084879890fa70dedd0b61b>:0 

NullReferenceException
  at (wrapper managed-to-native) UnityEngine.MonoBehaviour.IsObjectMonoBehaviour(UnityEngine.Object)
  at UnityEngine.MonoBehaviour.StartCoroutine (System.Collections.IEnumerator routine) [0x00014] in <4fae2288737c4dfda349689bbefabfcc>:0 
  at LightStackManager.DoALightCheckNextFrame (UnityEngine.Vector3 checkPosition, System.Single checkDistance) [0x00009] in <3108b7117e084879890fa70dedd0b61b>:0 
  at StopLightStack.OnDisable () [0x00010] in <3108b7117e084879890fa70dedd0b61b>:0 

NullReferenceException
  at (wrapper managed-to-native) UnityEngine.MonoBehaviour.IsObjectMonoBehaviour(UnityEngine.Object)
  at UnityEngine.MonoBehaviour.StartCoroutine (System.Collections.IEnumerator routine) [0x00014] in <4fae2288737c4dfda349689bbefabfcc>:0 
  at LightStackManager.DoALightCheckNextFrame (UnityEngine.Vector3 checkPosition, System.Single checkDistance) [0x00009] in <3108b7117e084879890fa70dedd0b61b>:0 
  at StopLightStack.OnDisable () [0x00010] in <3108b7117e084879890fa70dedd0b61b>:0 

NullReferenceException
  at (wrapper managed-to-native) UnityEngine.MonoBehaviour.IsObjectMonoBehaviour(UnityEngine.Object)
  at UnityEngine.MonoBehaviour.StartCoroutine (System.Collections.IEnumerator routine) [0x00014] in <4fae2288737c4dfda349689bbefabfcc>:0 
  at LightStackManager.DoALightCheckNextFrame (UnityEngine.Vector3 checkPosition, System.Single checkDistance) [0x00009] in <3108b7117e084879890fa70dedd0b61b>:0 
  at StopLightStack.OnDisable () [0x00010] in <3108b7117e084879890fa70dedd0b61b>:0 

NullReferenceException
  at (wrapper managed-to-native) UnityEngine.MonoBehaviour.IsObjectMonoBehaviour(UnityEngine.Object)
  at UnityEngine.MonoBehaviour.StartCoroutine (System.Collections.IEnumerator routine) [0x00014] in <4fae2288737c4dfda349689bbefabfcc>:0 
  at LightStackManager.DoALightCheckNextFrame (UnityEngine.Vector3 checkPosition, System.Single checkDistance) [0x00009] in <3108b7117e084879890fa70dedd0b61b>:0 
  at StopLightStack.OnDisable () [0x00010] in <3108b7117e084879890fa70dedd0b61b>:0 

NullReferenceException
  at (wrapper managed-to-native) UnityEngine.MonoBehaviour.IsObjectMonoBehaviour(UnityEngine.Object)
  at UnityEngine.MonoBehaviour.StartCoroutine (System.Collections.IEnumerator routine) [0x00014] in <4fae2288737c4dfda349689bbefabfcc>:0 
  at LightStackManager.DoALightCheckNextFrame (UnityEngine.Vector3 checkPosition, System.Single checkDistance) [0x00009] in <3108b7117e084879890fa70dedd0b61b>:0 
  at StopLightStack.OnDisable () [0x00010] in <3108b7117e084879890fa70dedd0b61b>:0 

NullReferenceException
  at (wrapper managed-to-native) UnityEngine.MonoBehaviour.IsObjectMonoBehaviour(UnityEngine.Object)
  at UnityEngine.MonoBehaviour.StartCoroutine (System.Collections.IEnumerator routine) [0x00014] in <4fae2288737c4dfda349689bbefabfcc>:0 
  at LightStackManager.DoALightCheckNextFrame (UnityEngine.Vector3 checkPosition, System.Single checkDistance) [0x00009] in <3108b7117e084879890fa70dedd0b61b>:0 
  at StopLightStack.OnDisable () [0x00010] in <3108b7117e084879890fa70dedd0b61b>:0 

NullReferenceException
  at (wrapper managed-to-native) UnityEngine.MonoBehaviour.IsObjectMonoBehaviour(UnityEngine.Object)
  at UnityEngine.MonoBehaviour.StartCoroutine (System.Collections.IEnumerator routine) [0x00014] in <4fae2288737c4dfda349689bbefabfcc>:0 
  at LightStackManager.DoALightCheckNextFrame (UnityEngine.Vector3 checkPosition, System.Single checkDistance) [0x00009] in <3108b7117e084879890fa70dedd0b61b>:0 
  at StopLightStack.OnDisable () [0x00010] in <3108b7117e084879890fa70dedd0b61b>:0 

NullReferenceException
  at (wrapper managed-to-native) UnityEngine.MonoBehaviour.IsObjectMonoBehaviour(UnityEngine.Object)
  at UnityEngine.MonoBehaviour.StartCoroutine (System.Collections.IEnumerator routine) [0x00014] in <4fae2288737c4dfda349689bbefabfcc>:0 
  at LightStackManager.DoALightCheckNextFrame (UnityEngine.Vector3 checkPosition, System.Single checkDistance) [0x00009] in <3108b7117e084879890fa70dedd0b61b>:0 
  at StopLightStack.OnDisable () [0x00010] in <3108b7117e084879890fa70dedd0b61b>:0 

NullReferenceException
  at (wrapper managed-to-native) UnityEngine.MonoBehaviour.IsObjectMonoBehaviour(UnityEngine.Object)
  at UnityEngine.MonoBehaviour.StartCoroutine (System.Collections.IEnumerator routine) [0x00014] in <4fae2288737c4dfda349689bbefabfcc>:0 
  at LightStackManager.DoALightCheckNextFrame (UnityEngine.Vector3 checkPosition, System.Single checkDistance) [0x00009] in <3108b7117e084879890fa70dedd0b61b>:0 
  at StopLightStack.OnDisable () [0x00010] in <3108b7117e084879890fa70dedd0b61b>:0 

NullReferenceException
  at (wrapper managed-to-native) UnityEngine.MonoBehaviour.IsObjectMonoBehaviour(UnityEngine.Object)
  at UnityEngine.MonoBehaviour.StartCoroutine (System.Collections.IEnumerator routine) [0x00014] in <4fae2288737c4dfda349689bbefabfcc>:0 
  at LightStackManager.DoALightCheckNextFrame (UnityEngine.Vector3 checkPosition, System.Single checkDistance) [0x00009] in <3108b7117e084879890fa70dedd0b61b>:0 
  at StopLightStack.OnDisable () [0x00010] in <3108b7117e084879890fa70dedd0b61b>:0 

NullReferenceException
  at (wrapper managed-to-native) UnityEngine.MonoBehaviour.IsObjectMonoBehaviour(UnityEngine.Object)
  at UnityEngine.MonoBehaviour.StartCoroutine (System.Collections.IEnumerator routine) [0x00014] in <4fae2288737c4dfda349689bbefabfcc>:0 
  at LightStackManager.DoALightCheckNextFrame (UnityEngine.Vector3 checkPosition, System.Single checkDistance) [0x00009] in <3108b7117e084879890fa70dedd0b61b>:0 
  at StopLightStack.OnDisable () [0x00010] in <3108b7117e084879890fa70dedd0b61b>:0 

NullReferenceException
  at (wrapper managed-to-native) UnityEngine.MonoBehaviour.IsObjectMonoBehaviour(UnityEngine.Object)
  at UnityEngine.MonoBehaviour.StartCoroutine (System.Collections.IEnumerator routine) [0x00014] in <4fae2288737c4dfda349689bbefabfcc>:0 
  at LightStackManager.DoALightCheckNextFrame (UnityEngine.Vector3 checkPosition, System.Single checkDistance) [0x00009] in <3108b7117e084879890fa70dedd0b61b>:0 
  at StopLightStack.OnDisable () [0x00010] in <3108b7117e084879890fa70dedd0b61b>:0 

NullReferenceException
  at (wrapper managed-to-native) UnityEngine.MonoBehaviour.IsObjectMonoBehaviour(UnityEngine.Object)
  at UnityEngine.MonoBehaviour.StartCoroutine (System.Collections.IEnumerator routine) [0x00014] in <4fae2288737c4dfda349689bbefabfcc>:0 
  at LightStackManager.DoALightCheckNextFrame (UnityEngine.Vector3 checkPosition, System.Single checkDistance) [0x00009] in <3108b7117e084879890fa70dedd0b61b>:0 
  at StopLightStack.OnDisable () [0x00010] in <3108b7117e084879890fa70dedd0b61b>:0 

NullReferenceException
  at (wrapper managed-to-native) UnityEngine.MonoBehaviour.IsObjectMonoBehaviour(UnityEngine.Object)
  at UnityEngine.MonoBehaviour.StartCoroutine (System.Collections.IEnumerator routine) [0x00014] in <4fae2288737c4dfda349689bbefabfcc>:0 
  at LightStackManager.DoALightCheckNextFrame (UnityEngine.Vector3 checkPosition, System.Single checkDistance) [0x00009] in <3108b7117e084879890fa70dedd0b61b>:0 
  at StopLightStack.OnDisable () [0x00010] in <3108b7117e084879890fa70dedd0b61b>:0 

NullReferenceException
  at (wrapper managed-to-native) UnityEngine.MonoBehaviour.IsObjectMonoBehaviour(UnityEngine.Object)
  at UnityEngine.MonoBehaviour.StartCoroutine (System.Collections.IEnumerator routine) [0x00014] in <4fae2288737c4dfda349689bbefabfcc>:0 
  at LightStackManager.DoALightCheckNextFrame (UnityEngine.Vector3 checkPosition, System.Single checkDistance) [0x00009] in <3108b7117e084879890fa70dedd0b61b>:0 
  at StopLightStack.OnDisable () [0x00010] in <3108b7117e084879890fa70dedd0b61b>:0 

NullReferenceException
  at (wrapper managed-to-native) UnityEngine.MonoBehaviour.IsObjectMonoBehaviour(UnityEngine.Object)
  at UnityEngine.MonoBehaviour.StartCoroutine (System.Collections.IEnumerator routine) [0x00014] in <4fae2288737c4dfda349689bbefabfcc>:0 
  at LightStackManager.DoALightCheckNextFrame (UnityEngine.Vector3 checkPosition, System.Single checkDistance) [0x00009] in <3108b7117e084879890fa70dedd0b61b>:0 
  at StopLightStack.OnDisable () [0x00010] in <3108b7117e084879890fa70dedd0b61b>:0 

NullReferenceException
  at (wrapper managed-to-native) UnityEngine.MonoBehaviour.IsObjectMonoBehaviour(UnityEngine.Object)
  at UnityEngine.MonoBehaviour.StartCoroutine (System.Collections.IEnumerator routine) [0x00014] in <4fae2288737c4dfda349689bbefabfcc>:0 
  at LightStackManager.DoALightCheckNextFrame (UnityEngine.Vector3 checkPosition, System.Single checkDistance) [0x00009] in <3108b7117e084879890fa70dedd0b61b>:0 
  at StopLightStack.OnDisable () [0x00010] in <3108b7117e084879890fa70dedd0b61b>:0 

NullReferenceException
  at (wrapper managed-to-native) UnityEngine.MonoBehaviour.IsObjectMonoBehaviour(UnityEngine.Object)
  at UnityEngine.MonoBehaviour.StartCoroutine (System.Collections.IEnumerator routine) [0x00014] in <4fae2288737c4dfda349689bbefabfcc>:0 
  at LightStackManager.DoALightCheckNextFrame (UnityEngine.Vector3 checkPosition, System.Single checkDistance) [0x00009] in <3108b7117e084879890fa70dedd0b61b>:0 
  at StopLightStack.OnDisable () [0x00010] in <3108b7117e084879890fa70dedd0b61b>:0 

NullReferenceException
  at (wrapper managed-to-native) UnityEngine.MonoBehaviour.IsObjectMonoBehaviour(UnityEngine.Object)
  at UnityEngine.MonoBehaviour.StartCoroutine (System.Collections.IEnumerator routine) [0x00014] in <4fae2288737c4dfda349689bbefabfcc>:0 
  at LightStackManager.DoALightCheckNextFrame (UnityEngine.Vector3 checkPosition, System.Single checkDistance) [0x00009] in <3108b7117e084879890fa70dedd0b61b>:0 
  at StopLightStack.OnDisable () [0x00010] in <3108b7117e084879890fa70dedd0b61b>:0 

NullReferenceException
  at (wrapper managed-to-native) UnityEngine.MonoBehaviour.IsObjectMonoBehaviour(UnityEngine.Object)
  at UnityEngine.MonoBehaviour.StartCoroutine (System.Collections.IEnumerator routine) [0x00014] in <4fae2288737c4dfda349689bbefabfcc>:0 
  at LightStackManager.DoALightCheckNextFrame (UnityEngine.Vector3 checkPosition, System.Single checkDistance) [0x00009] in <3108b7117e084879890fa70dedd0b61b>:0 
  at StopLightStack.OnDisable () [0x00010] in <3108b7117e084879890fa70dedd0b61b>:0 

NullReferenceException
  at (wrapper managed-to-native) UnityEngine.MonoBehaviour.IsObjectMonoBehaviour(UnityEngine.Object)
  at UnityEngine.MonoBehaviour.StartCoroutine (System.Collections.IEnumerator routine) [0x00014] in <4fae2288737c4dfda349689bbefabfcc>:0 
  at LightStackManager.DoALightCheckNextFrame (UnityEngine.Vector3 checkPosition, System.Single checkDistance) [0x00009] in <3108b7117e084879890fa70dedd0b61b>:0 
  at StopLightStack.OnDisable () [0x00010] in <3108b7117e084879890fa70dedd0b61b>:0 

NullReferenceException
  at (wrapper managed-to-native) UnityEngine.MonoBehaviour.IsObjectMonoBehaviour(UnityEngine.Object)
  at UnityEngine.MonoBehaviour.StartCoroutine (System.Collections.IEnumerator routine) [0x00014] in <4fae2288737c4dfda349689bbefabfcc>:0 
  at LightStackManager.DoALightCheckNextFrame (UnityEngine.Vector3 checkPosition, System.Single checkDistance) [0x00009] in <3108b7117e084879890fa70dedd0b61b>:0 
  at StopLightStack.OnDisable () [0x00010] in <3108b7117e084879890fa70dedd0b61b>:0 

NullReferenceException
  at (wrapper managed-to-native) UnityEngine.MonoBehaviour.IsObjectMonoBehaviour(UnityEngine.Object)
  at UnityEngine.MonoBehaviour.StartCoroutine (System.Collections.IEnumerator routine) [0x00014] in <4fae2288737c4dfda349689bbefabfcc>:0 
  at LightStackManager.DoALightCheckNextFrame (UnityEngine.Vector3 checkPosition, System.Single checkDistance) [0x00009] in <3108b7117e084879890fa70dedd0b61b>:0 
  at StopLightStack.OnDisable () [0x00010] in <3108b7117e084879890fa70dedd0b61b>:0 

NullReferenceException
  at (wrapper managed-to-native) UnityEngine.MonoBehaviour.IsObjectMonoBehaviour(UnityEngine.Object)
  at UnityEngine.MonoBehaviour.StartCoroutine (System.Collections.IEnumerator routine) [0x00014] in <4fae2288737c4dfda349689bbefabfcc>:0 
  at LightStackManager.DoALightCheckNextFrame (UnityEngine.Vector3 checkPosition, System.Single checkDistance) [0x00009] in <3108b7117e084879890fa70dedd0b61b>:0 
  at StopLightStack.OnDisable () [0x00010] in <3108b7117e084879890fa70dedd0b61b>:0 

NullReferenceException
  at (wrapper managed-to-native) UnityEngine.MonoBehaviour.IsObjectMonoBehaviour(UnityEngine.Object)
  at UnityEngine.MonoBehaviour.StartCoroutine (System.Collections.IEnumerator routine) [0x00014] in <4fae2288737c4dfda349689bbefabfcc>:0 
  at LightStackManager.DoALightCheckNextFrame (UnityEngine.Vector3 checkPosition, System.Single checkDistance) [0x00009] in <3108b7117e084879890fa70dedd0b61b>:0 
  at StopLightStack.OnDisable () [0x00010] in <3108b7117e084879890fa70dedd0b61b>:0 

NullReferenceException
  at (wrapper managed-to-native) UnityEngine.MonoBehaviour.IsObjectMonoBehaviour(UnityEngine.Object)
  at UnityEngine.MonoBehaviour.StartCoroutine (System.Collections.IEnumerator routine) [0x00014] in <4fae2288737c4dfda349689bbefabfcc>:0 
  at LightStackManager.DoALightCheckNextFrame (UnityEngine.Vector3 checkPosition, System.Single checkDistance) [0x00009] in <3108b7117e084879890fa70dedd0b61b>:0 
  at StopLightStack.OnDisable () [0x00010] in <3108b7117e084879890fa70dedd0b61b>:0 

NullReferenceException
  at (wrapper managed-to-native) UnityEngine.MonoBehaviour.IsObjectMonoBehaviour(UnityEngine.Object)
  at UnityEngine.MonoBehaviour.StartCoroutine (System.Collections.IEnumerator routine) [0x00014] in <4fae2288737c4dfda349689bbefabfcc>:0 
  at LightStackManager.DoALightCheckNextFrame (UnityEngine.Vector3 checkPosition, System.Single checkDistance) [0x00009] in <3108b7117e084879890fa70dedd0b61b>:0 
  at StopLightStack.OnDisable () [0x00010] in <3108b7117e084879890fa70dedd0b61b>:0 

NullReferenceException: Object reference not set to an instance of an object
  at ParticleManager.emitParticleAtPosition (UnityEngine.ParticleSystem partToMove, UnityEngine.Vector3 position, System.Int32 emitAmount) [0x00000] in <3108b7117e084879890fa70dedd0b61b>:0 
  at ControlVehicle.OnDestroy () [0x0002a] in <3108b7117e084879890fa70dedd0b61b>:0 

NullReferenceException: Object reference not set to an instance of an object
  at ParticleManager.emitParticleAtPosition (UnityEngine.ParticleSystem partToMove, UnityEngine.Vector3 position, System.Int32 emitAmount) [0x00000] in <3108b7117e084879890fa70dedd0b61b>:0 
  at ControlVehicle.OnDestroy () [0x0002a] in <3108b7117e084879890fa70dedd0b61b>:0 

NullReferenceException
  at (wrapper managed-to-native) UnityEngine.MonoBehaviour.IsObjectMonoBehaviour(UnityEngine.Object)
  at UnityEngine.MonoBehaviour.StartCoroutine (System.Collections.IEnumerator routine) [0x00014] in <4fae2288737c4dfda349689bbefabfcc>:0 
  at LightStackManager.DoALightCheckNextFrame (UnityEngine.Vector3 checkPosition, System.Single checkDistance) [0x00009] in <3108b7117e084879890fa70dedd0b61b>:0 
  at StopLightStack.OnDisable () [0x00010] in <3108b7117e084879890fa70dedd0b61b>:0 

NullReferenceException
  at (wrapper managed-to-native) UnityEngine.MonoBehaviour.IsObjectMonoBehaviour(UnityEngine.Object)
  at UnityEngine.MonoBehaviour.StartCoroutine (System.Collections.IEnumerator routine) [0x00014] in <4fae2288737c4dfda349689bbefabfcc>:0 
  at LightStackManager.DoALightCheckNextFrame (UnityEngine.Vector3 checkPosition, System.Single checkDistance) [0x00009] in <3108b7117e084879890fa70dedd0b61b>:0 
  at StopLightStack.OnDisable () [0x00010] in <3108b7117e084879890fa70dedd0b61b>:0 

UnloadTime: 389.086100 ms
Setting up 4 worker threads for Enlighten.
  Thread -> id: 3d0 -> priority: 1 
  Thread -> id: 3d4 -> priority: 1 
  Thread -> id: 3d8 -> priority: 1 
  Thread -> id: 3dc -> priority: 1 
