Mono path[0] = 'X:/.local/share/partydeck/gamesyms/dinkumblckink/Dinkum_Data/Managed'
Mono config path = 'X:/.local/share/partydeck/gamesyms/dinkumblckink/MonoBleedingEdge/etc'
Initialize engine version: 2020.3.48f1 (b805b124c6b7)
[Subsystems] Discovering subsystems at path X:/.local/share/partydeck/gamesyms/dinkumblckink/Dinkum_Data/UnitySubsystems
GfxDevice: creating device client; threaded=1
Direct3D:
    Version:  Direct3D 11.0 [level 11.1]
    Renderer: AMD Custom GPU 0405 (RADV VANGOGH) (ID=0x163f)
    Vendor:   
    VRAM:     6144 MB
    Driver:   31.0.21902.5
Begin MonoManager ReloadAssembly
- Completed reload, in  0.200 seconds
D3D11 device created for Microsoft Media Foundation video decoding.
<RI> Initializing input.
New input system (experimental) initialized
Using XInput
<RI> Input initialized.
<RI> Initialized touch support.
Couldn't create a Convex Mesh from source mesh "SnowBall_Half" within the maximum polygons limit (256). The partial hull will be used. Consider simplifying your mesh.
Couldn't create a Convex Mesh from source mesh "SnowBall_OtherHalf" within the maximum polygons limit (256). The partial hull will be used. Consider simplifying your mesh.
UnloadTime: 3.359700 ms
NullReferenceException: Object reference not set to an instance of an object
  at WindowAnimator+<AnimateOpen>d__18.MoveNext () [0x0040b] in <3108b7117e084879890fa70dedd0b61b>:0 
  at UnityEngine.SetupCoroutine.InvokeMoveNext (System.Collections.IEnumerator enumerator, System.IntPtr returnValueAddress) [0x00026] in <4fae2288737c4dfda349689bbefabfcc>:0 
UnityEngine.MonoBehaviour:StartCoroutineManaged2(IEnumerator)
UnityEngine.MonoBehaviour:StartCoroutine(IEnumerator)
WindowAnimator:OnEnable()

Failed to load permissions: Object reference not set to an instance of an object
STEAM - CreateLobbyWithSettings
STEAM - Leaving Previous lobby
STEAM - Leaving lobby 0
STEAM - Disconnected
Starting server [SteamSockets].
Server started listening
Only custom filters can be played. Please add a custom filter or an audioclip to the audiosource (VoiceChatSource).
STEAM - OnLobbyEntered
NullReferenceException: Object reference not set to an instance of an object
  at StopLightStack.Awake () [0x00000] in <3108b7117e084879890fa70dedd0b61b>:0 
UnityEngine.Object:Internal_InstantiateSingle_Injected(Object, Vector3&, Quaternion&)
UnityEngine.Object:Internal_InstantiateSingle(Object, Vector3, Quaternion)
UnityEngine.Object:Instantiate(Object, Vector3, Quaternion)
UnityEngine.Object:Instantiate(GameObject, Vector3, Quaternion)
WorldManager:getTileObject(Int32, Int32, Int32)
Tile:checkOnTileObject()
Tile:tileRefresh()
Tile:refreshTile(Int32, Int32)
Chunk:refreshNewChunk()
Chunk:refreshToNewChunk()
Chunk:setChunkAndRefresh(Int32, Int32, Boolean)
WorldManager:getFreeChunkAndSetInPos(Int32, Int32)
<checkChunks>d__17:MoveNext()
UnityEngine.SetupCoroutine:InvokeMoveNext(IEnumerator, IntPtr)

NullReferenceException: Object reference not set to an instance of an object
  at StopLightStack.Awake () [0x00000] in <3108b7117e084879890fa70dedd0b61b>:0 
UnityEngine.Object:Internal_InstantiateSingle_Injected(Object, Vector3&, Quaternion&)
UnityEngine.Object:Internal_InstantiateSingle(Object, Vector3, Quaternion)
UnityEngine.Object:Instantiate(Object, Vector3, Quaternion)
UnityEngine.Object:Instantiate(GameObject, Vector3, Quaternion)
WorldManager:getTileObject(Int32, Int32, Int32)
Tile:checkOnTileObject()
Tile:tileRefresh()
Tile:refreshTile(Int32, Int32)
Chunk:refreshNewChunk()
Chunk:refreshToNewChunk()
Chunk:setChunkAndRefresh(Int32, Int32, Boolean)
WorldManager:getFreeChunkAndSetInPos(Int32, Int32)
<checkChunks>d__17:MoveNext()
UnityEngine.SetupCoroutine:InvokeMoveNext(IEnumerator, IntPtr)

Accepting connection 76561198109449327
Client with SteamID 76561198109449327 connected. Assigning connection id 1
Only custom filters can be played. Please add a custom filter or an audioclip to the audiosource (VoiceChatSource).
Command for object without authority [netId=64]
Command for object without authority [netId=64]
Command for object without authority [netId=64]
Command for object without authority [netId=64]
Command for object without authority [netId=64]
Command for object without authority [netId=64]
Setting desired fog to 10 because rain or fog is on
Rain on = True
Fog on = False
Setting desired fog to 10 because rain or fog is on
Rain on = True
Fog on = False
Spawned a satelite
RenderTexture's (512 x 512) anti-aliasing changed from 3 to 2 due hardware limitations.
RenderTexture's (512 x 512) anti-aliasing changed from 3 to 2 due hardware limitations.
NullReferenceException
  at (wrapper managed-to-native) UnityEngine.Component.get_transform(UnityEngine.Component)
  at ConversationManager+<SelectPlayerOptionByKeys>d__58.MoveNext () [0x001a2] in <3108b7117e084879890fa70dedd0b61b>:0 
  at UnityEngine.SetupCoroutine.InvokeMoveNext (System.Collections.IEnumerator enumerator, System.IntPtr returnValueAddress) [0x00026] in <4fae2288737c4dfda349689bbefabfcc>:0 

NullReferenceException: Object reference not set to an instance of an object
  at TileObject.damage (System.Boolean damageWithSound, System.Boolean damageParticleOn) [0x0001f] in <3108b7117e084879890fa70dedd0b61b>:0 
  at WobbleWhenTouched.OnTriggerEnter (UnityEngine.Collider other) [0x0006b] in <3108b7117e084879890fa70dedd0b61b>:0 

Command for object without authority [netId=384]
Spawned object not found when handling Command message [netId=384]
NullReferenceException
  at (wrapper managed-to-native) UnityEngine.Component.get_transform(UnityEngine.Component)
  at ConversationManager+<SelectPlayerOptionByKeys>d__58.MoveNext () [0x001a2] in <3108b7117e084879890fa70dedd0b61b>:0 
  at UnityEngine.SetupCoroutine.InvokeMoveNext (System.Collections.IEnumerator enumerator, System.IntPtr returnValueAddress) [0x00026] in <4fae2288737c4dfda349689bbefabfcc>:0 

NullReferenceException
  at (wrapper managed-to-native) UnityEngine.Component.get_transform(UnityEngine.Component)
  at ConversationManager+<SelectPlayerOptionByKeys>d__58.MoveNext () [0x001a2] in <3108b7117e084879890fa70dedd0b61b>:0 
  at UnityEngine.SetupCoroutine.InvokeMoveNext (System.Collections.IEnumerator enumerator, System.IntPtr returnValueAddress) [0x00026] in <4fae2288737c4dfda349689bbefabfcc>:0 

RenderTexture's (512 x 512) anti-aliasing changed from 3 to 2 due hardware limitations.
RenderTexture's (512 x 512) anti-aliasing changed from 3 to 2 due hardware limitations.
Coroutine couldn't be started because the the game object 'MapCursor' is inactive!
True
False
True
False
True
False
NullReferenceException
  at (wrapper managed-to-native) UnityEngine.Component.get_transform(UnityEngine.Component)
  at ConversationManager+<SelectPlayerOptionByKeys>d__58.MoveNext () [0x00408] in <3108b7117e084879890fa70dedd0b61b>:0 
  at UnityEngine.SetupCoroutine.InvokeMoveNext (System.Collections.IEnumerator enumerator, System.IntPtr returnValueAddress) [0x00026] in <4fae2288737c4dfda349689bbefabfcc>:0 

True
False
True
False
NullReferenceException
  at (wrapper managed-to-native) UnityEngine.Component.get_transform(UnityEngine.Component)
  at ConversationManager+<SelectPlayerOptionByKeys>d__58.MoveNext () [0x001a2] in <3108b7117e084879890fa70dedd0b61b>:0 
  at UnityEngine.SetupCoroutine.InvokeMoveNext (System.Collections.IEnumerator enumerator, System.IntPtr returnValueAddress) [0x00026] in <4fae2288737c4dfda349689bbefabfcc>:0 

NullReferenceException: Object reference not set to an instance of an object
  at TileObject.damage (System.Boolean damageWithSound, System.Boolean damageParticleOn) [0x0001f] in <3108b7117e084879890fa70dedd0b61b>:0 
  at WobbleWhenTouched.OnTriggerEnter (UnityEngine.Collider other) [0x0006b] in <3108b7117e084879890fa70dedd0b61b>:0 

False
False
False
False
False
False
Command for object without authority [netId=5510]
Command for object without authority [netId=5510]
NullReferenceException: Object reference not set to an instance of an object
  at TileObject.damage (System.Boolean damageWithSound, System.Boolean damageParticleOn) [0x0001f] in <3108b7117e084879890fa70dedd0b61b>:0 
  at WobbleWhenTouched.OnTriggerEnter (UnityEngine.Collider other) [0x0006b] in <3108b7117e084879890fa70dedd0b61b>:0 

NullReferenceException: Object reference not set to an instance of an object
  at TileObject.damage (System.Boolean damageWithSound, System.Boolean damageParticleOn) [0x0001f] in <3108b7117e084879890fa70dedd0b61b>:0 
  at WobbleWhenTouched.OnTriggerEnter (UnityEngine.Collider other) [0x0006b] in <3108b7117e084879890fa70dedd0b61b>:0 

RenderTexture's (512 x 512) anti-aliasing changed from 3 to 2 due hardware limitations.
RenderTexture's (512 x 512) anti-aliasing changed from 3 to 2 due hardware limitations.
NullReferenceException
  at (wrapper managed-to-native) UnityEngine.Component.get_transform(UnityEngine.Component)
  at ConversationManager+<SelectPlayerOptionByKeys>d__58.MoveNext () [0x00408] in <3108b7117e084879890fa70dedd0b61b>:0 
  at UnityEngine.SetupCoroutine.InvokeMoveNext (System.Collections.IEnumerator enumerator, System.IntPtr returnValueAddress) [0x00026] in <4fae2288737c4dfda349689bbefabfcc>:0 

NullReferenceException
  at (wrapper managed-to-native) UnityEngine.Component.get_transform(UnityEngine.Component)
  at ConversationManager+<SelectPlayerOptionByKeys>d__58.MoveNext () [0x000aa] in <3108b7117e084879890fa70dedd0b61b>:0 
  at UnityEngine.SetupCoroutine.InvokeMoveNext (System.Collections.IEnumerator enumerator, System.IntPtr returnValueAddress) [0x00026] in <4fae2288737c4dfda349689bbefabfcc>:0 

True
True
True
True
True
True
False
False
False
False
False
False
False
False
False
False
False
False
False
False
False
False
False
False
False
False
False
False
False
False
False
False
False
False
False
False
False
False
False
False
False
False
False
False
False
False
False
False
False
False
False
False
False
False
False
False
False
False
False
False
False
False
"Resume" can only be called on an active agent that has been placed on a NavMesh.
False
False
False
False
False
False
NullReferenceException: Object reference not set to an instance of an object
  at TileObject.damage (System.Boolean damageWithSound, System.Boolean damageParticleOn) [0x0001f] in <3108b7117e084879890fa70dedd0b61b>:0 
  at WobbleWhenTouched.OnTriggerEnter (UnityEngine.Collider other) [0x0006b] in <3108b7117e084879890fa70dedd0b61b>:0 

NullReferenceException
  at (wrapper managed-to-native) UnityEngine.Component.get_transform(UnityEngine.Component)
  at ConversationManager+<SelectPlayerOptionByKeys>d__58.MoveNext () [0x001a2] in <3108b7117e084879890fa70dedd0b61b>:0 
  at UnityEngine.SetupCoroutine.InvokeMoveNext (System.Collections.IEnumerator enumerator, System.IntPtr returnValueAddress) [0x00026] in <4fae2288737c4dfda349689bbefabfcc>:0 

NullReferenceException
  at (wrapper managed-to-native) UnityEngine.Component.get_transform(UnityEngine.Component)
  at ConversationManager+<SelectPlayerOptionByKeys>d__58.MoveNext () [0x00617] in <3108b7117e084879890fa70dedd0b61b>:0 
  at UnityEngine.SetupCoroutine.InvokeMoveNext (System.Collections.IEnumerator enumerator, System.IntPtr returnValueAddress) [0x00026] in <4fae2288737c4dfda349689bbefabfcc>:0 

False
False
False
False
False
False
NullReferenceException: Object reference not set to an instance of an object
  at TileObject.damage (System.Boolean damageWithSound, System.Boolean damageParticleOn) [0x0001f] in <3108b7117e084879890fa70dedd0b61b>:0 
  at WobbleWhenTouched.OnTriggerEnter (UnityEngine.Collider other) [0x0006b] in <3108b7117e084879890fa70dedd0b61b>:0 

RenderTexture's (512 x 512) anti-aliasing changed from 3 to 2 due hardware limitations.
RenderTexture's (512 x 512) anti-aliasing changed from 3 to 2 due hardware limitations.
NullReferenceException
  at (wrapper managed-to-native) UnityEngine.Component.get_transform(UnityEngine.Component)
  at ConversationManager+<SelectPlayerOptionByKeys>d__58.MoveNext () [0x001a2] in <3108b7117e084879890fa70dedd0b61b>:0 
  at UnityEngine.SetupCoroutine.InvokeMoveNext (System.Collections.IEnumerator enumerator, System.IntPtr returnValueAddress) [0x00026] in <4fae2288737c4dfda349689bbefabfcc>:0 

NullReferenceException
  at (wrapper managed-to-native) UnityEngine.Component.get_transform(UnityEngine.Component)
  at ConversationManager+<SelectPlayerOptionByKeys>d__58.MoveNext () [0x001a2] in <3108b7117e084879890fa70dedd0b61b>:0 
  at UnityEngine.SetupCoroutine.InvokeMoveNext (System.Collections.IEnumerator enumerator, System.IntPtr returnValueAddress) [0x00026] in <4fae2288737c4dfda349689bbefabfcc>:0 

Command for object without authority [netId=5003]
Command for object without authority [netId=5003]
RenderTexture's (512 x 512) anti-aliasing changed from 3 to 2 due hardware limitations.
RenderTexture's (512 x 512) anti-aliasing changed from 3 to 2 due hardware limitations.
NullReferenceException
  at (wrapper managed-to-native) UnityEngine.Component.get_transform(UnityEngine.Component)
  at ConversationManager+<SelectPlayerOptionByKeys>d__58.MoveNext () [0x001a2] in <3108b7117e084879890fa70dedd0b61b>:0 
  at UnityEngine.SetupCoroutine.InvokeMoveNext (System.Collections.IEnumerator enumerator, System.IntPtr returnValueAddress) [0x00026] in <4fae2288737c4dfda349689bbefabfcc>:0 

NullReferenceException: Object reference not set to an instance of an object
  at TileObject.damage (System.Boolean damageWithSound, System.Boolean damageParticleOn) [0x0001f] in <3108b7117e084879890fa70dedd0b61b>:0 
  at WobbleWhenTouched.OnTriggerEnter (UnityEngine.Collider other) [0x0006b] in <3108b7117e084879890fa70dedd0b61b>:0 

RenderTexture's (512 x 512) anti-aliasing changed from 3 to 2 due hardware limitations.
RenderTexture's (512 x 512) anti-aliasing changed from 3 to 2 due hardware limitations.
False
False
False
False
False
False
False
False
False
False
False
False
False
False
False
False
False
False
False
False
False
False
False
False
False
False
False
False
False
False
True
True
True
True
True
True
True
True
NullReferenceException
  at (wrapper managed-to-native) UnityEngine.Component.get_transform(UnityEngine.Component)
  at ConversationManager+<SelectPlayerOptionByKeys>d__58.MoveNext () [0x001a2] in <3108b7117e084879890fa70dedd0b61b>:0 
  at UnityEngine.SetupCoroutine.InvokeMoveNext (System.Collections.IEnumerator enumerator, System.IntPtr returnValueAddress) [0x00026] in <4fae2288737c4dfda349689bbefabfcc>:0 

NullReferenceException
  at (wrapper managed-to-native) UnityEngine.Component.get_transform(UnityEngine.Component)
  at ConversationManager+<SelectPlayerOptionByKeys>d__58.MoveNext () [0x00408] in <3108b7117e084879890fa70dedd0b61b>:0 
  at UnityEngine.SetupCoroutine.InvokeMoveNext (System.Collections.IEnumerator enumerator, System.IntPtr returnValueAddress) [0x00026] in <4fae2288737c4dfda349689bbefabfcc>:0 

NullReferenceException
  at (wrapper managed-to-native) UnityEngine.Component.get_transform(UnityEngine.Component)
  at ConversationManager+<SelectPlayerOptionByKeys>d__58.MoveNext () [0x001a2] in <3108b7117e084879890fa70dedd0b61b>:0 
  at UnityEngine.SetupCoroutine.InvokeMoveNext (System.Collections.IEnumerator enumerator, System.IntPtr returnValueAddress) [0x00026] in <4fae2288737c4dfda349689bbefabfcc>:0 

NullReferenceException
  at (wrapper managed-to-native) UnityEngine.Component.get_transform(UnityEngine.Component)
  at ConversationManager+<SelectPlayerOptionByKeys>d__58.MoveNext () [0x001a2] in <3108b7117e084879890fa70dedd0b61b>:0 
  at UnityEngine.SetupCoroutine.InvokeMoveNext (System.Collections.IEnumerator enumerator, System.IntPtr returnValueAddress) [0x00026] in <4fae2288737c4dfda349689bbefabfcc>:0 

NullReferenceException
  at (wrapper managed-to-native) UnityEngine.Component.get_transform(UnityEngine.Component)
  at ConversationManager+<SelectPlayerOptionByKeys>d__58.MoveNext () [0x001a2] in <3108b7117e084879890fa70dedd0b61b>:0 
  at UnityEngine.SetupCoroutine.InvokeMoveNext (System.Collections.IEnumerator enumerator, System.IntPtr returnValueAddress) [0x00026] in <4fae2288737c4dfda349689bbefabfcc>:0 

NullReferenceException: Object reference not set to an instance of an object
  at TileObject.damage (System.Boolean damageWithSound, System.Boolean damageParticleOn) [0x0001f] in <3108b7117e084879890fa70dedd0b61b>:0 
  at WobbleWhenTouched.OnTriggerEnter (UnityEngine.Collider other) [0x0006b] in <3108b7117e084879890fa70dedd0b61b>:0 

NullReferenceException: Object reference not set to an instance of an object
  at TileObject.damage (System.Boolean damageWithSound, System.Boolean damageParticleOn) [0x0001f] in <3108b7117e084879890fa70dedd0b61b>:0 
  at WobbleWhenTouched.OnTriggerEnter (UnityEngine.Collider other) [0x0006b] in <3108b7117e084879890fa70dedd0b61b>:0 

NullReferenceException
  at (wrapper managed-to-native) UnityEngine.Component.get_transform(UnityEngine.Component)
  at ConversationManager+<SelectPlayerOptionByKeys>d__58.MoveNext () [0x001a2] in <3108b7117e084879890fa70dedd0b61b>:0 
  at UnityEngine.SetupCoroutine.InvokeMoveNext (System.Collections.IEnumerator enumerator, System.IntPtr returnValueAddress) [0x00026] in <4fae2288737c4dfda349689bbefabfcc>:0 

False
False
False
False
False
False
False
False
False
False
IndexOutOfRangeException: Index was outside the bounds of the array.
  at Inventory.checkIfItemCanFit (System.Int32 itemNo, System.Int32 stackAmount) [0x00015] in <3108b7117e084879890fa70dedd0b61b>:0 
  at CharInteract.pickUpTileObject () [0x00955] in <3108b7117e084879890fa70dedd0b61b>:0 
  at CharMovement.Update () [0x00890] in <3108b7117e084879890fa70dedd0b61b>:0 

IndexOutOfRangeException: Index was outside the bounds of the array.
  at Inventory.checkIfItemCanFit (System.Int32 itemNo, System.Int32 stackAmount) [0x00015] in <3108b7117e084879890fa70dedd0b61b>:0 
  at CharInteract.pickUpTileObject () [0x00955] in <3108b7117e084879890fa70dedd0b61b>:0 
  at CharMovement.Update () [0x00890] in <3108b7117e084879890fa70dedd0b61b>:0 

Command for object without authority [netId=23]
Command for object without authority [netId=23]
Tried 100000 times and couldn't find the biome
RenderTexture's (512 x 512) anti-aliasing changed from 3 to 2 due hardware limitations.
RenderTexture's (512 x 512) anti-aliasing changed from 3 to 2 due hardware limitations.
NullReferenceException: Object reference not set to an instance of an object
  at EntryExit.OnTriggerEnter (UnityEngine.Collider other) [0x000ab] in <3108b7117e084879890fa70dedd0b61b>:0 

NullReferenceException: Object reference not set to an instance of an object
  at TileObject.damage (System.Boolean damageWithSound, System.Boolean damageParticleOn) [0x0001f] in <3108b7117e084879890fa70dedd0b61b>:0 
  at WobbleWhenTouched.OnTriggerEnter (UnityEngine.Collider other) [0x0006b] in <3108b7117e084879890fa70dedd0b61b>:0 

NullReferenceException
  at (wrapper managed-to-native) UnityEngine.Component.get_transform(UnityEngine.Component)
  at ConversationManager+<SelectPlayerOptionByKeys>d__58.MoveNext () [0x00408] in <3108b7117e084879890fa70dedd0b61b>:0 
  at UnityEngine.SetupCoroutine.InvokeMoveNext (System.Collections.IEnumerator enumerator, System.IntPtr returnValueAddress) [0x00026] in <4fae2288737c4dfda349689bbefabfcc>:0 

NullReferenceException
  at (wrapper managed-to-native) UnityEngine.Component.get_transform(UnityEngine.Component)
  at ConversationManager+<SelectPlayerOptionByKeys>d__58.MoveNext () [0x00617] in <3108b7117e084879890fa70dedd0b61b>:0 
  at UnityEngine.SetupCoroutine.InvokeMoveNext (System.Collections.IEnumerator enumerator, System.IntPtr returnValueAddress) [0x00026] in <4fae2288737c4dfda349689bbefabfcc>:0 

NullReferenceException
  at (wrapper managed-to-native) UnityEngine.Component.get_transform(UnityEngine.Component)
  at ConversationManager+<SelectPlayerOptionByKeys>d__58.MoveNext () [0x00408] in <3108b7117e084879890fa70dedd0b61b>:0 
  at UnityEngine.SetupCoroutine.InvokeMoveNext (System.Collections.IEnumerator enumerator, System.IntPtr returnValueAddress) [0x00026] in <4fae2288737c4dfda349689bbefabfcc>:0 

NullReferenceException: Object reference not set to an instance of an object
  at TileObject.damage (System.Boolean damageWithSound, System.Boolean damageParticleOn) [0x0001f] in <3108b7117e084879890fa70dedd0b61b>:0 
  at WobbleWhenTouched.OnTriggerEnter (UnityEngine.Collider other) [0x0006b] in <3108b7117e084879890fa70dedd0b61b>:0 

NullReferenceException
  at (wrapper managed-to-native) UnityEngine.Component.get_transform(UnityEngine.Component)
  at ConversationManager+<SelectPlayerOptionByKeys>d__58.MoveNext () [0x00408] in <3108b7117e084879890fa70dedd0b61b>:0 
  at UnityEngine.SetupCoroutine.InvokeMoveNext (System.Collections.IEnumerator enumerator, System.IntPtr returnValueAddress) [0x00026] in <4fae2288737c4dfda349689bbefabfcc>:0 

NullReferenceException
  at (wrapper managed-to-native) UnityEngine.Component.get_transform(UnityEngine.Component)
  at ConversationManager+<SelectPlayerOptionByKeys>d__58.MoveNext () [0x00617] in <3108b7117e084879890fa70dedd0b61b>:0 
  at UnityEngine.SetupCoroutine.InvokeMoveNext (System.Collections.IEnumerator enumerator, System.IntPtr returnValueAddress) [0x00026] in <4fae2288737c4dfda349689bbefabfcc>:0 

Coroutine couldn't be started because the the game object 'Path' is inactive!
NullReferenceException: Object reference not set to an instance of an object
  at TileObject.damage (System.Boolean damageWithSound, System.Boolean damageParticleOn) [0x0001f] in <3108b7117e084879890fa70dedd0b61b>:0 
  at WobbleWhenTouched.OnTriggerEnter (UnityEngine.Collider other) [0x0006b] in <3108b7117e084879890fa70dedd0b61b>:0 

NullReferenceException: Object reference not set to an instance of an object
  at TileObject.damage (System.Boolean damageWithSound, System.Boolean damageParticleOn) [0x0001f] in <3108b7117e084879890fa70dedd0b61b>:0 
  at WobbleWhenTouched.OnTriggerEnter (UnityEngine.Collider other) [0x0006b] in <3108b7117e084879890fa70dedd0b61b>:0 

RenderTexture's (512 x 512) anti-aliasing changed from 3 to 2 due hardware limitations.
RenderTexture's (512 x 512) anti-aliasing changed from 3 to 2 due hardware limitations.
NullReferenceException
  at (wrapper managed-to-native) UnityEngine.Component.get_transform(UnityEngine.Component)
  at ConversationManager+<SelectPlayerOptionByKeys>d__58.MoveNext () [0x00617] in <3108b7117e084879890fa70dedd0b61b>:0 
  at UnityEngine.SetupCoroutine.InvokeMoveNext (System.Collections.IEnumerator enumerator, System.IntPtr returnValueAddress) [0x00026] in <4fae2288737c4dfda349689bbefabfcc>:0 

NullReferenceException: Object reference not set to an instance of an object
  at TileObject.damage (System.Boolean damageWithSound, System.Boolean damageParticleOn) [0x0001f] in <3108b7117e084879890fa70dedd0b61b>:0 
  at WobbleWhenTouched.OnTriggerEnter (UnityEngine.Collider other) [0x0006b] in <3108b7117e084879890fa70dedd0b61b>:0 

Command for object without authority [netId=14787]
Command for object without authority [netId=14794]
Command for object without authority [netId=14794]
Command for object without authority [netId=14822]
Command for object without authority [netId=14822]
Command for object without authority [netId=14853]
Command for object without authority [netId=14853]
Command for object without authority [netId=14853]
NullReferenceException: Object reference not set to an instance of an object
  at TileObject.damage (System.Boolean damageWithSound, System.Boolean damageParticleOn) [0x0001f] in <3108b7117e084879890fa70dedd0b61b>:0 
  at WobbleWhenTouched.OnTriggerEnter (UnityEngine.Collider other) [0x0006b] in <3108b7117e084879890fa70dedd0b61b>:0 

Command for object without authority [netId=14865]
RenderTexture's (512 x 512) anti-aliasing changed from 3 to 2 due hardware limitations.
RenderTexture's (512 x 512) anti-aliasing changed from 3 to 2 due hardware limitations.
"SetDestination" can only be called on an active agent that has been placed on a NavMesh.
"SetDestination" can only be called on an active agent that has been placed on a NavMesh.
"SetDestination" can only be called on an active agent that has been placed on a NavMesh.
"SetDestination" can only be called on an active agent that has been placed on a NavMesh.
"SetDestination" can only be called on an active agent that has been placed on a NavMesh.
"SetDestination" can only be called on an active agent that has been placed on a NavMesh.
"SetDestination" can only be called on an active agent that has been placed on a NavMesh.
"SetDestination" can only be called on an active agent that has been placed on a NavMesh.
"SetDestination" can only be called on an active agent that has been placed on a NavMesh.
"SetDestination" can only be called on an active agent that has been placed on a NavMesh.
"SetDestination" can only be called on an active agent that has been placed on a NavMesh.
"SetDestination" can only be called on an active agent that has been placed on a NavMesh.
"SetDestination" can only be called on an active agent that has been placed on a NavMesh.
"SetDestination" can only be called on an active agent that has been placed on a NavMesh.
"SetDestination" can only be called on an active agent that has been placed on a NavMesh.
"SetDestination" can only be called on an active agent that has been placed on a NavMesh.
NullReferenceException
  at (wrapper managed-to-native) UnityEngine.Component.get_transform(UnityEngine.Component)
  at ConversationManager+<SelectPlayerOptionByKeys>d__58.MoveNext () [0x001a2] in <3108b7117e084879890fa70dedd0b61b>:0 
  at UnityEngine.SetupCoroutine.InvokeMoveNext (System.Collections.IEnumerator enumerator, System.IntPtr returnValueAddress) [0x00026] in <4fae2288737c4dfda349689bbefabfcc>:0 

NullReferenceException
  at (wrapper managed-to-native) UnityEngine.Component.get_transform(UnityEngine.Component)
  at ConversationManager+<SelectPlayerOptionByKeys>d__58.MoveNext () [0x00408] in <3108b7117e084879890fa70dedd0b61b>:0 
  at UnityEngine.SetupCoroutine.InvokeMoveNext (System.Collections.IEnumerator enumerator, System.IntPtr returnValueAddress) [0x00026] in <4fae2288737c4dfda349689bbefabfcc>:0 

NullReferenceException
  at (wrapper managed-to-native) UnityEngine.Component.get_transform(UnityEngine.Component)
  at ConversationManager+<SelectPlayerOptionByKeys>d__58.MoveNext () [0x000aa] in <3108b7117e084879890fa70dedd0b61b>:0 
  at UnityEngine.SetupCoroutine.InvokeMoveNext (System.Collections.IEnumerator enumerator, System.IntPtr returnValueAddress) [0x00026] in <4fae2288737c4dfda349689bbefabfcc>:0 

RenderTexture's (512 x 512) anti-aliasing changed from 3 to 2 due hardware limitations.
RenderTexture's (512 x 512) anti-aliasing changed from 3 to 2 due hardware limitations.
RenderTexture's (512 x 512) anti-aliasing changed from 3 to 2 due hardware limitations.
RenderTexture's (512 x 512) anti-aliasing changed from 3 to 2 due hardware limitations.
Client with ConnectionID 1 disconnected.
STEAM - Leaving lobby 109775242926259588
STEAM - Disconnected
Transport shut down - was server.
Unloading 6 Unused Serialized files (Serialized files now loaded: 0)
NullReferenceException: Object reference not set to an instance of an object
  at ParticleManager.emitParticleAtPosition (UnityEngine.ParticleSystem partToMove, UnityEngine.Vector3 position, System.Int32 emitAmount) [0x00000] in <3108b7117e084879890fa70dedd0b61b>:0 
  at ControlVehicle.OnDestroy () [0x0002a] in <3108b7117e084879890fa70dedd0b61b>:0 

NullReferenceException: Object reference not set to an instance of an object
  at ParticleManager.emitParticleAtPosition (UnityEngine.ParticleSystem partToMove, UnityEngine.Vector3 position, System.Int32 emitAmount) [0x00000] in <3108b7117e084879890fa70dedd0b61b>:0 
  at ControlVehicle.OnDestroy () [0x0002a] in <3108b7117e084879890fa70dedd0b61b>:0 

NullReferenceException: Object reference not set to an instance of an object
  at ParticleManager.emitParticleAtPosition (UnityEngine.ParticleSystem partToMove, UnityEngine.Vector3 position, System.Int32 emitAmount) [0x00000] in <3108b7117e084879890fa70dedd0b61b>:0 
  at ControlVehicle.OnDestroy () [0x0002a] in <3108b7117e084879890fa70dedd0b61b>:0 

NullReferenceException: Object reference not set to an instance of an object
  at ParticleManager.emitParticleAtPosition (UnityEngine.ParticleSystem partToMove, UnityEngine.Vector3 position, System.Int32 emitAmount) [0x00000] in <3108b7117e084879890fa70dedd0b61b>:0 
  at ControlVehicle.OnDestroy () [0x0002a] in <3108b7117e084879890fa70dedd0b61b>:0 

NullReferenceException
  at (wrapper managed-to-native) UnityEngine.MonoBehaviour.IsObjectMonoBehaviour(UnityEngine.Object)
  at UnityEngine.MonoBehaviour.StartCoroutine (System.Collections.IEnumerator routine) [0x00014] in <4fae2288737c4dfda349689bbefabfcc>:0 
  at LightStackManager.DoALightCheckNextFrame (UnityEngine.Vector3 checkPosition, System.Single checkDistance) [0x00009] in <3108b7117e084879890fa70dedd0b61b>:0 
  at StopLightStack.OnDisable () [0x00010] in <3108b7117e084879890fa70dedd0b61b>:0 

NullReferenceException
  at (wrapper managed-to-native) UnityEngine.MonoBehaviour.IsObjectMonoBehaviour(UnityEngine.Object)
  at UnityEngine.MonoBehaviour.StartCoroutine (System.Collections.IEnumerator routine) [0x00014] in <4fae2288737c4dfda349689bbefabfcc>:0 
  at LightStackManager.DoALightCheckNextFrame (UnityEngine.Vector3 checkPosition, System.Single checkDistance) [0x00009] in <3108b7117e084879890fa70dedd0b61b>:0 
  at StopLightStack.OnDisable () [0x00010] in <3108b7117e084879890fa70dedd0b61b>:0 

NullReferenceException
  at (wrapper managed-to-native) UnityEngine.MonoBehaviour.IsObjectMonoBehaviour(UnityEngine.Object)
  at UnityEngine.MonoBehaviour.StartCoroutine (System.Collections.IEnumerator routine) [0x00014] in <4fae2288737c4dfda349689bbefabfcc>:0 
  at LightStackManager.DoALightCheckNextFrame (UnityEngine.Vector3 checkPosition, System.Single checkDistance) [0x00009] in <3108b7117e084879890fa70dedd0b61b>:0 
  at StopLightStack.OnDisable () [0x00010] in <3108b7117e084879890fa70dedd0b61b>:0 

NullReferenceException
  at (wrapper managed-to-native) UnityEngine.MonoBehaviour.IsObjectMonoBehaviour(UnityEngine.Object)
  at UnityEngine.MonoBehaviour.StartCoroutine (System.Collections.IEnumerator routine) [0x00014] in <4fae2288737c4dfda349689bbefabfcc>:0 
  at LightStackManager.DoALightCheckNextFrame (UnityEngine.Vector3 checkPosition, System.Single checkDistance) [0x00009] in <3108b7117e084879890fa70dedd0b61b>:0 
  at StopLightStack.OnDisable () [0x00010] in <3108b7117e084879890fa70dedd0b61b>:0 

NullReferenceException
  at (wrapper managed-to-native) UnityEngine.MonoBehaviour.IsObjectMonoBehaviour(UnityEngine.Object)
  at UnityEngine.MonoBehaviour.StartCoroutine (System.Collections.IEnumerator routine) [0x00014] in <4fae2288737c4dfda349689bbefabfcc>:0 
  at LightStackManager.DoALightCheckNextFrame (UnityEngine.Vector3 checkPosition, System.Single checkDistance) [0x00009] in <3108b7117e084879890fa70dedd0b61b>:0 
  at StopLightStack.OnDisable () [0x00010] in <3108b7117e084879890fa70dedd0b61b>:0 

NullReferenceException
  at (wrapper managed-to-native) UnityEngine.MonoBehaviour.IsObjectMonoBehaviour(UnityEngine.Object)
  at UnityEngine.MonoBehaviour.StartCoroutine (System.Collections.IEnumerator routine) [0x00014] in <4fae2288737c4dfda349689bbefabfcc>:0 
  at LightStackManager.DoALightCheckNextFrame (UnityEngine.Vector3 checkPosition, System.Single checkDistance) [0x00009] in <3108b7117e084879890fa70dedd0b61b>:0 
  at StopLightStack.OnDisable () [0x00010] in <3108b7117e084879890fa70dedd0b61b>:0 

NullReferenceException
  at (wrapper managed-to-native) UnityEngine.MonoBehaviour.IsObjectMonoBehaviour(UnityEngine.Object)
  at UnityEngine.MonoBehaviour.StartCoroutine (System.Collections.IEnumerator routine) [0x00014] in <4fae2288737c4dfda349689bbefabfcc>:0 
  at LightStackManager.DoALightCheckNextFrame (UnityEngine.Vector3 checkPosition, System.Single checkDistance) [0x00009] in <3108b7117e084879890fa70dedd0b61b>:0 
  at StopLightStack.OnDisable () [0x00010] in <3108b7117e084879890fa70dedd0b61b>:0 

NullReferenceException
  at (wrapper managed-to-native) UnityEngine.MonoBehaviour.IsObjectMonoBehaviour(UnityEngine.Object)
  at UnityEngine.MonoBehaviour.StartCoroutine (System.Collections.IEnumerator routine) [0x00014] in <4fae2288737c4dfda349689bbefabfcc>:0 
  at LightStackManager.DoALightCheckNextFrame (UnityEngine.Vector3 checkPosition, System.Single checkDistance) [0x00009] in <3108b7117e084879890fa70dedd0b61b>:0 
  at StopLightStack.OnDisable () [0x00010] in <3108b7117e084879890fa70dedd0b61b>:0 

NullReferenceException
  at (wrapper managed-to-native) UnityEngine.MonoBehaviour.IsObjectMonoBehaviour(UnityEngine.Object)
  at UnityEngine.MonoBehaviour.StartCoroutine (System.Collections.IEnumerator routine) [0x00014] in <4fae2288737c4dfda349689bbefabfcc>:0 
  at LightStackManager.DoALightCheckNextFrame (UnityEngine.Vector3 checkPosition, System.Single checkDistance) [0x00009] in <3108b7117e084879890fa70dedd0b61b>:0 
  at StopLightStack.OnDisable () [0x00010] in <3108b7117e084879890fa70dedd0b61b>:0 

NullReferenceException
  at (wrapper managed-to-native) UnityEngine.MonoBehaviour.IsObjectMonoBehaviour(UnityEngine.Object)
  at UnityEngine.MonoBehaviour.StartCoroutine (System.Collections.IEnumerator routine) [0x00014] in <4fae2288737c4dfda349689bbefabfcc>:0 
  at LightStackManager.DoALightCheckNextFrame (UnityEngine.Vector3 checkPosition, System.Single checkDistance) [0x00009] in <3108b7117e084879890fa70dedd0b61b>:0 
  at StopLightStack.OnDisable () [0x00010] in <3108b7117e084879890fa70dedd0b61b>:0 

NullReferenceException
  at (wrapper managed-to-native) UnityEngine.MonoBehaviour.IsObjectMonoBehaviour(UnityEngine.Object)
  at UnityEngine.MonoBehaviour.StartCoroutine (System.Collections.IEnumerator routine) [0x00014] in <4fae2288737c4dfda349689bbefabfcc>:0 
  at LightStackManager.DoALightCheckNextFrame (UnityEngine.Vector3 checkPosition, System.Single checkDistance) [0x00009] in <3108b7117e084879890fa70dedd0b61b>:0 
  at StopLightStack.OnDisable () [0x00010] in <3108b7117e084879890fa70dedd0b61b>:0 

NullReferenceException
  at (wrapper managed-to-native) UnityEngine.MonoBehaviour.IsObjectMonoBehaviour(UnityEngine.Object)
  at UnityEngine.MonoBehaviour.StartCoroutine (System.Collections.IEnumerator routine) [0x00014] in <4fae2288737c4dfda349689bbefabfcc>:0 
  at LightStackManager.DoALightCheckNextFrame (UnityEngine.Vector3 checkPosition, System.Single checkDistance) [0x00009] in <3108b7117e084879890fa70dedd0b61b>:0 
  at StopLightStack.OnDisable () [0x00010] in <3108b7117e084879890fa70dedd0b61b>:0 

NullReferenceException
  at (wrapper managed-to-native) UnityEngine.MonoBehaviour.IsObjectMonoBehaviour(UnityEngine.Object)
  at UnityEngine.MonoBehaviour.StartCoroutine (System.Collections.IEnumerator routine) [0x00014] in <4fae2288737c4dfda349689bbefabfcc>:0 
  at LightStackManager.DoALightCheckNextFrame (UnityEngine.Vector3 checkPosition, System.Single checkDistance) [0x00009] in <3108b7117e084879890fa70dedd0b61b>:0 
  at StopLightStack.OnDisable () [0x00010] in <3108b7117e084879890fa70dedd0b61b>:0 

NullReferenceException
  at (wrapper managed-to-native) UnityEngine.MonoBehaviour.IsObjectMonoBehaviour(UnityEngine.Object)
  at UnityEngine.MonoBehaviour.StartCoroutine (System.Collections.IEnumerator routine) [0x00014] in <4fae2288737c4dfda349689bbefabfcc>:0 
  at LightStackManager.DoALightCheckNextFrame (UnityEngine.Vector3 checkPosition, System.Single checkDistance) [0x00009] in <3108b7117e084879890fa70dedd0b61b>:0 
  at StopLightStack.OnDisable () [0x00010] in <3108b7117e084879890fa70dedd0b61b>:0 

NullReferenceException
  at (wrapper managed-to-native) UnityEngine.MonoBehaviour.IsObjectMonoBehaviour(UnityEngine.Object)
  at UnityEngine.MonoBehaviour.StartCoroutine (System.Collections.IEnumerator routine) [0x00014] in <4fae2288737c4dfda349689bbefabfcc>:0 
  at LightStackManager.DoALightCheckNextFrame (UnityEngine.Vector3 checkPosition, System.Single checkDistance) [0x00009] in <3108b7117e084879890fa70dedd0b61b>:0 
  at StopLightStack.OnDisable () [0x00010] in <3108b7117e084879890fa70dedd0b61b>:0 

NullReferenceException
  at (wrapper managed-to-native) UnityEngine.MonoBehaviour.IsObjectMonoBehaviour(UnityEngine.Object)
  at UnityEngine.MonoBehaviour.StartCoroutine (System.Collections.IEnumerator routine) [0x00014] in <4fae2288737c4dfda349689bbefabfcc>:0 
  at LightStackManager.DoALightCheckNextFrame (UnityEngine.Vector3 checkPosition, System.Single checkDistance) [0x00009] in <3108b7117e084879890fa70dedd0b61b>:0 
  at StopLightStack.OnDisable () [0x00010] in <3108b7117e084879890fa70dedd0b61b>:0 

NullReferenceException: Object reference not set to an instance of an object
  at ParticleManager.emitParticleAtPosition (UnityEngine.ParticleSystem partToMove, UnityEngine.Vector3 position, System.Int32 emitAmount) [0x00000] in <3108b7117e084879890fa70dedd0b61b>:0 
  at ControlVehicle.OnDestroy () [0x0002a] in <3108b7117e084879890fa70dedd0b61b>:0 

NullReferenceException
  at (wrapper managed-to-native) UnityEngine.MonoBehaviour.IsObjectMonoBehaviour(UnityEngine.Object)
  at UnityEngine.MonoBehaviour.StartCoroutine (System.Collections.IEnumerator routine) [0x00014] in <4fae2288737c4dfda349689bbefabfcc>:0 
  at LightStackManager.DoALightCheckNextFrame (UnityEngine.Vector3 checkPosition, System.Single checkDistance) [0x00009] in <3108b7117e084879890fa70dedd0b61b>:0 
  at StopLightStack.OnDisable () [0x00010] in <3108b7117e084879890fa70dedd0b61b>:0 

NullReferenceException
  at (wrapper managed-to-native) UnityEngine.MonoBehaviour.IsObjectMonoBehaviour(UnityEngine.Object)
  at UnityEngine.MonoBehaviour.StartCoroutine (System.Collections.IEnumerator routine) [0x00014] in <4fae2288737c4dfda349689bbefabfcc>:0 
  at LightStackManager.DoALightCheckNextFrame (UnityEngine.Vector3 checkPosition, System.Single checkDistance) [0x00009] in <3108b7117e084879890fa70dedd0b61b>:0 
  at StopLightStack.OnDisable () [0x00010] in <3108b7117e084879890fa70dedd0b61b>:0 

NullReferenceException
  at (wrapper managed-to-native) UnityEngine.MonoBehaviour.IsObjectMonoBehaviour(UnityEngine.Object)
  at UnityEngine.MonoBehaviour.StartCoroutine (System.Collections.IEnumerator routine) [0x00014] in <4fae2288737c4dfda349689bbefabfcc>:0 
  at LightStackManager.DoALightCheckNextFrame (UnityEngine.Vector3 checkPosition, System.Single checkDistance) [0x00009] in <3108b7117e084879890fa70dedd0b61b>:0 
  at StopLightStack.OnDisable () [0x00010] in <3108b7117e084879890fa70dedd0b61b>:0 

NullReferenceException
  at (wrapper managed-to-native) UnityEngine.MonoBehaviour.IsObjectMonoBehaviour(UnityEngine.Object)
  at UnityEngine.MonoBehaviour.StartCoroutine (System.Collections.IEnumerator routine) [0x00014] in <4fae2288737c4dfda349689bbefabfcc>:0 
  at LightStackManager.DoALightCheckNextFrame (UnityEngine.Vector3 checkPosition, System.Single checkDistance) [0x00009] in <3108b7117e084879890fa70dedd0b61b>:0 
  at StopLightStack.OnDisable () [0x00010] in <3108b7117e084879890fa70dedd0b61b>:0 

NullReferenceException
  at (wrapper managed-to-native) UnityEngine.MonoBehaviour.IsObjectMonoBehaviour(UnityEngine.Object)
  at UnityEngine.MonoBehaviour.StartCoroutine (System.Collections.IEnumerator routine) [0x00014] in <4fae2288737c4dfda349689bbefabfcc>:0 
  at LightStackManager.DoALightCheckNextFrame (UnityEngine.Vector3 checkPosition, System.Single checkDistance) [0x00009] in <3108b7117e084879890fa70dedd0b61b>:0 
  at StopLightStack.OnDisable () [0x00010] in <3108b7117e084879890fa70dedd0b61b>:0 

NullReferenceException
  at (wrapper managed-to-native) UnityEngine.MonoBehaviour.IsObjectMonoBehaviour(UnityEngine.Object)
  at UnityEngine.MonoBehaviour.StartCoroutine (System.Collections.IEnumerator routine) [0x00014] in <4fae2288737c4dfda349689bbefabfcc>:0 
  at LightStackManager.DoALightCheckNextFrame (UnityEngine.Vector3 checkPosition, System.Single checkDistance) [0x00009] in <3108b7117e084879890fa70dedd0b61b>:0 
  at StopLightStack.OnDisable () [0x00010] in <3108b7117e084879890fa70dedd0b61b>:0 

NullReferenceException
  at (wrapper managed-to-native) UnityEngine.MonoBehaviour.IsObjectMonoBehaviour(UnityEngine.Object)
  at UnityEngine.MonoBehaviour.StartCoroutine (System.Collections.IEnumerator routine) [0x00014] in <4fae2288737c4dfda349689bbefabfcc>:0 
  at LightStackManager.DoALightCheckNextFrame (UnityEngine.Vector3 checkPosition, System.Single checkDistance) [0x00009] in <3108b7117e084879890fa70dedd0b61b>:0 
  at StopLightStack.OnDisable () [0x00010] in <3108b7117e084879890fa70dedd0b61b>:0 

NullReferenceException
  at (wrapper managed-to-native) UnityEngine.MonoBehaviour.IsObjectMonoBehaviour(UnityEngine.Object)
  at UnityEngine.MonoBehaviour.StartCoroutine (System.Collections.IEnumerator routine) [0x00014] in <4fae2288737c4dfda349689bbefabfcc>:0 
  at LightStackManager.DoALightCheckNextFrame (UnityEngine.Vector3 checkPosition, System.Single checkDistance) [0x00009] in <3108b7117e084879890fa70dedd0b61b>:0 
  at StopLightStack.OnDisable () [0x00010] in <3108b7117e084879890fa70dedd0b61b>:0 

NullReferenceException
  at (wrapper managed-to-native) UnityEngine.MonoBehaviour.IsObjectMonoBehaviour(UnityEngine.Object)
  at UnityEngine.MonoBehaviour.StartCoroutine (System.Collections.IEnumerator routine) [0x00014] in <4fae2288737c4dfda349689bbefabfcc>:0 
  at LightStackManager.DoALightCheckNextFrame (UnityEngine.Vector3 checkPosition, System.Single checkDistance) [0x00009] in <3108b7117e084879890fa70dedd0b61b>:0 
  at StopLightStack.OnDisable () [0x00010] in <3108b7117e084879890fa70dedd0b61b>:0 

NullReferenceException
  at (wrapper managed-to-native) UnityEngine.MonoBehaviour.IsObjectMonoBehaviour(UnityEngine.Object)
  at UnityEngine.MonoBehaviour.StartCoroutine (System.Collections.IEnumerator routine) [0x00014] in <4fae2288737c4dfda349689bbefabfcc>:0 
  at LightStackManager.DoALightCheckNextFrame (UnityEngine.Vector3 checkPosition, System.Single checkDistance) [0x00009] in <3108b7117e084879890fa70dedd0b61b>:0 
  at StopLightStack.OnDisable () [0x00010] in <3108b7117e084879890fa70dedd0b61b>:0 

NullReferenceException
  at (wrapper managed-to-native) UnityEngine.MonoBehaviour.IsObjectMonoBehaviour(UnityEngine.Object)
  at UnityEngine.MonoBehaviour.StartCoroutine (System.Collections.IEnumerator routine) [0x00014] in <4fae2288737c4dfda349689bbefabfcc>:0 
  at LightStackManager.DoALightCheckNextFrame (UnityEngine.Vector3 checkPosition, System.Single checkDistance) [0x00009] in <3108b7117e084879890fa70dedd0b61b>:0 
  at StopLightStack.OnDisable () [0x00010] in <3108b7117e084879890fa70dedd0b61b>:0 

NullReferenceException
  at (wrapper managed-to-native) UnityEngine.MonoBehaviour.IsObjectMonoBehaviour(UnityEngine.Object)
  at UnityEngine.MonoBehaviour.StartCoroutine (System.Collections.IEnumerator routine) [0x00014] in <4fae2288737c4dfda349689bbefabfcc>:0 
  at LightStackManager.DoALightCheckNextFrame (UnityEngine.Vector3 checkPosition, System.Single checkDistance) [0x00009] in <3108b7117e084879890fa70dedd0b61b>:0 
  at StopLightStack.OnDisable () [0x00010] in <3108b7117e084879890fa70dedd0b61b>:0 

NullReferenceException
  at (wrapper managed-to-native) UnityEngine.MonoBehaviour.IsObjectMonoBehaviour(UnityEngine.Object)
  at UnityEngine.MonoBehaviour.StartCoroutine (System.Collections.IEnumerator routine) [0x00014] in <4fae2288737c4dfda349689bbefabfcc>:0 
  at LightStackManager.DoALightCheckNextFrame (UnityEngine.Vector3 checkPosition, System.Single checkDistance) [0x00009] in <3108b7117e084879890fa70dedd0b61b>:0 
  at StopLightStack.OnDisable () [0x00010] in <3108b7117e084879890fa70dedd0b61b>:0 

NullReferenceException
  at (wrapper managed-to-native) UnityEngine.MonoBehaviour.IsObjectMonoBehaviour(UnityEngine.Object)
  at UnityEngine.MonoBehaviour.StartCoroutine (System.Collections.IEnumerator routine) [0x00014] in <4fae2288737c4dfda349689bbefabfcc>:0 
  at LightStackManager.DoALightCheckNextFrame (UnityEngine.Vector3 checkPosition, System.Single checkDistance) [0x00009] in <3108b7117e084879890fa70dedd0b61b>:0 
  at StopLightStack.OnDisable () [0x00010] in <3108b7117e084879890fa70dedd0b61b>:0 

NullReferenceException
  at (wrapper managed-to-native) UnityEngine.MonoBehaviour.IsObjectMonoBehaviour(UnityEngine.Object)
  at UnityEngine.MonoBehaviour.StartCoroutine (System.Collections.IEnumerator routine) [0x00014] in <4fae2288737c4dfda349689bbefabfcc>:0 
  at LightStackManager.DoALightCheckNextFrame (UnityEngine.Vector3 checkPosition, System.Single checkDistance) [0x00009] in <3108b7117e084879890fa70dedd0b61b>:0 
  at StopLightStack.OnDisable () [0x00010] in <3108b7117e084879890fa70dedd0b61b>:0 

NullReferenceException
  at (wrapper managed-to-native) UnityEngine.MonoBehaviour.IsObjectMonoBehaviour(UnityEngine.Object)
  at UnityEngine.MonoBehaviour.StartCoroutine (System.Collections.IEnumerator routine) [0x00014] in <4fae2288737c4dfda349689bbefabfcc>:0 
  at LightStackManager.DoALightCheckNextFrame (UnityEngine.Vector3 checkPosition, System.Single checkDistance) [0x00009] in <3108b7117e084879890fa70dedd0b61b>:0 
  at StopLightStack.OnDisable () [0x00010] in <3108b7117e084879890fa70dedd0b61b>:0 

NullReferenceException
  at (wrapper managed-to-native) UnityEngine.MonoBehaviour.IsObjectMonoBehaviour(UnityEngine.Object)
  at UnityEngine.MonoBehaviour.StartCoroutine (System.Collections.IEnumerator routine) [0x00014] in <4fae2288737c4dfda349689bbefabfcc>:0 
  at LightStackManager.DoALightCheckNextFrame (UnityEngine.Vector3 checkPosition, System.Single checkDistance) [0x00009] in <3108b7117e084879890fa70dedd0b61b>:0 
  at StopLightStack.OnDisable () [0x00010] in <3108b7117e084879890fa70dedd0b61b>:0 

NullReferenceException
  at (wrapper managed-to-native) UnityEngine.MonoBehaviour.IsObjectMonoBehaviour(UnityEngine.Object)
  at UnityEngine.MonoBehaviour.StartCoroutine (System.Collections.IEnumerator routine) [0x00014] in <4fae2288737c4dfda349689bbefabfcc>:0 
  at LightStackManager.DoALightCheckNextFrame (UnityEngine.Vector3 checkPosition, System.Single checkDistance) [0x00009] in <3108b7117e084879890fa70dedd0b61b>:0 
  at StopLightStack.OnDisable () [0x00010] in <3108b7117e084879890fa70dedd0b61b>:0 

NullReferenceException
  at (wrapper managed-to-native) UnityEngine.MonoBehaviour.IsObjectMonoBehaviour(UnityEngine.Object)
  at UnityEngine.MonoBehaviour.StartCoroutine (System.Collections.IEnumerator routine) [0x00014] in <4fae2288737c4dfda349689bbefabfcc>:0 
  at LightStackManager.DoALightCheckNextFrame (UnityEngine.Vector3 checkPosition, System.Single checkDistance) [0x00009] in <3108b7117e084879890fa70dedd0b61b>:0 
  at StopLightStack.OnDisable () [0x00010] in <3108b7117e084879890fa70dedd0b61b>:0 

NullReferenceException
  at (wrapper managed-to-native) UnityEngine.MonoBehaviour.IsObjectMonoBehaviour(UnityEngine.Object)
  at UnityEngine.MonoBehaviour.StartCoroutine (System.Collections.IEnumerator routine) [0x00014] in <4fae2288737c4dfda349689bbefabfcc>:0 
  at LightStackManager.DoALightCheckNextFrame (UnityEngine.Vector3 checkPosition, System.Single checkDistance) [0x00009] in <3108b7117e084879890fa70dedd0b61b>:0 
  at StopLightStack.OnDisable () [0x00010] in <3108b7117e084879890fa70dedd0b61b>:0 

NullReferenceException
  at (wrapper managed-to-native) UnityEngine.MonoBehaviour.IsObjectMonoBehaviour(UnityEngine.Object)
  at UnityEngine.MonoBehaviour.StartCoroutine (System.Collections.IEnumerator routine) [0x00014] in <4fae2288737c4dfda349689bbefabfcc>:0 
  at LightStackManager.DoALightCheckNextFrame (UnityEngine.Vector3 checkPosition, System.Single checkDistance) [0x00009] in <3108b7117e084879890fa70dedd0b61b>:0 
  at StopLightStack.OnDisable () [0x00010] in <3108b7117e084879890fa70dedd0b61b>:0 

NullReferenceException
  at (wrapper managed-to-native) UnityEngine.MonoBehaviour.IsObjectMonoBehaviour(UnityEngine.Object)
  at UnityEngine.MonoBehaviour.StartCoroutine (System.Collections.IEnumerator routine) [0x00014] in <4fae2288737c4dfda349689bbefabfcc>:0 
  at LightStackManager.DoALightCheckNextFrame (UnityEngine.Vector3 checkPosition, System.Single checkDistance) [0x00009] in <3108b7117e084879890fa70dedd0b61b>:0 
  at StopLightStack.OnDisable () [0x00010] in <3108b7117e084879890fa70dedd0b61b>:0 

ArgumentException: Value does not fall within the expected range.
  at NetworkMapSharer.OnDestroy () [0x00000] in <3108b7117e084879890fa70dedd0b61b>:0 

NullReferenceException
  at (wrapper managed-to-native) UnityEngine.MonoBehaviour.IsObjectMonoBehaviour(UnityEngine.Object)
  at UnityEngine.MonoBehaviour.StartCoroutine (System.Collections.IEnumerator routine) [0x00014] in <4fae2288737c4dfda349689bbefabfcc>:0 
  at LightStackManager.DoALightCheckNextFrame (UnityEngine.Vector3 checkPosition, System.Single checkDistance) [0x00009] in <3108b7117e084879890fa70dedd0b61b>:0 
  at StopLightStack.OnDisable () [0x00010] in <3108b7117e084879890fa70dedd0b61b>:0 

NullReferenceException
  at (wrapper managed-to-native) UnityEngine.MonoBehaviour.IsObjectMonoBehaviour(UnityEngine.Object)
  at UnityEngine.MonoBehaviour.StartCoroutine (System.Collections.IEnumerator routine) [0x00014] in <4fae2288737c4dfda349689bbefabfcc>:0 
  at LightStackManager.DoALightCheckNextFrame (UnityEngine.Vector3 checkPosition, System.Single checkDistance) [0x00009] in <3108b7117e084879890fa70dedd0b61b>:0 
  at StopLightStack.OnDisable () [0x00010] in <3108b7117e084879890fa70dedd0b61b>:0 

NullReferenceException
  at (wrapper managed-to-native) UnityEngine.MonoBehaviour.IsObjectMonoBehaviour(UnityEngine.Object)
  at UnityEngine.MonoBehaviour.StartCoroutine (System.Collections.IEnumerator routine) [0x00014] in <4fae2288737c4dfda349689bbefabfcc>:0 
  at LightStackManager.DoALightCheckNextFrame (UnityEngine.Vector3 checkPosition, System.Single checkDistance) [0x00009] in <3108b7117e084879890fa70dedd0b61b>:0 
  at StopLightStack.OnDisable () [0x00010] in <3108b7117e084879890fa70dedd0b61b>:0 

NullReferenceException
  at (wrapper managed-to-native) UnityEngine.MonoBehaviour.IsObjectMonoBehaviour(UnityEngine.Object)
  at UnityEngine.MonoBehaviour.StartCoroutine (System.Collections.IEnumerator routine) [0x00014] in <4fae2288737c4dfda349689bbefabfcc>:0 
  at LightStackManager.DoALightCheckNextFrame (UnityEngine.Vector3 checkPosition, System.Single checkDistance) [0x00009] in <3108b7117e084879890fa70dedd0b61b>:0 
  at StopLightStack.OnDisable () [0x00010] in <3108b7117e084879890fa70dedd0b61b>:0 

NullReferenceException
  at (wrapper managed-to-native) UnityEngine.MonoBehaviour.IsObjectMonoBehaviour(UnityEngine.Object)
  at UnityEngine.MonoBehaviour.StartCoroutine (System.Collections.IEnumerator routine) [0x00014] in <4fae2288737c4dfda349689bbefabfcc>:0 
  at LightStackManager.DoALightCheckNextFrame (UnityEngine.Vector3 checkPosition, System.Single checkDistance) [0x00009] in <3108b7117e084879890fa70dedd0b61b>:0 
  at StopLightStack.OnDisable () [0x00010] in <3108b7117e084879890fa70dedd0b61b>:0 

NullReferenceException
  at (wrapper managed-to-native) UnityEngine.MonoBehaviour.IsObjectMonoBehaviour(UnityEngine.Object)
  at UnityEngine.MonoBehaviour.StartCoroutine (System.Collections.IEnumerator routine) [0x00014] in <4fae2288737c4dfda349689bbefabfcc>:0 
  at LightStackManager.DoALightCheckNextFrame (UnityEngine.Vector3 checkPosition, System.Single checkDistance) [0x00009] in <3108b7117e084879890fa70dedd0b61b>:0 
  at StopLightStack.OnDisable () [0x00010] in <3108b7117e084879890fa70dedd0b61b>:0 

NullReferenceException
  at (wrapper managed-to-native) UnityEngine.MonoBehaviour.IsObjectMonoBehaviour(UnityEngine.Object)
  at UnityEngine.MonoBehaviour.StartCoroutine (System.Collections.IEnumerator routine) [0x00014] in <4fae2288737c4dfda349689bbefabfcc>:0 
  at LightStackManager.DoALightCheckNextFrame (UnityEngine.Vector3 checkPosition, System.Single checkDistance) [0x00009] in <3108b7117e084879890fa70dedd0b61b>:0 
  at StopLightStack.OnDisable () [0x00010] in <3108b7117e084879890fa70dedd0b61b>:0 

NullReferenceException
  at (wrapper managed-to-native) UnityEngine.MonoBehaviour.IsObjectMonoBehaviour(UnityEngine.Object)
  at UnityEngine.MonoBehaviour.StartCoroutine (System.Collections.IEnumerator routine) [0x00014] in <4fae2288737c4dfda349689bbefabfcc>:0 
  at LightStackManager.DoALightCheckNextFrame (UnityEngine.Vector3 checkPosition, System.Single checkDistance) [0x00009] in <3108b7117e084879890fa70dedd0b61b>:0 
  at StopLightStack.OnDisable () [0x00010] in <3108b7117e084879890fa70dedd0b61b>:0 

NullReferenceException
  at (wrapper managed-to-native) UnityEngine.MonoBehaviour.IsObjectMonoBehaviour(UnityEngine.Object)
  at UnityEngine.MonoBehaviour.StartCoroutine (System.Collections.IEnumerator routine) [0x00014] in <4fae2288737c4dfda349689bbefabfcc>:0 
  at LightStackManager.DoALightCheckNextFrame (UnityEngine.Vector3 checkPosition, System.Single checkDistance) [0x00009] in <3108b7117e084879890fa70dedd0b61b>:0 
  at StopLightStack.OnDisable () [0x00010] in <3108b7117e084879890fa70dedd0b61b>:0 

NullReferenceException
  at (wrapper managed-to-native) UnityEngine.MonoBehaviour.IsObjectMonoBehaviour(UnityEngine.Object)
  at UnityEngine.MonoBehaviour.StartCoroutine (System.Collections.IEnumerator routine) [0x00014] in <4fae2288737c4dfda349689bbefabfcc>:0 
  at LightStackManager.DoALightCheckNextFrame (UnityEngine.Vector3 checkPosition, System.Single checkDistance) [0x00009] in <3108b7117e084879890fa70dedd0b61b>:0 
  at StopLightStack.OnDisable () [0x00010] in <3108b7117e084879890fa70dedd0b61b>:0 

NullReferenceException
  at (wrapper managed-to-native) UnityEngine.MonoBehaviour.IsObjectMonoBehaviour(UnityEngine.Object)
  at UnityEngine.MonoBehaviour.StartCoroutine (System.Collections.IEnumerator routine) [0x00014] in <4fae2288737c4dfda349689bbefabfcc>:0 
  at LightStackManager.DoALightCheckNextFrame (UnityEngine.Vector3 checkPosition, System.Single checkDistance) [0x00009] in <3108b7117e084879890fa70dedd0b61b>:0 
  at StopLightStack.OnDisable () [0x00010] in <3108b7117e084879890fa70dedd0b61b>:0 

NullReferenceException
  at (wrapper managed-to-native) UnityEngine.MonoBehaviour.IsObjectMonoBehaviour(UnityEngine.Object)
  at UnityEngine.MonoBehaviour.StartCoroutine (System.Collections.IEnumerator routine) [0x00014] in <4fae2288737c4dfda349689bbefabfcc>:0 
  at LightStackManager.DoALightCheckNextFrame (UnityEngine.Vector3 checkPosition, System.Single checkDistance) [0x00009] in <3108b7117e084879890fa70dedd0b61b>:0 
  at StopLightStack.OnDisable () [0x00010] in <3108b7117e084879890fa70dedd0b61b>:0 

NullReferenceException
  at (wrapper managed-to-native) UnityEngine.MonoBehaviour.IsObjectMonoBehaviour(UnityEngine.Object)
  at UnityEngine.MonoBehaviour.StartCoroutine (System.Collections.IEnumerator routine) [0x00014] in <4fae2288737c4dfda349689bbefabfcc>:0 
  at LightStackManager.DoALightCheckNextFrame (UnityEngine.Vector3 checkPosition, System.Single checkDistance) [0x00009] in <3108b7117e084879890fa70dedd0b61b>:0 
  at StopLightStack.OnDisable () [0x00010] in <3108b7117e084879890fa70dedd0b61b>:0 

NullReferenceException
  at (wrapper managed-to-native) UnityEngine.MonoBehaviour.IsObjectMonoBehaviour(UnityEngine.Object)
  at UnityEngine.MonoBehaviour.StartCoroutine (System.Collections.IEnumerator routine) [0x00014] in <4fae2288737c4dfda349689bbefabfcc>:0 
  at LightStackManager.DoALightCheckNextFrame (UnityEngine.Vector3 checkPosition, System.Single checkDistance) [0x00009] in <3108b7117e084879890fa70dedd0b61b>:0 
  at StopLightStack.OnDisable () [0x00010] in <3108b7117e084879890fa70dedd0b61b>:0 

NullReferenceException
  at (wrapper managed-to-native) UnityEngine.MonoBehaviour.IsObjectMonoBehaviour(UnityEngine.Object)
  at UnityEngine.MonoBehaviour.StartCoroutine (System.Collections.IEnumerator routine) [0x00014] in <4fae2288737c4dfda349689bbefabfcc>:0 
  at LightStackManager.DoALightCheckNextFrame (UnityEngine.Vector3 checkPosition, System.Single checkDistance) [0x00009] in <3108b7117e084879890fa70dedd0b61b>:0 
  at StopLightStack.OnDisable () [0x00010] in <3108b7117e084879890fa70dedd0b61b>:0 

NullReferenceException
  at (wrapper managed-to-native) UnityEngine.MonoBehaviour.IsObjectMonoBehaviour(UnityEngine.Object)
  at UnityEngine.MonoBehaviour.StartCoroutine (System.Collections.IEnumerator routine) [0x00014] in <4fae2288737c4dfda349689bbefabfcc>:0 
  at LightStackManager.DoALightCheckNextFrame (UnityEngine.Vector3 checkPosition, System.Single checkDistance) [0x00009] in <3108b7117e084879890fa70dedd0b61b>:0 
  at StopLightStack.OnDisable () [0x00010] in <3108b7117e084879890fa70dedd0b61b>:0 

NullReferenceException
  at (wrapper managed-to-native) UnityEngine.MonoBehaviour.IsObjectMonoBehaviour(UnityEngine.Object)
  at UnityEngine.MonoBehaviour.StartCoroutine (System.Collections.IEnumerator routine) [0x00014] in <4fae2288737c4dfda349689bbefabfcc>:0 
  at LightStackManager.DoALightCheckNextFrame (UnityEngine.Vector3 checkPosition, System.Single checkDistance) [0x00009] in <3108b7117e084879890fa70dedd0b61b>:0 
  at StopLightStack.OnDisable () [0x00010] in <3108b7117e084879890fa70dedd0b61b>:0 

NullReferenceException
  at (wrapper managed-to-native) UnityEngine.MonoBehaviour.IsObjectMonoBehaviour(UnityEngine.Object)
  at UnityEngine.MonoBehaviour.StartCoroutine (System.Collections.IEnumerator routine) [0x00014] in <4fae2288737c4dfda349689bbefabfcc>:0 
  at LightStackManager.DoALightCheckNextFrame (UnityEngine.Vector3 checkPosition, System.Single checkDistance) [0x00009] in <3108b7117e084879890fa70dedd0b61b>:0 
  at StopLightStack.OnDisable () [0x00010] in <3108b7117e084879890fa70dedd0b61b>:0 

UnloadTime: 668.269400 ms

Unloading 55709 unused Assets to reduce memory usage. Loaded Objects now: 234158.
Total: 646.411000 ms (FindLiveObjects: 22.131300 ms CreateObjectMapping: 29.062000 ms MarkObjects: 264.142100 ms  DeleteObjects: 331.074500 ms)

Setting up 4 worker threads for Enlighten.
  Thread -> id: 2450 -> priority: 1 
  Thread -> id: 2454 -> priority: 1 
  Thread -> id: 2458 -> priority: 1 
  Thread -> id: 245c -> priority: 1 
