Mono path[0] = 'X:/.local/share/partydeck/gamesyms/lumaisland/Luma Island_Data/Managed'
Mono config path = 'X:/.local/share/partydeck/gamesyms/lumaisland/MonoBleedingEdge/etc'
[Physics::Module] Initialized MultithreadedJobDispatcher with {0} workers.
Initialize engine version: 2021.3.45f1 (0da89fac8e79)
[Subsystems] Discovering subsystems at path X:/.local/share/partydeck/gamesyms/lumaisland/Luma Island_Data/UnitySubsystems
GfxDevice: creating device client; threaded=1; jobified=1
Direct3D:
    Version:  Direct3D 11.0 [level 11.1]
    Renderer: AMD Custom GPU 0405 (RADV VANGOGH) (ID=0x163f)
    Vendor:   ATI
    VRAM:     6144 MB
    Driver:   31.0.21902.5
Begin MonoManager ReloadAssembly
- Completed reload, in  0.615 seconds
Shader 'Sprites/AzureSprites-Unlit': fallback shader 'Sprites/AzureSprites-Defaul' not found
D3D11 device created for Microsoft Media Foundation video decoding.
<RI> Initializing input.
New input system (experimental) initialized
Using XInput
<RI> Initialized touch support.
The referenced script on this Behaviour (Game Object 'Prefab Indexer') is missing!
UnloadTime: 2.085600 ms
[AzureValleyInstaller] Installing Project Bindings
[SteamPlatformBootstrapper] Configuring platformBindings
[SteamCommandLineConfigProvider] Command Line Arguments:
[0] X:\.local\share\partydeck\gamesyms\lumaisland\Luma Island.exe
[SteamPlatformBootstrapper] configured application: {
    "TargetPlatform": 4,
    "DevRunAsHost": true,
    "OverridePlayerID": "",
    "InvitedSteamLobbyID": 0
}
[AzureValleyPlatformInstaller] Installing platformBindings for TargetPlatform: `Steam`
[SteamWindowsFileInstaller] Installing platformBindings
[SteamWorksAchievementsInstaller] Installing platformBindings
[SteamWorksNetworkInstaller] Installing platformBindings
[SteamWorksPlatformInstaller] Installing platformBindings
WwiseUnity: Wwise(R) SDK Version 2022.1.9 Build 8365.
WwiseUnity: Setting Plugin DLL path to: X:/.local/share/partydeck/gamesyms/lumaisland/Luma Island_Data\Plugins\x86_64
WwiseUnity: Sound engine initialized successfully.
[SteamManagerLoader] MarkPersistant SteamManager
[SteamManagerLoader] InjectGameObject SteamManager
[DBG] [SteamManager] : TargetPlatform Steam
[DBG] [SteamManager] : Initializes the Steamworks API.
[DBG] [SteamManager] : OnSteamInitialized Invoked.
SteamFriendUtil: Finished grabbing all friend info
[SteamLobbyController] Manager_OnSteamIntialized 
[DBG] [SteamManager] : SteamAchievements: Received stats with result k_EResultOK
Addressables.LoadSceneAsync: Scene(Bootstrap)
The referenced script on this Behaviour (Game Object 'Prefab Indexer') is missing!
Unloading 5 Unused Serialized files (Serialized files now loaded: 101)
WwiseUnity: There are multiple AkWwiseInitializationSettings objects instantiated; only one will be used.
UnloadTime: 6.901800 ms
Start: PlatformBootstrap
[LaunchConfig] configured application: {
    "TargetPlatform": 4,
    "DevRunAsHost": true,
    "OverridePlayerID": "",
    "InvitedSteamLobbyID": 0
}
Target: Steam
LoadStartMenu
await GameData.Instance.Initialize(): 
op.Result.ActivateAsync scene name: Bootstrap
Unloading 30 unused Assets to reduce memory usage. Loaded Objects now: 6667.
Total: 9.701200 ms (FindLiveObjects: 0.495400 ms CreateObjectMapping: 0.418400 ms MarkObjects: 8.660700 ms  DeleteObjects: 0.125100 ms)

[DBG] [WindowsFileManager] : TryLoad file `C:/users/steamuser/AppData/LocalLow/FeelFreeGames/Luma Island/Config/76561198073488212\account`
The referenced script on this Behaviour (Game Object 'Prefab Indexer') is missing!
The referenced script on this Behaviour (Game Object 'StartAchievement') is missing!
Unloading 1 Unused Serialized files (Serialized files now loaded: 101)
WwiseUnity: There are multiple AkWwiseInitializationSettings objects instantiated; only one will be used.
UnloadTime: 10.710100 ms
[LumaIslandControlSchemeParser] ControlScheme set to KeyboardAndMouse for device `UnityEngine.InputSystem.FastKeyboard`
[DBG] [UIController] : Initialize
[DBG] [UIController] : Starting settings retrieval
[DBG] [CachedSettingsRepository] : Start a new load operation
[DBG] [WindowsFileManager] : TryLoad file `C:/users/steamuser/AppData/LocalLow/FeelFreeGames/Luma Island/Config/76561198073488212\settings`
[DBG] [CachedSettingsRepository] : Settings already requested, return promise
[DBG] [CachedSettingsRepository] : Settings retrieved
[DBG] [UIController] : Applying settings
[DBG] [UIController] : Settings applied successfully
Unloading 318 unused Assets to reduce memory usage. Loaded Objects now: 33038.
Total: 159.110900 ms (FindLiveObjects: 4.747400 ms CreateObjectMapping: 3.119800 ms MarkObjects: 144.523800 ms  DeleteObjects: 6.718600 ms)

[DBG] [SteamManager] : SteamAchievements: Received stats with result k_EResultOK
[DBG] [OptionsMenu] : Found Settings File
<color=#0099bc><b>DOTWEEN ► </b></color>DOTween initialization (useSafeMode: True, recycling: OFF, logBehaviour: Verbose)
[ActiveControlSchemeTracker] Detected change to KeyboardAndMouse
[LumaIslandControlSchemeParser] ControlScheme set to XboxGamepad for device `UnityEngine.InputSystem.XInput.XInputControllerWindows`
[ActiveControlSchemeTracker] Detected change to XboxGamepad
[ActiveControlSchemeTracker] Detected input change to XboxGamepad
[LumaIslandControlSchemeParser] ControlScheme set to KeyboardAndMouse for device `UnityEngine.InputSystem.FastKeyboard`
[ActiveControlSchemeTracker] Detected change to KeyboardAndMouse
[ActiveControlSchemeTracker] Detected input change to KeyboardAndMouse
[LumaIslandControlSchemeParser] ControlScheme set to KeyboardAndMouse for device `UnityEngine.InputSystem.FastMouse`
[ActiveControlSchemeTracker] Detected change to KeyboardAndMouse
[ActiveControlSchemeTracker] Detected change to KeyboardAndMouse
[ActiveControlSchemeTracker] Detected change to KeyboardAndMouse
[LumaIslandControlSchemeParser] ControlScheme set to XboxGamepad for device `UnityEngine.InputSystem.XInput.XInputControllerWindows`
[ActiveControlSchemeTracker] Detected change to XboxGamepad
[ActiveControlSchemeTracker] Detected input change to XboxGamepad
[INF] [MainMenuScreen] : Quiting LumaIsland
[INF] [MainMenuScreen] : Quited LumaIsland
Releasing render texture that is set as Camera.targetTexture!
<color=#00B500FF><color=#0099bc><b>DOTWEEN ► </b></color> REPORT ►</color> Max overall simultaneous active Tweeners/Sequences: 0/0
Memory Statistics:
[ALLOC_TEMP_TLS] TLS Allocator
  StackAllocators : 
    [ALLOC_TEMP_MAIN]
      Peak usage frame count: [0-1.0 KB]: 943 frames, [1.0 KB-2.0 KB]: 1 frames, [2.0 KB-4.0 KB]: 1 frames, [4.0 KB-8.0 KB]: 1 frames, [8.0 KB-16.0 KB]: 1 frames, [16.0 KB-32.0 KB]: 302 frames, [32.0 KB-64.0 KB]: 4 frames, [64.0 KB-128.0 KB]: 5 frames, [128.0 KB-256.0 KB]: 1 frames, [0.5 MB-1.0 MB]: 7 frames, [2.0 MB-4.0 MB]: 1 frames, [4.0 MB-8.0 MB]: 1 frames
      Initial Block Size 4.0 MB
      Current Block Size 5.5 MB
      Peak Allocated Bytes 5.3 MB
      Overflow Count 1
    [ALLOC_TEMP_Loading.AsyncRead]
      Initial Block Size 64.0 KB
      Current Block Size 64.0 KB
      Peak Allocated Bytes 60.9 KB
      Overflow Count 0
    [ALLOC_TEMP_Loading.PreloadManager]
      Initial Block Size 256.0 KB
      Current Block Size 0.5 MB
      Peak Allocated Bytes 500.7 KB
      Overflow Count 717
    [ALLOC_TEMP_Background Job.Worker 8]
      Initial Block Size 32.0 KB
      Current Block Size 36.0 KB
      Peak Allocated Bytes 32.0 KB
      Overflow Count 0
    [ALLOC_TEMP_Job.Worker 6]
      Initial Block Size 256.0 KB
      Current Block Size 256.0 KB
      Peak Allocated Bytes 6.6 KB
      Overflow Count 0
    [ALLOC_TEMP_Job.Worker 0]
      Initial Block Size 256.0 KB
      Current Block Size 256.0 KB
      Peak Allocated Bytes 5.9 KB
      Overflow Count 0
    [ALLOC_TEMP_Background Job.Worker 10]
      Initial Block Size 32.0 KB
      Current Block Size 48.0 KB
      Peak Allocated Bytes 45.9 KB
      Overflow Count 0
    [ALLOC_TEMP_Background Job.Worker 9]
      Initial Block Size 32.0 KB
      Current Block Size 36.0 KB
      Peak Allocated Bytes 32.0 KB
      Overflow Count 0
    [ALLOC_TEMP_Job.Worker 5]
      Initial Block Size 256.0 KB
      Current Block Size 256.0 KB
      Peak Allocated Bytes 16.5 KB
      Overflow Count 0
    [ALLOC_TEMP_Background Job.Worker 14]
      Initial Block Size 32.0 KB
      Current Block Size 36.0 KB
      Peak Allocated Bytes 32.0 KB
      Overflow Count 0
    [ALLOC_TEMP_Background Job.Worker 6]
      Initial Block Size 32.0 KB
      Current Block Size 40.0 KB
      Peak Allocated Bytes 38.2 KB
      Overflow Count 0
    [ALLOC_TEMP_Job.Worker 4]
      Initial Block Size 256.0 KB
      Current Block Size 256.0 KB
      Peak Allocated Bytes 5.9 KB
      Overflow Count 0
    [ALLOC_TEMP_Job.Worker 3]
      Initial Block Size 256.0 KB
      Current Block Size 256.0 KB
      Peak Allocated Bytes 30.9 KB
      Overflow Count 0
    [ALLOC_TEMP_Background Job.Worker 12]
      Initial Block Size 32.0 KB
      Current Block Size 36.0 KB
      Peak Allocated Bytes 32.0 KB
      Overflow Count 0
    [ALLOC_TEMP_EnlightenWorker] x 4
      Initial Block Size 64.0 KB
      Current Block Size 64.0 KB
      Peak Allocated Bytes 54 B
      Overflow Count 0
    [ALLOC_TEMP_Background Job.Worker 15]
      Initial Block Size 32.0 KB
      Current Block Size 36.0 KB
      Peak Allocated Bytes 32.0 KB
      Overflow Count 0
    [ALLOC_TEMP_Background Job.Worker 1]
      Initial Block Size 32.0 KB
      Current Block Size 32.0 KB
      Peak Allocated Bytes 486 B
      Overflow Count 0
    [ALLOC_TEMP_Background Job.Worker 2]
      Initial Block Size 32.0 KB
      Current Block Size 32.0 KB
      Peak Allocated Bytes 1.6 KB
      Overflow Count 0
    [ALLOC_TEMP_]
      Initial Block Size 64.0 KB
      Current Block Size 64.0 KB
      Peak Allocated Bytes 0 B
      Overflow Count 0
    [ALLOC_TEMP_Background Job.Worker 7]
      Initial Block Size 32.0 KB
      Current Block Size 32.0 KB
      Peak Allocated Bytes 423 B
      Overflow Count 0
    [ALLOC_TEMP_UnityGfxDeviceWorker]
      Initial Block Size 256.0 KB
      Current Block Size 256.0 KB
      Peak Allocated Bytes 71.7 KB
      Overflow Count 0
    [ALLOC_TEMP_AssetGarbageCollectorHelper] x 7
      Initial Block Size 64.0 KB
      Current Block Size 64.0 KB
      Peak Allocated Bytes 0 B
      Overflow Count 0
    [ALLOC_TEMP_Background Job.Worker 5]
      Initial Block Size 32.0 KB
      Current Block Size 32.0 KB
      Peak Allocated Bytes 486 B
      Overflow Count 0
    [ALLOC_TEMP_Background Job.Worker 13]
      Initial Block Size 32.0 KB
      Current Block Size 36.0 KB
      Peak Allocated Bytes 32.0 KB
      Overflow Count 0
    [ALLOC_TEMP_Job.Worker 1]
      Initial Block Size 256.0 KB
      Current Block Size 256.0 KB
      Peak Allocated Bytes 7.5 KB
      Overflow Count 0
    [ALLOC_TEMP_Job.Worker 2]
      Initial Block Size 256.0 KB
      Current Block Size 256.0 KB
      Peak Allocated Bytes 5.9 KB
      Overflow Count 0
    [ALLOC_TEMP_Background Job.Worker 3]
      Initial Block Size 32.0 KB
      Current Block Size 36.0 KB
      Peak Allocated Bytes 32.0 KB
      Overflow Count 0
    [ALLOC_TEMP_Background Job.Worker 11]
      Initial Block Size 32.0 KB
      Current Block Size 36.0 KB
      Peak Allocated Bytes 32.0 KB
      Overflow Count 0
    [ALLOC_TEMP_Background Job.Worker 0]
      Initial Block Size 32.0 KB
      Current Block Size 36.0 KB
      Peak Allocated Bytes 32.0 KB
      Overflow Count 0
    [ALLOC_TEMP_CloudJob.Worker 0]
      Initial Block Size 32.0 KB
      Current Block Size 32.0 KB
      Peak Allocated Bytes 15.9 KB
      Overflow Count 0
    [ALLOC_TEMP_HIDInput]
      Initial Block Size 64.0 KB
      Current Block Size 64.0 KB
      Peak Allocated Bytes 10.7 KB
      Overflow Count 0
    [ALLOC_TEMP_Background Job.Worker 4]
      Initial Block Size 32.0 KB
      Current Block Size 36.0 KB
      Peak Allocated Bytes 32.0 KB
      Overflow Count 0
    [ALLOC_TEMP_BatchDeleteObjects]
      Initial Block Size 64.0 KB
      Current Block Size 64.0 KB
      Peak Allocated Bytes 54 B
      Overflow Count 0
[ALLOC_DEFAULT] Dual Thread Allocator
  Peak main deferred allocation count 769
    [ALLOC_BUCKET]
      Large Block size 4.0 MB
      Used Block count 1
      Peak Allocated bytes 4.0 MB
      Failed Allocations. Bucket layout:
        16B: 25 Subsections = 25600 buckets. Failed count: 82614
        32B: 49 Subsections = 25088 buckets. Failed count: 283144
        48B: 57 Subsections = 19456 buckets. Failed count: 214704
        64B: 58 Subsections = 14848 buckets. Failed count: 2339598
        80B: 33 Subsections = 6758 buckets. Failed count: 30035
        96B: 5 Subsections = 853 buckets. Failed count: 129322
        112B: 25 Subsections = 3657 buckets. Failed count: 94151
        128B: 4 Subsections = 512 buckets. Failed count: 44542
    [ALLOC_DEFAULT_MAIN]
      Peak usage frame count: [16.0 MB-32.0 MB]: 1267 frames, [32.0 MB-64.0 MB]: 1 frames
      Requested Block Size 16.0 MB
      Peak Block count 3
      Peak Allocated memory 42.1 MB
      Peak Large allocation bytes 0 B
    [ALLOC_DEFAULT_THREAD]
      Peak usage frame count: [16.0 MB-32.0 MB]: 930 frames, [32.0 MB-64.0 MB]: 338 frames
      Requested Block Size 16.0 MB
      Peak Block count 3
      Peak Allocated memory 54.4 MB
      Peak Large allocation bytes 21.3 MB
[ALLOC_TEMP_JOB_1_FRAME]
  Initial Block Size 2.0 MB
  Used Block Count 1
  Overflow Count (too large) 0
  Overflow Count (full) 0
[ALLOC_TEMP_JOB_2_FRAMES]
  Initial Block Size 2.0 MB
  Used Block Count 1
  Overflow Count (too large) 0
  Overflow Count (full) 0
[ALLOC_TEMP_JOB_4_FRAMES (JobTemp)]
  Initial Block Size 2.0 MB
  Used Block Count 3
  Overflow Count (too large) 0
  Overflow Count (full) 0
[ALLOC_TEMP_JOB_ASYNC (Background)]
  Initial Block Size 1.0 MB
  Used Block Count 7
  Overflow Count (too large) 0
  Overflow Count (full) 0
[ALLOC_GFX] Dual Thread Allocator
  Peak main deferred allocation count 14
    [ALLOC_BUCKET]
      Large Block size 4.0 MB
      Used Block count 1
      Peak Allocated bytes 4.0 MB
      Failed Allocations. Bucket layout:
        16B: 25 Subsections = 25600 buckets. Failed count: 82614
        32B: 49 Subsections = 25088 buckets. Failed count: 283144
        48B: 57 Subsections = 19456 buckets. Failed count: 214704
        64B: 58 Subsections = 14848 buckets. Failed count: 2339598
        80B: 33 Subsections = 6758 buckets. Failed count: 30035
        96B: 5 Subsections = 853 buckets. Failed count: 129322
        112B: 25 Subsections = 3657 buckets. Failed count: 94151
        128B: 4 Subsections = 512 buckets. Failed count: 44542
    [ALLOC_GFX_MAIN]
      Peak usage frame count: [64.0 KB-128.0 KB]: 921 frames, [128.0 KB-256.0 KB]: 4 frames, [0.5 MB-1.0 MB]: 7 frames, [1.0 MB-2.0 MB]: 38 frames, [16.0 MB-32.0 MB]: 298 frames
      Requested Block Size 16.0 MB
      Peak Block count 2
      Peak Allocated memory 20.2 MB
      Peak Large allocation bytes 0 B
    [ALLOC_GFX_THREAD]
      Peak usage frame count: [256.0 KB-0.5 MB]: 539 frames, [0.5 MB-1.0 MB]: 365 frames, [4.0 MB-8.0 MB]: 1 frames, [32.0 MB-64.0 MB]: 15 frames, [64.0 MB-128.0 MB]: 25 frames, [128.0 MB-256.0 MB]: 323 frames
      Requested Block Size 16.0 MB
      Peak Block count 9
      Peak Allocated memory 132.5 MB
      Peak Large allocation bytes 0 B
[ALLOC_CACHEOBJECTS] Dual Thread Allocator
  Peak main deferred allocation count 247
    [ALLOC_BUCKET]
      Large Block size 4.0 MB
      Used Block count 1
      Peak Allocated bytes 4.0 MB
      Failed Allocations. Bucket layout:
        16B: 25 Subsections = 25600 buckets. Failed count: 82614
        32B: 49 Subsections = 25088 buckets. Failed count: 283144
        48B: 57 Subsections = 19456 buckets. Failed count: 214704
        64B: 58 Subsections = 14848 buckets. Failed count: 2339598
        80B: 33 Subsections = 6758 buckets. Failed count: 30035
        96B: 5 Subsections = 853 buckets. Failed count: 129322
        112B: 25 Subsections = 3657 buckets. Failed count: 94151
        128B: 4 Subsections = 512 buckets. Failed count: 44542
    [ALLOC_CACHEOBJECTS_MAIN]
      Peak usage frame count: [128.0 MB-256.0 MB]: 1268 frames
      Requested Block Size 4.0 MB
      Peak Block count 40
      Peak Allocated memory 197.7 MB
      Peak Large allocation bytes 96.2 MB
    [ALLOC_CACHEOBJECTS_THREAD]
      Peak usage frame count: [32.0 MB-64.0 MB]: 296 frames, [64.0 MB-128.0 MB]: 18 frames, [128.0 MB-256.0 MB]: 29 frames, [256.0 MB-0.50 GB]: 15 frames, [0.50 GB-1.00 GB]: 910 frames
      Requested Block Size 4.0 MB
      Peak Block count 212
      Peak Allocated memory 0.88 GB
      Peak Large allocation bytes 314.9 MB
[ALLOC_TYPETREE] Dual Thread Allocator
  Peak main deferred allocation count 0
    [ALLOC_BUCKET]
      Large Block size 4.0 MB
      Used Block count 1
      Peak Allocated bytes 4.0 MB
      Failed Allocations. Bucket layout:
        16B: 25 Subsections = 25600 buckets. Failed count: 82614
        32B: 49 Subsections = 25088 buckets. Failed count: 283144
        48B: 57 Subsections = 19456 buckets. Failed count: 214704
        64B: 58 Subsections = 14848 buckets. Failed count: 2339598
        80B: 33 Subsections = 6758 buckets. Failed count: 30035
        96B: 5 Subsections = 853 buckets. Failed count: 129322
        112B: 25 Subsections = 3657 buckets. Failed count: 94151
        128B: 4 Subsections = 512 buckets. Failed count: 44542
    [ALLOC_TYPETREE_MAIN]
      Peak usage frame count: [4.0 KB-8.0 KB]: 970 frames, [8.0 KB-16.0 KB]: 298 frames
      Requested Block Size 2.0 MB
      Peak Block count 1
      Peak Allocated memory 9.7 KB
      Peak Large allocation bytes 0 B
    [ALLOC_TYPETREE_THREAD]
      Peak usage frame count: [4.0 MB-8.0 MB]: 302 frames, [8.0 MB-16.0 MB]: 30 frames, [16.0 MB-32.0 MB]: 936 frames
      Requested Block Size 2.0 MB
      Peak Block count 10
      Peak Allocated memory 18.2 MB
      Peak Large allocation bytes 0 B
