Log file open, 09/24/25 18:21:30
LogPakFile: Display: Found Pak file ../../../Engine/Programs/CrashReportClient/Content/Paks/CrashReportClient.pak attempting to mount.
LogPakFile: Display: Mounting pak file ../../../Engine/Programs/CrashReportClient/Content/Paks/CrashReportClient.pak.
LogPakFile: PakFile PrimaryIndexSize=77857
LogPakFile: PakFile PathHashIndexSize=186721
LogPakFile: PakFile FullDirectoryIndexSize=118918
LogPakFile: OnPakFileMounted2Time == 0.000001
LogPlatformFile: Not using cached read wrapper
LogTaskGraph: Started task graph with 4 named threads and 10 total threads with 1 sets of task threads.
LogICUInternationalization: ICU TimeZone Detection - Raw Offset: +1:00, Platform Override: ''
LogInit: Display: Loading text-based GConfig....
LogInit: Build: ++UE4+Release-4.27-CL-0
LogInit: Engine Version: 4.27.2-0+++UE4+Release-4.27
LogInit: Compatible Engine Version: 4.27.0-0+++UE4+Release-4.27
LogInit: Net CL: 0
LogInit: OS: Windows 10 (Release 2009) (), CPU: AMD Custom APU 0405, GPU: AMD Custom GPU 0405 (RADV VANGOGH)
LogInit: Compiled (64-bit): Aug 19 2025 03:07:08
LogInit: Compiled with Visual C++: 19.44.35214.00
LogInit: Build Configuration: Shipping
LogInit: Branch Name: ++UE4+Release-4.27
LogInit: Command Line: "../../../Engine/Binaries/Win64/CrashReportClient.exe" "C:/users/steamuser/AppData/Local/ProjectCoral/Saved/Crashes/UE4CC-Windows-73AA52D849AFEFD92DA08AB23A624E00_0000" -AppName=UE4-ProjectCoral -CrashGUID=UE4CC-Windows-73AA52D849AFEFD92DA08AB23A624E00_0000 -DebugSymbols=..\..\..\Engine\Intermediate\Symbols
LogInit: Base Directory: X:/.local/share/partydeck/gamesyms/coralisland/Engine/Binaries/Win64/
LogInit: Allocator: TBB
LogInit: Installed Engine Build: 1
LogInit: Presizing for max 100000 objects, including 0 objects not considered by GC, pre-allocating 0 bytes for permanent pool.
LogConfig: Applying CVar settings from Section [/Script/Engine.StreamingSettings] File [C:/users/steamuser/AppData/Local/CrashReportClient/Saved/Config/Windows/Engine.ini]
LogInit: Object subsystem initialized
LogConfig: Applying CVar settings from Section [ConsoleVariables] File [C:/users/steamuser/AppData/Local/CrashReportClient/Saved/Config/Windows/Engine.ini]
[2025.09.24-16.21.30:120][  0]LogInit: Computer: STEAMDECK
[2025.09.24-16.21.30:120][  0]LogInit: User: steamuser
[2025.09.24-16.21.30:120][  0]LogInit: CPU Page size=4096, Cores=4
[2025.09.24-16.21.30:120][  0]LogInit: High frequency timer resolution =10.000000 MHz
[2025.09.24-16.21.30:120][  0]LogMemory: Memory total: Physical=14.5GB (15GB approx)
[2025.09.24-16.21.30:120][  0]LogMemory: Platform Memory Stats for Windows
[2025.09.24-16.21.30:120][  0]LogMemory: Process Physical Memory: 96.51 MB used, 96.51 MB peak
[2025.09.24-16.21.30:120][  0]LogMemory: Process Virtual Memory: 64.69 MB used, 64.69 MB peak
[2025.09.24-16.21.30:120][  0]LogMemory: Physical Memory: 5981.48 MB used,  8828.05 MB free, 14809.53 MB total
[2025.09.24-16.21.30:121][  0]LogMemory: Virtual Memory: 134201136.00 MB used,  16595.08 MB free, 134217728.00 MB total
[2025.09.24-16.21.30:127][  0]LogUObjectArray: 363 objects as part of root set at end of initial load.
[2025.09.24-16.21.30:127][  0]LogUObjectAllocator: 62640 out of 0 bytes used by permanent object pool.
[2025.09.24-16.21.30:127][  0]LogUObjectArray: CloseDisregardForGC: 0/0 objects in disregard for GC pool
[2025.09.24-16.21.30:127][  0]LogPaths: Warning: No paths for game localization data were specifed in the game configuration.
[2025.09.24-16.21.30:127][  0]LogInit: Using OS detected language (en-US).
[2025.09.24-16.21.30:127][  0]LogInit: Using OS detected locale (en-US).
[2025.09.24-16.21.30:128][  0]LogInit: Warning: No paths for engine localization data were specifed in the engine configuration.
[2025.09.24-16.21.30:128][  0]LogTextLocalizationManager: No localization for 'en-US' exists, so 'en' will be used for the language.
[2025.09.24-16.21.30:128][  0]LogTextLocalizationManager: No localization for 'en-US' exists, so 'en' will be used for the locale.
[2025.09.24-16.21.30:128][  0]LogInit: Using OS detected language (en-US).
[2025.09.24-16.21.30:128][  0]LogInit: Using OS detected locale (en-US).
[2025.09.24-16.21.30:128][  0]LogTextLocalizationManager: No localization for 'en-US' exists, so 'en' will be used for the language.
[2025.09.24-16.21.30:128][  0]LogTextLocalizationManager: No localization for 'en-US' exists, so 'en' will be used for the locale.
[2025.09.24-16.21.30:128][  0]LogTextLocalizationManager: Compacting localization data took   0.00ms
[2025.09.24-16.21.30:128][  0]LogPackageLocalizationCache: Processed 2 localized package path(s) for 1 prioritized culture(s) in 0.000270 seconds
[2025.09.24-16.21.30:128][  0]CrashReportCoreLog: CrashReportClientVersion=1.0
[2025.09.24-16.21.30:128][  0]CrashReportCoreLog: CrashReportReceiver disabled
[2025.09.24-16.21.30:129][  0]CrashReportCoreLog: DataRouterUrl: https://datarouter.ol.epicgames.com/datarouter/api/v1/public/data
[2025.09.24-16.21.30:129][  0]LogCrashDebugHelper: DepotName: //UE4/Release-4.27
[2025.09.24-16.21.30:129][  0]LogCrashDebugHelper: BuiltFromCL: 0
[2025.09.24-16.21.30:129][  0]LogCrashDebugHelper: EngineVersion: 4.27.2-0+++UE4+Release-4.27
[2025.09.24-16.21.30:129][  0]LogCrashDebugHelper: BuildVersion: ++UE4+Release-4.27-CL-0
[2025.09.24-16.21.30:136][  0]LogWindowsTextInputMethodSystem: Display: IME system deactivated.
[2025.09.24-16.21.30:148][  0]LogSlate: New Slate User Created.  User Index 0, Is Virtual User: 0
[2025.09.24-16.21.30:148][  0]LogSlate: Slate User Registered.  User Index 0, Is Virtual User: 0
[2025.09.24-16.21.30:155][  0]LogSlate: Using FreeType 2.10.0
[2025.09.24-16.21.30:155][  0]LogSlate: SlateFontServices - WITH_FREETYPE: 1, WITH_HARFBUZZ: 1
[2025.09.24-16.21.30:243][  0]CrashReportCoreLog: Initial state = Unknown UploadState value
[2025.09.24-16.21.30:243][  0]CrashReportCoreLog: Initial state = Unknown UploadState value
[2025.09.24-16.21.30:291][  0]LogCrashDebugHelper: DepotName: //UE4/Release-4.27
[2025.09.24-16.21.30:291][  0]LogCrashDebugHelper: BuiltFromCL: 0
[2025.09.24-16.21.30:291][  0]LogCrashDebugHelper: EngineVersion: 4.27.2-0+++UE4+Release-4.27
[2025.09.24-16.21.30:291][  0]LogCrashDebugHelper: BuildVersion: ++UE4+Release-4.27-CL-0
[2025.09.24-16.21.30:291][  0]LogCrashDebugHelper: Warning: Failed to open minidump file: C:/users/steamuser/AppData/Local/ProjectCoral/Saved/Crashes/UE4CC-Windows-73AA52D849AFEFD92DA08AB23A624E00_0000/UE4Minidump.dmp
[2025.09.24-16.21.30:291][  0]LogCrashDebugHelper: Warning: Failed to open crash dump file: C:/users/steamuser/AppData/Local/ProjectCoral/Saved/Crashes/UE4CC-Windows-73AA52D849AFEFD92DA08AB23A624E00_0000/UE4Minidump.dmp
[2025.09.24-16.21.30:291][  0]LogSlate: Took 0.000078 seconds to synchronously load lazily loaded font '../../../Engine/Content/Slate/Fonts/Roboto-Regular.ttf' (155K)
[2025.09.24-16.21.30:292][  0]LogSlate: Took 0.000209 seconds to synchronously load lazily loaded font '../../../Engine/Content/Slate/Fonts/Roboto-Bold.ttf' (160K)
[2025.09.24-16.21.30:295][  0]LogSlate: Took 0.000196 seconds to synchronously load lazily loaded font '../../../Engine/Content/Slate/Fonts/Roboto-Italic.ttf' (157K)
[2025.09.24-16.22.21:265][  0]LogSlate: Request Window 'Unreal Engine 4 Crash Reporter' being destroyed
[2025.09.24-16.22.21:266][  0]LogSlate: Window 'Unreal Engine 4 Crash Reporter' being destroyed
[2025.09.24-16.22.21:271][  0]LogCore: Engine exit requested (reason: OnRequestExit)
[2025.09.24-16.22.21:272][  0]CrashReportCoreLog: Final state (Receiver) = Ready
[2025.09.24-16.22.21:272][  0]CrashReportCoreLog: Final state (Receiver) = Unknown UploadState value
[2025.09.24-16.22.21:291][  0]LogSlate: Slate User Destroyed.  User Index 0, Is Virtual User: 0
[2025.09.24-16.22.21:291][  0]LogCore: Engine exit requested (reason: CrashReportClientApp RequestExit; note: exit was already requested)
[2025.09.24-16.22.21:291][  0]LogExit: Preparing to exit.
[2025.09.24-16.22.21:292][  0]LogExit: Object subsystem successfully closed.
[2025.09.24-16.22.21:300][  0]LogModuleManager: Shutting down and abandoning module ImageWrapper (12)
[2025.09.24-16.22.21:300][  0]LogModuleManager: Shutting down and abandoning module InputCore (10)
[2025.09.24-16.22.21:300][  0]LogModuleManager: Shutting down and abandoning module CrashDebugHelper (8)
[2025.09.24-16.22.21:300][  0]LogModuleManager: Shutting down and abandoning module CoreUObject (6)
[2025.09.24-16.22.21:300][  0]LogModuleManager: Shutting down and abandoning module PakFile (4)
[2025.09.24-16.22.21:300][  0]LogModuleManager: Shutting down and abandoning module RSA (3)
[2025.09.24-16.22.21:303][  0]LogExit: Exiting.
[2025.09.24-16.22.21:304][  0]Log file closed, 09/24/25 18:22:21
