Initialize engine version: 2019.4.24f1 (5da6f0345e82)
[Subsystems] Discovering subsystems at path X:/.local/share/partydeck/gamesyms/TheSurvivalists/The Survivalists_Data/UnitySubsystems
GfxDevice: creating device client; threaded=1
Direct3D:
    Version:  Direct3D 11.0 [level 11.1]
    Renderer: AMD Custom GPU 0405 (RADV VANGOGH) (ID=0x163f)
    Vendor:   (null)
    VRAM:     3072 MB
    Driver:   31.0.21902.5
Failed to save a temporary cursor file to 'C:\users\steamuser\AppData\Local\Temp\' because this directory does not exist. 
(Filename:  Line: 244)

D3D11 device created for Microsoft Media Foundation video decoding.
<RI> Initializing input.
<RI> Input initialized.
<RI> Initialized touch support.
UnloadTime: 1.301300 ms
GarbageCollector disposing of ComputeBuffer. Please use ComputeBuffer.Release() or .Dispose() to manually release the buffer.
UnityEngine.DebugLogHandler:LogFormat(LogType, Object, String, Object[])
UnityEngine.Logger:Log(LogType, Object)
UnityEngine.ComputeBuffer:Dispose(Boolean)
UnityEngine.ComputeBuffer:Finalize()
 
(Filename: C:\buildslave\unity\build\Runtime/Export/Debug/Debug.bindings.h Line: 39)

GarbageCollector disposing of ComputeBuffer. Please use ComputeBuffer.Release() or .Dispose() to manually release the buffer.
UnityEngine.DebugLogHandler:LogFormat(LogType, Object, String, Object[])
UnityEngine.Logger:Log(LogType, Object)
UnityEngine.ComputeBuffer:Dispose(Boolean)
UnityEngine.ComputeBuffer:Finalize()
 
(Filename: C:\buildslave\unity\build\Runtime/Export/Debug/Debug.bindings.h Line: 39)

GarbageCollector disposing of ComputeBuffer. Please use ComputeBuffer.Release() or .Dispose() to manually release the buffer.
UnityEngine.DebugLogHandler:LogFormat(LogType, Object, String, Object[])
UnityEngine.Logger:Log(LogType, Object)
UnityEngine.ComputeBuffer:Dispose(Boolean)
UnityEngine.ComputeBuffer:Finalize()
 
(Filename: C:\buildslave\unity\build\Runtime/Export/Debug/Debug.bindings.h Line: 39)

GarbageCollector disposing of ComputeBuffer. Please use ComputeBuffer.Release() or .Dispose() to manually release the buffer.
UnityEngine.DebugLogHandler:LogFormat(LogType, Object, String, Object[])
UnityEngine.Logger:Log(LogType, Object)
UnityEngine.ComputeBuffer:Dispose(Boolean)
UnityEngine.ComputeBuffer:Finalize()
 
(Filename: C:\buildslave\unity\build\Runtime/Export/Debug/Debug.bindings.h Line: 39)

Shader 'Legacy Shaders/Diffuse': fallback shader 'Legacy Shaders/VertexLit' not found
SpriteAtlasManager.atlasRequested wasn't listened to while Baby_DingoWolf requested. 
(Filename:  Line: 251)

SpriteAtlasManager.atlasRequested wasn't listened to while Baby_Boar requested. 
(Filename:  Line: 251)

SpriteAtlasManager.atlasRequested wasn't listened to while Baby_Boar requested. 
(Filename:  Line: 251)

SpriteAtlasManager.atlasRequested wasn't listened to while Baby_Boar requested. 
(Filename:  Line: 251)

SpriteAtlasManager.atlasRequested wasn't listened to while Baby_Boar requested. 
(Filename:  Line: 251)

SpriteAtlasManager.atlasRequested wasn't listened to while Baby_Boar requested. 
(Filename:  Line: 251)

SpriteAtlasManager.atlasRequested wasn't listened to while Baby_Boar requested. 
(Filename:  Line: 251)

SpriteAtlasManager.atlasRequested wasn't listened to while Baby_Boar requested. 
(Filename:  Line: 251)

SpriteAtlasManager.atlasRequested wasn't listened to while AxeFanaticBodyAnimData requested. 
(Filename:  Line: 251)

SpriteAtlasManager.atlasRequested wasn't listened to while AxeFanaticBodyAnimData requested. 
(Filename:  Line: 251)

SpriteAtlasManager.atlasRequested wasn't listened to while AxeFanaticBodyAnimData requested. 
(Filename:  Line: 251)

SpriteAtlasManager.atlasRequested wasn't listened to while AxeFanaticBodyAnimData requested. 
(Filename:  Line: 251)

SpriteAtlasManager.atlasRequested wasn't listened to while AxeFanaticBodyAnimData requested. 
(Filename:  Line: 251)

SpriteAtlasManager.atlasRequested wasn't listened to while AxeFanaticBodyAnimData requested. 
(Filename:  Line: 251)

SpriteAtlasManager.atlasRequested wasn't listened to while AxeFanaticBodyAnimData requested. 
(Filename:  Line: 251)

SpriteAtlasManager.atlasRequested wasn't listened to while AxeFanaticBodyAnimData requested. 
(Filename:  Line: 251)

SpriteAtlasManager.atlasRequested wasn't listened to while AxeFanaticBodyAnimData requested. 
(Filename:  Line: 251)

SpriteAtlasManager.atlasRequested wasn't listened to while AxeFanaticBodyAnimData requested. 
(Filename:  Line: 251)

SpriteAtlasManager.atlasRequested wasn't listened to while AxeFanaticBodyAnimData requested. 
(Filename:  Line: 251)

SpriteAtlasManager.atlasRequested wasn't listened to while AxeFanaticBodyAnimData requested. 
(Filename:  Line: 251)

The referenced script (Unknown) on this Behaviour is missing! 
(Filename:  Line: 199)

The referenced script on this Behaviour (Game Object '<null>') is missing! 
(Filename:  Line: 334)

The referenced script (Unknown) on this Behaviour is missing! 
(Filename:  Line: 199)

The referenced script on this Behaviour (Game Object '<null>') is missing! 
(Filename:  Line: 334)

The referenced script (Unknown) on this Behaviour is missing! 
(Filename:  Line: 199)

The referenced script on this Behaviour (Game Object '<null>') is missing! 
(Filename:  Line: 334)

The referenced script (Unknown) on this Behaviour is missing! 
(Filename:  Line: 199)

The referenced script on this Behaviour (Game Object '<null>') is missing! 
(Filename:  Line: 334)

The referenced script (Unknown) on this Behaviour is missing! 
(Filename:  Line: 199)

The referenced script on this Behaviour (Game Object '<null>') is missing! 
(Filename:  Line: 334)

The referenced script (Unknown) on this Behaviour is missing! 
(Filename:  Line: 199)

The referenced script on this Behaviour (Game Object '<null>') is missing! 
(Filename:  Line: 334)

The referenced script (Unknown) on this Behaviour is missing! 
(Filename:  Line: 199)

The referenced script on this Behaviour (Game Object '<null>') is missing! 
(Filename:  Line: 334)

The referenced script (Unknown) on this Behaviour is missing! 
(Filename:  Line: 199)

The referenced script on this Behaviour (Game Object '<null>') is missing! 
(Filename:  Line: 334)

Rewired: Searching for compatible XInput library...
UnityEngine.DebugLogHandler:LogFormat(LogType, Object, String, Object[])
UnityEngine.Logger:Log(String, Object)
Rewired.Logger:LogNow(Object, Boolean)
Rewired.Logger:Log(Object, Boolean)
Rewired.Logger:Log(Object)
XnyduvkjhhHugnTTEznkSbKGPUw:.ctor(Boolean, UpdateLoopSetting, Func`2, Func`1)
UXeHpNOyhJnofLjuYriGTUmHavX:uKEQekXUZxpjtXQkrlZkPjXNxzg(ConfigVars, Boolean)
UXeHpNOyhJnofLjuYriGTUmHavX:.ctor(ConfigVars, Func`2, Func`1)
Rewired.InputManagers.Initializer:Initialize(ConfigVars)
jvnTizFfuAWTUaGHNGnMaDSOCJec:GSGlKfdGhQrRnwYnYsDvGMRuAmNC(String, List`1, ConfigVars)
Rewired.InputManager_Base:InitializePlatform(ConfigVars)
System.Func`2:Invoke(T)
Rewired.ReInput:bXimeEtAgBQScXSoYNMnNUJIMuV(Func`2)
Rewired.ReInput:GSGlKfdGhQrRnwYnYsDvGMRuAmNC(InputManager_Base, Func`2, ConfigVars, ControllerDataFiles, UserData)
Rewired.InputManager_Base:Initialize()
Rewired.InputManager_Base:Awake()
UnityEngine.Object:Internal_CloneSingle(Object)
UnityEngine.Object:Instantiate(T)
Services:Awake()
UnityEngine.Object:Internal_CloneSingle(Object)
UnityEngine.Object:Instantiate(T)
UnityEngine.ResourceManagement.ResourceProviders.InstantiationParameters:Instantiate(TObject)
UnityEngine.ResourceManagement.ResourceProviders.InstanceProvider:ProvideInstance(ResourceManager, AsyncOperationHandle`1, InstantiationParameters)
UnityEngine.ResourceManagement.InstanceOperation:Execute()
UnityEngine.ResourceManagement.AsyncOperations.AsyncOperationBase`1:InvokeExecute()
UnityEngine.ResourceManagement.AsyncOperations.AsyncOperationBase`1:<.ctor>b__34_0(AsyncOperationHandle)
System.Action`1:Invoke(T)
UnityEngine.ResourceManagement.AsyncOperations.<>c__DisplayClass55_0:<add_CompletedTypeless>b__0(AsyncOperationHandle`1)
System.Action`1:Invoke(T)
DelegateList`1:Invoke(T)
UnityEngine.ResourceManagement.AsyncOperations.AsyncOperationBase`1:InvokeCompletionEvent()
UnityEngine.ResourceManagement.AsyncOperations.AsyncOperationBase`1:Complete(TObject, Boolean, String, Boolean)
UnityEngine.ResourceManagement.AsyncOperations.ProviderOperation`1:ProviderCompleted(T, Boolean, Exception)
UnityEngine.ResourceManagement.ResourceProviders.ProvideHandle:Complete(T, Boolean, Exception)
UnityEngine.ResourceManagement.ResourceProviders.InternalOp:ActionComplete(AsyncOperation)
System.Action`1:Invoke(T)
UnityEngine.AsyncOperation:InvokeCompletionEvent()
 
(Filename: C:\buildslave\unity\build\Runtime/Export/Debug/Debug.bindings.h Line: 39)

Rewired: Found Xinput1_4.dll.
UnityEngine.DebugLogHandler:LogFormat(LogType, Object, String, Object[])
UnityEngine.Logger:Log(String, Object)
Rewired.Logger:LogNow(Object, Boolean)
Rewired.Logger:Log(Object, Boolean)
Rewired.Logger:Log(Object)
XnyduvkjhhHugnTTEznkSbKGPUw:.ctor(Boolean, UpdateLoopSetting, Func`2, Func`1)
UXeHpNOyhJnofLjuYriGTUmHavX:uKEQekXUZxpjtXQkrlZkPjXNxzg(ConfigVars, Boolean)
UXeHpNOyhJnofLjuYriGTUmHavX:.ctor(ConfigVars, Func`2, Func`1)
Rewired.InputManagers.Initializer:Initialize(ConfigVars)
jvnTizFfuAWTUaGHNGnMaDSOCJec:GSGlKfdGhQrRnwYnYsDvGMRuAmNC(String, List`1, ConfigVars)
Rewired.InputManager_Base:InitializePlatform(ConfigVars)
System.Func`2:Invoke(T)
Rewired.ReInput:bXimeEtAgBQScXSoYNMnNUJIMuV(Func`2)
Rewired.ReInput:GSGlKfdGhQrRnwYnYsDvGMRuAmNC(InputManager_Base, Func`2, ConfigVars, ControllerDataFiles, UserData)
Rewired.InputManager_Base:Initialize()
Rewired.InputManager_Base:Awake()
UnityEngine.Object:Internal_CloneSingle(Object)
UnityEngine.Object:Instantiate(T)
Services:Awake()
UnityEngine.Object:Internal_CloneSingle(Object)
UnityEngine.Object:Instantiate(T)
UnityEngine.ResourceManagement.ResourceProviders.InstantiationParameters:Instantiate(TObject)
UnityEngine.ResourceManagement.ResourceProviders.InstanceProvider:ProvideInstance(ResourceManager, AsyncOperationHandle`1, InstantiationParameters)
UnityEngine.ResourceManagement.InstanceOperation:Execute()
UnityEngine.ResourceManagement.AsyncOperations.AsyncOperationBase`1:InvokeExecute()
UnityEngine.ResourceManagement.AsyncOperations.AsyncOperationBase`1:<.ctor>b__34_0(AsyncOperationHandle)
System.Action`1:Invoke(T)
UnityEngine.ResourceManagement.AsyncOperations.<>c__DisplayClass55_0:<add_CompletedTypeless>b__0(AsyncOperationHandle`1)
System.Action`1:Invoke(T)
DelegateList`1:Invoke(T)
UnityEngine.ResourceManagement.AsyncOperations.AsyncOperationBase`1:InvokeCompletionEvent()
UnityEngine.ResourceManagement.AsyncOperations.AsyncOperationBase`1:Complete(TObject, Boolean, String, Boolean)
UnityEngine.ResourceManagement.AsyncOperations.ProviderOperation`1:ProviderCompleted(T, Boolean, Exception)
UnityEngine.ResourceManagement.ResourceProviders.ProvideHandle:Complete(T, Boolean, Exception)
UnityEngine.ResourceManagement.ResourceProviders.InternalOp:ActionComplete(AsyncOperation)
System.Action`1:Invoke(T)
UnityEngine.AsyncOperation:InvokeCompletionEvent()
 
(Filename: C:\buildslave\unity\build\Runtime/Export/Debug/Debug.bindings.h Line: 39)

Callback registered Steamworks.GameLobbyJoinRequested_t
UnityEngine.DebugLogHandler:LogFormat(LogType, Object, String, Object[])
UnityEngine.Logger:Log(LogType, Object)
UnityEngine.Debug:Log(Object)
Steamworks.CallbackHub`1:RegisterCallback(DispatchDelegate)
Team17.Online.SteamOnlinePlatformManager:Start()
 
(Filename: C:\buildslave\unity\build\Runtime/Export/Debug/Debug.bindings.h Line: 39)

Callback registered Steamworks.LobbyMatchList_t
UnityEngine.DebugLogHandler:LogFormat(LogType, Object, String, Object[])
UnityEngine.Logger:Log(LogType, Object)
UnityEngine.Debug:Log(Object)
Steamworks.CallbackHub`1:RegisterCallback(DispatchDelegate)
Team17.Online.SteamOnlineMultiplayerSessionEnumerateCoordinator:Initialize(OnlineMultiplayerSessionPropertyCoordinator)
Team17.Online.SteamOnlinePlatformManager:Start()
 
(Filename: C:\buildslave\unity\build\Runtime/Export/Debug/Debug.bindings.h Line: 39)

Callback registered Steamworks.P2PSessionConnectFail_t
UnityEngine.DebugLogHandler:LogFormat(LogType, Object, String, Object[])
UnityEngine.Logger:Log(LogType, Object)
UnityEngine.Debug:Log(Object)
Steamworks.CallbackHub`1:RegisterCallback(DispatchDelegate)
Team17.Online.SteamOnlineMultiplayerSessionCoordinator:Initialize(OnlineMultiplayerSessionPropertyCoordinator, OnlineMultiplayerTransportStats)
Team17.Online.SteamOnlinePlatformManager:Start()
 
(Filename: C:\buildslave\unity\build\Runtime/Export/Debug/Debug.bindings.h Line: 39)

Callback registered Steamworks.P2PSessionRequest_t
UnityEngine.DebugLogHandler:LogFormat(LogType, Object, String, Object[])
UnityEngine.Logger:Log(LogType, Object)
UnityEngine.Debug:Log(Object)
Steamworks.CallbackHub`1:RegisterCallback(DispatchDelegate)
Team17.Online.SteamOnlineMultiplayerSessionCoordinator:Initialize(OnlineMultiplayerSessionPropertyCoordinator, OnlineMultiplayerTransportStats)
Team17.Online.SteamOnlinePlatformManager:Start()
 
(Filename: C:\buildslave\unity\build\Runtime/Export/Debug/Debug.bindings.h Line: 39)

Callback registered Steamworks.LobbyCreated_t
UnityEngine.DebugLogHandler:LogFormat(LogType, Object, String, Object[])
UnityEngine.Logger:Log(LogType, Object)
UnityEngine.Debug:Log(Object)
Steamworks.CallbackHub`1:RegisterCallback(DispatchDelegate)
Team17.Online.SteamOnlineMultiplayerSessionCoordinator:Initialize(OnlineMultiplayerSessionPropertyCoordinator, OnlineMultiplayerTransportStats)
Team17.Online.SteamOnlinePlatformManager:Start()
 
(Filename: C:\buildslave\unity\build\Runtime/Export/Debug/Debug.bindings.h Line: 39)

Callback registered Steamworks.LobbyEnter_t
UnityEngine.DebugLogHandler:LogFormat(LogType, Object, String, Object[])
UnityEngine.Logger:Log(LogType, Object)
UnityEngine.Debug:Log(Object)
Steamworks.CallbackHub`1:RegisterCallback(DispatchDelegate)
Team17.Online.SteamOnlineMultiplayerSessionCoordinator:Initialize(OnlineMultiplayerSessionPropertyCoordinator, OnlineMultiplayerTransportStats)
Team17.Online.SteamOnlinePlatformManager:Start()
 
(Filename: C:\buildslave\unity\build\Runtime/Export/Debug/Debug.bindings.h Line: 39)

Callback registered Steamworks.LobbyChatUpdate_t
UnityEngine.DebugLogHandler:LogFormat(LogType, Object, String, Object[])
UnityEngine.Logger:Log(LogType, Object)
UnityEngine.Debug:Log(Object)
Steamworks.CallbackHub`1:RegisterCallback(DispatchDelegate)
Team17.Online.SteamOnlineMultiplayerSessionCoordinator:Initialize(OnlineMultiplayerSessionPropertyCoordinator, OnlineMultiplayerTransportStats)
Team17.Online.SteamOnlinePlatformManager:Start()
 
(Filename: C:\buildslave\unity\build\Runtime/Export/Debug/Debug.bindings.h Line: 39)

Callback registered Steamworks.PersonaStateChange_t
UnityEngine.DebugLogHandler:LogFormat(LogType, Object, String, Object[])
UnityEngine.Logger:Log(LogType, Object)
UnityEngine.Debug:Log(Object)
Steamworks.CallbackHub`1:RegisterCallback(DispatchDelegate)
Team17.Online.SteamOnlinePlatformManager:Start()
 
(Filename: C:\buildslave\unity\build\Runtime/Export/Debug/Debug.bindings.h Line: 39)

Callback registered Steamworks.AvatarImageLoaded_t
UnityEngine.DebugLogHandler:LogFormat(LogType, Object, String, Object[])
UnityEngine.Logger:Log(LogType, Object)
UnityEngine.Debug:Log(Object)
Steamworks.CallbackHub`1:RegisterCallback(DispatchDelegate)
Team17.Online.SteamOnlinePlatformManager:Start()
 
(Filename: C:\buildslave\unity\build\Runtime/Export/Debug/Debug.bindings.h Line: 39)

Callback registered Steamworks.DlcInstalled_t
UnityEngine.DebugLogHandler:LogFormat(LogType, Object, String, Object[])
UnityEngine.Logger:Log(LogType, Object)
UnityEngine.Debug:Log(Object)
Steamworks.CallbackHub`1:RegisterCallback(DispatchDelegate)
DLC.DLCPlatform_Steam:InitialisePlatform()
DLCService:Start()
 
(Filename: C:\buildslave\unity\build\Runtime/Export/Debug/Debug.bindings.h Line: 39)

[FMOD] Please add an 'FMOD Studio Listener' component to your a camera in the scene for correct 3D positioning of sounds
UnityEngine.DebugLogHandler:LogFormat(LogType, Object, String, Object[])
UnityEngine.Logger:Log(LogType, Object)
UnityEngine.Debug:LogWarning(Object)
FMODUnity.RuntimeManager:Update()
 
(Filename: C:\buildslave\unity\build\Runtime/Export/Debug/Debug.bindings.h Line: 39)

SpriteAtlasManager.atlasRequested wasn't listened to while AxeFanaticBodyAnimData requested. 
(Filename:  Line: 251)

SpriteAtlasManager.atlasRequested wasn't listened to while AxeFanaticBodyAnimData requested. 
(Filename:  Line: 251)

SpriteAtlasManager.atlasRequested wasn't listened to while AxeFanaticBodyAnimData requested. 
(Filename:  Line: 251)

SpriteAtlasManager.atlasRequested wasn't listened to while AxeFanaticBodyAnimData requested. 
(Filename:  Line: 251)

SpriteAtlasManager.atlasRequested wasn't listened to while AxeFanaticBodyAnimData requested. 
(Filename:  Line: 251)

SpriteAtlasManager.atlasRequested wasn't listened to while AxeFanaticBodyAnimData requested. 
(Filename:  Line: 251)

SpriteAtlasManager.atlasRequested wasn't listened to while AxeFanaticBodyAnimData requested. 
(Filename:  Line: 251)

SpriteAtlasManager.atlasRequested wasn't listened to while AxeFanaticBodyAnimData requested. 
(Filename:  Line: 251)

SpriteAtlasManager.atlasRequested wasn't listened to while AxeFanaticBodyAnimData requested. 
(Filename:  Line: 251)

SpriteAtlasManager.atlasRequested wasn't listened to while AxeFanaticBodyAnimData requested. 
(Filename:  Line: 251)

SpriteAtlasManager.atlasRequested wasn't listened to while AxeFanaticBodyAnimData requested. 
(Filename:  Line: 251)

SpriteAtlasManager.atlasRequested wasn't listened to while AxeFanaticBodyAnimData requested. 
(Filename:  Line: 251)

SpriteAtlasManager.atlasRequested wasn't listened to while AxeFanaticBodyAnimData requested. 
(Filename:  Line: 251)

Unloading 5 Unused Serialized files (Serialized files now loaded: 83)

Unloading 114 unused Assets to reduce memory usage. Loaded Objects now: 160876.
Total: 658.603400 ms (FindLiveObjects: 16.520200 ms CreateObjectMapping: 16.726400 ms MarkObjects: 623.613800 ms  DeleteObjects: 1.742000 ms)

Unloading 0 Unused Serialized files (Serialized files now loaded: 70)

Unloading 4605 unused Assets to reduce memory usage. Loaded Objects now: 149352.
Total: 543.354300 ms (FindLiveObjects: 10.205300 ms CreateObjectMapping: 12.737300 ms MarkObjects: 514.040600 ms  DeleteObjects: 6.370200 ms)

SpriteAtlasManager.atlasRequested wasn't listened to while AxeFanaticBodyAnimData requested. 
(Filename:  Line: 251)

SpriteAtlasManager.atlasRequested wasn't listened to while AxeFanaticBodyAnimData requested. 
(Filename:  Line: 251)

SpriteAtlasManager.atlasRequested wasn't listened to while AxeFanaticBodyAnimData requested. 
(Filename:  Line: 251)

ZXZX: CreateGenerationCosmeticState.OnStart - Initialised(False) Initialising(False)
UnityEngine.DebugLogHandler:LogFormat(LogType, Object, String, Object[])
UnityEngine.Logger:Log(LogType, Object)
UnityEngine.Debug:Log(Object)
CreateGenerationCosmeticsState:OnStart(Single, Type)
GameContext:Update()
TheEntireGameState:UpdateState(Single)
FrameworkContext:Update()
 
(Filename: C:\buildslave\unity\build\Runtime/Export/Debug/Debug.bindings.h Line: 39)

ZXZX: CreateGenerationCosmeticState.OnStart - Initialised(False) Initialising(True)
UnityEngine.DebugLogHandler:LogFormat(LogType, Object, String, Object[])
UnityEngine.Logger:Log(LogType, Object)
UnityEngine.Debug:Log(Object)
CreateGenerationCosmeticsState:OnStart(Single, Type)
GameContext:Update()
TheEntireGameState:UpdateState(Single)
FrameworkContext:Update()
 
(Filename: C:\buildslave\unity\build\Runtime/Export/Debug/Debug.bindings.h Line: 39)

ZXZX: CreateGenerationCosmeticState.OnStart - Initialised(False) Initialising(True)
UnityEngine.DebugLogHandler:LogFormat(LogType, Object, String, Object[])
UnityEngine.Logger:Log(LogType, Object)
UnityEngine.Debug:Log(Object)
CreateGenerationCosmeticsState:OnStart(Single, Type)
GameContext:Update()
TheEntireGameState:UpdateState(Single)
FrameworkContext:Update()
 
(Filename: C:\buildslave\unity\build\Runtime/Export/Debug/Debug.bindings.h Line: 39)

ZXZX: CreateGenerationCosmeticState.OnStart - Initialised(False) Initialising(True)
UnityEngine.DebugLogHandler:LogFormat(LogType, Object, String, Object[])
UnityEngine.Logger:Log(LogType, Object)
UnityEngine.Debug:Log(Object)
CreateGenerationCosmeticsState:OnStart(Single, Type)
GameContext:Update()
TheEntireGameState:UpdateState(Single)
FrameworkContext:Update()
 
(Filename: C:\buildslave\unity\build\Runtime/Export/Debug/Debug.bindings.h Line: 39)

ZXZX: CreateGenerationCosmeticState.OnStart - Initialised(False) Initialising(True)
UnityEngine.DebugLogHandler:LogFormat(LogType, Object, String, Object[])
UnityEngine.Logger:Log(LogType, Object)
UnityEngine.Debug:Log(Object)
CreateGenerationCosmeticsState:OnStart(Single, Type)
GameContext:Update()
TheEntireGameState:UpdateState(Single)
FrameworkContext:Update()
 
(Filename: C:\buildslave\unity\build\Runtime/Export/Debug/Debug.bindings.h Line: 39)

ZXZX: CreateGenerationCosmeticState.OnStart - Initialised(False) Initialising(True)
UnityEngine.DebugLogHandler:LogFormat(LogType, Object, String, Object[])
UnityEngine.Logger:Log(LogType, Object)
UnityEngine.Debug:Log(Object)
CreateGenerationCosmeticsState:OnStart(Single, Type)
GameContext:Update()
TheEntireGameState:UpdateState(Single)
FrameworkContext:Update()
 
(Filename: C:\buildslave\unity\build\Runtime/Export/Debug/Debug.bindings.h Line: 39)

ZXZX: CreateGenerationCosmeticState.OnStart - Initialised(False) Initialising(True)
UnityEngine.DebugLogHandler:LogFormat(LogType, Object, String, Object[])
UnityEngine.Logger:Log(LogType, Object)
UnityEngine.Debug:Log(Object)
CreateGenerationCosmeticsState:OnStart(Single, Type)
GameContext:Update()
TheEntireGameState:UpdateState(Single)
FrameworkContext:Update()
 
(Filename: C:\buildslave\unity\build\Runtime/Export/Debug/Debug.bindings.h Line: 39)

ZXZX: CreateGenerationCosmeticState.OnStart - Initialised(False) Initialising(True)
UnityEngine.DebugLogHandler:LogFormat(LogType, Object, String, Object[])
UnityEngine.Logger:Log(LogType, Object)
UnityEngine.Debug:Log(Object)
CreateGenerationCosmeticsState:OnStart(Single, Type)
GameContext:Update()
TheEntireGameState:UpdateState(Single)
FrameworkContext:Update()
 
(Filename: C:\buildslave\unity\build\Runtime/Export/Debug/Debug.bindings.h Line: 39)

ZXZX: CreateGenerationCosmeticState.OnStart - Initialised(False) Initialising(True)
UnityEngine.DebugLogHandler:LogFormat(LogType, Object, String, Object[])
UnityEngine.Logger:Log(LogType, Object)
UnityEngine.Debug:Log(Object)
CreateGenerationCosmeticsState:OnStart(Single, Type)
GameContext:Update()
TheEntireGameState:UpdateState(Single)
FrameworkContext:Update()
 
(Filename: C:\buildslave\unity\build\Runtime/Export/Debug/Debug.bindings.h Line: 39)

ZXZX: CreateGenerationCosmeticState.OnStart - Initialised(False) Initialising(True)
UnityEngine.DebugLogHandler:LogFormat(LogType, Object, String, Object[])
UnityEngine.Logger:Log(LogType, Object)
UnityEngine.Debug:Log(Object)
CreateGenerationCosmeticsState:OnStart(Single, Type)
GameContext:Update()
TheEntireGameState:UpdateState(Single)
FrameworkContext:Update()
 
(Filename: C:\buildslave\unity\build\Runtime/Export/Debug/Debug.bindings.h Line: 39)

ZXZX: CreateGenerationCosmeticState.OnStart - Initialised(False) Initialising(True)
UnityEngine.DebugLogHandler:LogFormat(LogType, Object, String, Object[])
UnityEngine.Logger:Log(LogType, Object)
UnityEngine.Debug:Log(Object)
CreateGenerationCosmeticsState:OnStart(Single, Type)
GameContext:Update()
TheEntireGameState:UpdateState(Single)
FrameworkContext:Update()
 
(Filename: C:\buildslave\unity\build\Runtime/Export/Debug/Debug.bindings.h Line: 39)

ZXZX: CreateGenerationCosmeticState.OnStart - Initialised(False) Initialising(True)
UnityEngine.DebugLogHandler:LogFormat(LogType, Object, String, Object[])
UnityEngine.Logger:Log(LogType, Object)
UnityEngine.Debug:Log(Object)
CreateGenerationCosmeticsState:OnStart(Single, Type)
GameContext:Update()
TheEntireGameState:UpdateState(Single)
FrameworkContext:Update()
 
(Filename: C:\buildslave\unity\build\Runtime/Export/Debug/Debug.bindings.h Line: 39)

ZXZX: CreateGenerationCosmeticState.OnStart - Initialised(False) Initialising(True)
UnityEngine.DebugLogHandler:LogFormat(LogType, Object, String, Object[])
UnityEngine.Logger:Log(LogType, Object)
UnityEngine.Debug:Log(Object)
CreateGenerationCosmeticsState:OnStart(Single, Type)
GameContext:Update()
TheEntireGameState:UpdateState(Single)
FrameworkContext:Update()
 
(Filename: C:\buildslave\unity\build\Runtime/Export/Debug/Debug.bindings.h Line: 39)

ZXZX: CreateGenerationCosmeticState.OnStart - Initialised(True) Initialising(False)
UnityEngine.DebugLogHandler:LogFormat(LogType, Object, String, Object[])
UnityEngine.Logger:Log(LogType, Object)
UnityEngine.Debug:Log(Object)
CreateGenerationCosmeticsState:OnStart(Single, Type)
GameContext:Update()
TheEntireGameState:UpdateState(Single)
FrameworkContext:Update()
 
(Filename: C:\buildslave\unity\build\Runtime/Export/Debug/Debug.bindings.h Line: 39)

Internal: JobTempAlloc has allocations that are more than 4 frames old - this is not allowed and likely a leak 
(Filename:  Line: 554)

Internal: deleting an allocation that is older than its permitted lifetime of 4 frames (age = 7) 
(Filename:  Line: 310)

Internal: deleting an allocation that is older than its permitted lifetime of 4 frames (age = 7) 
(Filename:  Line: 310)

Internal: deleting an allocation that is older than its permitted lifetime of 4 frames (age = 7) 
(Filename:  Line: 310)

Internal: deleting an allocation that is older than its permitted lifetime of 4 frames (age = 7) 
(Filename:  Line: 310)

Internal: JobTempAlloc has allocations that are more than 4 frames old - this is not allowed and likely a leak 
(Filename:  Line: 554)

Internal: deleting an allocation that is older than its permitted lifetime of 4 frames (age = 10) 
(Filename:  Line: 310)

Internal: deleting an allocation that is older than its permitted lifetime of 4 frames (age = 10) 
(Filename:  Line: 310)

Internal: deleting an allocation that is older than its permitted lifetime of 4 frames (age = 11) 
(Filename:  Line: 310)

Unloading 0 Unused Serialized files (Serialized files now loaded: 78)

Unloading 0 unused Assets to reduce memory usage. Loaded Objects now: 153638.
Total: 663.407300 ms (FindLiveObjects: 20.984700 ms CreateObjectMapping: 16.492400 ms MarkObjects: 625.741700 ms  DeleteObjects: 0.187500 ms)

SpriteAtlasManager.atlasRequested wasn't listened to while AxeFanaticBodyAnimData requested. 
(Filename:  Line: 251)

SpriteAtlasManager.atlasRequested wasn't listened to while AxeFanaticBodyAnimData requested. 
(Filename:  Line: 251)

SpriteAtlasManager.atlasRequested wasn't listened to while AxeFanaticBodyAnimData requested. 
(Filename:  Line: 251)

SpriteAtlasManager.atlasRequested wasn't listened to while AxeFanaticBodyAnimData requested. 
(Filename:  Line: 251)

SpriteAtlasManager.atlasRequested wasn't listened to while AxeFanaticBodyAnimData requested. 
(Filename:  Line: 251)

SpriteAtlasManager.atlasRequested wasn't listened to while AxeFanaticBodyAnimData requested. 
(Filename:  Line: 251)

SpriteAtlasManager.atlasRequested wasn't listened to while AxeFanaticBodyAnimData requested. 
(Filename:  Line: 251)

SpriteAtlasManager.atlasRequested wasn't listened to while AxeFanaticBodyAnimData requested. 
(Filename:  Line: 251)

SpriteAtlasManager.atlasRequested wasn't listened to while AxeFanaticBodyAnimData requested. 
(Filename:  Line: 251)

SpriteAtlasManager.atlasRequested wasn't listened to while AxeFanaticBodyAnimData requested. 
(Filename:  Line: 251)

SpriteAtlasManager.atlasRequested wasn't listened to while AxeFanaticBodyAnimData requested. 
(Filename:  Line: 251)

SpriteAtlasManager.atlasRequested wasn't listened to while AxeFanaticBodyAnimData requested. 
(Filename:  Line: 251)

SpriteAtlasManager.atlasRequested wasn't listened to while AxeFanaticBodyAnimData requested. 
(Filename:  Line: 251)

SpriteAtlasManager.atlasRequested wasn't listened to while AxeFanaticBodyAnimData requested. 
(Filename:  Line: 251)

SpriteAtlasManager.atlasRequested wasn't listened to while AxeFanaticBodyAnimData requested. 
(Filename:  Line: 251)

SpriteAtlasManager.atlasRequested wasn't listened to while AxeFanaticBodyAnimData requested. 
(Filename:  Line: 251)

SpriteAtlasManager.atlasRequested wasn't listened to while AxeFanaticBodyAnimData requested. 
(Filename:  Line: 251)

SpriteAtlasManager.atlasRequested wasn't listened to while AxeFanaticBodyAnimData requested. 
(Filename:  Line: 251)

SpriteAtlasManager.atlasRequested wasn't listened to while AxeFanaticBodyAnimData requested. 
(Filename:  Line: 251)

SpriteAtlasManager.atlasRequested wasn't listened to while AxeFanaticBodyAnimData requested. 
(Filename:  Line: 251)

SpriteAtlasManager.atlasRequested wasn't listened to while AxeFanaticBodyAnimData requested. 
(Filename:  Line: 251)

SpriteAtlasManager.atlasRequested wasn't listened to while AxeFanaticBodyAnimData requested. 
(Filename:  Line: 251)

SpriteAtlasManager.atlasRequested wasn't listened to while AxeFanaticBodyAnimData requested. 
(Filename:  Line: 251)

SpriteAtlasManager.atlasRequested wasn't listened to while AxeFanaticBodyAnimData requested. 
(Filename:  Line: 251)

SpriteAtlasManager.atlasRequested wasn't listened to while AxeFanaticBodyAnimData requested. 
(Filename:  Line: 251)

SpriteAtlasManager.atlasRequested wasn't listened to while AxeFanaticBodyAnimData requested. 
(Filename:  Line: 251)

SpriteAtlasManager.atlasRequested wasn't listened to while AxeFanaticBodyAnimData requested. 
(Filename:  Line: 251)

SpriteAtlasManager.atlasRequested wasn't listened to while AxeFanaticBodyAnimData requested. 
(Filename:  Line: 251)

SpriteAtlasManager.atlasRequested wasn't listened to while AxeFanaticBodyAnimData requested. 
(Filename:  Line: 251)

SpriteAtlasManager.atlasRequested wasn't listened to while AxeFanaticBodyAnimData requested. 
(Filename:  Line: 251)

SpriteAtlasManager.atlasRequested wasn't listened to while AxeFanaticBodyAnimData requested. 
(Filename:  Line: 251)

Material Worldmap doesn't have _Stencil property
UnityEngine.DebugLogHandler:LogFormat(LogType, Object, String, Object[])
UnityEngine.Logger:Log(LogType, Object, Object)
UnityEngine.Debug:LogWarning(Object, Object)
UnityEngine.UI.StencilMaterial:Add(Material, Int32, StencilOp, CompareFunction, ColorWriteMask, Int32, Int32)
UnityEngine.UI.MaskableGraphic:GetModifiedMaterial(Material)
UnityEngine.UI.Graphic:get_materialForRendering()
UnityEngine.UI.Graphic:UpdateMaterial()
UnityEngine.UI.Graphic:Rebuild(CanvasUpdate)
UnityEngine.UI.CanvasUpdateRegistry:PerformUpdate()
UnityEngine.SkinChangedDelegate:Invoke()
UnityEngine.Canvas:SendWillRenderCanvases()
 
(Filename: C:\buildslave\unity\build\Runtime/Export/Debug/Debug.bindings.h Line: 39)

Material WorldMapFog doesn't have _Stencil property
UnityEngine.DebugLogHandler:LogFormat(LogType, Object, String, Object[])
UnityEngine.Logger:Log(LogType, Object, Object)
UnityEngine.Debug:LogWarning(Object, Object)
UnityEngine.UI.StencilMaterial:Add(Material, Int32, StencilOp, CompareFunction, ColorWriteMask, Int32, Int32)
UnityEngine.UI.MaskableGraphic:GetModifiedMaterial(Material)
UnityEngine.UI.Graphic:get_materialForRendering()
UnityEngine.UI.Graphic:UpdateMaterial()
UnityEngine.UI.Graphic:Rebuild(CanvasUpdate)
UnityEngine.UI.CanvasUpdateRegistry:PerformUpdate()
UnityEngine.SkinChangedDelegate:Invoke()
UnityEngine.Canvas:SendWillRenderCanvases()
 
(Filename: C:\buildslave\unity\build\Runtime/Export/Debug/Debug.bindings.h Line: 39)

SpriteAtlasManager.atlasRequested wasn't listened to while AxeFanaticBodyAnimData requested. 
(Filename:  Line: 251)

SpriteAtlasManager.atlasRequested wasn't listened to while AxeFanaticBodyAnimData requested. 
(Filename:  Line: 251)

SpriteAtlasManager.atlasRequested wasn't listened to while AxeFanaticBodyAnimData requested. 
(Filename:  Line: 251)

SpriteAtlasManager.atlasRequested wasn't listened to while AxeFanaticBodyAnimData requested. 
(Filename:  Line: 251)

SpriteAtlasManager.atlasRequested wasn't listened to while AxeFanaticBodyAnimData requested. 
(Filename:  Line: 251)

SpriteAtlasManager.atlasRequested wasn't listened to while AxeFanaticBodyAnimData requested. 
(Filename:  Line: 251)

SpriteAtlasManager.atlasRequested wasn't listened to while AxeFanaticBodyAnimData requested. 
(Filename:  Line: 251)

SpriteAtlasManager.atlasRequested wasn't listened to while AxeFanaticBodyAnimData requested. 
(Filename:  Line: 251)

SpriteAtlasManager.atlasRequested wasn't listened to while AxeFanaticBodyAnimData requested. 
(Filename:  Line: 251)

SpriteAtlasManager.atlasRequested wasn't listened to while AxeFanaticBodyAnimData requested. 
(Filename:  Line: 251)

SpriteAtlasManager.atlasRequested wasn't listened to while AxeFanaticBodyAnimData requested. 
(Filename:  Line: 251)

SpriteAtlasManager.atlasRequested wasn't listened to while AxeFanaticBodyAnimData requested. 
(Filename:  Line: 251)

Material Worldmap doesn't have _Stencil property
UnityEngine.DebugLogHandler:LogFormat(LogType, Object, String, Object[])
UnityEngine.Logger:Log(LogType, Object, Object)
UnityEngine.Debug:LogWarning(Object, Object)
UnityEngine.UI.StencilMaterial:Add(Material, Int32, StencilOp, CompareFunction, ColorWriteMask, Int32, Int32)
UnityEngine.UI.MaskableGraphic:GetModifiedMaterial(Material)
UnityEngine.UI.Graphic:get_materialForRendering()
UnityEngine.UI.Graphic:UpdateMaterial()
UnityEngine.UI.Graphic:Rebuild(CanvasUpdate)
UnityEngine.UI.CanvasUpdateRegistry:PerformUpdate()
UnityEngine.SkinChangedDelegate:Invoke()
UnityEngine.Canvas:SendWillRenderCanvases()
 
(Filename: C:\buildslave\unity\build\Runtime/Export/Debug/Debug.bindings.h Line: 39)

Material WorldMapFog doesn't have _Stencil property
UnityEngine.DebugLogHandler:LogFormat(LogType, Object, String, Object[])
UnityEngine.Logger:Log(LogType, Object, Object)
UnityEngine.Debug:LogWarning(Object, Object)
UnityEngine.UI.StencilMaterial:Add(Material, Int32, StencilOp, CompareFunction, ColorWriteMask, Int32, Int32)
UnityEngine.UI.MaskableGraphic:GetModifiedMaterial(Material)
UnityEngine.UI.Graphic:get_materialForRendering()
UnityEngine.UI.Graphic:UpdateMaterial()
UnityEngine.UI.Graphic:Rebuild(CanvasUpdate)
UnityEngine.UI.CanvasUpdateRegistry:PerformUpdate()
UnityEngine.SkinChangedDelegate:Invoke()
UnityEngine.Canvas:SendWillRenderCanvases()
 
(Filename: C:\buildslave\unity\build\Runtime/Export/Debug/Debug.bindings.h Line: 39)

SpriteAtlasManager.atlasRequested wasn't listened to while AxeFanaticBodyAnimData requested. 
(Filename:  Line: 251)

SpriteAtlasManager.atlasRequested wasn't listened to while AxeFanaticBodyAnimData requested. 
(Filename:  Line: 251)

SpriteAtlasManager.atlasRequested wasn't listened to while AxeFanaticBodyAnimData requested. 
(Filename:  Line: 251)

SpriteAtlasManager.atlasRequested wasn't listened to while AxeFanaticBodyAnimData requested. 
(Filename:  Line: 251)

SpriteAtlasManager.atlasRequested wasn't listened to while AxeFanaticBodyAnimData requested. 
(Filename:  Line: 251)

SpriteAtlasManager.atlasRequested wasn't listened to while AxeFanaticBodyAnimData requested. 
(Filename:  Line: 251)

SpriteAtlasManager.atlasRequested wasn't listened to while AxeFanaticBodyAnimData requested. 
(Filename:  Line: 251)

SpriteAtlasManager.atlasRequested wasn't listened to while AxeFanaticBodyAnimData requested. 
(Filename:  Line: 251)

SpriteAtlasManager.atlasRequested wasn't listened to while AxeFanaticBodyAnimData requested. 
(Filename:  Line: 251)

SpriteAtlasManager.atlasRequested wasn't listened to while AxeFanaticBodyAnimData requested. 
(Filename:  Line: 251)

SpriteAtlasManager.atlasRequested wasn't listened to while AxeFanaticBodyAnimData requested. 
(Filename:  Line: 251)

SpriteAtlasManager.atlasRequested wasn't listened to while AxeFanaticBodyAnimData requested. 
(Filename:  Line: 251)

SpriteAtlasManager.atlasRequested wasn't listened to while AxeFanaticBodyAnimData requested. 
(Filename:  Line: 251)

SpriteAtlasManager.atlasRequested wasn't listened to while AxeFanaticBodyAnimData requested. 
(Filename:  Line: 251)

SpriteAtlasManager.atlasRequested wasn't listened to while AxeFanaticBodyAnimData requested. 
(Filename:  Line: 251)

SpriteAtlasManager.atlasRequested wasn't listened to while AxeFanaticBodyAnimData requested. 
(Filename:  Line: 251)

SpriteAtlasManager.atlasRequested wasn't listened to while AxeFanaticBodyAnimData requested. 
(Filename:  Line: 251)

SpriteAtlasManager.atlasRequested wasn't listened to while AxeFanaticBodyAnimData requested. 
(Filename:  Line: 251)

SpriteAtlasManager.atlasRequested wasn't listened to while AxeFanaticBodyAnimData requested. 
(Filename:  Line: 251)

SpriteAtlasManager.atlasRequested wasn't listened to while AxeFanaticBodyAnimData requested. 
(Filename:  Line: 251)

SpriteAtlasManager.atlasRequested wasn't listened to while AxeFanaticBodyAnimData requested. 
(Filename:  Line: 251)

SpriteAtlasManager.atlasRequested wasn't listened to while AxeFanaticBodyAnimData requested. 
(Filename:  Line: 251)

SpriteAtlasManager.atlasRequested wasn't listened to while AxeFanaticBodyAnimData requested. 
(Filename:  Line: 251)

SpriteAtlasManager.atlasRequested wasn't listened to while AxeFanaticBodyAnimData requested. 
(Filename:  Line: 251)

SpriteAtlasManager.atlasRequested wasn't listened to while AxeFanaticBodyAnimData requested. 
(Filename:  Line: 251)

SpriteAtlasManager.atlasRequested wasn't listened to while AxeFanaticBodyAnimData requested. 
(Filename:  Line: 251)

SpriteAtlasManager.atlasRequested wasn't listened to while AxeFanaticBodyAnimData requested. 
(Filename:  Line: 251)

SpriteAtlasManager.atlasRequested wasn't listened to while AxeFanaticBodyAnimData requested. 
(Filename:  Line: 251)

SpriteAtlasManager.atlasRequested wasn't listened to while AxeFanaticBodyAnimData requested. 
(Filename:  Line: 251)

SpriteAtlasManager.atlasRequested wasn't listened to while AxeFanaticBodyAnimData requested. 
(Filename:  Line: 251)

SpriteAtlasManager.atlasRequested wasn't listened to while AxeFanaticBodyAnimData requested. 
(Filename:  Line: 251)

SpriteAtlasManager.atlasRequested wasn't listened to while AxeFanaticBodyAnimData requested. 
(Filename:  Line: 251)

SpriteAtlasManager.atlasRequested wasn't listened to while AxeFanaticBodyAnimData requested. 
(Filename:  Line: 251)

SpriteAtlasManager.atlasRequested wasn't listened to while AxeFanaticBodyAnimData requested. 
(Filename:  Line: 251)

SpriteAtlasManager.atlasRequested wasn't listened to while AxeFanaticBodyAnimData requested. 
(Filename:  Line: 251)

SpriteAtlasManager.atlasRequested wasn't listened to while AxeFanaticBodyAnimData requested. 
(Filename:  Line: 251)

SpriteAtlasManager.atlasRequested wasn't listened to while AxeFanaticBodyAnimData requested. 
(Filename:  Line: 251)

SpriteAtlasManager.atlasRequested wasn't listened to while AxeFanaticBodyAnimData requested. 
(Filename:  Line: 251)

SpriteAtlasManager.atlasRequested wasn't listened to while AxeFanaticBodyAnimData requested. 
(Filename:  Line: 251)

SpriteAtlasManager.atlasRequested wasn't listened to while AxeFanaticBodyAnimData requested. 
(Filename:  Line: 251)

SpriteAtlasManager.atlasRequested wasn't listened to while AxeFanaticBodyAnimData requested. 
(Filename:  Line: 251)

SpriteAtlasManager.atlasRequested wasn't listened to while AxeFanaticBodyAnimData requested. 
(Filename:  Line: 251)

SpriteAtlasManager.atlasRequested wasn't listened to while AxeFanaticBodyAnimData requested. 
(Filename:  Line: 251)

SpriteAtlasManager.atlasRequested wasn't listened to while AxeFanaticBodyAnimData requested. 
(Filename:  Line: 251)

SpriteAtlasManager.atlasRequested wasn't listened to while AxeFanaticBodyAnimData requested. 
(Filename:  Line: 251)

SpriteAtlasManager.atlasRequested wasn't listened to while AxeFanaticBodyAnimData requested. 
(Filename:  Line: 251)

SpriteAtlasManager.atlasRequested wasn't listened to while AxeFanaticBodyAnimData requested. 
(Filename:  Line: 251)

SpriteAtlasManager.atlasRequested wasn't listened to while AxeFanaticBodyAnimData requested. 
(Filename:  Line: 251)

SpriteAtlasManager.atlasRequested wasn't listened to while AxeFanaticBodyAnimData requested. 
(Filename:  Line: 251)

SpriteAtlasManager.atlasRequested wasn't listened to while AxeFanaticBodyAnimData requested. 
(Filename:  Line: 251)

SpriteAtlasManager.atlasRequested wasn't listened to while AxeFanaticBodyAnimData requested. 
(Filename:  Line: 251)

SpriteAtlasManager.atlasRequested wasn't listened to while AxeFanaticBodyAnimData requested. 
(Filename:  Line: 251)

SpriteAtlasManager.atlasRequested wasn't listened to while AxeFanaticBodyAnimData requested. 
(Filename:  Line: 251)

SpriteAtlasManager.atlasRequested wasn't listened to while AxeFanaticBodyAnimData requested. 
(Filename:  Line: 251)

SpriteAtlasManager.atlasRequested wasn't listened to while AxeFanaticBodyAnimData requested. 
(Filename:  Line: 251)

SpriteAtlasManager.atlasRequested wasn't listened to while AxeFanaticBodyAnimData requested. 
(Filename:  Line: 251)

SpriteAtlasManager.atlasRequested wasn't listened to while AxeFanaticBodyAnimData requested. 
(Filename:  Line: 251)

SpriteAtlasManager.atlasRequested wasn't listened to while AxeFanaticBodyAnimData requested. 
(Filename:  Line: 251)

SpriteAtlasManager.atlasRequested wasn't listened to while AxeFanaticBodyAnimData requested. 
(Filename:  Line: 251)

SpriteAtlasManager.atlasRequested wasn't listened to while AxeFanaticBodyAnimData requested. 
(Filename:  Line: 251)

SpriteAtlasManager.atlasRequested wasn't listened to while AxeFanaticBodyAnimData requested. 
(Filename:  Line: 251)

SpriteAtlasManager.atlasRequested wasn't listened to while AxeFanaticBodyAnimData requested. 
(Filename:  Line: 251)

SpriteAtlasManager.atlasRequested wasn't listened to while AxeFanaticBodyAnimData requested. 
(Filename:  Line: 251)

SpriteAtlasManager.atlasRequested wasn't listened to while AxeFanaticBodyAnimData requested. 
(Filename:  Line: 251)

SpriteAtlasManager.atlasRequested wasn't listened to while AxeFanaticBodyAnimData requested. 
(Filename:  Line: 251)

SpriteAtlasManager.atlasRequested wasn't listened to while AxeFanaticBodyAnimData requested. 
(Filename:  Line: 251)

SpriteAtlasManager.atlasRequested wasn't listened to while AxeFanaticBodyAnimData requested. 
(Filename:  Line: 251)

SpriteAtlasManager.atlasRequested wasn't listened to while AxeFanaticBodyAnimData requested. 
(Filename:  Line: 251)

SpriteAtlasManager.atlasRequested wasn't listened to while AxeFanaticBodyAnimData requested. 
(Filename:  Line: 251)

SpriteAtlasManager.atlasRequested wasn't listened to while AxeFanaticBodyAnimData requested. 
(Filename:  Line: 251)

SpriteAtlasManager.atlasRequested wasn't listened to while AxeFanaticBodyAnimData requested. 
(Filename:  Line: 251)

SpriteAtlasManager.atlasRequested wasn't listened to while AxeFanaticBodyAnimData requested. 
(Filename:  Line: 251)

SpriteAtlasManager.atlasRequested wasn't listened to while AxeFanaticBodyAnimData requested. 
(Filename:  Line: 251)

SpriteAtlasManager.atlasRequested wasn't listened to while AxeFanaticBodyAnimData requested. 
(Filename:  Line: 251)

SpriteAtlasManager.atlasRequested wasn't listened to while AxeFanaticBodyAnimData requested. 
(Filename:  Line: 251)

SpriteAtlasManager.atlasRequested wasn't listened to while AxeFanaticBodyAnimData requested. 
(Filename:  Line: 251)

SpriteAtlasManager.atlasRequested wasn't listened to while AxeFanaticBodyAnimData requested. 
(Filename:  Line: 251)

SpriteAtlasManager.atlasRequested wasn't listened to while AxeFanaticBodyAnimData requested. 
(Filename:  Line: 251)

SpriteAtlasManager.atlasRequested wasn't listened to while AxeFanaticBodyAnimData requested. 
(Filename:  Line: 251)

SpriteAtlasManager.atlasRequested wasn't listened to while AxeFanaticBodyAnimData requested. 
(Filename:  Line: 251)

SpriteAtlasManager.atlasRequested wasn't listened to while AxeFanaticBodyAnimData requested. 
(Filename:  Line: 251)

SpriteAtlasManager.atlasRequested wasn't listened to while AxeFanaticBodyAnimData requested. 
(Filename:  Line: 251)

SpriteAtlasManager.atlasRequested wasn't listened to while AxeFanaticBodyAnimData requested. 
(Filename:  Line: 251)

SpriteAtlasManager.atlasRequested wasn't listened to while AxeFanaticBodyAnimData requested. 
(Filename:  Line: 251)

SpriteAtlasManager.atlasRequested wasn't listened to while AxeFanaticBodyAnimData requested. 
(Filename:  Line: 251)

SpriteAtlasManager.atlasRequested wasn't listened to while AxeFanaticBodyAnimData requested. 
(Filename:  Line: 251)

SpriteAtlasManager.atlasRequested wasn't listened to while AxeFanaticBodyAnimData requested. 
(Filename:  Line: 251)

SpriteAtlasManager.atlasRequested wasn't listened to while AxeFanaticBodyAnimData requested. 
(Filename:  Line: 251)

SpriteAtlasManager.atlasRequested wasn't listened to while AxeFanaticBodyAnimData requested. 
(Filename:  Line: 251)

SpriteAtlasManager.atlasRequested wasn't listened to while AxeFanaticBodyAnimData requested. 
(Filename:  Line: 251)

SpriteAtlasManager.atlasRequested wasn't listened to while AxeFanaticBodyAnimData requested. 
(Filename:  Line: 251)

SpriteAtlasManager.atlasRequested wasn't listened to while AxeFanaticBodyAnimData requested. 
(Filename:  Line: 251)

SpriteAtlasManager.atlasRequested wasn't listened to while AxeFanaticBodyAnimData requested. 
(Filename:  Line: 251)

SpriteAtlasManager.atlasRequested wasn't listened to while AxeFanaticBodyAnimData requested. 
(Filename:  Line: 251)

SpriteAtlasManager.atlasRequested wasn't listened to while AxeFanaticBodyAnimData requested. 
(Filename:  Line: 251)

SpriteAtlasManager.atlasRequested wasn't listened to while AxeFanaticBodyAnimData requested. 
(Filename:  Line: 251)

SpriteAtlasManager.atlasRequested wasn't listened to while AxeFanaticBodyAnimData requested. 
(Filename:  Line: 251)

SpriteAtlasManager.atlasRequested wasn't listened to while AxeFanaticBodyAnimData requested. 
(Filename:  Line: 251)

SpriteAtlasManager.atlasRequested wasn't listened to while AxeFanaticBodyAnimData requested. 
(Filename:  Line: 251)

SpriteAtlasManager.atlasRequested wasn't listened to while AxeFanaticBodyAnimData requested. 
(Filename:  Line: 251)

SpriteAtlasManager.atlasRequested wasn't listened to while AxeFanaticBodyAnimData requested. 
(Filename:  Line: 251)

SpriteAtlasManager.atlasRequested wasn't listened to while AxeFanaticBodyAnimData requested. 
(Filename:  Line: 251)

SpriteAtlasManager.atlasRequested wasn't listened to while AxeFanaticBodyAnimData requested. 
(Filename:  Line: 251)

SpriteAtlasManager.atlasRequested wasn't listened to while AxeFanaticBodyAnimData requested. 
(Filename:  Line: 251)

SpriteAtlasManager.atlasRequested wasn't listened to while AxeFanaticBodyAnimData requested. 
(Filename:  Line: 251)

SpriteAtlasManager.atlasRequested wasn't listened to while AxeFanaticBodyAnimData requested. 
(Filename:  Line: 251)

SpriteAtlasManager.atlasRequested wasn't listened to while AxeFanaticBodyAnimData requested. 
(Filename:  Line: 251)

SpriteAtlasManager.atlasRequested wasn't listened to while AxeFanaticBodyAnimData requested. 
(Filename:  Line: 251)

SpriteAtlasManager.atlasRequested wasn't listened to while AxeFanaticBodyAnimData requested. 
(Filename:  Line: 251)

Material Worldmap doesn't have _Stencil property
UnityEngine.DebugLogHandler:LogFormat(LogType, Object, String, Object[])
UnityEngine.Logger:Log(LogType, Object, Object)
UnityEngine.Debug:LogWarning(Object, Object)
UnityEngine.UI.StencilMaterial:Add(Material, Int32, StencilOp, CompareFunction, ColorWriteMask, Int32, Int32)
UnityEngine.UI.MaskableGraphic:GetModifiedMaterial(Material)
UnityEngine.UI.Graphic:get_materialForRendering()
UnityEngine.UI.Graphic:UpdateMaterial()
UnityEngine.UI.Graphic:Rebuild(CanvasUpdate)
UnityEngine.UI.CanvasUpdateRegistry:PerformUpdate()
UnityEngine.SkinChangedDelegate:Invoke()
UnityEngine.Canvas:SendWillRenderCanvases()
 
(Filename: C:\buildslave\unity\build\Runtime/Export/Debug/Debug.bindings.h Line: 39)

Material WorldMapFog doesn't have _Stencil property
UnityEngine.DebugLogHandler:LogFormat(LogType, Object, String, Object[])
UnityEngine.Logger:Log(LogType, Object, Object)
UnityEngine.Debug:LogWarning(Object, Object)
UnityEngine.UI.StencilMaterial:Add(Material, Int32, StencilOp, CompareFunction, ColorWriteMask, Int32, Int32)
UnityEngine.UI.MaskableGraphic:GetModifiedMaterial(Material)
UnityEngine.UI.Graphic:get_materialForRendering()
UnityEngine.UI.Graphic:UpdateMaterial()
UnityEngine.UI.Graphic:Rebuild(CanvasUpdate)
UnityEngine.UI.CanvasUpdateRegistry:PerformUpdate()
UnityEngine.SkinChangedDelegate:Invoke()
UnityEngine.Canvas:SendWillRenderCanvases()
 
(Filename: C:\buildslave\unity\build\Runtime/Export/Debug/Debug.bindings.h Line: 39)

SpriteAtlasManager.atlasRequested wasn't listened to while AxeFanaticBodyAnimData requested. 
(Filename:  Line: 251)

SpriteAtlasManager.atlasRequested wasn't listened to while AxeFanaticBodyAnimData requested. 
(Filename:  Line: 251)

Material Worldmap doesn't have _Stencil property
UnityEngine.DebugLogHandler:LogFormat(LogType, Object, String, Object[])
UnityEngine.Logger:Log(LogType, Object, Object)
UnityEngine.Debug:LogWarning(Object, Object)
UnityEngine.UI.StencilMaterial:Add(Material, Int32, StencilOp, CompareFunction, ColorWriteMask, Int32, Int32)
UnityEngine.UI.MaskableGraphic:GetModifiedMaterial(Material)
UnityEngine.UI.Graphic:get_materialForRendering()
UnityEngine.UI.Graphic:UpdateMaterial()
UnityEngine.UI.Graphic:Rebuild(CanvasUpdate)
UnityEngine.UI.CanvasUpdateRegistry:PerformUpdate()
UnityEngine.SkinChangedDelegate:Invoke()
UnityEngine.Canvas:SendWillRenderCanvases()
 
(Filename: C:\buildslave\unity\build\Runtime/Export/Debug/Debug.bindings.h Line: 39)

Material WorldMapFog doesn't have _Stencil property
UnityEngine.DebugLogHandler:LogFormat(LogType, Object, String, Object[])
UnityEngine.Logger:Log(LogType, Object, Object)
UnityEngine.Debug:LogWarning(Object, Object)
UnityEngine.UI.StencilMaterial:Add(Material, Int32, StencilOp, CompareFunction, ColorWriteMask, Int32, Int32)
UnityEngine.UI.MaskableGraphic:GetModifiedMaterial(Material)
UnityEngine.UI.Graphic:get_materialForRendering()
UnityEngine.UI.Graphic:UpdateMaterial()
UnityEngine.UI.Graphic:Rebuild(CanvasUpdate)
UnityEngine.UI.CanvasUpdateRegistry:PerformUpdate()
UnityEngine.SkinChangedDelegate:Invoke()
UnityEngine.Canvas:SendWillRenderCanvases()
 
(Filename: C:\buildslave\unity\build\Runtime/Export/Debug/Debug.bindings.h Line: 39)

SpriteAtlasManager.atlasRequested wasn't listened to while AxeFanaticBodyAnimData requested. 
(Filename:  Line: 251)

SpriteAtlasManager.atlasRequested wasn't listened to while AxeFanaticBodyAnimData requested. 
(Filename:  Line: 251)

SpriteAtlasManager.atlasRequested wasn't listened to while AxeFanaticBodyAnimData requested. 
(Filename:  Line: 251)

SpriteAtlasManager.atlasRequested wasn't listened to while AxeFanaticBodyAnimData requested. 
(Filename:  Line: 251)

SpriteAtlasManager.atlasRequested wasn't listened to while AxeFanaticBodyAnimData requested. 
(Filename:  Line: 251)

SpriteAtlasManager.atlasRequested wasn't listened to while AxeFanaticBodyAnimData requested. 
(Filename:  Line: 251)

SpriteAtlasManager.atlasRequested wasn't listened to while AxeFanaticBodyAnimData requested. 
(Filename:  Line: 251)

SpriteAtlasManager.atlasRequested wasn't listened to while AxeFanaticBodyAnimData requested. 
(Filename:  Line: 251)

SpriteAtlasManager.atlasRequested wasn't listened to while AxeFanaticBodyAnimData requested. 
(Filename:  Line: 251)

SpriteAtlasManager.atlasRequested wasn't listened to while AxeFanaticBodyAnimData requested. 
(Filename:  Line: 251)

SpriteAtlasManager.atlasRequested wasn't listened to while AxeFanaticBodyAnimData requested. 
(Filename:  Line: 251)

SpriteAtlasManager.atlasRequested wasn't listened to while AxeFanaticBodyAnimData requested. 
(Filename:  Line: 251)

SpriteAtlasManager.atlasRequested wasn't listened to while AxeFanaticBodyAnimData requested. 
(Filename:  Line: 251)

SpriteAtlasManager.atlasRequested wasn't listened to while AxeFanaticBodyAnimData requested. 
(Filename:  Line: 251)

SpriteAtlasManager.atlasRequested wasn't listened to while AxeFanaticBodyAnimData requested. 
(Filename:  Line: 251)

SpriteAtlasManager.atlasRequested wasn't listened to while AxeFanaticBodyAnimData requested. 
(Filename:  Line: 251)

SpriteAtlasManager.atlasRequested wasn't listened to while AxeFanaticBodyAnimData requested. 
(Filename:  Line: 251)

SpriteAtlasManager.atlasRequested wasn't listened to while AxeFanaticBodyAnimData requested. 
(Filename:  Line: 251)

SpriteAtlasManager.atlasRequested wasn't listened to while AxeFanaticBodyAnimData requested. 
(Filename:  Line: 251)

SpriteAtlasManager.atlasRequested wasn't listened to while AxeFanaticBodyAnimData requested. 
(Filename:  Line: 251)

SpriteAtlasManager.atlasRequested wasn't listened to while AxeFanaticBodyAnimData requested. 
(Filename:  Line: 251)

SpriteAtlasManager.atlasRequested wasn't listened to while AxeFanaticBodyAnimData requested. 
(Filename:  Line: 251)

SpriteAtlasManager.atlasRequested wasn't listened to while AxeFanaticBodyAnimData requested. 
(Filename:  Line: 251)

SpriteAtlasManager.atlasRequested wasn't listened to while AxeFanaticBodyAnimData requested. 
(Filename:  Line: 251)

SpriteAtlasManager.atlasRequested wasn't listened to while AxeFanaticBodyAnimData requested. 
(Filename:  Line: 251)

SpriteAtlasManager.atlasRequested wasn't listened to while AxeFanaticBodyAnimData requested. 
(Filename:  Line: 251)

SpriteAtlasManager.atlasRequested wasn't listened to while AxeFanaticBodyAnimData requested. 
(Filename:  Line: 251)

SpriteAtlasManager.atlasRequested wasn't listened to while AxeFanaticBodyAnimData requested. 
(Filename:  Line: 251)

SpriteAtlasManager.atlasRequested wasn't listened to while AxeFanaticBodyAnimData requested. 
(Filename:  Line: 251)

SpriteAtlasManager.atlasRequested wasn't listened to while AxeFanaticBodyAnimData requested. 
(Filename:  Line: 251)

Setting up 4 worker threads for Enlighten.
  Thread -> id: 10fc -> priority: 1 
  Thread -> id: 10f8 -> priority: 1 
  Thread -> id: 1100 -> priority: 1 
  Thread -> id: 1104 -> priority: 1 
Callback unregistered Steamworks.DlcInstalled_t
UnityEngine.DebugLogHandler:LogFormat(LogType, Object, String, Object[])
UnityEngine.Logger:Log(LogType, Object)
UnityEngine.Debug:Log(Object)
Steamworks.CallbackHub`1:UnregisterCallback(DispatchDelegate)
DLC.DLCPlatform_Steam:CleanUpPlatform()
DLC.DLCPlatformCommon:CleanUp()
DLCService:OnDestroy()
 
(Filename: C:\buildslave\unity\build\Runtime/Export/Debug/Debug.bindings.h Line: 39)

NullReferenceException: Object reference not set to an instance of an object.
  at UnityEngine.ParticleSystem.Stop (System.Boolean withChildren, UnityEngine.ParticleSystemStopBehavior stopBehavior) [0x00000] in <00000000000000000000000000000000>:0 
  at ParticleManager.ReleaseHandle (ParticleSystemID particleInstanceHandle, System.Boolean stopWithChildren, UnityEngine.ParticleSystemStopBehavior stopBehaviour) [0x00000] in <00000000000000000000000000000000>:0 
  at ParticleSystemHandle.Dispose () [0x00000] in <00000000000000000000000000000000>:0 
  at CulledParticleSystemHandle.Dispose () [0x00000] in <00000000000000000000000000000000>:0 
  at CosmeticEntityWaterEffects.DisableAllWaterEffects () [0x00000] in <00000000000000000000000000000000>:0 
  at CosmeticEntityWaterEffects.OnDestroyEntity (Entity+DestructType destructType, Entity& entity) [0x00000] in <00000000000000000000000000000000>:0 
  at EntityManager.DestroyAllEntities () [0x00000] in <00000000000000000000000000000000>:0 
  at EntityManager.OnDestroy () [0x00000] in <00000000000000000000000000000000>:0 
  at GameWorld.OnDestroy () [0x00000] in <00000000000000000000000000000000>:0 
  at BootServices.OnDestroy () [0x00000] in <00000000000000000000000000000000>:0 
 
(Filename: currently not available on il2cpp Line: -1)

