Mono path[0] = 'X:/.local/share/partydeck/gamesyms/lumaisland/Luma Island_Data/Managed'
Mono config path = 'X:/.local/share/partydeck/gamesyms/lumaisland/MonoBleedingEdge/etc'
[Physics::Module] Initialized MultithreadedJobDispatcher with {0} workers.
Initialize engine version: 2021.3.45f1 (0da89fac8e79)
[Subsystems] Discovering subsystems at path X:/.local/share/partydeck/gamesyms/lumaisland/Luma Island_Data/UnitySubsystems
GfxDevice: creating device client; threaded=1; jobified=1
Direct3D:
    Version:  Direct3D 11.0 [level 11.1]
    Renderer: AMD Custom GPU 0405 (RADV VANGOGH) (ID=0x163f)
    Vendor:   ATI
    VRAM:     6144 MB
    Driver:   32.0.21025.1024
Begin MonoManager ReloadAssembly
- Completed reload, in  0.634 seconds
Shader 'Sprites/AzureSprites-Unlit': fallback shader 'Sprites/AzureSprites-Defaul' not found
D3D11 device created for Microsoft Media Foundation video decoding.
<RI> Initializing input.
New input system (experimental) initialized
Using XInput
<RI> Initialized touch support.
The referenced script on this Behaviour (Game Object 'Prefab Indexer') is missing!
UnloadTime: 2.128600 ms
[AzureValleyInstaller] Installing Project Bindings
[SteamPlatformBootstrapper] Configuring platformBindings
[SteamCommandLineConfigProvider] Command Line Arguments:
[0] X:\.local\share\partydeck\gamesyms\lumaisland\Luma Island.exe
[SteamPlatformBootstrapper] configured application: {
    "TargetPlatform": 4,
    "DevRunAsHost": true,
    "OverridePlayerID": "",
    "InvitedSteamLobbyID": 0
}
[AzureValleyPlatformInstaller] Installing platformBindings for TargetPlatform: `Steam`
[SteamWindowsFileInstaller] Installing platformBindings
[SteamWorksAchievementsInstaller] Installing platformBindings
[SteamWorksNetworkInstaller] Installing platformBindings
[SteamWorksPlatformInstaller] Installing platformBindings
WwiseUnity: Wwise(R) SDK Version 2022.1.9 Build 8365.
WwiseUnity: Setting Plugin DLL path to: X:/.local/share/partydeck/gamesyms/lumaisland/Luma Island_Data\Plugins\x86_64
WwiseUnity: Sound engine initialized successfully.
[SteamManagerLoader] MarkPersistant SteamManager
[SteamManagerLoader] InjectGameObject SteamManager
[DBG] [SteamManager] : TargetPlatform Steam
[DBG] [SteamManager] : Initializes the Steamworks API.
[DBG] [SteamManager] : OnSteamInitialized Invoked.
SteamFriendUtil: Finished grabbing all friend info
[SteamLobbyController] Manager_OnSteamIntialized 
[DBG] [SteamManager] : SteamAchievements: Received stats with result k_EResultOK
Addressables.LoadSceneAsync: Scene(Bootstrap)
The referenced script on this Behaviour (Game Object 'Prefab Indexer') is missing!
Unloading 5 Unused Serialized files (Serialized files now loaded: 97)
WwiseUnity: There are multiple AkWwiseInitializationSettings objects instantiated; only one will be used.
UnloadTime: 8.994400 ms
Start: PlatformBootstrap
[LaunchConfig] configured application: {
    "TargetPlatform": 4,
    "DevRunAsHost": true,
    "OverridePlayerID": "",
    "InvitedSteamLobbyID": 0
}
Target: Steam
LoadStartMenu
await GameData.Instance.Initialize(): 
op.Result.ActivateAsync scene name: Bootstrap
Unloading 32 unused Assets to reduce memory usage. Loaded Objects now: 6657.
Total: 9.566200 ms (FindLiveObjects: 0.475700 ms CreateObjectMapping: 0.291000 ms MarkObjects: 8.677000 ms  DeleteObjects: 0.121200 ms)

[DBG] [WindowsFileManager] : TryLoad file `C:/users/steamuser/AppData/LocalLow/FeelFreeGames/Luma Island/Config/76561198109449327\account`
The referenced script on this Behaviour (Game Object 'Prefab Indexer') is missing!
The referenced script on this Behaviour (Game Object 'StartAchievement') is missing!
Unloading 1 Unused Serialized files (Serialized files now loaded: 97)
WwiseUnity: There are multiple AkWwiseInitializationSettings objects instantiated; only one will be used.
UnloadTime: 8.646800 ms
[LumaIslandControlSchemeParser] ControlScheme set to KeyboardAndMouse for device `UnityEngine.InputSystem.FastKeyboard`
[DBG] [UIController] : Initialize
[DBG] [UIController] : Starting settings retrieval
[DBG] [CachedSettingsRepository] : Start a new load operation
[DBG] [WindowsFileManager] : TryLoad file `C:/users/steamuser/AppData/LocalLow/FeelFreeGames/Luma Island/Config/76561198109449327\settings`
[DBG] [CachedSettingsRepository] : Settings already requested, return promise
[DBG] [CachedSettingsRepository] : Settings retrieved
[DBG] [UIController] : Applying settings
[DBG] [UIController] : Settings applied successfully
Unloading 320 unused Assets to reduce memory usage. Loaded Objects now: 33030.
Total: 167.532900 ms (FindLiveObjects: 4.766500 ms CreateObjectMapping: 2.199900 ms MarkObjects: 154.548500 ms  DeleteObjects: 6.016800 ms)

[DBG] [SteamManager] : SteamAchievements: Received stats with result k_EResultOK
[DBG] [OptionsMenu] : Found Settings File
<color=#0099bc><b>DOTWEEN ► </b></color>DOTween initialization (useSafeMode: True, recycling: OFF, logBehaviour: Verbose)
[ActiveControlSchemeTracker] Detected change to KeyboardAndMouse
[LumaIslandControlSchemeParser] ControlScheme set to XboxGamepad for device `UnityEngine.InputSystem.XInput.XInputControllerWindows`
[ActiveControlSchemeTracker] Detected change to XboxGamepad
[ActiveControlSchemeTracker] Detected input change to XboxGamepad
[LumaIslandControlSchemeParser] ControlScheme set to KeyboardAndMouse for device `UnityEngine.InputSystem.FastKeyboard`
[ActiveControlSchemeTracker] Detected change to KeyboardAndMouse
[ActiveControlSchemeTracker] Detected input change to KeyboardAndMouse
[LumaIslandControlSchemeParser] ControlScheme set to KeyboardAndMouse for device `UnityEngine.InputSystem.FastMouse`
[ActiveControlSchemeTracker] Detected change to KeyboardAndMouse
[ActiveControlSchemeTracker] Detected change to KeyboardAndMouse
[ActiveControlSchemeTracker] Detected change to KeyboardAndMouse
[LumaIslandControlSchemeParser] ControlScheme set to XboxGamepad for device `UnityEngine.InputSystem.XInput.XInputControllerWindows`
[ActiveControlSchemeTracker] Detected change to XboxGamepad
[ActiveControlSchemeTracker] Detected input change to XboxGamepad
[LumaIslandControlSchemeParser] ControlScheme set to KeyboardAndMouse for device `UnityEngine.InputSystem.FastKeyboard`
[ActiveControlSchemeTracker] Detected change to KeyboardAndMouse
[ActiveControlSchemeTracker] Detected input change to KeyboardAndMouse
[LumaIslandControlSchemeParser] ControlScheme set to KeyboardAndMouse for device `UnityEngine.InputSystem.FastMouse`
[ActiveControlSchemeTracker] Detected change to KeyboardAndMouse
[ActiveControlSchemeTracker] Detected change to KeyboardAndMouse
[ActiveControlSchemeTracker] Detected change to KeyboardAndMouse
[LumaIslandControlSchemeParser] ControlScheme set to XboxGamepad for device `UnityEngine.InputSystem.XInput.XInputControllerWindows`
[ActiveControlSchemeTracker] Detected change to XboxGamepad
[ActiveControlSchemeTracker] Detected input change to XboxGamepad
[DBG] [WindowsFileManager] : TryLoad file `C:/users/steamuser/AppData/LocalLow/FeelFreeGames/Luma Island/Saves/76561198109449327/1.1\slot_0_header.sav2`
[FileSizeValidator] validation result : `True`
[DBG] [WindowsFileManager] : TryLoad file `C:/users/steamuser/AppData/LocalLow/FeelFreeGames/Luma Island/Saves/76561198109449327/1.1\slot_0_header.sav2`
[FileSizeValidator] validation result : `True`
Starting Bootstrap procedure
Starting Bootstrap as Host
Bootstrap: Performing network initialization before starting game with layer Steam
JoiningGameManager: Awake
Bootstrap: Network initialzation success.
GameData
ClientJoinGame
SaveGame
[DBG] [WindowsFileManager] : TryLoad file `C:/users/steamuser/AppData/LocalLow/FeelFreeGames/Luma Island/Saves/76561198109449327/1.1\slot_0_header.sav2`
[FileSizeValidator] validation result : `True`
[DBG] [WindowsFileManager] : TryLoad file `C:/users/steamuser/AppData/LocalLow/FeelFreeGames/Luma Island/Saves/76561198109449327/1.1\slot_0.sav2`
[FileSizeValidator] validation result : `True`
Running Assets.Scripts.System.SaveGameRepository.GameLoadHandlers.MigrantionHandlers.hotfix_LumaAchievementStates
Version masked match Assets.Scripts.System.SaveGameRepository.GameLoadHandlers.MigrantionHandlers.hotfix_LumaAchievementStates
Running Assets.Scripts.System.SaveGameRepository.GameLoadHandlers.MigrantionHandlers.hotfix_Achievements
Version masked match Assets.Scripts.System.SaveGameRepository.GameLoadHandlers.MigrantionHandlers.hotfix_Achievements
CharacterCreate
ClientGrabSave
Bootstrap
Globals
The referenced script on this Behaviour (Game Object '<null>') is missing!
WWise_Motion successfully initialized
LevelManager
Unloading 3 Unused Serialized files (Serialized files now loaded: 99)
UnloadTime: 47.554500 ms
Unloading 5211 unused Assets to reduce memory usage. Loaded Objects now: 34425.
Total: 226.536300 ms (FindLiveObjects: 3.802500 ms CreateObjectMapping: 4.589700 ms MarkObjects: 194.612800 ms  DeleteObjects: 23.529900 ms)

LocalPlayerCreate
Vehicles
Localization
InitializeOfflineLevelData
Shader 'Sprites/AzureSprites-Unlit': fallback shader 'Sprites/AzureSprites-Defaul' not found
Shader 'Sprites/AzureSprites-Unlit': fallback shader 'Sprites/AzureSprites-Defaul' not found
Shader 'Sprites/AzureSprites-Unlit': fallback shader 'Sprites/AzureSprites-Defaul' not found
The referenced script (Unknown) on this Behaviour is missing!
The referenced script on this Behaviour (Game Object 'PirateMapShortcut_05_Unfinished') is missing!
The referenced script (MAST.Component.MASTPrefabSettings) on this Behaviour is missing!
The referenced script on this Behaviour (Game Object '') is missing!
GlobalNavGraph
LevelLoad
The referenced script on this Behaviour (Game Object 'Prefab Indexer') is missing!
LevelInitializeBehaviours
LevelInitialize
Skipping LevelForest as it is already complete
LevelGameObjects
LevelFullyLoaded
LevelMagneticLoot
LevelNavmesh
Pathfinding later: Finished initializing
NPCs
LevelUpdateDataLayers
LevelComplete
Level
PlayerEnteredLevel
LevelPostProcess
Look rotation viewing vector is zero
Can't add component 'Rigidbody' to Cat_1 (427) because such a component is already added to the game object!
SetPlayerLevel
TeleportPlayer
Look rotation viewing vector is zero
StartDay
Starting initial day after loading.
[ActiveControlSchemeTracker] Detected change to KeyboardAndMouse
[ActiveControlSchemeTracker] Detected input change to KeyboardAndMouse
[ActiveControlSchemeTracker] Detected change to KeyboardAndMouse
[ActiveControlSchemeTracker] Detected change to KeyboardAndMouse
Initialized local player Tally
[DBG] [UIController] : Initialize
[DBG] [UIController] : Starting settings retrieval
[DBG] [UIController] : Applying settings
[DBG] [UIController] : Settings applied successfully
[DBG] [WindowsFileManager] : Saving to file `C:/users/steamuser/AppData/LocalLow/FeelFreeGames/Luma Island/Config/76561198109449327\account`
[DBG] [WindowsFileManager] : Save file replaced successfully, with a backup created.
[DBG] [WindowsFileManager] : Saving to file `C:/users/steamuser/AppData/LocalLow/FeelFreeGames/Luma Island/Config/76561198109449327\account`
[DBG] [WindowsFileManager] : Save file replaced successfully, with a backup created.
[DBG] [OptionsMenu] : Found Settings File
CleanAfterLoad
ActivateNPCs
Lighting
[DBG] [Default] : Auto Saving game `slot_0`
[DBG] [WindowsFileManager] : Saving to file `C:/users/steamuser/AppData/LocalLow/FeelFreeGames/Luma Island/Saves/76561198109449327/1.1\slot_0.sav2`
[DBG] [WindowsFileManager] : Save file replaced successfully, with a backup created.
[DBG] [WindowsFileManager] : Saving to file `C:/users/steamuser/AppData/LocalLow/FeelFreeGames/Luma Island/Saves/76561198109449327/1.1\slot_0_header.sav2`
[DBG] [WindowsFileManager] : Save file replaced successfully, with a backup created.
[DBG] [SaveGameRepository] : Saved game success
[ActiveControlSchemeTracker] Detected change to KeyboardAndMouse
[LumaIslandControlSchemeParser] ControlScheme set to XboxGamepad for device `UnityEngine.InputSystem.XInput.XInputControllerWindows`
[ActiveControlSchemeTracker] Detected change to XboxGamepad
[ActiveControlSchemeTracker] Detected input change to XboxGamepad
Switching levels from TavernHomeInterior to FarmMap
Skipping ClientWaitForHostToLoad as it is already complete
FadeOutCamera
SwapLevels
Skipping InitializeOfflineLevelData as it is already complete
LevelUnload
Unloading TavernHomeInterior
LevelLoad
The referenced script (Unknown) on this Behaviour is missing!
The referenced script (Unknown) on this Behaviour is missing!
The referenced script (Unknown) on this Behaviour is missing!
The referenced script (Unknown) on this Behaviour is missing!
The referenced script on this Behaviour (Game Object 'Prefab Indexer') is missing!
The referenced script on this Behaviour (Game Object 'VanishingChest_Fake_Last') is missing!
The referenced script on this Behaviour (Game Object 'VanishingChest_Fake_1') is missing!
The referenced script on this Behaviour (Game Object 'VanishingChest_Fake') is missing!
The referenced script on this Behaviour (Game Object 'VanishingChest_Fake_2') is missing!
LevelInitializeBehaviours
LevelInitialize
Skipping LevelForest as it is already complete
LevelGameObjects
LevelFullyLoaded
LevelMagneticLoot
LevelNavmesh
Pathfinding later: Finished initializing
LevelUpdateDataLayers
LevelComplete
Level
ScheduleNode type: NPCAIControlled
ScheduleNode type: NPCAIControlled
ScheduleNode type: NPCAIControlled
ScheduleNode type: NPCAIControlled
PlayerEnteredLevel
LevelPostProcess
MinimumLevelSwitchDelay
TeleportPlayer
FinalizePlayer
[DBG] [Default] : Auto Saving game `slot_0`
[DBG] [WindowsFileManager] : Saving to file `C:/users/steamuser/AppData/LocalLow/FeelFreeGames/Luma Island/Saves/76561198109449327/1.1\slot_0.sav2`
[DBG] [WindowsFileManager] : Save file replaced successfully, with a backup created.
[DBG] [WindowsFileManager] : Saving to file `C:/users/steamuser/AppData/LocalLow/FeelFreeGames/Luma Island/Saves/76561198109449327/1.1\slot_0_header.sav2`
[DBG] [WindowsFileManager] : Save file replaced successfully, with a backup created.
[DBG] [SaveGameRepository] : Saved game success
Lighting
FadeInCamera
Can't add component 'Rigidbody' to Cat_1 (427) because such a component is already added to the game object!
Changed context from Player to Pause
[LumaIslandControlSchemeParser] ControlScheme set to KeyboardAndMouse for device `UnityEngine.InputSystem.FastKeyboard`
[ActiveControlSchemeTracker] Detected change to KeyboardAndMouse
[ActiveControlSchemeTracker] Detected input change to KeyboardAndMouse
[LumaIslandControlSchemeParser] ControlScheme set to KeyboardAndMouse for device `UnityEngine.InputSystem.FastMouse`
[ActiveControlSchemeTracker] Detected change to KeyboardAndMouse
[ActiveControlSchemeTracker] Detected change to KeyboardAndMouse
[ActiveControlSchemeTracker] Detected change to KeyboardAndMouse
[LumaIslandControlSchemeParser] ControlScheme set to XboxGamepad for device `UnityEngine.InputSystem.XInput.XInputControllerWindows`
[ActiveControlSchemeTracker] Detected change to XboxGamepad
[ActiveControlSchemeTracker] Detected input change to XboxGamepad
Changed context from Pause to UI
Changed context from UI to Pause
Performing clean switch back to start menu with reason: PlayerQuit
ScheduleNode type: NPCAIControlled
ScheduleNode type: NPCAIControlled
ScheduleNode type: NPCAIControlled
ScheduleNode type: NPCAIControlled
[DBG] [Default] : Auto Saving game `slot_0`
[DBG] [WindowsFileManager] : Saving to file `C:/users/steamuser/AppData/LocalLow/FeelFreeGames/Luma Island/Saves/76561198109449327/1.1\slot_0.sav2`
[DBG] [WindowsFileManager] : Save file replaced successfully, with a backup created.
[DBG] [WindowsFileManager] : Saving to file `C:/users/steamuser/AppData/LocalLow/FeelFreeGames/Luma Island/Saves/76561198109449327/1.1\slot_0_header.sav2`
[DBG] [WindowsFileManager] : Save file replaced successfully, with a backup created.
[DBG] [SaveGameRepository] : Saved game success
[DBG] [WindowsFileManager] : Saving to file `C:/users/steamuser/AppData/LocalLow/FeelFreeGames/Luma Island/Config/76561198109449327\account`
[DBG] [WindowsFileManager] : Save file replaced successfully, with a backup created.
Uploading Crash Report
NullReferenceException
  at (wrapper managed-to-native) UnityEngine.Component.get_transform(UnityEngine.Component)
  at CowAI.IdleInBarn_Enter () [0x00108] in <0cbec5982610454f8ccd56eaf5b6b8cd>:0 
UnityEngine.DebugLogHandler:Internal_LogException(Exception, Object)
UnityEngine.DebugLogHandler:LogException(Exception, Object)
LumaIslandLogHandler:LogException(Exception, Object)
LumaIslandLogHandler:UnityEngine.ILogHandler.LogException(Exception, Object)
UnityEngine.Logger:LogException(Exception, Object)
UnityEngine.Debug:LogException(Exception)
Cysharp.Threading.Tasks.UniTaskScheduler:PublishUnobservedTaskException(Exception)
<IdleInBarn_Enter>d__26:MoveNext()
Cysharp.Threading.Tasks.CompilerServices.AsyncUniTaskVoid`1:Run()
Cysharp.Threading.Tasks.AwaiterActions:Continuation(Object)
Cysharp.Threading.Tasks.UniTaskCompletionSourceCore`1:TrySetResult(Boolean)
Cysharp.Threading.Tasks.CompilerServices.AsyncUniTask`2:SetResult(Boolean)
<Idle>d__20:MoveNext()
Cysharp.Threading.Tasks.CompilerServices.AsyncUniTask`2:Run()
Cysharp.Threading.Tasks.AwaiterActions:Continuation(Object)
Cysharp.Threading.Tasks.UniTaskCompletionSourceCore`1:TrySetResult(Boolean)
Cysharp.Threading.Tasks.CompilerServices.AsyncUniTask`2:SetResult(Boolean)
<IdleNoInterrupt>d__21:MoveNext()
Cysharp.Threading.Tasks.CompilerServices.AsyncUniTask`2:Run()
Cysharp.Threading.Tasks.AwaiterActions:Continuation(Object)
Cysharp.Threading.Tasks.UniTaskCompletionSourceCore`1:TrySetCanceled(CancellationToken)
Cysharp.Threading.Tasks.DelayPromise:MoveNext()
Cysharp.Threading.Tasks.Internal.PlayerLoopRunner:RunCore()
Cysharp.Threading.Tasks.Internal.PlayerLoopRunner:Run()

NullReferenceException
  at (wrapper managed-to-native) UnityEngine.Component.get_transform(UnityEngine.Component)
  at CowAI.IdleInBarn_Enter () [0x00108] in <0cbec5982610454f8ccd56eaf5b6b8cd>:0 
UnityEngine.DebugLogHandler:Internal_LogException(Exception, Object)
UnityEngine.DebugLogHandler:LogException(Exception, Object)
LumaIslandLogHandler:LogException(Exception, Object)
LumaIslandLogHandler:UnityEngine.ILogHandler.LogException(Exception, Object)
UnityEngine.Logger:LogException(Exception, Object)
UnityEngine.Debug:LogException(Exception)
Cysharp.Threading.Tasks.UniTaskScheduler:PublishUnobservedTaskException(Exception)
<IdleInBarn_Enter>d__26:MoveNext()
Cysharp.Threading.Tasks.CompilerServices.AsyncUniTaskVoid`1:Run()
Cysharp.Threading.Tasks.AwaiterActions:Continuation(Object)
Cysharp.Threading.Tasks.UniTaskCompletionSourceCore`1:TrySetResult(Boolean)
Cysharp.Threading.Tasks.CompilerServices.AsyncUniTask`2:SetResult(Boolean)
<Idle>d__20:MoveNext()
Cysharp.Threading.Tasks.CompilerServices.AsyncUniTask`2:Run()
Cysharp.Threading.Tasks.AwaiterActions:Continuation(Object)
Cysharp.Threading.Tasks.UniTaskCompletionSourceCore`1:TrySetResult(Boolean)
Cysharp.Threading.Tasks.CompilerServices.AsyncUniTask`2:SetResult(Boolean)
<IdleNoInterrupt>d__21:MoveNext()
Cysharp.Threading.Tasks.CompilerServices.AsyncUniTask`2:Run()
Cysharp.Threading.Tasks.AwaiterActions:Continuation(Object)
Cysharp.Threading.Tasks.UniTaskCompletionSourceCore`1:TrySetCanceled(CancellationToken)
Cysharp.Threading.Tasks.DelayPromise:MoveNext()
Cysharp.Threading.Tasks.Internal.PlayerLoopRunner:RunCore()
Cysharp.Threading.Tasks.Internal.PlayerLoopRunner:Run()

Uploading Crash Report
NullReferenceException
  at (wrapper managed-to-native) UnityEngine.Component.get_gameObject(UnityEngine.Component)
  at PhysicsFXTrigger.OnExit (UnityEngine.Collider collider) [0x00016] in <0cbec5982610454f8ccd56eaf5b6b8cd>:0 
UnityEngine.DebugLogHandler:Internal_LogException(Exception, Object)
UnityEngine.DebugLogHandler:LogException(Exception, Object)
LumaIslandLogHandler:LogException(Exception, Object)
LumaIslandLogHandler:UnityEngine.ILogHandler.LogException(Exception, Object)
UnityEngine.Logger:LogException(Exception, Object)
UnityEngine.Debug:LogException(Exception)
PhysicsFXTrigger:OnExit(Collider)
TriggerListener:OnTriggerExit(Collider)
NotifyOnDisable:OnDisable()
UnityEngine.Object:Destroy(Object, Single)
UnityEngine.Object:Destroy(Object)
DestroyOnLoadingStartMenu:Destroy()
<PerformCleanSwitchToStartMenu>d__49:MoveNext()
Cysharp.Threading.Tasks.CompilerServices.AsyncUniTask`1:Run()
Cysharp.Threading.Tasks.AwaiterActions:Continuation(Object)
Cysharp.Threading.Tasks.UniTaskCompletionSourceCore`1:TrySetResult(AsyncUnit)
Cysharp.Threading.Tasks.CompilerServices.AsyncUniTask`1:SetResult()
<DestroyAllScenes>d__62:MoveNext()
Cysharp.Threading.Tasks.CompilerServices.AsyncUniTask`1:Run()
Cysharp.Threading.Tasks.AwaiterActions:Continuation(Object)
Cysharp.Threading.Tasks.UniTaskCompletionSourceCore`1:TrySetResult(AsyncUnit)
Cysharp.Threading.Tasks.CompilerServices.AsyncUniTask`1:SetResult()
<DestroyScene>d__63:MoveNext()
Cysharp.Threading.Tasks.CompilerServices.AsyncUniTask`1:Run()
Cysharp.Threading.Tasks.Internal.ContinuationQueue:RunCore()
Cysharp.Threading.Tasks.Internal.ContinuationQueue:Run()

The referenced script on this Behaviour (Game Object 'Prefab Indexer') is missing!
The referenced script on this Behaviour (Game Object 'StartAchievement') is missing!
Unloading 3 Unused Serialized files (Serialized files now loaded: 109)
UnloadTime: 19.563200 ms
[ActiveControlSchemeTracker] Detected change to KeyboardAndMouse
[ActiveControlSchemeTracker] Detected input change to KeyboardAndMouse
[ActiveControlSchemeTracker] Detected change to KeyboardAndMouse
[ActiveControlSchemeTracker] Detected change to KeyboardAndMouse
Releasing render texture that is set to be RenderTexture.active!
[DBG] [UIController] : Initialize
[DBG] [UIController] : Starting settings retrieval
[DBG] [UIController] : Applying settings
[DBG] [UIController] : Settings applied successfully
[DBG] [OptionsMenu] : Found Settings File
Unloading 983 unused Assets to reduce memory usage. Loaded Objects now: 154986.
Total: 518.412700 ms (FindLiveObjects: 16.131600 ms CreateObjectMapping: 15.626000 ms MarkObjects: 482.502900 ms  DeleteObjects: 4.150900 ms)

[ActiveControlSchemeTracker] Detected change to KeyboardAndMouse
[LumaIslandControlSchemeParser] ControlScheme set to XboxGamepad for device `UnityEngine.InputSystem.XInput.XInputControllerWindows`
[ActiveControlSchemeTracker] Detected change to XboxGamepad
[ActiveControlSchemeTracker] Detected input change to XboxGamepad
[INF] [MainMenuScreen] : Quiting LumaIsland
[INF] [MainMenuScreen] : Quited LumaIsland
Uploading Crash Report
Releasing render texture that is set as Camera.targetTexture!
<color=#00B500FF><color=#0099bc><b>DOTWEEN ► </b></color> REPORT ►</color> Max overall simultaneous active Tweeners/Sequences: 0/0
Memory Statistics:
[ALLOC_TEMP_TLS] TLS Allocator
  StackAllocators : 
    [ALLOC_TEMP_MAIN]
      Peak usage frame count: [0-1.0 KB]: 949 frames, [1.0 KB-2.0 KB]: 3 frames, [2.0 KB-4.0 KB]: 2 frames, [4.0 KB-8.0 KB]: 94 frames, [8.0 KB-16.0 KB]: 1 frames, [16.0 KB-32.0 KB]: 1025 frames, [32.0 KB-64.0 KB]: 174 frames, [64.0 KB-128.0 KB]: 8 frames, [128.0 KB-256.0 KB]: 64 frames, [256.0 KB-0.5 MB]: 146 frames, [0.5 MB-1.0 MB]: 172 frames, [1.0 MB-2.0 MB]: 707 frames, [2.0 MB-4.0 MB]: 2 frames, [4.0 MB-8.0 MB]: 3 frames
      Initial Block Size 4.0 MB
      Current Block Size 7.5 MB
      Peak Allocated Bytes 7.5 MB
      Overflow Count 4
    [ALLOC_TEMP_Loading.AsyncRead]
      Initial Block Size 64.0 KB
      Current Block Size 116.0 KB
      Peak Allocated Bytes 115.6 KB
      Overflow Count 0
    [ALLOC_TEMP_Loading.PreloadManager]
      Initial Block Size 256.0 KB
      Current Block Size 0.5 MB
      Peak Allocated Bytes 505.2 KB
      Overflow Count 28454
    [ALLOC_TEMP_Background Job.Worker 8]
      Initial Block Size 32.0 KB
      Current Block Size 36.0 KB
      Peak Allocated Bytes 32.0 KB
      Overflow Count 0
    [ALLOC_TEMP_Job.Worker 6]
      Initial Block Size 256.0 KB
      Current Block Size 256.0 KB
      Peak Allocated Bytes 72.4 KB
      Overflow Count 0
    [ALLOC_TEMP_Job.Worker 0]
      Initial Block Size 256.0 KB
      Current Block Size 256.0 KB
      Peak Allocated Bytes 72.4 KB
      Overflow Count 0
    [ALLOC_TEMP_Background Job.Worker 10]
      Initial Block Size 32.0 KB
      Current Block Size 36.0 KB
      Peak Allocated Bytes 32.0 KB
      Overflow Count 0
    [ALLOC_TEMP_Background Job.Worker 9]
      Initial Block Size 32.0 KB
      Current Block Size 36.0 KB
      Peak Allocated Bytes 32.0 KB
      Overflow Count 0
    [ALLOC_TEMP_Job.Worker 5]
      Initial Block Size 256.0 KB
      Current Block Size 256.0 KB
      Peak Allocated Bytes 72.4 KB
      Overflow Count 0
    [ALLOC_TEMP_Background Job.Worker 14]
      Initial Block Size 32.0 KB
      Current Block Size 32.0 KB
      Peak Allocated Bytes 486 B
      Overflow Count 0
    [ALLOC_TEMP_Background Job.Worker 6]
      Initial Block Size 32.0 KB
      Current Block Size 36.0 KB
      Peak Allocated Bytes 34.4 KB
      Overflow Count 0
    [ALLOC_TEMP_Job.Worker 4]
      Initial Block Size 256.0 KB
      Current Block Size 256.0 KB
      Peak Allocated Bytes 72.4 KB
      Overflow Count 0
    [ALLOC_TEMP_Job.Worker 3]
      Initial Block Size 256.0 KB
      Current Block Size 256.0 KB
      Peak Allocated Bytes 72.4 KB
      Overflow Count 0
    [ALLOC_TEMP_Background Job.Worker 12]
      Initial Block Size 32.0 KB
      Current Block Size 48.0 KB
      Peak Allocated Bytes 45.9 KB
      Overflow Count 0
    [ALLOC_TEMP_EnlightenWorker] x 4
      Initial Block Size 64.0 KB
      Current Block Size 64.0 KB
      Peak Allocated Bytes 54 B
      Overflow Count 0
    [ALLOC_TEMP_Background Job.Worker 15]
      Initial Block Size 32.0 KB
      Current Block Size 36.0 KB
      Peak Allocated Bytes 32.0 KB
      Overflow Count 0
    [ALLOC_TEMP_Background Job.Worker 1]
      Initial Block Size 32.0 KB
      Current Block Size 36.0 KB
      Peak Allocated Bytes 32.0 KB
      Overflow Count 0
    [ALLOC_TEMP_Background Job.Worker 2]
      Initial Block Size 32.0 KB
      Current Block Size 32.0 KB
      Peak Allocated Bytes 486 B
      Overflow Count 0
    [ALLOC_TEMP_]
      Initial Block Size 64.0 KB
      Current Block Size 64.0 KB
      Peak Allocated Bytes 0 B
      Overflow Count 0
    [ALLOC_TEMP_Background Job.Worker 7]
      Initial Block Size 32.0 KB
      Current Block Size 44.0 KB
      Peak Allocated Bytes 41.8 KB
      Overflow Count 0
    [ALLOC_TEMP_UnityGfxDeviceWorker]
      Initial Block Size 256.0 KB
      Current Block Size 256.0 KB
      Peak Allocated Bytes 71.7 KB
      Overflow Count 0
    [ALLOC_TEMP_AssetGarbageCollectorHelper] x 7
      Initial Block Size 64.0 KB
      Current Block Size 64.0 KB
      Peak Allocated Bytes 0 B
      Overflow Count 0
    [ALLOC_TEMP_Background Job.Worker 5]
      Initial Block Size 32.0 KB
      Current Block Size 36.0 KB
      Peak Allocated Bytes 32.0 KB
      Overflow Count 0
    [ALLOC_TEMP_Background Job.Worker 13]
      Initial Block Size 32.0 KB
      Current Block Size 36.0 KB
      Peak Allocated Bytes 32.0 KB
      Overflow Count 0
    [ALLOC_TEMP_Job.Worker 1]
      Initial Block Size 256.0 KB
      Current Block Size 256.0 KB
      Peak Allocated Bytes 72.4 KB
      Overflow Count 0
    [ALLOC_TEMP_Job.Worker 2]
      Initial Block Size 256.0 KB
      Current Block Size 256.0 KB
      Peak Allocated Bytes 72.4 KB
      Overflow Count 0
    [ALLOC_TEMP_Background Job.Worker 3]
      Initial Block Size 32.0 KB
      Current Block Size 36.0 KB
      Peak Allocated Bytes 32.0 KB
      Overflow Count 0
    [ALLOC_TEMP_Background Job.Worker 11]
      Initial Block Size 32.0 KB
      Current Block Size 36.0 KB
      Peak Allocated Bytes 32.0 KB
      Overflow Count 0
    [ALLOC_TEMP_Background Job.Worker 0]
      Initial Block Size 32.0 KB
      Current Block Size 32.0 KB
      Peak Allocated Bytes 465 B
      Overflow Count 0
    [ALLOC_TEMP_CloudJob.Worker 0]
      Initial Block Size 32.0 KB
      Current Block Size 32.0 KB
      Peak Allocated Bytes 15.9 KB
      Overflow Count 0
    [ALLOC_TEMP_HIDInput]
      Initial Block Size 64.0 KB
      Current Block Size 64.0 KB
      Peak Allocated Bytes 10.7 KB
      Overflow Count 0
    [ALLOC_TEMP_Background Job.Worker 4]
      Initial Block Size 32.0 KB
      Current Block Size 40.0 KB
      Peak Allocated Bytes 38.2 KB
      Overflow Count 0
    [ALLOC_TEMP_BatchDeleteObjects]
      Initial Block Size 64.0 KB
      Current Block Size 64.0 KB
      Peak Allocated Bytes 54 B
      Overflow Count 0
[ALLOC_DEFAULT] Dual Thread Allocator
  Peak main deferred allocation count 65538
    [ALLOC_BUCKET]
      Large Block size 4.0 MB
      Used Block count 1
      Peak Allocated bytes 4.0 MB
      Failed Allocations. Bucket layout:
        16B: 25 Subsections = 25600 buckets. Failed count: 354183
        32B: 49 Subsections = 25088 buckets. Failed count: 618668
        48B: 57 Subsections = 19456 buckets. Failed count: 683087
        64B: 58 Subsections = 14848 buckets. Failed count: 2660212
        80B: 33 Subsections = 6758 buckets. Failed count: 100447
        96B: 5 Subsections = 853 buckets. Failed count: 260182
        112B: 25 Subsections = 3657 buckets. Failed count: 227468
        128B: 4 Subsections = 512 buckets. Failed count: 180953
    [ALLOC_DEFAULT_MAIN]
      Peak usage frame count: [16.0 MB-32.0 MB]: 1896 frames, [32.0 MB-64.0 MB]: 281 frames, [64.0 MB-128.0 MB]: 320 frames, [128.0 MB-256.0 MB]: 853 frames
      Requested Block Size 16.0 MB
      Peak Block count 9
      Peak Allocated memory 146.2 MB
      Peak Large allocation bytes 20.0 MB
    [ALLOC_DEFAULT_THREAD]
      Peak usage frame count: [16.0 MB-32.0 MB]: 921 frames, [32.0 MB-64.0 MB]: 1456 frames, [64.0 MB-128.0 MB]: 970 frames, [128.0 MB-256.0 MB]: 3 frames
      Requested Block Size 16.0 MB
      Peak Block count 8
      Peak Allocated memory 168.1 MB
      Peak Large allocation bytes 56.1 MB
[ALLOC_TEMP_JOB_1_FRAME]
  Initial Block Size 2.0 MB
  Used Block Count 1
  Overflow Count (too large) 0
  Overflow Count (full) 0
[ALLOC_TEMP_JOB_2_FRAMES]
  Initial Block Size 2.0 MB
  Used Block Count 1
  Overflow Count (too large) 0
  Overflow Count (full) 0
[ALLOC_TEMP_JOB_4_FRAMES (JobTemp)]
  Initial Block Size 2.0 MB
  Used Block Count 4
  Overflow Count (too large) 0
  Overflow Count (full) 0
[ALLOC_TEMP_JOB_ASYNC (Background)]
  Initial Block Size 1.0 MB
  Used Block Count 8
  Overflow Count (too large) 0
  Overflow Count (full) 0
[ALLOC_GFX] Dual Thread Allocator
  Peak main deferred allocation count 55
    [ALLOC_BUCKET]
      Large Block size 4.0 MB
      Used Block count 1
      Peak Allocated bytes 4.0 MB
      Failed Allocations. Bucket layout:
        16B: 25 Subsections = 25600 buckets. Failed count: 354183
        32B: 49 Subsections = 25088 buckets. Failed count: 618668
        48B: 57 Subsections = 19456 buckets. Failed count: 683087
        64B: 58 Subsections = 14848 buckets. Failed count: 2660212
        80B: 33 Subsections = 6758 buckets. Failed count: 100447
        96B: 5 Subsections = 853 buckets. Failed count: 260182
        112B: 25 Subsections = 3657 buckets. Failed count: 227468
        128B: 4 Subsections = 512 buckets. Failed count: 180953
    [ALLOC_GFX_MAIN]
      Peak usage frame count: [64.0 KB-128.0 KB]: 904 frames, [128.0 KB-256.0 KB]: 7 frames, [0.5 MB-1.0 MB]: 12 frames, [1.0 MB-2.0 MB]: 39 frames, [16.0 MB-32.0 MB]: 935 frames, [32.0 MB-64.0 MB]: 167 frames, [64.0 MB-128.0 MB]: 1286 frames
      Requested Block Size 16.0 MB
      Peak Block count 5
      Peak Allocated memory 67.5 MB
      Peak Large allocation bytes 0 B
    [ALLOC_GFX_THREAD]
      Peak usage frame count: [256.0 KB-0.5 MB]: 544 frames, [0.5 MB-1.0 MB]: 342 frames, [2.0 MB-4.0 MB]: 1 frames, [32.0 MB-64.0 MB]: 17 frames, [64.0 MB-128.0 MB]: 464 frames, [128.0 MB-256.0 MB]: 1982 frames
      Requested Block Size 16.0 MB
      Peak Block count 16
      Peak Allocated memory 245.3 MB
      Peak Large allocation bytes 0 B
[ALLOC_CACHEOBJECTS] Dual Thread Allocator
  Peak main deferred allocation count 2118
    [ALLOC_BUCKET]
      Large Block size 4.0 MB
      Used Block count 1
      Peak Allocated bytes 4.0 MB
      Failed Allocations. Bucket layout:
        16B: 25 Subsections = 25600 buckets. Failed count: 354183
        32B: 49 Subsections = 25088 buckets. Failed count: 618668
        48B: 57 Subsections = 19456 buckets. Failed count: 683087
        64B: 58 Subsections = 14848 buckets. Failed count: 2660212
        80B: 33 Subsections = 6758 buckets. Failed count: 100447
        96B: 5 Subsections = 853 buckets. Failed count: 260182
        112B: 25 Subsections = 3657 buckets. Failed count: 227468
        128B: 4 Subsections = 512 buckets. Failed count: 180953
    [ALLOC_CACHEOBJECTS_MAIN]
      Peak usage frame count: [128.0 MB-256.0 MB]: 3350 frames
      Requested Block Size 4.0 MB
      Peak Block count 46
      Peak Allocated memory 197.7 MB
      Peak Large allocation bytes 96.2 MB
    [ALLOC_CACHEOBJECTS_THREAD]
      Peak usage frame count: [32.0 MB-64.0 MB]: 289 frames, [64.0 MB-128.0 MB]: 34 frames, [128.0 MB-256.0 MB]: 40 frames, [256.0 MB-0.50 GB]: 22 frames, [0.50 GB-1.00 GB]: 1739 frames, [1.00 GB-2.00 GB]: 1226 frames
      Requested Block Size 4.0 MB
      Peak Block count 337
      Peak Allocated memory 1.24 GB
      Peak Large allocation bytes 314.9 MB
[ALLOC_TYPETREE] Dual Thread Allocator
  Peak main deferred allocation count 0
    [ALLOC_BUCKET]
      Large Block size 4.0 MB
      Used Block count 1
      Peak Allocated bytes 4.0 MB
      Failed Allocations. Bucket layout:
        16B: 25 Subsections = 25600 buckets. Failed count: 354183
        32B: 49 Subsections = 25088 buckets. Failed count: 618668
        48B: 57 Subsections = 19456 buckets. Failed count: 683087
        64B: 58 Subsections = 14848 buckets. Failed count: 2660212
        80B: 33 Subsections = 6758 buckets. Failed count: 100447
        96B: 5 Subsections = 853 buckets. Failed count: 260182
        112B: 25 Subsections = 3657 buckets. Failed count: 227468
        128B: 4 Subsections = 512 buckets. Failed count: 180953
    [ALLOC_TYPETREE_MAIN]
      Peak usage frame count: [4.0 KB-8.0 KB]: 962 frames, [8.0 KB-16.0 KB]: 2388 frames
      Requested Block Size 2.0 MB
      Peak Block count 1
      Peak Allocated memory 9.7 KB
      Peak Large allocation bytes 0 B
    [ALLOC_TYPETREE_THREAD]
      Peak usage frame count: [4.0 MB-8.0 MB]: 305 frames, [8.0 MB-16.0 MB]: 47 frames, [16.0 MB-32.0 MB]: 2998 frames
      Requested Block Size 2.0 MB
      Peak Block count 12
      Peak Allocated memory 22.7 MB
      Peak Large allocation bytes 0 B
